2023-10-31 10:42:02,979 [INFO] McuFinderGlobals:63 - Set McuFinder mode to 2 (CubeIDE integrated)
2023-10-31 10:42:03,148 [INFO] MainUpdater:2868 - connection check result : 10
2023-10-31 10:42:03,150 [INFO] MainUpdater:2868 - connection check result : 10
2023-10-31 10:42:03,805 [INFO] MicroXplorer:468 - Change Database Path : 
2023-10-31 10:42:03,805 [INFO] MicroXplorer:498 - Change Database Version : DB.6.0.92
2023-10-31 10:42:03,813 [WARN] ThirdParty:871 - waiting for thirdparty lock release [close project]
2023-10-31 10:42:03,813 [INFO] ThirdParty:873 - entering critical section [close project]
2023-10-31 10:42:03,816 [INFO] ThirdParty:883 - exiting critical section [close project]
2023-10-31 10:42:03,825 [INFO] PinOutPanel:1499 - setPackage(No Configuration,No Configuration)
2023-10-31 10:42:03,838 [INFO] UtilMem:75 - Begin LoadConfig() Used Memory: 182761000 Bytes (447741952)
2023-10-31 10:42:03,841 [INFO] MicroXplorer:468 - Change Database Path : 
2023-10-31 10:42:03,841 [INFO] MicroXplorer:498 - Change Database Version : DB.6.0.92
2023-10-31 10:42:03,841 [INFO] OpenFileManager:308 - Change cursor
2023-10-31 10:42:03,899 [INFO] Mcu:1946 - Initializing MCU STM32F303K(6-8)Tx STM32F303K8Tx STM32F303K8T6
2023-10-31 10:42:06,357 [INFO] Context:659 - Trying to add GPIOservice into a context  which must be forbidden
2023-10-31 10:42:07,542 [INFO] RtosManager:555 - Registered RTOS mode: class=CMSIS, group=RTOS, mode=CMSIS_V1, owner=FREERTOS
2023-10-31 10:42:07,542 [INFO] RtosManager:555 - Registered RTOS mode: class=CMSIS, group=RTOS2, mode=CMSIS_V2, owner=FREERTOS
2023-10-31 10:42:07,543 [INFO] RtosManager:555 - Registered RTOS mode: class=RTOS, group=Core, mode=CMSIS_V1, owner=FREERTOS
2023-10-31 10:42:07,543 [INFO] RtosManager:555 - Registered RTOS mode: class=RTOS, group=Core, mode=CMSIS_V2, owner=FREERTOS
2023-10-31 10:42:07,543 [WARN] ModelIntegratedComponent:184 - Missing modes for component STMicroelectronics:FreeRTOS:0.0.1:STMicroelectronics:RTOS:FreeRTOS:Core:::10.2.0:
2023-10-31 10:42:07,561 [WARN] ModelIntegratedComponent:63 - No mode defined for component null
2023-10-31 10:42:07,562 [WARN] ModelIntegratedComponent:63 - No mode defined for component null
2023-10-31 10:42:07,562 [WARN] ModelIntegratedComponent:63 - No mode defined for component null
2023-10-31 10:42:07,562 [WARN] ModelIntegratedComponent:63 - No mode defined for component null
2023-10-31 10:42:07,562 [WARN] ModelIntegratedComponent:63 - No mode defined for component null
2023-10-31 10:42:07,562 [WARN] ModelIntegratedComponent:63 - No mode defined for component null
2023-10-31 10:42:07,562 [WARN] ModelIntegratedComponent:63 - No mode defined for component null
2023-10-31 10:42:07,562 [WARN] ModelIntegratedComponent:63 - No mode defined for component null
2023-10-31 10:42:07,562 [WARN] ModelIntegratedComponent:63 - No mode defined for component null
2023-10-31 10:42:07,562 [WARN] ModelIntegratedComponent:63 - No mode defined for component null
2023-10-31 10:42:07,562 [WARN] ModelIntegratedComponent:63 - No mode defined for component null
2023-10-31 10:42:07,562 [WARN] ModelIntegratedComponent:63 - No mode defined for component null
2023-10-31 10:42:07,562 [WARN] ModelIntegratedComponent:63 - No mode defined for component null
2023-10-31 10:42:07,563 [WARN] ModelIntegratedComponent:63 - No mode defined for component null
2023-10-31 10:42:07,563 [WARN] ModelIntegratedComponent:63 - No mode defined for component null
2023-10-31 10:42:07,563 [WARN] ModelIntegratedComponent:63 - No mode defined for component null
2023-10-31 10:42:07,563 [WARN] ModelIntegratedComponent:63 - No mode defined for component null
2023-10-31 10:42:07,563 [WARN] ModelIntegratedComponent:63 - No mode defined for component null
2023-10-31 10:42:07,563 [WARN] ModelIntegratedComponent:63 - No mode defined for component null
2023-10-31 10:42:07,563 [WARN] ModelIntegratedComponent:63 - No mode defined for component null
2023-10-31 10:42:07,563 [WARN] ModelIntegratedComponent:63 - No mode defined for component null
2023-10-31 10:42:07,563 [WARN] ModelIntegratedComponent:63 - No mode defined for component null
2023-10-31 10:42:07,563 [WARN] ModelIntegratedComponent:63 - No mode defined for component null
2023-10-31 10:42:07,563 [WARN] ModelIntegratedComponent:63 - No mode defined for component null
2023-10-31 10:42:07,563 [WARN] ModelIntegratedComponent:63 - No mode defined for component null
2023-10-31 10:42:07,563 [WARN] ModelIntegratedComponent:63 - No mode defined for component null
2023-10-31 10:42:07,564 [WARN] ModelIntegratedComponent:63 - No mode defined for component null
2023-10-31 10:42:07,564 [WARN] ModelIntegratedComponent:63 - No mode defined for component null
2023-10-31 10:42:07,564 [WARN] ModelIntegratedComponent:63 - No mode defined for component null
2023-10-31 10:42:07,564 [WARN] ModelIntegratedComponent:63 - No mode defined for component null
2023-10-31 10:42:07,564 [WARN] ModelIntegratedComponent:63 - No mode defined for component null
2023-10-31 10:42:07,564 [WARN] ModelIntegratedComponent:63 - No mode defined for component null
2023-10-31 10:42:07,564 [WARN] ModelIntegratedComponent:63 - No mode defined for component null
2023-10-31 10:42:07,768 [INFO] ThirdPartyModel:298 - Start build external matchings
2023-10-31 10:42:09,218 [INFO] ThirdPartyModel:316 - End build external matchings
2023-10-31 10:42:09,499 [INFO] UtilMem:75 - End LoadConfig() Used Memory: 223281784 Bytes (654311424)
2023-10-31 10:42:09,679 [INFO] ApiDb:581 - Connected to CubeFinder SQLite database (/Users/romanlobach/.stmcufinder/plugins/mcufinder/mcu/cube-finder-db.db)
2023-10-31 10:42:09,855 [INFO] ApiDb:668 - CubeFinder database Data Model version=2.1
2023-10-31 10:42:09,855 [INFO] ApiDb:669 - CubeFinder database Configuration version=3.0.37
2023-10-31 10:42:09,857 [INFO] ApiDb:670 - CubeFinder database generation date=2023-08-09 (1691586011)
2023-10-31 10:42:09,858 [INFO] ApiDb:671 - CubeFinder database FW Pack versions=[FP-ATR-ASTRA1_V2.0.0, FP-SNS-FLIGHT1_V5.0.1, FP-SNS-FLIGHT1_V5.0.2, FP-SNS-MOTENV1_V4.3.1, FP-SNS-MOTENV1_V4.3.2, STM32Cube_FW_C0_V1.1.0, STM32Cube_FW_F4_V1.27.1, STM32Cube_FW_F7_V1.17.0, STM32Cube_FW_G0_V1.6.1, STM32Cube_FW_G4_V1.5.1, STM32Cube_FW_H5_V0.5.1, STM32Cube_FW_H5_V1.1.0, STM32Cube_FW_H7_V1.11.0, STM32Cube_FW_L0_V1.12.2, STM32Cube_FW_L5_V1.5.0, STM32Cube_FW_U5_V1.3.0, STM32Cube_FW_U5_V1.3.0RC4, STM32Cube_FW_WBA_V1.0.0RC1, STM32Cube_FW_WBA_V1.1.0, STM32Cube_FW_WBA_V1.1.0RC1, STM32Cube_FW_WB_V1.15.0RC1, STM32Cube_FW_WB_V1.16.0, STM32Cube_FW_WB_V1.16.0RC2, STM32Cube_FW_WB_V1.17.0, STM32Cube_FW_WL_V1.3.0, X-CUBE-ALGOBUILD_V1.3.0, X-CUBE-ALS_V1.0.1, X-CUBE-AZRTOS-F4_V1.1.0, X-CUBE-AZRTOS-F7_V1.1.0, X-CUBE-AZRTOS-G0_V1.1.0, X-CUBE-AZRTOS-G4_V2.0.0, X-CUBE-AZRTOS-H7_V3.1.0, X-CUBE-AZRTOS-L4_V1.0.0, X-CUBE-AZRTOS-L4_V2.0.0, X-CUBE-AZRTOS-L5_V1.1.0, X-CUBE-AZRTOS-WB_V1.1.0, X-CUBE-AZRTOS-WL_V2.0.0, X-CUBE-BLE1_V7.0.0, X-CUBE-BLE2_V3.3.0, X-CUBE-BLEMGR_V2.0.0, X-CUBE-EEPRMA1_V4.1.0, X-CUBE-FREERTOS_V1.1.0, X-CUBE-GNSS1_V6.0.0, X-CUBE-MEMS1_V9.1.0, X-CUBE-MEMS1_V9.4.0, X-CUBE-MEMS1_V9.6.0, X-CUBE-NFC4_V3.0.0, X-CUBE-NFC7_V1.0.0, X-CUBE-SFXS2LP1_V4.0.0, X-CUBE-SUBG2_V5.0.0, X-CUBE-TOF1_V3.3.1]
2023-10-31 10:42:15,924 [INFO] ApiDb:240 - Found 323 in-development CPN: [B-G473E-ZEST1S, B-WB1M-WPAN1, B-WL5M-SUBG1, NUCLEO-C031C6, NUCLEO-H503RB, NUCLEO-H563ZI, NUCLEO-U545RE-Q, NUCLEO-U5A5ZJ-Q, NUCLEO-WBA52CG, STEVAL-PROTEUS1, STEVAL-SMARTAG2, STEVAL-STWINBX1, STM320518-EVAL, STM32C0116-DK, STM32C011D6Y3TR, STM32C011D6Y6TR, STM32C011F4P3, STM32C011F4P6, STM32C011F4U3, STM32C011F4U6TR, STM32C011F6P3, STM32C011F6P6, STM32C011F6U3, STM32C011F6U6TR, STM32C011J4M3, STM32C011J4M6, STM32C011J6M3, STM32C011J6M6, STM32C0316-DK, STM32C031C4T3, STM32C031C4T6, STM32C031C4U3, STM32C031C4U6, STM32C031C6T3, STM32C031C6T6, STM32C031C6U3, STM32C031C6U6, STM32C031F4P3, STM32C031F4P6, STM32C031F6P3, STM32C031F6P6, STM32C031G4U3, STM32C031G4U6, STM32C031G6U3, STM32C031G6U6, STM32C031K4T3, STM32C031K4T6, STM32C031K4U3, STM32C031K4U6, STM32C031K6T3, STM32C031K6T6, STM32C031K6U3, STM32C031K6U6, STM32G071K8TXN, STM32G071K8UXN, STM32G081GBU6N, STM32G081KBT6N, STM32G081KBUXN, STM32G0B1CCT6N, STM32G0B1KCT6, STM32G0B1NEY6TR, STM32G0B1RCT6N, STM32G0C1CCT6, STM32G0C1CCT6N, STM32G0C1CCU6N, STM32G0C1CET6N, STM32G0C1CEU6N, STM32G0C1KCT6, STM32G0C1NEY6TR, STM32G0C1RCI6N, STM32G0C1RCT6N, STM32G0C1REI6N, STM32G0C1RET6N, STM32G0C1VCI6, STM32G0C1VEI6, STM32G471CCT6, STM32G471CCU6, STM32G471CET3, STM32G471CET6, STM32G471CEU3, STM32G471CEU6, STM32G471MCT6, STM32G471MET3, STM32G471MET6, STM32G471MEY6TR, STM32G471QCT6, STM32G471QET3, STM32G471RCT6, STM32G471RET3, STM32G471RET6, STM32G471VCH6, STM32G471VCI6, STM32G471VCT6, STM32G471VEH3, STM32G471VEH6, STM32G471VEI3, STM32G471VEI6, STM32G471VET3, STM32G471VET6, STM32G474CCT6, STM32H503CBT6, STM32H503CBU6, STM32H503EBY6TR, STM32H503KBU6, STM32H503RBT6, STM32H562AGI6, STM32H562AII6, STM32H562IGK6, STM32H562IGT6, STM32H562IIK6, STM32H562IIT6, STM32H562RGT6, STM32H562RGV6, STM32H562RIT6, STM32H562RIV6, STM32H562VGT6, STM32H562VIT6, STM32H562ZGT6, STM32H562ZIT6, STM32H563AGI6, STM32H563AII3Q, STM32H563AII6, STM32H563IGK6, STM32H563IGT6, STM32H563IIK3Q, STM32H563IIK6, STM32H563IIT3Q, STM32H563IIT6, STM32H563MIY3QTR, STM32H563RGT6, STM32H563RGV6, STM32H563RIT6, STM32H563RIV6, STM32H563VGT6, STM32H563VIT3Q, STM32H563VIT6, STM32H563ZGT6, STM32H563ZIT3Q, STM32H563ZIT6, STM32H573AII3Q, STM32H573AII6, STM32H573I-DK, STM32H573IIK3Q, STM32H573IIK6, STM32H573IIT3Q, STM32H573IIT6, STM32H573MIY3QTR, STM32H573RIT6, STM32H573RIV6, STM32H573VIT3Q, STM32H573VIT6, STM32H573ZIT3Q, STM32H573ZIT6, STM32L4R5QGI6STR, STM32MP131AAE3, STM32MP131AAF3, STM32MP131AAG3, STM32MP131CAE3, STM32MP131CAF3, STM32MP131CAG3, STM32MP131DAE7, STM32MP131DAF7, STM32MP131DAG7, STM32MP131FAE7, STM32MP131FAF7, STM32MP131FAG7, STM32MP133AAE3, STM32MP133AAF3, STM32MP133AAG3, STM32MP133CAE3, STM32MP133CAF3, STM32MP133CAG3, STM32MP133DAE7, STM32MP133DAF7, STM32MP133DAG7, STM32MP133FAE7, STM32MP133FAF7, STM32MP133FAG7, STM32MP135AAE3, STM32MP135AAF3, STM32MP135AAG3, STM32MP135CAE3, STM32MP135CAF3, STM32MP135CAG3, STM32MP135DAE7, STM32MP135DAF7, STM32MP135DAG7, STM32MP135F-DK, STM32MP135FAE7, STM32MP135FAF7, STM32MP135FAF7T, STM32MP135FAF7U, STM32MP135FAG7, STM32U535CBT6, STM32U535CBT6Q, STM32U535CBU6, STM32U535CBU6Q, STM32U535CCT6, STM32U535CCT6Q, STM32U535CCU6, STM32U535CCU6Q, STM32U535CET6, STM32U535CET6Q, STM32U535CEU6, STM32U535CEU6Q, STM32U535JEY6QTR, STM32U535NCY6QTR, STM32U535NEY6QTR, STM32U535RBI6, STM32U535RBI6Q, STM32U535RBT6, STM32U535RBT6Q, STM32U535RCI6, STM32U535RCI6Q, STM32U535RCT6, STM32U535RCT6Q, STM32U535REI6, STM32U535REI6Q, STM32U535RET6, STM32U535RET6Q, STM32U535VCI6, STM32U535VCI6Q, STM32U535VCT6, STM32U535VCT6Q, STM32U535VEI6, STM32U535VEI6Q, STM32U535VET6, STM32U535VET6Q, STM32U545CET6, STM32U545CET6Q, STM32U545CEU6, STM32U545CEU6Q, STM32U545JEY6QTR, STM32U545NEY6QTR, STM32U545REI6, STM32U545REI6Q, STM32U545RET6, STM32U545RET6Q, STM32U545VEI6, STM32U545VEI6Q, STM32U545VET6, STM32U545VET6Q, STM32U595AIH6, STM32U595AIH6Q, STM32U595AJH6, STM32U595AJH6Q, STM32U595QII6, STM32U595QII6Q, STM32U595QJI6, STM32U595QJI6Q, STM32U595RIT6, STM32U595RIT6Q, STM32U595RJT6, STM32U595RJT6Q, STM32U595VIT6, STM32U595VIT6Q, STM32U595VJT6, STM32U595VJT6Q, STM32U595ZIT6, STM32U595ZIT6Q, STM32U595ZIY6QTR, STM32U595ZJT6, STM32U595ZJT6Q, STM32U595ZJY6QTR, STM32U599BJY6QTR, STM32U599NIH6Q, STM32U599NJH6Q, STM32U599VIT6Q, STM32U599VJT6, STM32U599VJT6Q, STM32U599ZIT6Q, STM32U599ZIY6QTR, STM32U599ZJT6Q, STM32U599ZJY6QTR, STM32U5A5AJH6, STM32U5A5AJH6Q, STM32U5A5QJI6, STM32U5A5QJI6Q, STM32U5A5RJT6, STM32U5A5RJT6Q, STM32U5A5VJT6, STM32U5A5VJT6Q, STM32U5A5ZJT6, STM32U5A5ZJT6Q, STM32U5A5ZJY6QTR, STM32U5A9BJY6QTR, STM32U5A9J-DK, STM32U5A9NJH6Q, STM32U5A9VJT6Q, STM32U5A9ZJT6Q, STM32U5A9ZJY6QTR, STM32U5F7VIT6, STM32U5F7VIT6Q, STM32U5F7VJT6, STM32U5F7VJT6Q, STM32U5F9BJY6QTR, STM32U5F9NJH6Q, STM32U5F9VIT6Q, STM32U5F9VJT6Q, STM32U5F9ZIJ6QTR, STM32U5F9ZIT6Q, STM32U5F9ZJJ6QTR, STM32U5F9ZJT6Q, STM32U5G7VJT6, STM32U5G7VJT6Q, STM32U5G9BJY6QTR, STM32U5G9J-DK1, STM32U5G9J-DK2, STM32U5G9NJH6Q, STM32U5G9VJT6Q, STM32U5G9ZJJ6QTR, STM32U5G9ZJT6Q, STM32WB1MMCH6, STM32WBA52CEU6, STM32WBA52CEU6T, STM32WBA52CGU6, STM32WBA52CGU6T, STM32WBA52KEU6, STM32WBA52KEU6T, STM32WBA52KGU6, STM32WBA52KGU6T, STM32WL5MOCH6, STM32WL5MOCH6TR]
2023-10-31 10:42:15,929 [INFO] DbMcus:217 - Found 3848 MCUs, 3848 are supported
2023-10-31 10:42:15,930 [INFO] ApiDb:414 - User favorites file not found: /Users/romanlobach/.stm32cubeide/favorites.mcus.txt
2023-10-31 10:42:15,931 [INFO] DbMcus:223 - Set 0 / 0 favorites MCUs
2023-10-31 10:42:16,697 [WARN] ThirdParty:833 - waiting for thirdparty lock release [change project]
2023-10-31 10:42:16,698 [INFO] ThirdParty:835 - entering critical section [change project]
2023-10-31 10:42:16,698 [INFO] ThirdParty:1030 - CMSIS Pack Vendor :STMicroelectronics X-CUBE-ISPU 1.1.0
2023-10-31 10:42:16,698 [INFO] ThirdParty:1030 - CMSIS Pack Vendor :STMicroelectronics USBPD 4.1
2023-10-31 10:42:16,698 [INFO] ThirdParty:1030 - CMSIS Pack Vendor :STMicroelectronics X-CUBE-GNSS1 6.0.0
2023-10-31 10:42:16,699 [INFO] ThirdParty:1030 - CMSIS Pack Vendor :STMicroelectronics USB_HOST 2.0.0
2023-10-31 10:42:16,699 [INFO] ThirdParty:1030 - CMSIS Pack Vendor :STMicroelectronics X-CUBE-AZRTOS-F4 1.1.0
2023-10-31 10:42:16,699 [INFO] ThirdParty:1030 - CMSIS Pack Vendor :STMicroelectronics LIBJPEG 8.0.0
2023-10-31 10:42:16,699 [INFO] ThirdParty:1030 - CMSIS Pack Vendor :wolfSSL I-CUBE-wolfSSL 5.6.3
2023-10-31 10:42:16,699 [INFO] ThirdParty:1030 - CMSIS Pack Vendor :STMicroelectronics X-CUBE-SMBUS 2.1.0
2023-10-31 10:42:16,699 [INFO] ThirdParty:1030 - CMSIS Pack Vendor :STMicroelectronics USB_DEVICE 3.0.0
2023-10-31 10:42:16,699 [INFO] ThirdParty:1030 - CMSIS Pack Vendor :STMicroelectronics X-CUBE-AZRTOS-WB 2.0.0
2023-10-31 10:42:16,700 [INFO] ThirdParty:1030 - CMSIS Pack Vendor :STMicroelectronics X-CUBE-AZRTOS-F7 1.1.0
2023-10-31 10:42:16,700 [INFO] ThirdParty:1030 - CMSIS Pack Vendor :STMicroelectronics X-CUBE-AZRTOS-L5 2.0.0
2023-10-31 10:42:16,700 [INFO] ThirdParty:1030 - CMSIS Pack Vendor :STMicroelectronics USB_DEVICE 2.0.0
2023-10-31 10:42:16,700 [INFO] ThirdParty:1030 - CMSIS Pack Vendor :STMicroelectronics X-CUBE-MEMS1 9.6.0
2023-10-31 10:42:16,700 [INFO] ThirdParty:1030 - CMSIS Pack Vendor :STMicroelectronics X-CUBE-EEPRMA1 4.2.0
2023-10-31 10:42:16,700 [INFO] ThirdParty:1030 - CMSIS Pack Vendor :ITTIA_DB I-CUBE-ITTIADB 8.8.0
2023-10-31 10:42:16,700 [INFO] ThirdParty:1030 - CMSIS Pack Vendor :STMicroelectronics FP-SNS-MOTENV1 4.3.2
2023-10-31 10:42:16,701 [INFO] ThirdParty:1030 - CMSIS Pack Vendor :STMicroelectronics X-CUBE-ALGOBUILD 1.3.0
2023-10-31 10:42:16,701 [INFO] ThirdParty:1030 - CMSIS Pack Vendor :STMicroelectronics FreeRTOS 0.0.1
2023-10-31 10:42:16,701 [INFO] ThirdParty:1030 - CMSIS Pack Vendor :STMicroelectronics X-CUBE-AZRTOS-G0 1.1.0
2023-10-31 10:42:16,701 [INFO] ThirdParty:1030 - CMSIS Pack Vendor :STMicroelectronics X-CUBE-BLEMGR 2.0.0
2023-10-31 10:42:16,701 [INFO] ThirdParty:1030 - CMSIS Pack Vendor :STMicroelectronics X-CUBE-NFC4 3.0.0
2023-10-31 10:42:16,701 [INFO] ThirdParty:1030 - CMSIS Pack Vendor :STMicroelectronics X-CUBE-SUBG2 5.0.0
2023-10-31 10:42:16,701 [INFO] ThirdParty:1030 - CMSIS Pack Vendor :STMicroelectronics STM32_WPAN 1.0.0
2023-10-31 10:42:16,701 [INFO] ThirdParty:1030 - CMSIS Pack Vendor :STMicroelectronics lwIP 2.0.3
2023-10-31 10:42:16,701 [INFO] ThirdParty:1030 - CMSIS Pack Vendor :STMicroelectronics FP-SNS-FLIGHT1 5.0.2
2023-10-31 10:42:16,702 [INFO] ThirdParty:1030 - CMSIS Pack Vendor :STMicroelectronics USB_HOST 1.0.0
2023-10-31 10:42:16,702 [INFO] ThirdParty:1030 - CMSIS Pack Vendor :STMicroelectronics X-CUBE-TOF1 3.3.1
2023-10-31 10:42:16,702 [INFO] ThirdParty:1030 - CMSIS Pack Vendor :STMicroelectronics X-CUBE-AZRTOS-G4 2.0.0
2023-10-31 10:42:16,702 [INFO] ThirdParty:1030 - CMSIS Pack Vendor :STMicroelectronics PDM2PCM 3.1.0
2023-10-31 10:42:16,702 [INFO] ThirdParty:1030 - CMSIS Pack Vendor :STMicroelectronics X-CUBE-AZRTOS-H7 3.1.0
2023-10-31 10:42:16,702 [INFO] ThirdParty:1030 - CMSIS Pack Vendor :Infineon AIROC-Wi-Fi-Bluetooth-STM32 1.5.1
2023-10-31 10:42:16,702 [INFO] ThirdParty:1030 - CMSIS Pack Vendor :STMicroelectronics PDM2PCM 3.3.0
2023-10-31 10:42:16,702 [INFO] ThirdParty:1030 - CMSIS Pack Vendor :STMicroelectronics X-CUBE-DISPLAY 3.0.0
2023-10-31 10:42:16,702 [INFO] ThirdParty:1030 - CMSIS Pack Vendor :STMicroelectronics X-CUBE-BLE1 7.0.0
2023-10-31 10:42:16,703 [INFO] ThirdParty:1030 - CMSIS Pack Vendor :STMicroelectronics FP-ATR-SIGFOX1 3.2.0
2023-10-31 10:42:16,703 [INFO] ThirdParty:1030 - CMSIS Pack Vendor :STMicroelectronics HAL Drivers 0.0.0
2023-10-31 10:42:16,703 [INFO] ThirdParty:1030 - CMSIS Pack Vendor :STMicroelectronics MBEDTLS 2.16.2
2023-10-31 10:42:16,703 [INFO] ThirdParty:1030 - CMSIS Pack Vendor :emotas I-CUBE-CANOPEN 1.3.0
2023-10-31 10:42:16,703 [INFO] ThirdParty:1030 - CMSIS Pack Vendor :STMicroelectronics X-CUBE-MEMS1 10.0.0
2023-10-31 10:42:16,703 [INFO] ThirdParty:1030 - CMSIS Pack Vendor :STMicroelectronics X-CUBE-FREERTOS 1.1.0
2023-10-31 10:42:16,703 [INFO] ThirdParty:1030 - CMSIS Pack Vendor :STMicroelectronics X-CUBE-TOUCHGFX 4.22.0
2023-10-31 10:42:16,703 [INFO] ThirdParty:1030 - CMSIS Pack Vendor :STMicroelectronics X-CUBE-NFC7 1.0.1
2023-10-31 10:42:16,703 [INFO] ThirdParty:1030 - CMSIS Pack Vendor :STMicroelectronics MBEDTLS 2.14.1
2023-10-31 10:42:16,704 [INFO] ThirdParty:1030 - CMSIS Pack Vendor :STMicroelectronics X-CUBE-TOUCHGFX 4.22.1
2023-10-31 10:42:16,704 [INFO] ThirdParty:1030 - CMSIS Pack Vendor :STMicroelectronics X-CUBE-NFC6 3.0.0
2023-10-31 10:42:16,704 [INFO] ThirdParty:1030 - CMSIS Pack Vendor :STMicroelectronics X-CUBE-EEPRMA1 4.1.0
2023-10-31 10:42:16,704 [INFO] ThirdParty:1030 - CMSIS Pack Vendor :portGmbH I-Cube-SoM-uGOAL 1.1.0
2023-10-31 10:42:16,704 [INFO] ThirdParty:1030 - CMSIS Pack Vendor :STMicroelectronics X-CUBE-ALS 1.0.1
2023-10-31 10:42:16,704 [INFO] ThirdParty:1030 - CMSIS Pack Vendor :STMicroelectronics ThreadX 1.0.0
2023-10-31 10:42:16,704 [INFO] ThirdParty:1030 - CMSIS Pack Vendor :STMicroelectronics FP-SNS-SMARTAG2 1.2.0
2023-10-31 10:42:16,705 [INFO] ThirdParty:1030 - CMSIS Pack Vendor :STMicroelectronics X-CUBE-AZRTOS-WL 2.0.0
2023-10-31 10:42:16,705 [INFO] ThirdParty:1030 - CMSIS Pack Vendor :SEGGER I-CUBE-embOS 1.3.1
2023-10-31 10:42:16,705 [INFO] ThirdParty:1030 - CMSIS Pack Vendor :STMicroelectronics USB_DEVICE 1.0.0
2023-10-31 10:42:16,705 [INFO] ThirdParty:1030 - CMSIS Pack Vendor :STMicroelectronics X-CUBE-AI 8.1.0
2023-10-31 10:42:16,705 [INFO] ThirdParty:1030 - CMSIS Pack Vendor :STMicroelectronics X-CUBE-AZRTOS-L4 2.0.0
2023-10-31 10:42:16,705 [INFO] ThirdParty:1030 - CMSIS Pack Vendor :STMicroelectronics ThreadX 0.0.2
2023-10-31 10:42:16,705 [INFO] ThirdParty:1030 - CMSIS Pack Vendor :WES I-CUBE-Cesium 1.3.0
2023-10-31 10:42:16,706 [INFO] ThirdParty:1030 - CMSIS Pack Vendor :STMicroelectronics FP-ATR-ASTRA1 2.0.0
2023-10-31 10:42:16,706 [INFO] ThirdParty:1030 - CMSIS Pack Vendor :STMicroelectronics lwIP 2.1.2
2023-10-31 10:42:16,706 [INFO] ThirdParty:1030 - CMSIS Pack Vendor :STMicroelectronics X-CUBE-SFXS2LP1 4.0.0
2023-10-31 10:42:16,706 [INFO] ThirdParty:1030 - CMSIS Pack Vendor :STMicroelectronics X-CUBE-BLE2 3.3.0
2023-10-31 10:42:16,706 [INFO] ThirdParty:1030 - CMSIS Pack Vendor :STMicroelectronics PDM2PCM 3.2.0
2023-10-31 10:42:16,707 [INFO] ThirdParty:841 - exiting critical section [change project]
2023-10-31 10:42:17,596 [INFO] PinOutPanel:1499 - setPackage(No Configuration,No Configuration)
2023-10-31 10:42:17,598 [INFO] PinOutPanel:1499 - setPackage(STM32F303K8Tx,LQFP32)
2023-10-31 10:42:21,207 [INFO] UtilMem:75 - Before build in PCC Used Memory: 378919896 Bytes (646971392)
2023-10-31 10:42:24,972 [INFO] UtilMem:75 - After build in PCC Used Memory: 418590896 Bytes (646971392)
2023-10-31 10:42:25,062 [INFO] IPUIPlugin:80 - create IPUIPlugin
2023-10-31 10:42:25,063 [INFO] IPUIPlugin:80 - create IPUIPlugin
2023-10-31 10:42:25,063 [INFO] IPUIPlugin:80 - create IPUIPlugin
2023-10-31 10:42:25,066 [INFO] IPUIPlugin:80 - create IPUIPlugin
2023-10-31 10:42:25,066 [INFO] IPUIPlugin:80 - create IPUIPlugin
2023-10-31 10:42:25,067 [INFO] IPUIPlugin:80 - create IPUIPlugin
2023-10-31 10:42:25,067 [INFO] IPUIPlugin:80 - create IPUIPlugin
2023-10-31 10:42:25,068 [INFO] IPUIPlugin:80 - create IPUIPlugin
2023-10-31 10:42:25,068 [INFO] IPUIPlugin:80 - create IPUIPlugin
2023-10-31 10:42:25,069 [INFO] IPUIPlugin:80 - create IPUIPlugin
2023-10-31 10:42:25,076 [INFO] IPUIPlugin:80 - create IPUIPlugin
2023-10-31 10:42:25,080 [INFO] IPUIPlugin:80 - create IPUIPlugin
2023-10-31 10:42:25,080 [INFO] IPUIPlugin:80 - create IPUIPlugin
2023-10-31 10:42:25,081 [INFO] IPUIPlugin:80 - create IPUIPlugin
2023-10-31 10:42:25,081 [INFO] IPUIPlugin:80 - create IPUIPlugin
2023-10-31 10:42:25,082 [INFO] IPUIPlugin:80 - create IPUIPlugin
2023-10-31 10:42:25,082 [INFO] IPUIPlugin:80 - create IPUIPlugin
2023-10-31 10:42:25,082 [INFO] IPUIPlugin:80 - create IPUIPlugin
2023-10-31 10:42:25,083 [INFO] IPUIPlugin:80 - create IPUIPlugin
2023-10-31 10:42:25,083 [INFO] IPUIPlugin:80 - create IPUIPlugin
2023-10-31 10:42:25,083 [INFO] IPUIPlugin:80 - create IPUIPlugin
2023-10-31 10:42:25,084 [INFO] IPUIPlugin:80 - create IPUIPlugin
2023-10-31 10:42:25,084 [INFO] IPUIPlugin:80 - create IPUIPlugin
2023-10-31 10:42:25,084 [INFO] IPUIPlugin:80 - create IPUIPlugin
2023-10-31 10:42:25,084 [INFO] IPUIPlugin:80 - create IPUIPlugin
2023-10-31 10:42:25,084 [INFO] IPUIPlugin:80 - create IPUIPlugin
2023-10-31 10:42:25,085 [INFO] IPUIPlugin:80 - create IPUIPlugin
2023-10-31 10:42:25,085 [INFO] IPUIPlugin:80 - create IPUIPlugin
2023-10-31 10:42:25,085 [INFO] IPUIPlugin:80 - create IPUIPlugin
2023-10-31 10:42:25,086 [INFO] IPUIPlugin:80 - create IPUIPlugin
2023-10-31 10:42:25,086 [INFO] IPUIPlugin:80 - create IPUIPlugin
2023-10-31 10:42:25,086 [INFO] IPUIPlugin:80 - create IPUIPlugin
2023-10-31 10:42:25,087 [INFO] IPUIPlugin:80 - create IPUIPlugin
2023-10-31 10:42:25,087 [INFO] IPUIPlugin:80 - create IPUIPlugin
2023-10-31 10:42:25,453 [INFO] CADModel:165 - CPN selected for project levelSTM32F303K8T6
2023-10-31 10:42:25,453 [INFO] CADModel:114 - Register for checkConnection events
2023-10-31 10:42:33,092 [INFO] OpenFileManager:328 - Restore cursor
2023-10-31 10:44:45,101 [INFO] Activator:176 - 


2023-10-31 10:44:45,106 [INFO] Activator:177 - !SESSION log4j initialized
2023-10-31 10:44:53,647 [INFO] LogOutputStream:77 - [STDOUT_REDIRECT] 
2023-10-31 10:44:55,502 [ERROR] LogOutputStream:75 - [STDERR_REDIRECT] 
2023-10-31 10:44:56,740 [INFO] LogOutputStream:77 - [STDOUT_REDIRECT] 
2023-10-31 10:44:57,199 [INFO] ApplicationProperties:184 - Using Application install path: /Applications/STMicroelectronics/STM32CubeIDE.app/Contents/Eclipse/plugins/com.st.stm32cube.common.mx_6.9.2.202309101412
2023-10-31 10:44:57,234 [INFO] DbMcusXml:78 - Set database path to: /Applications/STMicroelectronics/STM32CubeIDE.app/Contents/Eclipse/plugins/com.st.stm32cube.common.mx_6.9.2.202309101412//db//mcu/
2023-10-31 10:44:57,234 [INFO] ApiDb:274 - Set plugin database path to: /Applications/STMicroelectronics/STM32CubeIDE.app/Contents/Eclipse/plugins/com.st.stm32cube.common.mx_6.9.2.202309101412//db//plugins/boardmanager/
2023-10-31 10:44:57,235 [WARN] ApiDb:259 - Overriding images path with different value:  => /Applications/STMicroelectronics/STM32CubeIDE.app/Contents/Eclipse/plugins/com.st.stm32cube.common.mx_6.9.2.202309101412//db//plugins/mcufinder/images/
2023-10-31 10:44:57,254 [INFO] ApiDb:250 - Set database path to: /Users/romanlobach/.stmcufinder/plugins/mcufinder//mcu/
2023-10-31 10:44:57,258 [INFO] DbMcusAds:125 - Set database path to: /Users/romanlobach/.stmcufinder/plugins/mcufinder//mcu/
2023-10-31 10:44:57,267 [INFO] CrossReferenceDbSqlite:203 - Set database path to: /Users/romanlobach/.stmcufinder/plugins/mcufinder//mcu/cs/
2023-10-31 10:44:57,490 [INFO] RulesReader:64 - Compatibility file has been processed (293 Rules)
2023-10-31 10:44:57,670 [INFO] DbMcusXml:78 - Set database path to: /Applications/STMicroelectronics/STM32CubeIDE.app/Contents/Eclipse/plugins/com.st.stm32cube.common.mx_6.9.2.202309101412//db//mcu/
2023-10-31 10:44:57,670 [INFO] ApiDb:274 - Set plugin database path to: /Applications/STMicroelectronics/STM32CubeIDE.app/Contents/Eclipse/plugins/com.st.stm32cube.common.mx_6.9.2.202309101412//db//plugins/boardmanager/
2023-10-31 10:44:57,671 [INFO] ApiDb:261 - Set plugin images path to: /Applications/STMicroelectronics/STM32CubeIDE.app/Contents/Eclipse/plugins/com.st.stm32cube.common.mx_6.9.2.202309101412//db//plugins/mcufinder/images/
2023-10-31 10:44:57,671 [WARN] DbFile:41 - Overriding database path with different value: /Users/romanlobach/.stmcufinder/plugins/mcufinder/ => /Users/romanlobach/.stmcufinder/plugins/mcufinder
2023-10-31 10:44:57,671 [INFO] ApiDb:250 - Set database path to: /Users/romanlobach/.stmcufinder/plugins/mcufinder//mcu/
2023-10-31 10:44:57,671 [WARN] DbFile:41 - Overriding database path with different value: /Users/romanlobach/.stmcufinder/plugins/mcufinder/ => /Users/romanlobach/.stmcufinder/plugins/mcufinder
2023-10-31 10:44:57,671 [INFO] DbMcusAds:125 - Set database path to: /Users/romanlobach/.stmcufinder/plugins/mcufinder//mcu/
2023-10-31 10:44:57,672 [WARN] DbFile:41 - Overriding database path with different value: /Users/romanlobach/.stmcufinder/plugins/mcufinder/ => /Users/romanlobach/.stmcufinder/plugins/mcufinder
2023-10-31 10:44:57,672 [WARN] DbFile:41 - Overriding database path with different value: /Users/romanlobach/.stmcufinder/plugins/mcufinder/ => /Users/romanlobach/.stmcufinder/plugins/mcufinder
2023-10-31 10:44:57,672 [INFO] CrossReferenceDbSqlite:203 - Set database path to: /Users/romanlobach/.stmcufinder/plugins/mcufinder//mcu/cs/
2023-10-31 10:44:57,859 [INFO] MainPanel:262 - HeapMemory: 268435456
2023-10-31 10:44:58,130 [INFO] DbMcusXml:78 - Set database path to: /Applications/STMicroelectronics/STM32CubeIDE.app/Contents/Eclipse/plugins/com.st.stm32cube.common.mx_6.9.2.202309101412//db//mcu/
2023-10-31 10:44:58,130 [INFO] ApiDb:274 - Set plugin database path to: /Applications/STMicroelectronics/STM32CubeIDE.app/Contents/Eclipse/plugins/com.st.stm32cube.common.mx_6.9.2.202309101412//db//plugins/boardmanager/
2023-10-31 10:44:58,130 [INFO] ApiDb:261 - Set plugin images path to: /Applications/STMicroelectronics/STM32CubeIDE.app/Contents/Eclipse/plugins/com.st.stm32cube.common.mx_6.9.2.202309101412//db//plugins/mcufinder/images/
2023-10-31 10:44:58,130 [WARN] DbFile:41 - Overriding database path with different value: /Users/romanlobach/.stmcufinder/plugins/mcufinder/ => /Users/romanlobach/.stmcufinder/plugins/mcufinder
2023-10-31 10:44:58,131 [INFO] ApiDb:250 - Set database path to: /Users/romanlobach/.stmcufinder/plugins/mcufinder//mcu/
2023-10-31 10:44:58,131 [WARN] DbFile:41 - Overriding database path with different value: /Users/romanlobach/.stmcufinder/plugins/mcufinder/ => /Users/romanlobach/.stmcufinder/plugins/mcufinder
2023-10-31 10:44:58,131 [INFO] DbMcusAds:125 - Set database path to: /Users/romanlobach/.stmcufinder/plugins/mcufinder//mcu/
2023-10-31 10:44:58,131 [WARN] DbFile:41 - Overriding database path with different value: /Users/romanlobach/.stmcufinder/plugins/mcufinder/ => /Users/romanlobach/.stmcufinder/plugins/mcufinder
2023-10-31 10:44:58,131 [WARN] DbFile:41 - Overriding database path with different value: /Users/romanlobach/.stmcufinder/plugins/mcufinder/ => /Users/romanlobach/.stmcufinder/plugins/mcufinder
2023-10-31 10:44:58,131 [INFO] CrossReferenceDbSqlite:203 - Set database path to: /Users/romanlobach/.stmcufinder/plugins/mcufinder//mcu/cs/
2023-10-31 10:44:58,171 [INFO] ApplicationProperties:184 - Using Application install path: /Applications/STMicroelectronics/STM32CubeIDE.app/Contents/Eclipse/plugins/com.st.stm32cube.common.mx_6.9.2.202309101412
2023-10-31 10:44:58,173 [INFO] PluginManage:196 - Search for loadable plugins [exclusion list=, ]
2023-10-31 10:44:58,176 [INFO] PluginManage:310 - Check plugin analytics
2023-10-31 10:44:58,598 [INFO] AnalyticsPlugin:253 - Accepted Software Licenses: STM32CubeMX.6.9.1,STM32CubeMX.6.9.2
2023-10-31 10:44:58,599 [INFO] AnalyticsPlugin:255 - Accepted CMSIS Pack Licenses: 
2023-10-31 10:44:58,600 [INFO] AnalyticsPlugin:257 - Accepted Firmware Licenses: FW.F7.1.17.0
2023-10-31 10:44:58,610 [INFO] PluginManage:359 - Loaded plugin analytics (category:tool,tabindex:-1)
2023-10-31 10:44:58,611 [INFO] PluginManage:310 - Check plugin cadmodel
2023-10-31 10:44:59,195 [INFO] CADModel:105 - Init CAD model plugin
2023-10-31 10:44:59,196 [INFO] PluginManage:359 - Loaded plugin cadmodel (category:power,tabindex:5)
2023-10-31 10:44:59,196 [INFO] PluginManage:310 - Check plugin clock
2023-10-31 10:44:59,217 [INFO] PluginManage:359 - Loaded plugin clock (category:base,tabindex:2)
2023-10-31 10:44:59,217 [INFO] PluginManage:310 - Check plugin ddr
2023-10-31 10:44:59,223 [INFO] PluginManage:359 - Loaded plugin ddr (category:tool,tabindex:6)
2023-10-31 10:44:59,223 [INFO] PluginManage:310 - Check plugin filemanager
2023-10-31 10:44:59,488 [INFO] PluginManage:359 - Loaded plugin filemanager (category:base,tabindex:10)
2023-10-31 10:44:59,489 [INFO] PluginManage:310 - Check plugin ipmanager
2023-10-31 10:44:59,502 [INFO] PluginManage:359 - Loaded plugin ipmanager (category:base,tabindex:5)
2023-10-31 10:44:59,503 [INFO] PluginManage:310 - Check plugin lpbam
2023-10-31 10:44:59,532 [INFO] PluginManage:359 - Loaded plugin lpbam (category:base,tabindex:0)
2023-10-31 10:44:59,532 [INFO] PluginManage:310 - Check plugin memorymap
2023-10-31 10:44:59,579 [INFO] PluginManage:359 - Loaded plugin memorymap (category:base,tabindex:4)
2023-10-31 10:44:59,579 [INFO] PluginManage:310 - Check plugin pinoutandconfiguration
2023-10-31 10:44:59,602 [INFO] PluginManage:359 - Loaded plugin pinoutandconfiguration (category:base,tabindex:1)
2023-10-31 10:44:59,603 [INFO] PluginManage:310 - Check plugin pinoutconfig
2023-10-31 10:44:59,820 [WARN] SupportedApi:132 - Cannot load RTOS API schema: s4s-elt-must-match.1: The content of 'definitions' must match (annotation?, (simpleType | complexType)?, (unique | key | keyref)*)). A problem was found starting at: attribute.
2023-10-31 10:45:00,207 [INFO] PluginManage:359 - Loaded plugin pinoutconfig (category:base,tabindex:0)
2023-10-31 10:45:00,207 [INFO] PluginManage:310 - Check plugin power
2023-10-31 10:45:00,237 [INFO] PluginManage:359 - Loaded plugin power (category:power,tabindex:4)
2023-10-31 10:45:00,238 [INFO] PluginManage:310 - Check plugin projectmanager
2023-10-31 10:45:00,269 [INFO] PluginManage:359 - Loaded plugin projectmanager (category:projectmanager,tabindex:3)
2023-10-31 10:45:00,269 [INFO] PluginManage:310 - Check plugin thirdparty
2023-10-31 10:45:00,616 [INFO] PluginManage:359 - Loaded plugin thirdparty (category:base,tabindex:-1)
2023-10-31 10:45:00,617 [INFO] PluginManage:310 - Check plugin tools
2023-10-31 10:45:00,680 [WARN] IntegrityCheckThread:84 - waiting for thirdparty lock release [integrity check]
2023-10-31 10:45:00,681 [INFO] IntegrityCheckThread:86 - entering critical section [integrity check]
2023-10-31 10:45:00,682 [INFO] ThirdPartyUpdaterWithRetryManager:70 - Updater plugin not ready yet. [1/15]
2023-10-31 10:45:00,700 [INFO] PluginManage:359 - Loaded plugin tools (category:base,tabindex:7)
2023-10-31 10:45:00,700 [INFO] PluginManage:310 - Check plugin tutovideos
2023-10-31 10:45:01,268 [INFO] PluginManage:359 - Loaded plugin tutovideos (category:base,tabindex:-1)
2023-10-31 10:45:01,269 [INFO] PluginManage:310 - Check plugin updater
2023-10-31 10:45:01,291 [INFO] PluginManage:359 - Loaded plugin updater (category:base,tabindex:12)
2023-10-31 10:45:01,291 [INFO] PluginManage:310 - Check plugin userauth
2023-10-31 10:45:01,305 [INFO] UserAuth:113 - Init User Auth plugin
2023-10-31 10:45:01,305 [INFO] PluginManage:359 - Loaded plugin userauth (category:base,tabindex:14)
2023-10-31 10:45:01,306 [INFO] PluginManage:283 - PluginManage : Loaded plugins [17]
2023-10-31 10:45:01,713 [INFO] PinOutPanel:1499 - setPackage(No Configuration,No Configuration)
2023-10-31 10:45:01,920 [INFO] CADModel:165 - CPN selected for project level
2023-10-31 10:45:01,920 [INFO] CADModel:114 - Register for checkConnection events
2023-10-31 10:45:01,950 [INFO] IPUIPlugin:80 - create IPUIPlugin
2023-10-31 10:45:01,951 [INFO] PluginManager:220 - loadIPPluginJar : add mdma
2023-10-31 10:45:01,968 [INFO] IPUIPlugin:80 - create IPUIPlugin
2023-10-31 10:45:01,969 [INFO] PluginManager:220 - loadIPPluginJar : add freertos
2023-10-31 10:45:01,987 [INFO] IPUIPlugin:80 - create IPUIPlugin
2023-10-31 10:45:01,988 [INFO] PluginManager:220 - loadIPPluginJar : add gic
2023-10-31 10:45:02,011 [INFO] IPUIPlugin:80 - create IPUIPlugin
2023-10-31 10:45:02,011 [INFO] PluginManager:220 - loadIPPluginJar : add adc
2023-10-31 10:45:02,018 [INFO] IPUIPlugin:80 - create IPUIPlugin
2023-10-31 10:45:02,019 [INFO] PluginManager:220 - loadIPPluginJar : add gtzc
2023-10-31 10:45:02,022 [INFO] IPUIPlugin:80 - create IPUIPlugin
2023-10-31 10:45:02,022 [INFO] PluginManager:220 - loadIPPluginJar : add quadspi
2023-10-31 10:45:02,028 [INFO] IPUIPlugin:80 - create IPUIPlugin
2023-10-31 10:45:02,028 [INFO] PluginManager:220 - loadIPPluginJar : add aes
2023-10-31 10:45:02,036 [INFO] IPUIPlugin:80 - create IPUIPlugin
2023-10-31 10:45:02,036 [INFO] PluginManager:220 - loadIPPluginJar : add pdm2pcm
2023-10-31 10:45:02,040 [INFO] IPUIPlugin:80 - create IPUIPlugin
2023-10-31 10:45:02,041 [INFO] PluginManager:220 - loadIPPluginJar : add hash
2023-10-31 10:45:02,044 [INFO] IPUIPlugin:80 - create IPUIPlugin
2023-10-31 10:45:02,044 [INFO] PluginManager:220 - loadIPPluginJar : add tim
2023-10-31 10:45:02,047 [INFO] IPUIPlugin:80 - create IPUIPlugin
2023-10-31 10:45:02,047 [INFO] PluginManager:220 - loadIPPluginJar : add tsc
2023-10-31 10:45:02,051 [INFO] IPUIPlugin:80 - create IPUIPlugin
2023-10-31 10:45:02,051 [INFO] PluginManager:220 - loadIPPluginJar : add ts
2023-10-31 10:45:02,056 [INFO] IPUIPlugin:80 - create IPUIPlugin
2023-10-31 10:45:02,056 [INFO] PluginManager:220 - loadIPPluginJar : add can
2023-10-31 10:45:02,061 [INFO] IPUIPlugin:80 - create IPUIPlugin
2023-10-31 10:45:02,061 [INFO] PluginManager:220 - loadIPPluginJar : add dma3
2023-10-31 10:45:02,065 [INFO] IPUIPlugin:80 - create IPUIPlugin
2023-10-31 10:45:02,065 [INFO] PluginManager:220 - loadIPPluginJar : add dfsdm
2023-10-31 10:45:02,070 [INFO] IPUIPlugin:80 - create IPUIPlugin
2023-10-31 10:45:02,070 [INFO] PluginManager:220 - loadIPPluginJar : add spi
2023-10-31 10:45:02,075 [INFO] IPUIPlugin:80 - create IPUIPlugin
2023-10-31 10:45:02,075 [INFO] PluginManager:220 - loadIPPluginJar : add gfxmmu
2023-10-31 10:45:02,078 [INFO] IPUIPlugin:80 - create IPUIPlugin
2023-10-31 10:45:02,078 [INFO] PluginManager:220 - loadIPPluginJar : add genericplugin
2023-10-31 10:45:02,084 [INFO] IPUIPlugin:80 - create IPUIPlugin
2023-10-31 10:45:02,084 [INFO] PluginManager:220 - loadIPPluginJar : add cryp
2023-10-31 10:45:02,093 [INFO] IPUIPlugin:80 - create IPUIPlugin
2023-10-31 10:45:02,093 [INFO] PluginManager:220 - loadIPPluginJar : add gpio
2023-10-31 10:45:02,096 [INFO] IPUIPlugin:80 - create IPUIPlugin
2023-10-31 10:45:02,096 [INFO] PluginManager:220 - loadIPPluginJar : add comp
2023-10-31 10:45:02,100 [INFO] IPUIPlugin:80 - create IPUIPlugin
2023-10-31 10:45:02,100 [INFO] PluginManager:220 - loadIPPluginJar : add tracer_emb
2023-10-31 10:45:02,106 [INFO] IPUIPlugin:80 - create IPUIPlugin
2023-10-31 10:45:02,106 [INFO] PluginManager:220 - loadIPPluginJar : add openamp
2023-10-31 10:45:02,118 [INFO] IPUIPlugin:80 - create IPUIPlugin
2023-10-31 10:45:02,119 [INFO] PluginManager:220 - loadIPPluginJar : add stm32_wpan
2023-10-31 10:45:02,136 [INFO] IPUIPlugin:80 - create IPUIPlugin
2023-10-31 10:45:02,141 [INFO] PluginManager:220 - loadIPPluginJar : add plateformsettings
2023-10-31 10:45:02,153 [INFO] IPUIPlugin:80 - create IPUIPlugin
2023-10-31 10:45:02,153 [INFO] PluginManager:220 - loadIPPluginJar : add ipddr
2023-10-31 10:45:02,159 [INFO] IPUIPlugin:80 - create IPUIPlugin
2023-10-31 10:45:02,160 [INFO] PluginManager:220 - loadIPPluginJar : add usart
2023-10-31 10:45:02,162 [INFO] IPUIPlugin:80 - create IPUIPlugin
2023-10-31 10:45:02,163 [INFO] PluginManager:220 - loadIPPluginJar : add ltdc
2023-10-31 10:45:02,174 [INFO] IPUIPlugin:80 - create IPUIPlugin
2023-10-31 10:45:02,174 [INFO] PluginManager:220 - loadIPPluginJar : add nvic
2023-10-31 10:45:02,178 [INFO] IPUIPlugin:80 - create IPUIPlugin
2023-10-31 10:45:02,178 [INFO] PluginManager:220 - loadIPPluginJar : add fatfs
2023-10-31 10:45:02,193 [INFO] IPUIPlugin:80 - create IPUIPlugin
2023-10-31 10:45:02,193 [INFO] PluginManager:220 - loadIPPluginJar : add linkedlist
2023-10-31 10:45:02,203 [INFO] IPUIPlugin:80 - create IPUIPlugin
2023-10-31 10:45:02,203 [INFO] PluginManager:220 - loadIPPluginJar : add dma
2023-10-31 10:45:02,212 [INFO] IPUIPlugin:80 - create IPUIPlugin
2023-10-31 10:45:02,212 [INFO] PluginManager:220 - loadIPPluginJar : add fmc
2023-10-31 10:45:02,218 [INFO] IPUIPlugin:80 - create IPUIPlugin
2023-10-31 10:45:02,218 [INFO] PluginManager:220 - loadIPPluginJar : add i2s
2023-10-31 10:45:02,221 [INFO] IPUIPlugin:80 - create IPUIPlugin
2023-10-31 10:45:02,221 [INFO] PluginManager:220 - loadIPPluginJar : add ucpd
2023-10-31 10:45:02,225 [INFO] IPUIPlugin:80 - create IPUIPlugin
2023-10-31 10:45:02,226 [INFO] PluginManager:220 - loadIPPluginJar : add lorawan
2023-10-31 10:45:02,231 [INFO] IPUIPlugin:80 - create IPUIPlugin
2023-10-31 10:45:02,231 [INFO] PluginManager:220 - loadIPPluginJar : add opamp
2023-10-31 10:45:02,238 [INFO] IPUIPlugin:80 - create IPUIPlugin
2023-10-31 10:45:02,238 [INFO] PluginManager:220 - loadIPPluginJar : add i3c
2023-10-31 10:45:02,245 [INFO] IPUIPlugin:80 - create IPUIPlugin
2023-10-31 10:45:02,245 [INFO] PluginManager:220 - loadIPPluginJar : add touchsensing
2023-10-31 10:45:02,251 [INFO] IPUIPlugin:80 - create IPUIPlugin
2023-10-31 10:45:02,251 [INFO] PluginManager:220 - loadIPPluginJar : add i2c
2023-10-31 10:45:02,258 [INFO] IPUIPlugin:80 - create IPUIPlugin
2023-10-31 10:45:02,259 [INFO] PluginManager:220 - loadIPPluginJar : add resmgrutility
2023-10-31 10:45:02,266 [INFO] IPUIPlugin:80 - create IPUIPlugin
2023-10-31 10:45:02,266 [INFO] PluginManager:220 - loadIPPluginJar : add sai
2023-10-31 10:45:02,273 [INFO] IPUIPlugin:80 - create IPUIPlugin
2023-10-31 10:45:02,273 [INFO] PluginManager:220 - loadIPPluginJar : add usbx
2023-10-31 10:45:02,406 [INFO] CADModel:165 - CPN selected for project level
2023-10-31 10:45:02,407 [INFO] CADModel:114 - Register for checkConnection events
2023-10-31 10:45:02,407 [FATAL] Updater:308 - Updater called before beeing initialized
2023-10-31 10:45:02,408 [ERROR] CADModel:125 - Updater not yet initialized, retry later 
2023-10-31 10:45:02,732 [INFO] CADModel:165 - CPN selected for project level
2023-10-31 10:45:02,732 [INFO] CADModel:114 - Register for checkConnection events
2023-10-31 10:45:02,732 [FATAL] Updater:308 - Updater called before beeing initialized
2023-10-31 10:45:02,732 [ERROR] CADModel:125 - Updater not yet initialized, retry later 
2023-10-31 10:45:02,741 [FATAL] Updater:308 - Updater called before beeing initialized
2023-10-31 10:45:02,943 [FATAL] Updater:308 - Updater called before beeing initialized
2023-10-31 10:45:02,956 [INFO] DbMcusAds:53 - JSON generation date=Tue Mar 07 10:50:55 EET 2023 (1678179055114)
2023-10-31 10:45:02,956 [FATAL] Updater:308 - Updater called before beeing initialized
2023-10-31 10:45:03,074 [WARN] DetailPanel:346 - Failed to get advertising image, set to default
2023-10-31 10:45:03,210 [FATAL] Updater:308 - Updater called before beeing initialized
2023-10-31 10:45:03,216 [FATAL] Updater:308 - Updater called before beeing initialized
2023-10-31 10:45:03,217 [FATAL] Updater:308 - Updater called before beeing initialized
2023-10-31 10:45:03,217 [WARN] DetailPanel:346 - Failed to get advertising image, set to default
2023-10-31 10:45:03,218 [FATAL] Updater:308 - Updater called before beeing initialized
2023-10-31 10:45:03,276 [ERROR] Updater:1120 - MainUpdater not yet initialized. External WinMGr cannot be set.
2023-10-31 10:45:03,383 [INFO] Updater:1056 - Updater Version found : 6.9.2
2023-10-31 10:45:03,475 [INFO] ApplicationProperties:184 - Using Application install path: /Applications/STMicroelectronics/STM32CubeIDE.app/Contents/Eclipse/plugins/com.st.stm32cube.common.mx_6.9.2.202309101412
2023-10-31 10:45:03,704 [INFO] ThirdPartyUpdaterWithRetryManager:70 - Updater plugin not ready yet. [2/15]
2023-10-31 10:45:04,164 [INFO] MainUpdater:2868 - connection check result : 10
2023-10-31 10:45:04,166 [INFO] MainUpdater:285 - Updater Check For Update Now.
2023-10-31 10:45:04,166 [INFO] MicroXplorer:498 - Change Database Version : DB.6.0.92
2023-10-31 10:45:04,185 [INFO] McuFinderGlobals:63 - Set McuFinder mode to 2 (CubeIDE integrated)
2023-10-31 10:45:04,408 [INFO] CheckServerUpdateThread:120 - End of CheckServer Thread
2023-10-31 10:45:06,973 [WARN] PackLoader:240 - Cannot read IP mode file for STMicroelectronics.X-CUBE-SMBUS.2.1.0
2023-10-31 10:45:07,045 [WARN] PackLoader:240 - Cannot read IP mode file for STMicroelectronics.X-CUBE-AZRTOS-F7.1.1.0
2023-10-31 10:45:07,069 [WARN] PackLoader:240 - Cannot read IP mode file for STMicroelectronics.FP-SNS-MOTENV1.4.3.2
2023-10-31 10:45:07,092 [WARN] PackLoader:240 - Cannot read IP mode file for STMicroelectronics.FP-SNS-FLIGHT1.5.0.2
2023-10-31 10:45:07,112 [WARN] PackLoader:240 - Cannot read IP mode file for STMicroelectronics.X-CUBE-DISPLAY.3.0.0
2023-10-31 10:45:07,139 [WARN] PackLoader:240 - Cannot read IP mode file for STMicroelectronics.X-CUBE-BLE1.7.0.0
2023-10-31 10:45:07,151 [WARN] PackLoader:240 - Cannot read IP mode file for emotas.I-CUBE-CANOPEN.1.3.0
2023-10-31 10:45:07,160 [WARN] PackLoader:240 - Cannot read IP mode file for STMicroelectronics.X-CUBE-TOUCHGFX.4.22.0
2023-10-31 10:45:07,167 [WARN] PackLoader:240 - Cannot read IP mode file for STMicroelectronics.X-CUBE-TOUCHGFX.4.22.1
2023-10-31 10:45:07,174 [WARN] PackLoader:240 - Cannot read IP mode file for STMicroelectronics.FP-SNS-SMARTAG2.1.2.0
2023-10-31 10:45:07,204 [INFO] LogOutputStream:77 - [STDOUT_REDIRECT] 1 : Invalid condition id : UX_CORESTACK_Condition cause : null
2023-10-31 10:45:07,205 [INFO] LogOutputStream:77 - [STDOUT_REDIRECT] 1 : Invalid condition id : UX_CORESTACK_Condition cause : null
2023-10-31 10:45:07,206 [INFO] LogOutputStream:77 - [STDOUT_REDIRECT] 1 : Invalid condition id : UX_CORESTACK_Condition cause : null
2023-10-31 10:45:07,206 [INFO] LogOutputStream:77 - [STDOUT_REDIRECT] 1 : Invalid condition id : UX_CORESTACK_Condition cause : null
2023-10-31 10:45:07,206 [INFO] LogOutputStream:77 - [STDOUT_REDIRECT] 1 : Invalid condition id : UX_CORESTACK_Condition cause : null
2023-10-31 10:45:07,218 [WARN] PackLoader:240 - Cannot read IP mode file for STMicroelectronics.X-CUBE-AZRTOS-WL.2.0.0
2023-10-31 10:45:07,236 [WARN] PackLoader:240 - Cannot read IP mode file for WES.I-CUBE-Cesium.1.3.0
2023-10-31 10:45:07,249 [WARN] PackLoader:240 - Cannot read IP mode file for STMicroelectronics.X-CUBE-BLE2.3.3.0
2023-10-31 10:45:07,265 [WARN] PackLoader:240 - Cannot read IP mode file for STMicroelectronics.X-CUBE-ALGOBUILD.1.3.0
2023-10-31 10:45:07,313 [WARN] PackLoader:240 - Cannot read IP mode file for STMicroelectronics.X-CUBE-AZRTOS-G0.1.1.0
2023-10-31 10:45:07,334 [WARN] PackLoader:240 - Cannot read IP mode file for STMicroelectronics.X-CUBE-NFC4.3.0.0
2023-10-31 10:45:07,345 [WARN] PackLoader:240 - Cannot read IP mode file for STMicroelectronics.FP-ATR-SIGFOX1.3.2.0
2023-10-31 10:45:07,415 [WARN] PackLoader:240 - Cannot read IP mode file for SEGGER.I-CUBE-embOS.1.3.1
2023-10-31 10:45:07,553 [WARN] PackLoader:240 - Cannot read IP mode file for STMicroelectronics.X-CUBE-GNSS1.6.0.0
2023-10-31 10:45:07,592 [WARN] PackLoader:240 - Cannot read IP mode file for STMicroelectronics.X-CUBE-AZRTOS-F4.1.1.0
2023-10-31 10:45:07,605 [WARN] PackLoader:240 - Cannot read IP mode file for wolfSSL.I-CUBE-wolfSSL.5.6.3
2023-10-31 10:45:07,651 [WARN] PackLoader:240 - Cannot read IP mode file for STMicroelectronics.X-CUBE-AZRTOS-L5.2.0.0
2023-10-31 10:45:07,757 [WARN] PackLoader:240 - Cannot read IP mode file for STMicroelectronics.X-CUBE-MEMS1.9.6.0
2023-10-31 10:45:08,162 [WARN] PackLoader:240 - Cannot read IP mode file for STMicroelectronics.X-CUBE-EEPRMA1.4.2.0
2023-10-31 10:45:08,174 [WARN] PackLoader:240 - Cannot read IP mode file for ITTIA_DB.I-CUBE-ITTIADB.8.8.0
2023-10-31 10:45:08,190 [WARN] PackLoader:240 - Cannot read IP mode file for STMicroelectronics.X-CUBE-BLEMGR.2.0.0
2023-10-31 10:45:08,237 [WARN] ConditionMgr:438 - getConditionDescription Invalid condition id : UX DEVICE CLASS RTOS Condition cause : null
2023-10-31 10:45:08,238 [WARN] ConditionMgr:438 - getConditionDescription Invalid condition id : UX DEVICE CLASS RTOS Condition cause : null
2023-10-31 10:45:08,245 [WARN] PackLoader:240 - Cannot read IP mode file for STMicroelectronics.X-CUBE-AZRTOS-H7.3.1.0
2023-10-31 10:45:08,247 [WARN] ConditionMgr:1039 - genDependencies : Invalid condition id : UX DEVICE CLASS RTOS Condition cause : null
2023-10-31 10:45:08,248 [WARN] ConditionMgr:1039 - genDependencies : Invalid condition id : UX DEVICE CLASS RTOS Condition cause : null
2023-10-31 10:45:08,250 [WARN] ConditionMgr:1039 - genDependencies : Invalid condition id : UX DEVICE CLASS RTOS Condition cause : null
2023-10-31 10:45:08,252 [WARN] ConditionMgr:1039 - genDependencies : Invalid condition id : UX DEVICE CLASS RTOS Condition cause : null
2023-10-31 10:45:08,252 [WARN] ConditionMgr:1039 - genDependencies : Invalid condition id : UX DEVICE CLASS RTOS Condition cause : null
2023-10-31 10:45:08,266 [WARN] PackLoader:240 - Cannot read IP mode file for STMicroelectronics.X-CUBE-NFC7.1.0.1
2023-10-31 10:45:08,279 [WARN] PackLoader:240 - Cannot read IP mode file for STMicroelectronics.X-CUBE-NFC6.3.0.0
2023-10-31 10:45:08,295 [WARN] PackLoader:240 - Cannot read IP mode file for STMicroelectronics.X-CUBE-EEPRMA1.4.1.0
2023-10-31 10:45:08,306 [WARN] PackLoader:240 - Cannot read IP mode file for STMicroelectronics.X-CUBE-AI.8.1.0
2023-10-31 10:45:08,352 [WARN] ConditionMgr:438 - getConditionDescription Invalid condition id : LAN8742 Phy interface Condition cause : null
2023-10-31 10:45:08,354 [WARN] PackLoader:240 - Cannot read IP mode file for STMicroelectronics.X-CUBE-AZRTOS-L4.2.0.0
2023-10-31 10:45:08,357 [WARN] ConditionMgr:1039 - genDependencies : Invalid condition id : LAN8742 Phy interface Condition cause : null
2023-10-31 10:45:08,357 [WARN] ConditionMgr:1039 - genDependencies : Invalid condition id : LAN8742 Phy interface Condition cause : null
2023-10-31 10:45:08,358 [WARN] ConditionMgr:1039 - genDependencies : Invalid condition id : LAN8742 Phy interface Condition cause : null
2023-10-31 10:45:08,387 [WARN] PackLoader:240 - Cannot read IP mode file for STMicroelectronics.X-CUBE-SFXS2LP1.4.0.0
2023-10-31 10:45:08,400 [WARN] PackLoader:240 - Cannot read IP mode file for STMicroelectronics.X-CUBE-ISPU.1.1.0
2023-10-31 10:45:08,466 [WARN] ConditionMgr:438 - getConditionDescription Invalid condition id : UX DEVICE CLASS RTOS Condition cause : null
2023-10-31 10:45:08,467 [WARN] ConditionMgr:438 - getConditionDescription Invalid condition id : UX DEVICE CLASS RTOS Condition cause : null
2023-10-31 10:45:08,474 [WARN] PackLoader:240 - Cannot read IP mode file for STMicroelectronics.X-CUBE-AZRTOS-WB.2.0.0
2023-10-31 10:45:08,476 [WARN] ConditionMgr:1039 - genDependencies : Invalid condition id : UX DEVICE CLASS RTOS Condition cause : null
2023-10-31 10:45:08,476 [WARN] ConditionMgr:1039 - genDependencies : Invalid condition id : UX DEVICE CLASS RTOS Condition cause : null
2023-10-31 10:45:08,477 [WARN] ConditionMgr:1039 - genDependencies : Invalid condition id : UX DEVICE CLASS RTOS Condition cause : null
2023-10-31 10:45:08,478 [WARN] ConditionMgr:1039 - genDependencies : Invalid condition id : UX DEVICE CLASS RTOS Condition cause : null
2023-10-31 10:45:08,478 [WARN] ConditionMgr:1039 - genDependencies : Invalid condition id : UX DEVICE CLASS RTOS Condition cause : null
2023-10-31 10:45:08,537 [WARN] PackLoader:240 - Cannot read IP mode file for STMicroelectronics.X-CUBE-SUBG2.5.0.0
2023-10-31 10:45:08,586 [WARN] PackLoader:240 - Cannot read IP mode file for STMicroelectronics.X-CUBE-TOF1.3.3.1
2023-10-31 10:45:08,657 [WARN] PackLoader:240 - Cannot read IP mode file for STMicroelectronics.X-CUBE-AZRTOS-G4.2.0.0
2023-10-31 10:45:08,685 [WARN] PackLoader:240 - Cannot read IP mode file for Infineon.AIROC-Wi-Fi-Bluetooth-STM32.1.5.1
2023-10-31 10:45:08,797 [WARN] PackLoader:240 - Cannot read IP mode file for STMicroelectronics.X-CUBE-MEMS1.10.0.0
2023-10-31 10:45:09,109 [WARN] PackLoader:240 - Cannot read IP mode file for STMicroelectronics.X-CUBE-FREERTOS.1.1.0
2023-10-31 10:45:09,122 [WARN] PackLoader:240 - Cannot read IP mode file for portGmbH.I-Cube-SoM-uGOAL.1.1.0
2023-10-31 10:45:09,334 [WARN] PackLoader:240 - Cannot read IP mode file for STMicroelectronics.X-CUBE-ALS.1.0.1
2023-10-31 10:45:09,343 [WARN] PackLoader:240 - Cannot read IP mode file for STMicroelectronics.FP-ATR-ASTRA1.2.0.0
2023-10-31 10:45:09,344 [INFO] ThirdParty:978 - Integrity check success = true
2023-10-31 10:45:09,344 [INFO] IntegrityCheckThread:100 - exiting critical section [integrity check]
2023-10-31 10:45:09,344 [INFO] IntegrityCheckThread:103 - End integrity checks thread
2023-10-31 10:45:16,496 [ERROR] LogOutputStream:75 - [STDERR_REDIRECT] SLF4J: Failed to load class "org.slf4j.impl.StaticLoggerBinder".
2023-10-31 10:45:16,496 [ERROR] LogOutputStream:75 - [STDERR_REDIRECT] SLF4J: Defaulting to no-operation (NOP) logger implementation
2023-10-31 10:45:16,497 [ERROR] LogOutputStream:75 - [STDERR_REDIRECT] SLF4J: See http://www.slf4j.org/codes.html#StaticLoggerBinder for further details.
2023-10-31 13:18:53,994 [INFO] McuFinderGlobals:63 - Set McuFinder mode to 2 (CubeIDE integrated)
2023-10-31 13:18:54,011 [INFO] MainUpdater:2868 - connection check result : 10
2023-10-31 13:18:54,013 [INFO] MainUpdater:2868 - connection check result : 10
2023-10-31 13:18:54,761 [INFO] MicroXplorer:468 - Change Database Path : 
2023-10-31 13:18:54,762 [INFO] MicroXplorer:498 - Change Database Version : DB.6.0.92
2023-10-31 13:18:54,769 [WARN] ThirdParty:871 - waiting for thirdparty lock release [close project]
2023-10-31 13:18:54,769 [INFO] ThirdParty:873 - entering critical section [close project]
2023-10-31 13:18:54,771 [INFO] ThirdParty:883 - exiting critical section [close project]
2023-10-31 13:18:54,780 [INFO] PinOutPanel:1499 - setPackage(No Configuration,No Configuration)
2023-10-31 13:18:54,794 [INFO] UtilMem:75 - Begin LoadConfig() Used Memory: 330576032 Bytes (437256192)
2023-10-31 13:18:54,797 [INFO] MicroXplorer:468 - Change Database Path : 
2023-10-31 13:18:54,797 [INFO] MicroXplorer:498 - Change Database Version : DB.6.0.92
2023-10-31 13:18:54,798 [INFO] OpenFileManager:308 - Change cursor
2023-10-31 13:18:54,857 [INFO] Mcu:1946 - Initializing MCU STM32F303K(6-8)Tx STM32F303K8Tx STM32F303K8T6
2023-10-31 13:18:56,835 [INFO] Context:659 - Trying to add GPIOservice into a context  which must be forbidden
2023-10-31 13:18:57,938 [INFO] RtosManager:555 - Registered RTOS mode: class=CMSIS, group=RTOS, mode=CMSIS_V1, owner=FREERTOS
2023-10-31 13:18:57,938 [INFO] RtosManager:555 - Registered RTOS mode: class=CMSIS, group=RTOS2, mode=CMSIS_V2, owner=FREERTOS
2023-10-31 13:18:57,938 [INFO] RtosManager:555 - Registered RTOS mode: class=RTOS, group=Core, mode=CMSIS_V1, owner=FREERTOS
2023-10-31 13:18:57,939 [INFO] RtosManager:555 - Registered RTOS mode: class=RTOS, group=Core, mode=CMSIS_V2, owner=FREERTOS
2023-10-31 13:18:57,939 [WARN] ModelIntegratedComponent:184 - Missing modes for component STMicroelectronics:FreeRTOS:0.0.1:STMicroelectronics:RTOS:FreeRTOS:Core:::10.2.0:
2023-10-31 13:18:57,961 [WARN] ModelIntegratedComponent:63 - No mode defined for component null
2023-10-31 13:18:57,961 [WARN] ModelIntegratedComponent:63 - No mode defined for component null
2023-10-31 13:18:57,962 [WARN] ModelIntegratedComponent:63 - No mode defined for component null
2023-10-31 13:18:57,962 [WARN] ModelIntegratedComponent:63 - No mode defined for component null
2023-10-31 13:18:57,962 [WARN] ModelIntegratedComponent:63 - No mode defined for component null
2023-10-31 13:18:57,962 [WARN] ModelIntegratedComponent:63 - No mode defined for component null
2023-10-31 13:18:57,962 [WARN] ModelIntegratedComponent:63 - No mode defined for component null
2023-10-31 13:18:57,963 [WARN] ModelIntegratedComponent:63 - No mode defined for component null
2023-10-31 13:18:57,963 [WARN] ModelIntegratedComponent:63 - No mode defined for component null
2023-10-31 13:18:57,963 [WARN] ModelIntegratedComponent:63 - No mode defined for component null
2023-10-31 13:18:57,963 [WARN] ModelIntegratedComponent:63 - No mode defined for component null
2023-10-31 13:18:57,963 [WARN] ModelIntegratedComponent:63 - No mode defined for component null
2023-10-31 13:18:57,963 [WARN] ModelIntegratedComponent:63 - No mode defined for component null
2023-10-31 13:18:57,963 [WARN] ModelIntegratedComponent:63 - No mode defined for component null
2023-10-31 13:18:57,964 [WARN] ModelIntegratedComponent:63 - No mode defined for component null
2023-10-31 13:18:57,964 [WARN] ModelIntegratedComponent:63 - No mode defined for component null
2023-10-31 13:18:57,964 [WARN] ModelIntegratedComponent:63 - No mode defined for component null
2023-10-31 13:18:57,964 [WARN] ModelIntegratedComponent:63 - No mode defined for component null
2023-10-31 13:18:57,964 [WARN] ModelIntegratedComponent:63 - No mode defined for component null
2023-10-31 13:18:57,964 [WARN] ModelIntegratedComponent:63 - No mode defined for component null
2023-10-31 13:18:57,965 [WARN] ModelIntegratedComponent:63 - No mode defined for component null
2023-10-31 13:18:57,965 [WARN] ModelIntegratedComponent:63 - No mode defined for component null
2023-10-31 13:18:57,965 [WARN] ModelIntegratedComponent:63 - No mode defined for component null
2023-10-31 13:18:57,965 [WARN] ModelIntegratedComponent:63 - No mode defined for component null
2023-10-31 13:18:57,965 [WARN] ModelIntegratedComponent:63 - No mode defined for component null
2023-10-31 13:18:57,965 [WARN] ModelIntegratedComponent:63 - No mode defined for component null
2023-10-31 13:18:57,965 [WARN] ModelIntegratedComponent:63 - No mode defined for component null
2023-10-31 13:18:57,965 [WARN] ModelIntegratedComponent:63 - No mode defined for component null
2023-10-31 13:18:57,965 [WARN] ModelIntegratedComponent:63 - No mode defined for component null
2023-10-31 13:18:57,966 [WARN] ModelIntegratedComponent:63 - No mode defined for component null
2023-10-31 13:18:57,966 [WARN] ModelIntegratedComponent:63 - No mode defined for component null
2023-10-31 13:18:57,966 [WARN] ModelIntegratedComponent:63 - No mode defined for component null
2023-10-31 13:18:57,966 [WARN] ModelIntegratedComponent:63 - No mode defined for component null
2023-10-31 13:18:58,301 [INFO] ThirdPartyModel:298 - Start build external matchings
2023-10-31 13:18:59,551 [INFO] ThirdPartyModel:316 - End build external matchings
2023-10-31 13:18:59,800 [INFO] UtilMem:75 - End LoadConfig() Used Memory: 517460176 Bytes (692060160)
2023-10-31 13:18:59,968 [INFO] ApiDb:581 - Connected to CubeFinder SQLite database (/Users/romanlobach/.stmcufinder/plugins/mcufinder/mcu/cube-finder-db.db)
2023-10-31 13:19:00,144 [INFO] ApiDb:668 - CubeFinder database Data Model version=2.1
2023-10-31 13:19:00,144 [INFO] ApiDb:669 - CubeFinder database Configuration version=3.0.37
2023-10-31 13:19:00,147 [INFO] ApiDb:670 - CubeFinder database generation date=2023-08-09 (1691586011)
2023-10-31 13:19:00,147 [INFO] ApiDb:671 - CubeFinder database FW Pack versions=[FP-ATR-ASTRA1_V2.0.0, FP-SNS-FLIGHT1_V5.0.1, FP-SNS-FLIGHT1_V5.0.2, FP-SNS-MOTENV1_V4.3.1, FP-SNS-MOTENV1_V4.3.2, STM32Cube_FW_C0_V1.1.0, STM32Cube_FW_F4_V1.27.1, STM32Cube_FW_F7_V1.17.0, STM32Cube_FW_G0_V1.6.1, STM32Cube_FW_G4_V1.5.1, STM32Cube_FW_H5_V0.5.1, STM32Cube_FW_H5_V1.1.0, STM32Cube_FW_H7_V1.11.0, STM32Cube_FW_L0_V1.12.2, STM32Cube_FW_L5_V1.5.0, STM32Cube_FW_U5_V1.3.0, STM32Cube_FW_U5_V1.3.0RC4, STM32Cube_FW_WBA_V1.0.0RC1, STM32Cube_FW_WBA_V1.1.0, STM32Cube_FW_WBA_V1.1.0RC1, STM32Cube_FW_WB_V1.15.0RC1, STM32Cube_FW_WB_V1.16.0, STM32Cube_FW_WB_V1.16.0RC2, STM32Cube_FW_WB_V1.17.0, STM32Cube_FW_WL_V1.3.0, X-CUBE-ALGOBUILD_V1.3.0, X-CUBE-ALS_V1.0.1, X-CUBE-AZRTOS-F4_V1.1.0, X-CUBE-AZRTOS-F7_V1.1.0, X-CUBE-AZRTOS-G0_V1.1.0, X-CUBE-AZRTOS-G4_V2.0.0, X-CUBE-AZRTOS-H7_V3.1.0, X-CUBE-AZRTOS-L4_V1.0.0, X-CUBE-AZRTOS-L4_V2.0.0, X-CUBE-AZRTOS-L5_V1.1.0, X-CUBE-AZRTOS-WB_V1.1.0, X-CUBE-AZRTOS-WL_V2.0.0, X-CUBE-BLE1_V7.0.0, X-CUBE-BLE2_V3.3.0, X-CUBE-BLEMGR_V2.0.0, X-CUBE-EEPRMA1_V4.1.0, X-CUBE-FREERTOS_V1.1.0, X-CUBE-GNSS1_V6.0.0, X-CUBE-MEMS1_V9.1.0, X-CUBE-MEMS1_V9.4.0, X-CUBE-MEMS1_V9.6.0, X-CUBE-NFC4_V3.0.0, X-CUBE-NFC7_V1.0.0, X-CUBE-SFXS2LP1_V4.0.0, X-CUBE-SUBG2_V5.0.0, X-CUBE-TOF1_V3.3.1]
2023-10-31 13:19:06,313 [INFO] ApiDb:240 - Found 323 in-development CPN: [B-G473E-ZEST1S, B-WB1M-WPAN1, B-WL5M-SUBG1, NUCLEO-C031C6, NUCLEO-H503RB, NUCLEO-H563ZI, NUCLEO-U545RE-Q, NUCLEO-U5A5ZJ-Q, NUCLEO-WBA52CG, STEVAL-PROTEUS1, STEVAL-SMARTAG2, STEVAL-STWINBX1, STM320518-EVAL, STM32C0116-DK, STM32C011D6Y3TR, STM32C011D6Y6TR, STM32C011F4P3, STM32C011F4P6, STM32C011F4U3, STM32C011F4U6TR, STM32C011F6P3, STM32C011F6P6, STM32C011F6U3, STM32C011F6U6TR, STM32C011J4M3, STM32C011J4M6, STM32C011J6M3, STM32C011J6M6, STM32C0316-DK, STM32C031C4T3, STM32C031C4T6, STM32C031C4U3, STM32C031C4U6, STM32C031C6T3, STM32C031C6T6, STM32C031C6U3, STM32C031C6U6, STM32C031F4P3, STM32C031F4P6, STM32C031F6P3, STM32C031F6P6, STM32C031G4U3, STM32C031G4U6, STM32C031G6U3, STM32C031G6U6, STM32C031K4T3, STM32C031K4T6, STM32C031K4U3, STM32C031K4U6, STM32C031K6T3, STM32C031K6T6, STM32C031K6U3, STM32C031K6U6, STM32G071K8TXN, STM32G071K8UXN, STM32G081GBU6N, STM32G081KBT6N, STM32G081KBUXN, STM32G0B1CCT6N, STM32G0B1KCT6, STM32G0B1NEY6TR, STM32G0B1RCT6N, STM32G0C1CCT6, STM32G0C1CCT6N, STM32G0C1CCU6N, STM32G0C1CET6N, STM32G0C1CEU6N, STM32G0C1KCT6, STM32G0C1NEY6TR, STM32G0C1RCI6N, STM32G0C1RCT6N, STM32G0C1REI6N, STM32G0C1RET6N, STM32G0C1VCI6, STM32G0C1VEI6, STM32G471CCT6, STM32G471CCU6, STM32G471CET3, STM32G471CET6, STM32G471CEU3, STM32G471CEU6, STM32G471MCT6, STM32G471MET3, STM32G471MET6, STM32G471MEY6TR, STM32G471QCT6, STM32G471QET3, STM32G471RCT6, STM32G471RET3, STM32G471RET6, STM32G471VCH6, STM32G471VCI6, STM32G471VCT6, STM32G471VEH3, STM32G471VEH6, STM32G471VEI3, STM32G471VEI6, STM32G471VET3, STM32G471VET6, STM32G474CCT6, STM32H503CBT6, STM32H503CBU6, STM32H503EBY6TR, STM32H503KBU6, STM32H503RBT6, STM32H562AGI6, STM32H562AII6, STM32H562IGK6, STM32H562IGT6, STM32H562IIK6, STM32H562IIT6, STM32H562RGT6, STM32H562RGV6, STM32H562RIT6, STM32H562RIV6, STM32H562VGT6, STM32H562VIT6, STM32H562ZGT6, STM32H562ZIT6, STM32H563AGI6, STM32H563AII3Q, STM32H563AII6, STM32H563IGK6, STM32H563IGT6, STM32H563IIK3Q, STM32H563IIK6, STM32H563IIT3Q, STM32H563IIT6, STM32H563MIY3QTR, STM32H563RGT6, STM32H563RGV6, STM32H563RIT6, STM32H563RIV6, STM32H563VGT6, STM32H563VIT3Q, STM32H563VIT6, STM32H563ZGT6, STM32H563ZIT3Q, STM32H563ZIT6, STM32H573AII3Q, STM32H573AII6, STM32H573I-DK, STM32H573IIK3Q, STM32H573IIK6, STM32H573IIT3Q, STM32H573IIT6, STM32H573MIY3QTR, STM32H573RIT6, STM32H573RIV6, STM32H573VIT3Q, STM32H573VIT6, STM32H573ZIT3Q, STM32H573ZIT6, STM32L4R5QGI6STR, STM32MP131AAE3, STM32MP131AAF3, STM32MP131AAG3, STM32MP131CAE3, STM32MP131CAF3, STM32MP131CAG3, STM32MP131DAE7, STM32MP131DAF7, STM32MP131DAG7, STM32MP131FAE7, STM32MP131FAF7, STM32MP131FAG7, STM32MP133AAE3, STM32MP133AAF3, STM32MP133AAG3, STM32MP133CAE3, STM32MP133CAF3, STM32MP133CAG3, STM32MP133DAE7, STM32MP133DAF7, STM32MP133DAG7, STM32MP133FAE7, STM32MP133FAF7, STM32MP133FAG7, STM32MP135AAE3, STM32MP135AAF3, STM32MP135AAG3, STM32MP135CAE3, STM32MP135CAF3, STM32MP135CAG3, STM32MP135DAE7, STM32MP135DAF7, STM32MP135DAG7, STM32MP135F-DK, STM32MP135FAE7, STM32MP135FAF7, STM32MP135FAF7T, STM32MP135FAF7U, STM32MP135FAG7, STM32U535CBT6, STM32U535CBT6Q, STM32U535CBU6, STM32U535CBU6Q, STM32U535CCT6, STM32U535CCT6Q, STM32U535CCU6, STM32U535CCU6Q, STM32U535CET6, STM32U535CET6Q, STM32U535CEU6, STM32U535CEU6Q, STM32U535JEY6QTR, STM32U535NCY6QTR, STM32U535NEY6QTR, STM32U535RBI6, STM32U535RBI6Q, STM32U535RBT6, STM32U535RBT6Q, STM32U535RCI6, STM32U535RCI6Q, STM32U535RCT6, STM32U535RCT6Q, STM32U535REI6, STM32U535REI6Q, STM32U535RET6, STM32U535RET6Q, STM32U535VCI6, STM32U535VCI6Q, STM32U535VCT6, STM32U535VCT6Q, STM32U535VEI6, STM32U535VEI6Q, STM32U535VET6, STM32U535VET6Q, STM32U545CET6, STM32U545CET6Q, STM32U545CEU6, STM32U545CEU6Q, STM32U545JEY6QTR, STM32U545NEY6QTR, STM32U545REI6, STM32U545REI6Q, STM32U545RET6, STM32U545RET6Q, STM32U545VEI6, STM32U545VEI6Q, STM32U545VET6, STM32U545VET6Q, STM32U595AIH6, STM32U595AIH6Q, STM32U595AJH6, STM32U595AJH6Q, STM32U595QII6, STM32U595QII6Q, STM32U595QJI6, STM32U595QJI6Q, STM32U595RIT6, STM32U595RIT6Q, STM32U595RJT6, STM32U595RJT6Q, STM32U595VIT6, STM32U595VIT6Q, STM32U595VJT6, STM32U595VJT6Q, STM32U595ZIT6, STM32U595ZIT6Q, STM32U595ZIY6QTR, STM32U595ZJT6, STM32U595ZJT6Q, STM32U595ZJY6QTR, STM32U599BJY6QTR, STM32U599NIH6Q, STM32U599NJH6Q, STM32U599VIT6Q, STM32U599VJT6, STM32U599VJT6Q, STM32U599ZIT6Q, STM32U599ZIY6QTR, STM32U599ZJT6Q, STM32U599ZJY6QTR, STM32U5A5AJH6, STM32U5A5AJH6Q, STM32U5A5QJI6, STM32U5A5QJI6Q, STM32U5A5RJT6, STM32U5A5RJT6Q, STM32U5A5VJT6, STM32U5A5VJT6Q, STM32U5A5ZJT6, STM32U5A5ZJT6Q, STM32U5A5ZJY6QTR, STM32U5A9BJY6QTR, STM32U5A9J-DK, STM32U5A9NJH6Q, STM32U5A9VJT6Q, STM32U5A9ZJT6Q, STM32U5A9ZJY6QTR, STM32U5F7VIT6, STM32U5F7VIT6Q, STM32U5F7VJT6, STM32U5F7VJT6Q, STM32U5F9BJY6QTR, STM32U5F9NJH6Q, STM32U5F9VIT6Q, STM32U5F9VJT6Q, STM32U5F9ZIJ6QTR, STM32U5F9ZIT6Q, STM32U5F9ZJJ6QTR, STM32U5F9ZJT6Q, STM32U5G7VJT6, STM32U5G7VJT6Q, STM32U5G9BJY6QTR, STM32U5G9J-DK1, STM32U5G9J-DK2, STM32U5G9NJH6Q, STM32U5G9VJT6Q, STM32U5G9ZJJ6QTR, STM32U5G9ZJT6Q, STM32WB1MMCH6, STM32WBA52CEU6, STM32WBA52CEU6T, STM32WBA52CGU6, STM32WBA52CGU6T, STM32WBA52KEU6, STM32WBA52KEU6T, STM32WBA52KGU6, STM32WBA52KGU6T, STM32WL5MOCH6, STM32WL5MOCH6TR]
2023-10-31 13:19:06,318 [INFO] DbMcus:217 - Found 3848 MCUs, 3848 are supported
2023-10-31 13:19:06,318 [INFO] ApiDb:414 - User favorites file not found: /Users/romanlobach/.stm32cubeide/favorites.mcus.txt
2023-10-31 13:19:06,318 [INFO] DbMcus:223 - Set 0 / 0 favorites MCUs
2023-10-31 13:19:07,217 [WARN] ThirdParty:833 - waiting for thirdparty lock release [change project]
2023-10-31 13:19:07,218 [INFO] ThirdParty:835 - entering critical section [change project]
2023-10-31 13:19:07,218 [INFO] ThirdParty:1030 - CMSIS Pack Vendor :STMicroelectronics X-CUBE-ISPU 1.1.0
2023-10-31 13:19:07,218 [INFO] ThirdParty:1030 - CMSIS Pack Vendor :STMicroelectronics USBPD 4.1
2023-10-31 13:19:07,218 [INFO] ThirdParty:1030 - CMSIS Pack Vendor :STMicroelectronics X-CUBE-GNSS1 6.0.0
2023-10-31 13:19:07,218 [INFO] ThirdParty:1030 - CMSIS Pack Vendor :STMicroelectronics USB_HOST 2.0.0
2023-10-31 13:19:07,218 [INFO] ThirdParty:1030 - CMSIS Pack Vendor :STMicroelectronics X-CUBE-AZRTOS-F4 1.1.0
2023-10-31 13:19:07,218 [INFO] ThirdParty:1030 - CMSIS Pack Vendor :STMicroelectronics LIBJPEG 8.0.0
2023-10-31 13:19:07,219 [INFO] ThirdParty:1030 - CMSIS Pack Vendor :wolfSSL I-CUBE-wolfSSL 5.6.3
2023-10-31 13:19:07,219 [INFO] ThirdParty:1030 - CMSIS Pack Vendor :STMicroelectronics X-CUBE-SMBUS 2.1.0
2023-10-31 13:19:07,219 [INFO] ThirdParty:1030 - CMSIS Pack Vendor :STMicroelectronics USB_DEVICE 3.0.0
2023-10-31 13:19:07,219 [INFO] ThirdParty:1030 - CMSIS Pack Vendor :STMicroelectronics X-CUBE-AZRTOS-WB 2.0.0
2023-10-31 13:19:07,219 [INFO] ThirdParty:1030 - CMSIS Pack Vendor :STMicroelectronics X-CUBE-AZRTOS-F7 1.1.0
2023-10-31 13:19:07,219 [INFO] ThirdParty:1030 - CMSIS Pack Vendor :STMicroelectronics X-CUBE-AZRTOS-L5 2.0.0
2023-10-31 13:19:07,219 [INFO] ThirdParty:1030 - CMSIS Pack Vendor :STMicroelectronics USB_DEVICE 2.0.0
2023-10-31 13:19:07,219 [INFO] ThirdParty:1030 - CMSIS Pack Vendor :STMicroelectronics X-CUBE-MEMS1 9.6.0
2023-10-31 13:19:07,219 [INFO] ThirdParty:1030 - CMSIS Pack Vendor :STMicroelectronics X-CUBE-EEPRMA1 4.2.0
2023-10-31 13:19:07,219 [INFO] ThirdParty:1030 - CMSIS Pack Vendor :ITTIA_DB I-CUBE-ITTIADB 8.8.0
2023-10-31 13:19:07,219 [INFO] ThirdParty:1030 - CMSIS Pack Vendor :STMicroelectronics FP-SNS-MOTENV1 4.3.2
2023-10-31 13:19:07,219 [INFO] ThirdParty:1030 - CMSIS Pack Vendor :STMicroelectronics X-CUBE-ALGOBUILD 1.3.0
2023-10-31 13:19:07,219 [INFO] ThirdParty:1030 - CMSIS Pack Vendor :STMicroelectronics FreeRTOS 0.0.1
2023-10-31 13:19:07,220 [INFO] ThirdParty:1030 - CMSIS Pack Vendor :STMicroelectronics X-CUBE-AZRTOS-G0 1.1.0
2023-10-31 13:19:07,220 [INFO] ThirdParty:1030 - CMSIS Pack Vendor :STMicroelectronics X-CUBE-BLEMGR 2.0.0
2023-10-31 13:19:07,220 [INFO] ThirdParty:1030 - CMSIS Pack Vendor :STMicroelectronics X-CUBE-NFC4 3.0.0
2023-10-31 13:19:07,220 [INFO] ThirdParty:1030 - CMSIS Pack Vendor :STMicroelectronics X-CUBE-SUBG2 5.0.0
2023-10-31 13:19:07,220 [INFO] ThirdParty:1030 - CMSIS Pack Vendor :STMicroelectronics STM32_WPAN 1.0.0
2023-10-31 13:19:07,220 [INFO] ThirdParty:1030 - CMSIS Pack Vendor :STMicroelectronics lwIP 2.0.3
2023-10-31 13:19:07,220 [INFO] ThirdParty:1030 - CMSIS Pack Vendor :STMicroelectronics FP-SNS-FLIGHT1 5.0.2
2023-10-31 13:19:07,220 [INFO] ThirdParty:1030 - CMSIS Pack Vendor :STMicroelectronics USB_HOST 1.0.0
2023-10-31 13:19:07,220 [INFO] ThirdParty:1030 - CMSIS Pack Vendor :STMicroelectronics X-CUBE-TOF1 3.3.1
2023-10-31 13:19:07,220 [INFO] ThirdParty:1030 - CMSIS Pack Vendor :STMicroelectronics X-CUBE-AZRTOS-G4 2.0.0
2023-10-31 13:19:07,220 [INFO] ThirdParty:1030 - CMSIS Pack Vendor :STMicroelectronics PDM2PCM 3.1.0
2023-10-31 13:19:07,220 [INFO] ThirdParty:1030 - CMSIS Pack Vendor :STMicroelectronics X-CUBE-AZRTOS-H7 3.1.0
2023-10-31 13:19:07,220 [INFO] ThirdParty:1030 - CMSIS Pack Vendor :Infineon AIROC-Wi-Fi-Bluetooth-STM32 1.5.1
2023-10-31 13:19:07,220 [INFO] ThirdParty:1030 - CMSIS Pack Vendor :STMicroelectronics PDM2PCM 3.3.0
2023-10-31 13:19:07,221 [INFO] ThirdParty:1030 - CMSIS Pack Vendor :STMicroelectronics X-CUBE-DISPLAY 3.0.0
2023-10-31 13:19:07,221 [INFO] ThirdParty:1030 - CMSIS Pack Vendor :STMicroelectronics X-CUBE-BLE1 7.0.0
2023-10-31 13:19:07,221 [INFO] ThirdParty:1030 - CMSIS Pack Vendor :STMicroelectronics FP-ATR-SIGFOX1 3.2.0
2023-10-31 13:19:07,221 [INFO] ThirdParty:1030 - CMSIS Pack Vendor :STMicroelectronics HAL Drivers 0.0.0
2023-10-31 13:19:07,221 [INFO] ThirdParty:1030 - CMSIS Pack Vendor :STMicroelectronics MBEDTLS 2.16.2
2023-10-31 13:19:07,221 [INFO] ThirdParty:1030 - CMSIS Pack Vendor :emotas I-CUBE-CANOPEN 1.3.0
2023-10-31 13:19:07,221 [INFO] ThirdParty:1030 - CMSIS Pack Vendor :STMicroelectronics X-CUBE-MEMS1 10.0.0
2023-10-31 13:19:07,221 [INFO] ThirdParty:1030 - CMSIS Pack Vendor :STMicroelectronics X-CUBE-FREERTOS 1.1.0
2023-10-31 13:19:07,221 [INFO] ThirdParty:1030 - CMSIS Pack Vendor :STMicroelectronics X-CUBE-TOUCHGFX 4.22.0
2023-10-31 13:19:07,221 [INFO] ThirdParty:1030 - CMSIS Pack Vendor :STMicroelectronics X-CUBE-NFC7 1.0.1
2023-10-31 13:19:07,221 [INFO] ThirdParty:1030 - CMSIS Pack Vendor :STMicroelectronics MBEDTLS 2.14.1
2023-10-31 13:19:07,221 [INFO] ThirdParty:1030 - CMSIS Pack Vendor :STMicroelectronics X-CUBE-TOUCHGFX 4.22.1
2023-10-31 13:19:07,221 [INFO] ThirdParty:1030 - CMSIS Pack Vendor :STMicroelectronics X-CUBE-NFC6 3.0.0
2023-10-31 13:19:07,222 [INFO] ThirdParty:1030 - CMSIS Pack Vendor :STMicroelectronics X-CUBE-EEPRMA1 4.1.0
2023-10-31 13:19:07,222 [INFO] ThirdParty:1030 - CMSIS Pack Vendor :portGmbH I-Cube-SoM-uGOAL 1.1.0
2023-10-31 13:19:07,222 [INFO] ThirdParty:1030 - CMSIS Pack Vendor :STMicroelectronics X-CUBE-ALS 1.0.1
2023-10-31 13:19:07,222 [INFO] ThirdParty:1030 - CMSIS Pack Vendor :STMicroelectronics ThreadX 1.0.0
2023-10-31 13:19:07,222 [INFO] ThirdParty:1030 - CMSIS Pack Vendor :STMicroelectronics FP-SNS-SMARTAG2 1.2.0
2023-10-31 13:19:07,222 [INFO] ThirdParty:1030 - CMSIS Pack Vendor :STMicroelectronics X-CUBE-AZRTOS-WL 2.0.0
2023-10-31 13:19:07,222 [INFO] ThirdParty:1030 - CMSIS Pack Vendor :SEGGER I-CUBE-embOS 1.3.1
2023-10-31 13:19:07,222 [INFO] ThirdParty:1030 - CMSIS Pack Vendor :STMicroelectronics USB_DEVICE 1.0.0
2023-10-31 13:19:07,222 [INFO] ThirdParty:1030 - CMSIS Pack Vendor :STMicroelectronics X-CUBE-AI 8.1.0
2023-10-31 13:19:07,222 [INFO] ThirdParty:1030 - CMSIS Pack Vendor :STMicroelectronics X-CUBE-AZRTOS-L4 2.0.0
2023-10-31 13:19:07,222 [INFO] ThirdParty:1030 - CMSIS Pack Vendor :STMicroelectronics ThreadX 0.0.2
2023-10-31 13:19:07,223 [INFO] ThirdParty:1030 - CMSIS Pack Vendor :WES I-CUBE-Cesium 1.3.0
2023-10-31 13:19:07,223 [INFO] ThirdParty:1030 - CMSIS Pack Vendor :STMicroelectronics FP-ATR-ASTRA1 2.0.0
2023-10-31 13:19:07,223 [INFO] ThirdParty:1030 - CMSIS Pack Vendor :STMicroelectronics lwIP 2.1.2
2023-10-31 13:19:07,223 [INFO] ThirdParty:1030 - CMSIS Pack Vendor :STMicroelectronics X-CUBE-SFXS2LP1 4.0.0
2023-10-31 13:19:07,223 [INFO] ThirdParty:1030 - CMSIS Pack Vendor :STMicroelectronics X-CUBE-BLE2 3.3.0
2023-10-31 13:19:07,224 [INFO] ThirdParty:1030 - CMSIS Pack Vendor :STMicroelectronics PDM2PCM 3.2.0
2023-10-31 13:19:07,224 [INFO] ThirdParty:841 - exiting critical section [change project]
2023-10-31 13:19:07,830 [INFO] PinOutPanel:1499 - setPackage(No Configuration,No Configuration)
2023-10-31 13:19:07,832 [INFO] PinOutPanel:1499 - setPackage(STM32F303K8Tx,LQFP32)
2023-10-31 13:19:10,794 [INFO] UtilMem:75 - Before build in PCC Used Memory: 560283056 Bytes (692060160)
2023-10-31 13:19:11,920 [INFO] UtilMem:75 - After build in PCC Used Memory: 309678512 Bytes (692060160)
2023-10-31 13:19:11,974 [INFO] IPUIPlugin:80 - create IPUIPlugin
2023-10-31 13:19:11,975 [INFO] IPUIPlugin:80 - create IPUIPlugin
2023-10-31 13:19:11,975 [INFO] IPUIPlugin:80 - create IPUIPlugin
2023-10-31 13:19:11,976 [INFO] IPUIPlugin:80 - create IPUIPlugin
2023-10-31 13:19:11,976 [INFO] IPUIPlugin:80 - create IPUIPlugin
2023-10-31 13:19:11,977 [INFO] IPUIPlugin:80 - create IPUIPlugin
2023-10-31 13:19:11,977 [INFO] IPUIPlugin:80 - create IPUIPlugin
2023-10-31 13:19:11,977 [INFO] IPUIPlugin:80 - create IPUIPlugin
2023-10-31 13:19:11,978 [INFO] IPUIPlugin:80 - create IPUIPlugin
2023-10-31 13:19:11,978 [INFO] IPUIPlugin:80 - create IPUIPlugin
2023-10-31 13:19:11,978 [INFO] IPUIPlugin:80 - create IPUIPlugin
2023-10-31 13:19:11,978 [INFO] IPUIPlugin:80 - create IPUIPlugin
2023-10-31 13:19:11,979 [INFO] IPUIPlugin:80 - create IPUIPlugin
2023-10-31 13:19:11,979 [INFO] IPUIPlugin:80 - create IPUIPlugin
2023-10-31 13:19:11,979 [INFO] IPUIPlugin:80 - create IPUIPlugin
2023-10-31 13:19:11,979 [INFO] IPUIPlugin:80 - create IPUIPlugin
2023-10-31 13:19:11,980 [INFO] IPUIPlugin:80 - create IPUIPlugin
2023-10-31 13:19:11,980 [INFO] IPUIPlugin:80 - create IPUIPlugin
2023-10-31 13:19:11,981 [INFO] IPUIPlugin:80 - create IPUIPlugin
2023-10-31 13:19:11,981 [INFO] IPUIPlugin:80 - create IPUIPlugin
2023-10-31 13:19:11,982 [INFO] IPUIPlugin:80 - create IPUIPlugin
2023-10-31 13:19:11,982 [INFO] IPUIPlugin:80 - create IPUIPlugin
2023-10-31 13:19:11,982 [INFO] IPUIPlugin:80 - create IPUIPlugin
2023-10-31 13:19:11,983 [INFO] IPUIPlugin:80 - create IPUIPlugin
2023-10-31 13:19:11,983 [INFO] IPUIPlugin:80 - create IPUIPlugin
2023-10-31 13:19:11,983 [INFO] IPUIPlugin:80 - create IPUIPlugin
2023-10-31 13:19:11,984 [INFO] IPUIPlugin:80 - create IPUIPlugin
2023-10-31 13:19:11,984 [INFO] IPUIPlugin:80 - create IPUIPlugin
2023-10-31 13:19:11,984 [INFO] IPUIPlugin:80 - create IPUIPlugin
2023-10-31 13:19:11,985 [INFO] IPUIPlugin:80 - create IPUIPlugin
2023-10-31 13:19:11,985 [INFO] IPUIPlugin:80 - create IPUIPlugin
2023-10-31 13:19:11,986 [INFO] IPUIPlugin:80 - create IPUIPlugin
2023-10-31 13:19:11,987 [INFO] IPUIPlugin:80 - create IPUIPlugin
2023-10-31 13:19:11,988 [INFO] IPUIPlugin:80 - create IPUIPlugin
2023-10-31 13:19:12,257 [INFO] CADModel:165 - CPN selected for project levelSTM32F303K8T6
2023-10-31 13:19:12,257 [INFO] CADModel:114 - Register for checkConnection events
2023-10-31 13:19:12,301 [INFO] OpenFileManager:328 - Restore cursor
2023-10-31 13:19:24,340 [INFO] UtilMem:75 - End SaveConfig() Used Memory: 221498240 Bytes (692060160)
2023-10-31 13:19:25,202 [INFO] BlockDiagram:2759 - set Specific Code input for plugin: NVIC
2023-10-31 13:19:25,202 [INFO] BlockDiagram:2759 - set Specific Code input for plugin: SYS
2023-10-31 13:19:25,202 [INFO] BlockDiagram:2759 - set Specific Code input for plugin: GPIO
2023-10-31 13:19:25,202 [INFO] BlockDiagram:2759 - set Specific Code input for plugin: RCC
2023-10-31 13:19:25,203 [INFO] CodeGenerator:799 - code generatio: config db path: /Applications/STMicroelectronics/STM32CubeIDE.app/Contents/Eclipse/plugins/com.st.stm32cube.common.mx_6.9.2.202309101412//db/
2023-10-31 13:19:25,718 [INFO] CodeEngine:255 - oldGeneratedFile, /Users/romanlobach/Documents/stm32/F303_reg/MXTmpFiles/license.tmp_save
2023-10-31 13:19:26,556 [INFO] CodeEngine:279 - Generated code: /Users/romanlobach/Documents/stm32/F303_reg/MXTmpFiles/license.tmp
2023-10-31 13:19:26,726 [INFO] CodeEngine:255 - oldGeneratedFile, /Users/romanlobach/Documents/stm32/F303_reg/MXTmpFiles/gpio.tmp_save
2023-10-31 13:19:26,919 [INFO] CodeEngine:279 - Generated code: /Users/romanlobach/Documents/stm32/F303_reg/MXTmpFiles/gpio.tmp
2023-10-31 13:19:26,957 [INFO] CodeEngine:255 - oldGeneratedFile, /Users/romanlobach/Documents/stm32/F303_reg/Core/Src/stm32f3xx_it.c_save
2023-10-31 13:19:27,145 [INFO] CodeEngine:279 - Generated code: /Users/romanlobach/Documents/stm32/F303_reg/Core/Src/stm32f3xx_it.c
2023-10-31 13:19:27,150 [INFO] CodeEngine:255 - oldGeneratedFile, /Users/romanlobach/Documents/stm32/F303_reg/Core/Inc/stm32f3xx_it.h_save
2023-10-31 13:19:27,259 [INFO] CodeEngine:279 - Generated code: /Users/romanlobach/Documents/stm32/F303_reg/Core/Inc/stm32f3xx_it.h
2023-10-31 13:19:27,276 [INFO] CodeEngine:255 - oldGeneratedFile, /Users/romanlobach/Documents/stm32/F303_reg/Core/Src/stm32f3xx_hal_msp.c_save
2023-10-31 13:19:27,456 [INFO] CodeEngine:279 - Generated code: /Users/romanlobach/Documents/stm32/F303_reg/Core/Src/stm32f3xx_hal_msp.c
2023-10-31 13:19:27,460 [INFO] CodeEngine:255 - oldGeneratedFile, /Users/romanlobach/Documents/stm32/F303_reg/MXTmpFiles/system.tmp_save
2023-10-31 13:19:27,569 [INFO] CodeEngine:279 - Generated code: /Users/romanlobach/Documents/stm32/F303_reg/MXTmpFiles/system.tmp
2023-10-31 13:19:27,577 [INFO] CodeEngine:311 - oldGeneratedFile, /Users/romanlobach/Documents/stm32/F303_reg/Core/Inc/stm32f3xx_hal_conf.h_save
2023-10-31 13:19:27,729 [INFO] CodeEngine:335 - Generated code: /Users/romanlobach/Documents/stm32/F303_reg/Core/Inc/stm32f3xx_hal_conf.h
2023-10-31 13:19:27,845 [INFO] CodeEngine:255 - oldGeneratedFile, /Users/romanlobach/Documents/stm32/F303_reg/Core/Inc/main.h_save
2023-10-31 13:19:28,081 [INFO] CodeEngine:279 - Generated code: /Users/romanlobach/Documents/stm32/F303_reg/Core/Inc/main.h
2023-10-31 13:19:28,088 [INFO] CodeEngine:255 - oldGeneratedFile, /Users/romanlobach/Documents/stm32/F303_reg/Core/Src/main.c_save
2023-10-31 13:19:28,436 [INFO] CodeEngine:279 - Generated code: /Users/romanlobach/Documents/stm32/F303_reg/Core/Src/main.c
2023-10-31 13:19:29,852 [INFO] ProjectBuilder:3064 - Time for Copy HAL[1] : 411mS.
2023-10-31 13:19:29,865 [INFO] ProjectBuilder:4404 - Project Generator version: 4.1.0
2023-10-31 13:19:30,610 [INFO] ConfigFileManager:1457 - The Die is : DIE438
2023-10-31 13:19:30,659 [INFO] ApiDbMcu:507 - Load IP Config File for FATFS
2023-10-31 13:19:30,828 [INFO] ApiDbMcu:507 - Load IP Config File for FREERTOS
2023-10-31 13:19:31,592 [INFO] ApiDbMcu:507 - Load IP Config File for TOUCHSENSING
2023-10-31 13:19:34,058 [INFO] LogOutputStream:77 - [STDOUT_REDIRECT] 
2023-10-31 13:19:35,982 [INFO] ProjectBuilder:4626 - Time for Generating toolchain IDE Files: 6116mS.
2023-10-31 13:19:35,984 [INFO] ProjectBuilder:2935 - Time for Copy CMSIS : 1mS.
2023-10-31 13:19:35,986 [INFO] ProjectBuilder:2935 - Time for Copy CMSIS : 0mS.
2023-10-31 16:18:37,914 [INFO] MainUpdater:2868 - connection check result : 10
2023-10-31 16:18:37,916 [INFO] MainUpdater:2868 - connection check result : 10
2023-10-31 16:18:38,374 [INFO] MicroXplorer:468 - Change Database Path : 
2023-10-31 16:18:38,375 [INFO] MicroXplorer:498 - Change Database Version : DB.6.0.92
2023-10-31 16:18:38,439 [WARN] ThirdParty:871 - waiting for thirdparty lock release [close project]
2023-10-31 16:18:38,440 [INFO] ThirdParty:873 - entering critical section [close project]
2023-10-31 16:18:38,440 [INFO] ThirdParty:883 - exiting critical section [close project]
2023-10-31 16:18:38,443 [INFO] PinOutPanel:1499 - setPackage(No Configuration,No Configuration)
2023-10-31 16:18:38,462 [INFO] UtilMem:75 - Begin LoadConfig() Used Memory: 596345544 Bytes (738197504)
2023-10-31 16:18:38,463 [INFO] MicroXplorer:468 - Change Database Path : 
2023-10-31 16:18:38,463 [INFO] MicroXplorer:498 - Change Database Version : DB.6.0.92
2023-10-31 16:18:38,464 [INFO] OpenFileManager:308 - Change cursor
2023-10-31 16:18:38,500 [INFO] RulesReader:64 - Compatibility file has been processed (293 Rules)
2023-10-31 16:18:38,509 [INFO] Mcu:1946 - Initializing MCU STM32F303K(6-8)Tx STM32F303K8Tx STM32F303K8T6
2023-10-31 16:18:39,913 [INFO] Context:659 - Trying to add GPIOservice into a context  which must be forbidden
2023-10-31 16:18:40,583 [INFO] RtosManager:555 - Registered RTOS mode: class=CMSIS, group=RTOS, mode=CMSIS_V1, owner=FREERTOS
2023-10-31 16:18:40,583 [INFO] RtosManager:555 - Registered RTOS mode: class=CMSIS, group=RTOS2, mode=CMSIS_V2, owner=FREERTOS
2023-10-31 16:18:40,583 [INFO] RtosManager:555 - Registered RTOS mode: class=RTOS, group=Core, mode=CMSIS_V1, owner=FREERTOS
2023-10-31 16:18:40,583 [INFO] RtosManager:555 - Registered RTOS mode: class=RTOS, group=Core, mode=CMSIS_V2, owner=FREERTOS
2023-10-31 16:18:40,583 [WARN] ModelIntegratedComponent:184 - Missing modes for component STMicroelectronics:FreeRTOS:0.0.1:STMicroelectronics:RTOS:FreeRTOS:Core:::10.2.0:
2023-10-31 16:18:40,595 [WARN] ModelIntegratedComponent:63 - No mode defined for component null
2023-10-31 16:18:40,595 [WARN] ModelIntegratedComponent:63 - No mode defined for component null
2023-10-31 16:18:40,595 [WARN] ModelIntegratedComponent:63 - No mode defined for component null
2023-10-31 16:18:40,595 [WARN] ModelIntegratedComponent:63 - No mode defined for component null
2023-10-31 16:18:40,595 [WARN] ModelIntegratedComponent:63 - No mode defined for component null
2023-10-31 16:18:40,595 [WARN] ModelIntegratedComponent:63 - No mode defined for component null
2023-10-31 16:18:40,595 [WARN] ModelIntegratedComponent:63 - No mode defined for component null
2023-10-31 16:18:40,595 [WARN] ModelIntegratedComponent:63 - No mode defined for component null
2023-10-31 16:18:40,596 [WARN] ModelIntegratedComponent:63 - No mode defined for component null
2023-10-31 16:18:40,596 [WARN] ModelIntegratedComponent:63 - No mode defined for component null
2023-10-31 16:18:40,596 [WARN] ModelIntegratedComponent:63 - No mode defined for component null
2023-10-31 16:18:40,596 [WARN] ModelIntegratedComponent:63 - No mode defined for component null
2023-10-31 16:18:40,596 [WARN] ModelIntegratedComponent:63 - No mode defined for component null
2023-10-31 16:18:40,596 [WARN] ModelIntegratedComponent:63 - No mode defined for component null
2023-10-31 16:18:40,596 [WARN] ModelIntegratedComponent:63 - No mode defined for component null
2023-10-31 16:18:40,596 [WARN] ModelIntegratedComponent:63 - No mode defined for component null
2023-10-31 16:18:40,596 [WARN] ModelIntegratedComponent:63 - No mode defined for component null
2023-10-31 16:18:40,596 [WARN] ModelIntegratedComponent:63 - No mode defined for component null
2023-10-31 16:18:40,596 [WARN] ModelIntegratedComponent:63 - No mode defined for component null
2023-10-31 16:18:40,596 [WARN] ModelIntegratedComponent:63 - No mode defined for component null
2023-10-31 16:18:40,597 [WARN] ModelIntegratedComponent:63 - No mode defined for component null
2023-10-31 16:18:40,597 [WARN] ModelIntegratedComponent:63 - No mode defined for component null
2023-10-31 16:18:40,597 [WARN] ModelIntegratedComponent:63 - No mode defined for component null
2023-10-31 16:18:40,597 [WARN] ModelIntegratedComponent:63 - No mode defined for component null
2023-10-31 16:18:40,597 [WARN] ModelIntegratedComponent:63 - No mode defined for component null
2023-10-31 16:18:40,597 [WARN] ModelIntegratedComponent:63 - No mode defined for component null
2023-10-31 16:18:40,597 [WARN] ModelIntegratedComponent:63 - No mode defined for component null
2023-10-31 16:18:40,597 [WARN] ModelIntegratedComponent:63 - No mode defined for component null
2023-10-31 16:18:40,597 [WARN] ModelIntegratedComponent:63 - No mode defined for component null
2023-10-31 16:18:40,597 [WARN] ModelIntegratedComponent:63 - No mode defined for component null
2023-10-31 16:18:40,598 [WARN] ModelIntegratedComponent:63 - No mode defined for component null
2023-10-31 16:18:40,599 [WARN] ModelIntegratedComponent:63 - No mode defined for component null
2023-10-31 16:18:40,599 [WARN] ModelIntegratedComponent:63 - No mode defined for component null
2023-10-31 16:18:40,732 [INFO] ThirdPartyModel:298 - Start build external matchings
2023-10-31 16:18:41,671 [INFO] ThirdPartyModel:316 - End build external matchings
2023-10-31 16:18:41,894 [INFO] UtilMem:75 - End LoadConfig() Used Memory: 604538320 Bytes (869269504)
2023-10-31 16:18:41,936 [WARN] ThirdParty:833 - waiting for thirdparty lock release [change project]
2023-10-31 16:18:41,936 [INFO] ThirdParty:835 - entering critical section [change project]
2023-10-31 16:18:41,937 [INFO] ThirdParty:1030 - CMSIS Pack Vendor :STMicroelectronics X-CUBE-ISPU 1.1.0
2023-10-31 16:18:41,937 [INFO] ThirdParty:1030 - CMSIS Pack Vendor :STMicroelectronics USBPD 4.1
2023-10-31 16:18:41,937 [INFO] ThirdParty:1030 - CMSIS Pack Vendor :STMicroelectronics X-CUBE-GNSS1 6.0.0
2023-10-31 16:18:41,937 [INFO] ThirdParty:1030 - CMSIS Pack Vendor :STMicroelectronics USB_HOST 2.0.0
2023-10-31 16:18:41,937 [INFO] ThirdParty:1030 - CMSIS Pack Vendor :STMicroelectronics X-CUBE-AZRTOS-F4 1.1.0
2023-10-31 16:18:41,937 [INFO] ThirdParty:1030 - CMSIS Pack Vendor :STMicroelectronics LIBJPEG 8.0.0
2023-10-31 16:18:41,937 [INFO] ThirdParty:1030 - CMSIS Pack Vendor :wolfSSL I-CUBE-wolfSSL 5.6.3
2023-10-31 16:18:41,938 [INFO] ThirdParty:1030 - CMSIS Pack Vendor :STMicroelectronics X-CUBE-SMBUS 2.1.0
2023-10-31 16:18:41,938 [INFO] ThirdParty:1030 - CMSIS Pack Vendor :STMicroelectronics USB_DEVICE 3.0.0
2023-10-31 16:18:41,938 [INFO] ThirdParty:1030 - CMSIS Pack Vendor :STMicroelectronics X-CUBE-AZRTOS-WB 2.0.0
2023-10-31 16:18:41,938 [INFO] ThirdParty:1030 - CMSIS Pack Vendor :STMicroelectronics X-CUBE-AZRTOS-F7 1.1.0
2023-10-31 16:18:41,938 [INFO] ThirdParty:1030 - CMSIS Pack Vendor :STMicroelectronics X-CUBE-AZRTOS-L5 2.0.0
2023-10-31 16:18:41,938 [INFO] ThirdParty:1030 - CMSIS Pack Vendor :STMicroelectronics USB_DEVICE 2.0.0
2023-10-31 16:18:41,938 [INFO] ThirdParty:1030 - CMSIS Pack Vendor :STMicroelectronics X-CUBE-MEMS1 9.6.0
2023-10-31 16:18:41,939 [INFO] ThirdParty:1030 - CMSIS Pack Vendor :STMicroelectronics X-CUBE-EEPRMA1 4.2.0
2023-10-31 16:18:41,939 [INFO] ThirdParty:1030 - CMSIS Pack Vendor :ITTIA_DB I-CUBE-ITTIADB 8.8.0
2023-10-31 16:18:41,939 [INFO] ThirdParty:1030 - CMSIS Pack Vendor :STMicroelectronics FP-SNS-MOTENV1 4.3.2
2023-10-31 16:18:41,939 [INFO] ThirdParty:1030 - CMSIS Pack Vendor :STMicroelectronics X-CUBE-ALGOBUILD 1.3.0
2023-10-31 16:18:41,939 [INFO] ThirdParty:1030 - CMSIS Pack Vendor :STMicroelectronics FreeRTOS 0.0.1
2023-10-31 16:18:41,939 [INFO] ThirdParty:1030 - CMSIS Pack Vendor :STMicroelectronics X-CUBE-AZRTOS-G0 1.1.0
2023-10-31 16:18:41,939 [INFO] ThirdParty:1030 - CMSIS Pack Vendor :STMicroelectronics X-CUBE-BLEMGR 2.0.0
2023-10-31 16:18:41,939 [INFO] ThirdParty:1030 - CMSIS Pack Vendor :STMicroelectronics X-CUBE-NFC4 3.0.0
2023-10-31 16:18:41,940 [INFO] ThirdParty:1030 - CMSIS Pack Vendor :STMicroelectronics X-CUBE-SUBG2 5.0.0
2023-10-31 16:18:41,940 [INFO] ThirdParty:1030 - CMSIS Pack Vendor :STMicroelectronics STM32_WPAN 1.0.0
2023-10-31 16:18:41,940 [INFO] ThirdParty:1030 - CMSIS Pack Vendor :STMicroelectronics lwIP 2.0.3
2023-10-31 16:18:41,940 [INFO] ThirdParty:1030 - CMSIS Pack Vendor :STMicroelectronics FP-SNS-FLIGHT1 5.0.2
2023-10-31 16:18:41,940 [INFO] ThirdParty:1030 - CMSIS Pack Vendor :STMicroelectronics USB_HOST 1.0.0
2023-10-31 16:18:41,940 [INFO] ThirdParty:1030 - CMSIS Pack Vendor :STMicroelectronics X-CUBE-TOF1 3.3.1
2023-10-31 16:18:41,940 [INFO] ThirdParty:1030 - CMSIS Pack Vendor :STMicroelectronics X-CUBE-AZRTOS-G4 2.0.0
2023-10-31 16:18:41,940 [INFO] ThirdParty:1030 - CMSIS Pack Vendor :STMicroelectronics PDM2PCM 3.1.0
2023-10-31 16:18:41,941 [INFO] ThirdParty:1030 - CMSIS Pack Vendor :STMicroelectronics X-CUBE-AZRTOS-H7 3.1.0
2023-10-31 16:18:41,941 [INFO] ThirdParty:1030 - CMSIS Pack Vendor :Infineon AIROC-Wi-Fi-Bluetooth-STM32 1.5.1
2023-10-31 16:18:41,941 [INFO] ThirdParty:1030 - CMSIS Pack Vendor :STMicroelectronics PDM2PCM 3.3.0
2023-10-31 16:18:41,941 [INFO] ThirdParty:1030 - CMSIS Pack Vendor :STMicroelectronics X-CUBE-DISPLAY 3.0.0
2023-10-31 16:18:41,941 [INFO] ThirdParty:1030 - CMSIS Pack Vendor :STMicroelectronics X-CUBE-BLE1 7.0.0
2023-10-31 16:18:41,941 [INFO] ThirdParty:1030 - CMSIS Pack Vendor :STMicroelectronics FP-ATR-SIGFOX1 3.2.0
2023-10-31 16:18:41,941 [INFO] ThirdParty:1030 - CMSIS Pack Vendor :STMicroelectronics HAL Drivers 0.0.0
2023-10-31 16:18:41,941 [INFO] ThirdParty:1030 - CMSIS Pack Vendor :STMicroelectronics MBEDTLS 2.16.2
2023-10-31 16:18:41,942 [INFO] ThirdParty:1030 - CMSIS Pack Vendor :emotas I-CUBE-CANOPEN 1.3.0
2023-10-31 16:18:41,942 [INFO] ThirdParty:1030 - CMSIS Pack Vendor :STMicroelectronics X-CUBE-MEMS1 10.0.0
2023-10-31 16:18:41,942 [INFO] ThirdParty:1030 - CMSIS Pack Vendor :STMicroelectronics X-CUBE-FREERTOS 1.1.0
2023-10-31 16:18:41,942 [INFO] ThirdParty:1030 - CMSIS Pack Vendor :STMicroelectronics X-CUBE-TOUCHGFX 4.22.0
2023-10-31 16:18:41,942 [INFO] ThirdParty:1030 - CMSIS Pack Vendor :STMicroelectronics X-CUBE-NFC7 1.0.1
2023-10-31 16:18:41,942 [INFO] ThirdParty:1030 - CMSIS Pack Vendor :STMicroelectronics MBEDTLS 2.14.1
2023-10-31 16:18:41,942 [INFO] ThirdParty:1030 - CMSIS Pack Vendor :STMicroelectronics X-CUBE-TOUCHGFX 4.22.1
2023-10-31 16:18:41,942 [INFO] ThirdParty:1030 - CMSIS Pack Vendor :STMicroelectronics X-CUBE-NFC6 3.0.0
2023-10-31 16:18:41,942 [INFO] ThirdParty:1030 - CMSIS Pack Vendor :STMicroelectronics X-CUBE-EEPRMA1 4.1.0
2023-10-31 16:18:41,942 [INFO] ThirdParty:1030 - CMSIS Pack Vendor :portGmbH I-Cube-SoM-uGOAL 1.1.0
2023-10-31 16:18:41,943 [INFO] ThirdParty:1030 - CMSIS Pack Vendor :STMicroelectronics X-CUBE-ALS 1.0.1
2023-10-31 16:18:41,943 [INFO] ThirdParty:1030 - CMSIS Pack Vendor :STMicroelectronics ThreadX 1.0.0
2023-10-31 16:18:41,943 [INFO] ThirdParty:1030 - CMSIS Pack Vendor :STMicroelectronics FP-SNS-SMARTAG2 1.2.0
2023-10-31 16:18:41,943 [INFO] ThirdParty:1030 - CMSIS Pack Vendor :STMicroelectronics X-CUBE-AZRTOS-WL 2.0.0
2023-10-31 16:18:41,943 [INFO] ThirdParty:1030 - CMSIS Pack Vendor :SEGGER I-CUBE-embOS 1.3.1
2023-10-31 16:18:41,943 [INFO] ThirdParty:1030 - CMSIS Pack Vendor :STMicroelectronics USB_DEVICE 1.0.0
2023-10-31 16:18:41,943 [INFO] ThirdParty:1030 - CMSIS Pack Vendor :STMicroelectronics X-CUBE-AI 8.1.0
2023-10-31 16:18:41,943 [INFO] ThirdParty:1030 - CMSIS Pack Vendor :STMicroelectronics X-CUBE-AZRTOS-L4 2.0.0
2023-10-31 16:18:41,943 [INFO] ThirdParty:1030 - CMSIS Pack Vendor :STMicroelectronics ThreadX 0.0.2
2023-10-31 16:18:41,943 [INFO] ThirdParty:1030 - CMSIS Pack Vendor :WES I-CUBE-Cesium 1.3.0
2023-10-31 16:18:41,943 [INFO] ThirdParty:1030 - CMSIS Pack Vendor :STMicroelectronics FP-ATR-ASTRA1 2.0.0
2023-10-31 16:18:41,944 [INFO] ThirdParty:1030 - CMSIS Pack Vendor :STMicroelectronics lwIP 2.1.2
2023-10-31 16:18:41,944 [INFO] ThirdParty:1030 - CMSIS Pack Vendor :STMicroelectronics X-CUBE-SFXS2LP1 4.0.0
2023-10-31 16:18:41,944 [INFO] ThirdParty:1030 - CMSIS Pack Vendor :STMicroelectronics X-CUBE-BLE2 3.3.0
2023-10-31 16:18:41,944 [INFO] ThirdParty:1030 - CMSIS Pack Vendor :STMicroelectronics PDM2PCM 3.2.0
2023-10-31 16:18:41,944 [INFO] ThirdParty:841 - exiting critical section [change project]
2023-10-31 16:18:42,227 [INFO] PinOutPanel:1499 - setPackage(No Configuration,No Configuration)
2023-10-31 16:18:42,228 [INFO] PinOutPanel:1499 - setPackage(STM32F303K8Tx,LQFP32)
2023-10-31 16:18:43,568 [INFO] UtilMem:75 - Before build in PCC Used Memory: 759006192 Bytes (869269504)
2023-10-31 16:18:43,955 [INFO] UtilMem:75 - After build in PCC Used Memory: 262695168 Bytes (869269504)
2023-10-31 16:18:43,984 [INFO] IPUIPlugin:80 - create IPUIPlugin
2023-10-31 16:18:43,984 [INFO] IPUIPlugin:80 - create IPUIPlugin
2023-10-31 16:18:43,985 [INFO] IPUIPlugin:80 - create IPUIPlugin
2023-10-31 16:18:43,985 [INFO] IPUIPlugin:80 - create IPUIPlugin
2023-10-31 16:18:43,986 [INFO] IPUIPlugin:80 - create IPUIPlugin
2023-10-31 16:18:43,986 [INFO] IPUIPlugin:80 - create IPUIPlugin
2023-10-31 16:18:43,986 [INFO] IPUIPlugin:80 - create IPUIPlugin
2023-10-31 16:18:43,986 [INFO] IPUIPlugin:80 - create IPUIPlugin
2023-10-31 16:18:43,986 [INFO] IPUIPlugin:80 - create IPUIPlugin
2023-10-31 16:18:43,987 [INFO] IPUIPlugin:80 - create IPUIPlugin
2023-10-31 16:18:43,987 [INFO] IPUIPlugin:80 - create IPUIPlugin
2023-10-31 16:18:43,987 [INFO] IPUIPlugin:80 - create IPUIPlugin
2023-10-31 16:18:43,987 [INFO] IPUIPlugin:80 - create IPUIPlugin
2023-10-31 16:18:43,987 [INFO] IPUIPlugin:80 - create IPUIPlugin
2023-10-31 16:18:43,987 [INFO] IPUIPlugin:80 - create IPUIPlugin
2023-10-31 16:18:43,988 [INFO] IPUIPlugin:80 - create IPUIPlugin
2023-10-31 16:18:43,988 [INFO] IPUIPlugin:80 - create IPUIPlugin
2023-10-31 16:18:43,988 [INFO] IPUIPlugin:80 - create IPUIPlugin
2023-10-31 16:18:43,988 [INFO] IPUIPlugin:80 - create IPUIPlugin
2023-10-31 16:18:43,988 [INFO] IPUIPlugin:80 - create IPUIPlugin
2023-10-31 16:18:43,989 [INFO] IPUIPlugin:80 - create IPUIPlugin
2023-10-31 16:18:43,989 [INFO] IPUIPlugin:80 - create IPUIPlugin
2023-10-31 16:18:43,989 [INFO] IPUIPlugin:80 - create IPUIPlugin
2023-10-31 16:18:43,989 [INFO] IPUIPlugin:80 - create IPUIPlugin
2023-10-31 16:18:43,989 [INFO] IPUIPlugin:80 - create IPUIPlugin
2023-10-31 16:18:43,989 [INFO] IPUIPlugin:80 - create IPUIPlugin
2023-10-31 16:18:43,989 [INFO] IPUIPlugin:80 - create IPUIPlugin
2023-10-31 16:18:43,989 [INFO] IPUIPlugin:80 - create IPUIPlugin
2023-10-31 16:18:43,990 [INFO] IPUIPlugin:80 - create IPUIPlugin
2023-10-31 16:18:43,990 [INFO] IPUIPlugin:80 - create IPUIPlugin
2023-10-31 16:18:43,990 [INFO] IPUIPlugin:80 - create IPUIPlugin
2023-10-31 16:18:43,990 [INFO] IPUIPlugin:80 - create IPUIPlugin
2023-10-31 16:18:43,991 [INFO] IPUIPlugin:80 - create IPUIPlugin
2023-10-31 16:18:43,992 [INFO] IPUIPlugin:80 - create IPUIPlugin
2023-10-31 16:18:44,022 [INFO] CADModel:165 - CPN selected for project levelSTM32F303K8T6
2023-10-31 16:18:44,022 [INFO] CADModel:114 - Register for checkConnection events
2023-10-31 16:18:44,064 [INFO] OpenFileManager:328 - Restore cursor
2023-10-31 16:18:50,585 [INFO] UtilMem:75 - End SaveConfig() Used Memory: 365180864 Bytes (869269504)
2023-10-31 16:18:51,049 [INFO] BlockDiagram:2759 - set Specific Code input for plugin: NVIC
2023-10-31 16:18:51,049 [INFO] BlockDiagram:2759 - set Specific Code input for plugin: SYS
2023-10-31 16:18:51,050 [INFO] BlockDiagram:2759 - set Specific Code input for plugin: GPIO
2023-10-31 16:18:51,050 [INFO] BlockDiagram:2759 - set Specific Code input for plugin: RCC
2023-10-31 16:18:51,051 [INFO] CodeGenerator:799 - code generatio: config db path: /Applications/STMicroelectronics/STM32CubeIDE.app/Contents/Eclipse/plugins/com.st.stm32cube.common.mx_6.9.2.202309101412//db/
2023-10-31 16:18:51,519 [INFO] CodeEngine:255 - oldGeneratedFile, /Users/romanlobach/Documents/stm32/F303_reg/MXTmpFiles/license.tmp_save
2023-10-31 16:18:51,766 [INFO] CodeEngine:279 - Generated code: /Users/romanlobach/Documents/stm32/F303_reg/MXTmpFiles/license.tmp
2023-10-31 16:18:51,822 [INFO] CodeEngine:255 - oldGeneratedFile, /Users/romanlobach/Documents/stm32/F303_reg/MXTmpFiles/gpio.tmp_save
2023-10-31 16:18:51,930 [INFO] CodeEngine:279 - Generated code: /Users/romanlobach/Documents/stm32/F303_reg/MXTmpFiles/gpio.tmp
2023-10-31 16:18:51,948 [INFO] CodeEngine:255 - oldGeneratedFile, /Users/romanlobach/Documents/stm32/F303_reg/Core/Src/stm32f3xx_it.c_save
2023-10-31 16:18:52,289 [INFO] CodeEngine:279 - Generated code: /Users/romanlobach/Documents/stm32/F303_reg/Core/Src/stm32f3xx_it.c
2023-10-31 16:18:52,294 [INFO] CodeEngine:255 - oldGeneratedFile, /Users/romanlobach/Documents/stm32/F303_reg/Core/Inc/stm32f3xx_it.h_save
2023-10-31 16:18:52,430 [INFO] CodeEngine:279 - Generated code: /Users/romanlobach/Documents/stm32/F303_reg/Core/Inc/stm32f3xx_it.h
2023-10-31 16:18:52,441 [INFO] CodeEngine:255 - oldGeneratedFile, /Users/romanlobach/Documents/stm32/F303_reg/Core/Src/stm32f3xx_hal_msp.c_save
2023-10-31 16:18:52,603 [INFO] CodeEngine:279 - Generated code: /Users/romanlobach/Documents/stm32/F303_reg/Core/Src/stm32f3xx_hal_msp.c
2023-10-31 16:18:52,607 [INFO] CodeEngine:255 - oldGeneratedFile, /Users/romanlobach/Documents/stm32/F303_reg/MXTmpFiles/system.tmp_save
2023-10-31 16:18:52,702 [INFO] CodeEngine:279 - Generated code: /Users/romanlobach/Documents/stm32/F303_reg/MXTmpFiles/system.tmp
2023-10-31 16:18:52,708 [INFO] CodeEngine:311 - oldGeneratedFile, /Users/romanlobach/Documents/stm32/F303_reg/Core/Inc/stm32f3xx_hal_conf.h_save
2023-10-31 16:18:52,808 [INFO] CodeEngine:335 - Generated code: /Users/romanlobach/Documents/stm32/F303_reg/Core/Inc/stm32f3xx_hal_conf.h
2023-10-31 16:18:52,865 [INFO] CodeEngine:255 - oldGeneratedFile, /Users/romanlobach/Documents/stm32/F303_reg/Core/Inc/main.h_save
2023-10-31 16:18:52,995 [INFO] CodeEngine:279 - Generated code: /Users/romanlobach/Documents/stm32/F303_reg/Core/Inc/main.h
2023-10-31 16:18:53,001 [INFO] CodeEngine:255 - oldGeneratedFile, /Users/romanlobach/Documents/stm32/F303_reg/Core/Src/main.c_save
2023-10-31 16:18:53,174 [INFO] CodeEngine:279 - Generated code: /Users/romanlobach/Documents/stm32/F303_reg/Core/Src/main.c
2023-10-31 16:18:54,491 [INFO] ProjectBuilder:3064 - Time for Copy HAL[1] : 259mS.
2023-10-31 16:18:54,494 [INFO] ProjectBuilder:4404 - Project Generator version: 4.1.0
2023-10-31 16:18:55,319 [INFO] ConfigFileManager:1457 - The Die is : DIE438
2023-10-31 16:18:55,368 [INFO] ApiDbMcu:507 - Load IP Config File for FATFS
2023-10-31 16:18:55,495 [INFO] ApiDbMcu:507 - Load IP Config File for FREERTOS
2023-10-31 16:18:56,223 [INFO] ApiDbMcu:507 - Load IP Config File for TOUCHSENSING
2023-10-31 16:18:59,005 [INFO] ProjectBuilder:4626 - Time for Generating toolchain IDE Files: 4511mS.
2023-10-31 16:18:59,006 [INFO] ProjectBuilder:2935 - Time for Copy CMSIS : 1mS.
2023-10-31 16:18:59,008 [INFO] ProjectBuilder:2935 - Time for Copy CMSIS : 0mS.
