2023-10-18 15:45:13,131 [INFO] Activator:176 - 


2023-10-18 15:45:13,143 [INFO] Activator:177 - !SESSION log4j initialized
2023-10-18 15:45:26,474 [INFO] LogOutputStream:77 - [STDOUT_REDIRECT] 
2023-10-18 15:45:27,873 [ERROR] LogOutputStream:75 - [STDERR_REDIRECT] 
2023-10-18 15:45:28,515 [INFO] LogOutputStream:77 - [STDOUT_REDIRECT] 
2023-10-18 15:45:29,548 [INFO] ApplicationProperties:184 - Using Application install path: /Applications/STMicroelectronics/STM32CubeIDE.app/Contents/Eclipse/plugins/com.st.stm32cube.common.mx_6.9.2.202309101412
2023-10-18 15:45:29,582 [INFO] DbMcusXml:78 - Set database path to: /Applications/STMicroelectronics/STM32CubeIDE.app/Contents/Eclipse/plugins/com.st.stm32cube.common.mx_6.9.2.202309101412//db//mcu/
2023-10-18 15:45:29,582 [INFO] ApiDb:274 - Set plugin database path to: /Applications/STMicroelectronics/STM32CubeIDE.app/Contents/Eclipse/plugins/com.st.stm32cube.common.mx_6.9.2.202309101412//db//plugins/boardmanager/
2023-10-18 15:45:29,583 [WARN] ApiDb:259 - Overriding images path with different value:  => /Applications/STMicroelectronics/STM32CubeIDE.app/Contents/Eclipse/plugins/com.st.stm32cube.common.mx_6.9.2.202309101412//db//plugins/mcufinder/images/
2023-10-18 15:45:29,605 [INFO] ApiDb:250 - Set database path to: /Users/romanlobach/.stmcufinder/plugins/mcufinder//mcu/
2023-10-18 15:45:29,608 [INFO] DbMcusAds:125 - Set database path to: /Users/romanlobach/.stmcufinder/plugins/mcufinder//mcu/
2023-10-18 15:45:29,615 [INFO] CrossReferenceDbSqlite:203 - Set database path to: /Users/romanlobach/.stmcufinder/plugins/mcufinder//mcu/cs/
2023-10-18 15:45:29,823 [INFO] RulesReader:64 - Compatibility file has been processed (293 Rules)
2023-10-18 15:45:30,019 [INFO] DbMcusXml:78 - Set database path to: /Applications/STMicroelectronics/STM32CubeIDE.app/Contents/Eclipse/plugins/com.st.stm32cube.common.mx_6.9.2.202309101412//db//mcu/
2023-10-18 15:45:30,020 [INFO] ApiDb:274 - Set plugin database path to: /Applications/STMicroelectronics/STM32CubeIDE.app/Contents/Eclipse/plugins/com.st.stm32cube.common.mx_6.9.2.202309101412//db//plugins/boardmanager/
2023-10-18 15:45:30,021 [INFO] ApiDb:261 - Set plugin images path to: /Applications/STMicroelectronics/STM32CubeIDE.app/Contents/Eclipse/plugins/com.st.stm32cube.common.mx_6.9.2.202309101412//db//plugins/mcufinder/images/
2023-10-18 15:45:30,022 [WARN] DbFile:41 - Overriding database path with different value: /Users/romanlobach/.stmcufinder/plugins/mcufinder/ => /Users/romanlobach/.stmcufinder/plugins/mcufinder
2023-10-18 15:45:30,022 [INFO] ApiDb:250 - Set database path to: /Users/romanlobach/.stmcufinder/plugins/mcufinder//mcu/
2023-10-18 15:45:30,022 [WARN] DbFile:41 - Overriding database path with different value: /Users/romanlobach/.stmcufinder/plugins/mcufinder/ => /Users/romanlobach/.stmcufinder/plugins/mcufinder
2023-10-18 15:45:30,023 [INFO] DbMcusAds:125 - Set database path to: /Users/romanlobach/.stmcufinder/plugins/mcufinder//mcu/
2023-10-18 15:45:30,023 [WARN] DbFile:41 - Overriding database path with different value: /Users/romanlobach/.stmcufinder/plugins/mcufinder/ => /Users/romanlobach/.stmcufinder/plugins/mcufinder
2023-10-18 15:45:30,023 [WARN] DbFile:41 - Overriding database path with different value: /Users/romanlobach/.stmcufinder/plugins/mcufinder/ => /Users/romanlobach/.stmcufinder/plugins/mcufinder
2023-10-18 15:45:30,023 [INFO] CrossReferenceDbSqlite:203 - Set database path to: /Users/romanlobach/.stmcufinder/plugins/mcufinder//mcu/cs/
2023-10-18 15:45:30,244 [INFO] MainPanel:262 - HeapMemory: 268435456
2023-10-18 15:45:30,549 [INFO] DbMcusXml:78 - Set database path to: /Applications/STMicroelectronics/STM32CubeIDE.app/Contents/Eclipse/plugins/com.st.stm32cube.common.mx_6.9.2.202309101412//db//mcu/
2023-10-18 15:45:30,549 [INFO] ApiDb:274 - Set plugin database path to: /Applications/STMicroelectronics/STM32CubeIDE.app/Contents/Eclipse/plugins/com.st.stm32cube.common.mx_6.9.2.202309101412//db//plugins/boardmanager/
2023-10-18 15:45:30,549 [INFO] ApiDb:261 - Set plugin images path to: /Applications/STMicroelectronics/STM32CubeIDE.app/Contents/Eclipse/plugins/com.st.stm32cube.common.mx_6.9.2.202309101412//db//plugins/mcufinder/images/
2023-10-18 15:45:30,551 [WARN] DbFile:41 - Overriding database path with different value: /Users/romanlobach/.stmcufinder/plugins/mcufinder/ => /Users/romanlobach/.stmcufinder/plugins/mcufinder
2023-10-18 15:45:30,551 [INFO] ApiDb:250 - Set database path to: /Users/romanlobach/.stmcufinder/plugins/mcufinder//mcu/
2023-10-18 15:45:30,551 [WARN] DbFile:41 - Overriding database path with different value: /Users/romanlobach/.stmcufinder/plugins/mcufinder/ => /Users/romanlobach/.stmcufinder/plugins/mcufinder
2023-10-18 15:45:30,551 [INFO] DbMcusAds:125 - Set database path to: /Users/romanlobach/.stmcufinder/plugins/mcufinder//mcu/
2023-10-18 15:45:30,552 [WARN] DbFile:41 - Overriding database path with different value: /Users/romanlobach/.stmcufinder/plugins/mcufinder/ => /Users/romanlobach/.stmcufinder/plugins/mcufinder
2023-10-18 15:45:30,552 [WARN] DbFile:41 - Overriding database path with different value: /Users/romanlobach/.stmcufinder/plugins/mcufinder/ => /Users/romanlobach/.stmcufinder/plugins/mcufinder
2023-10-18 15:45:30,552 [INFO] CrossReferenceDbSqlite:203 - Set database path to: /Users/romanlobach/.stmcufinder/plugins/mcufinder//mcu/cs/
2023-10-18 15:45:30,591 [INFO] ApplicationProperties:184 - Using Application install path: /Applications/STMicroelectronics/STM32CubeIDE.app/Contents/Eclipse/plugins/com.st.stm32cube.common.mx_6.9.2.202309101412
2023-10-18 15:45:30,594 [INFO] PluginManage:196 - Search for loadable plugins [exclusion list=, ]
2023-10-18 15:45:30,598 [INFO] PluginManage:310 - Check plugin analytics
2023-10-18 15:45:30,948 [INFO] AnalyticsPlugin:253 - Accepted Software Licenses: STM32CubeMX.6.9.1,STM32CubeMX.6.9.2
2023-10-18 15:45:30,949 [INFO] AnalyticsPlugin:255 - Accepted CMSIS Pack Licenses: 
2023-10-18 15:45:30,949 [INFO] AnalyticsPlugin:257 - Accepted Firmware Licenses: FW.F7.1.17.0
2023-10-18 15:45:30,959 [INFO] PluginManage:359 - Loaded plugin analytics (category:tool,tabindex:-1)
2023-10-18 15:45:30,960 [INFO] PluginManage:310 - Check plugin cadmodel
2023-10-18 15:45:32,387 [INFO] CADModel:105 - Init CAD model plugin
2023-10-18 15:45:32,389 [INFO] PluginManage:359 - Loaded plugin cadmodel (category:power,tabindex:5)
2023-10-18 15:45:32,389 [INFO] PluginManage:310 - Check plugin clock
2023-10-18 15:45:32,413 [INFO] PluginManage:359 - Loaded plugin clock (category:base,tabindex:2)
2023-10-18 15:45:32,413 [INFO] PluginManage:310 - Check plugin ddr
2023-10-18 15:45:32,418 [INFO] PluginManage:359 - Loaded plugin ddr (category:tool,tabindex:6)
2023-10-18 15:45:32,419 [INFO] PluginManage:310 - Check plugin filemanager
2023-10-18 15:45:32,692 [INFO] PluginManage:359 - Loaded plugin filemanager (category:base,tabindex:10)
2023-10-18 15:45:32,693 [INFO] PluginManage:310 - Check plugin ipmanager
2023-10-18 15:45:32,706 [INFO] PluginManage:359 - Loaded plugin ipmanager (category:base,tabindex:5)
2023-10-18 15:45:32,706 [INFO] PluginManage:310 - Check plugin lpbam
2023-10-18 15:45:32,732 [INFO] PluginManage:359 - Loaded plugin lpbam (category:base,tabindex:0)
2023-10-18 15:45:32,732 [INFO] PluginManage:310 - Check plugin memorymap
2023-10-18 15:45:32,769 [INFO] PluginManage:359 - Loaded plugin memorymap (category:base,tabindex:4)
2023-10-18 15:45:32,769 [INFO] PluginManage:310 - Check plugin pinoutandconfiguration
2023-10-18 15:45:32,788 [INFO] PluginManage:359 - Loaded plugin pinoutandconfiguration (category:base,tabindex:1)
2023-10-18 15:45:32,788 [INFO] PluginManage:310 - Check plugin pinoutconfig
2023-10-18 15:45:32,990 [WARN] SupportedApi:132 - Cannot load RTOS API schema: s4s-elt-must-match.1: The content of 'definitions' must match (annotation?, (simpleType | complexType)?, (unique | key | keyref)*)). A problem was found starting at: attribute.
2023-10-18 15:45:33,323 [INFO] PluginManage:359 - Loaded plugin pinoutconfig (category:base,tabindex:0)
2023-10-18 15:45:33,323 [INFO] PluginManage:310 - Check plugin power
2023-10-18 15:45:33,344 [INFO] PluginManage:359 - Loaded plugin power (category:power,tabindex:4)
2023-10-18 15:45:33,345 [INFO] PluginManage:310 - Check plugin projectmanager
2023-10-18 15:45:33,371 [INFO] PluginManage:359 - Loaded plugin projectmanager (category:projectmanager,tabindex:3)
2023-10-18 15:45:33,372 [INFO] PluginManage:310 - Check plugin thirdparty
2023-10-18 15:45:33,644 [INFO] PluginManage:359 - Loaded plugin thirdparty (category:base,tabindex:-1)
2023-10-18 15:45:33,644 [WARN] IntegrityCheckThread:84 - waiting for thirdparty lock release [integrity check]
2023-10-18 15:45:33,645 [INFO] IntegrityCheckThread:86 - entering critical section [integrity check]
2023-10-18 15:45:33,645 [INFO] PluginManage:310 - Check plugin tools
2023-10-18 15:45:33,645 [INFO] ThirdPartyUpdaterWithRetryManager:70 - Updater plugin not ready yet. [1/15]
2023-10-18 15:45:33,649 [INFO] PluginManage:359 - Loaded plugin tools (category:base,tabindex:7)
2023-10-18 15:45:33,649 [INFO] PluginManage:310 - Check plugin tutovideos
2023-10-18 15:45:34,103 [INFO] PluginManage:359 - Loaded plugin tutovideos (category:base,tabindex:-1)
2023-10-18 15:45:34,104 [INFO] PluginManage:310 - Check plugin updater
2023-10-18 15:45:34,128 [INFO] PluginManage:359 - Loaded plugin updater (category:base,tabindex:12)
2023-10-18 15:45:34,129 [INFO] PluginManage:310 - Check plugin userauth
2023-10-18 15:45:34,139 [INFO] UserAuth:113 - Init User Auth plugin
2023-10-18 15:45:34,139 [INFO] PluginManage:359 - Loaded plugin userauth (category:base,tabindex:14)
2023-10-18 15:45:34,140 [INFO] PluginManage:283 - PluginManage : Loaded plugins [17]
2023-10-18 15:45:34,577 [INFO] PinOutPanel:1499 - setPackage(No Configuration,No Configuration)
2023-10-18 15:45:34,769 [INFO] CADModel:165 - CPN selected for project level
2023-10-18 15:45:34,769 [INFO] CADModel:114 - Register for checkConnection events
2023-10-18 15:45:34,797 [INFO] IPUIPlugin:80 - create IPUIPlugin
2023-10-18 15:45:34,798 [INFO] PluginManager:220 - loadIPPluginJar : add mdma
2023-10-18 15:45:34,811 [INFO] IPUIPlugin:80 - create IPUIPlugin
2023-10-18 15:45:34,811 [INFO] PluginManager:220 - loadIPPluginJar : add freertos
2023-10-18 15:45:34,825 [INFO] IPUIPlugin:80 - create IPUIPlugin
2023-10-18 15:45:34,825 [INFO] PluginManager:220 - loadIPPluginJar : add gic
2023-10-18 15:45:34,844 [INFO] IPUIPlugin:80 - create IPUIPlugin
2023-10-18 15:45:34,845 [INFO] PluginManager:220 - loadIPPluginJar : add adc
2023-10-18 15:45:34,851 [INFO] IPUIPlugin:80 - create IPUIPlugin
2023-10-18 15:45:34,852 [INFO] PluginManager:220 - loadIPPluginJar : add gtzc
2023-10-18 15:45:34,854 [INFO] IPUIPlugin:80 - create IPUIPlugin
2023-10-18 15:45:34,854 [INFO] PluginManager:220 - loadIPPluginJar : add quadspi
2023-10-18 15:45:34,860 [INFO] IPUIPlugin:80 - create IPUIPlugin
2023-10-18 15:45:34,860 [INFO] PluginManager:220 - loadIPPluginJar : add aes
2023-10-18 15:45:34,866 [INFO] IPUIPlugin:80 - create IPUIPlugin
2023-10-18 15:45:34,867 [INFO] PluginManager:220 - loadIPPluginJar : add pdm2pcm
2023-10-18 15:45:34,871 [INFO] IPUIPlugin:80 - create IPUIPlugin
2023-10-18 15:45:34,871 [INFO] PluginManager:220 - loadIPPluginJar : add hash
2023-10-18 15:45:34,874 [INFO] IPUIPlugin:80 - create IPUIPlugin
2023-10-18 15:45:34,874 [INFO] PluginManager:220 - loadIPPluginJar : add tim
2023-10-18 15:45:34,877 [INFO] IPUIPlugin:80 - create IPUIPlugin
2023-10-18 15:45:34,877 [INFO] PluginManager:220 - loadIPPluginJar : add tsc
2023-10-18 15:45:34,881 [INFO] IPUIPlugin:80 - create IPUIPlugin
2023-10-18 15:45:34,881 [INFO] PluginManager:220 - loadIPPluginJar : add ts
2023-10-18 15:45:34,886 [INFO] IPUIPlugin:80 - create IPUIPlugin
2023-10-18 15:45:34,887 [INFO] PluginManager:220 - loadIPPluginJar : add can
2023-10-18 15:45:34,891 [INFO] IPUIPlugin:80 - create IPUIPlugin
2023-10-18 15:45:34,891 [INFO] PluginManager:220 - loadIPPluginJar : add dma3
2023-10-18 15:45:34,895 [INFO] IPUIPlugin:80 - create IPUIPlugin
2023-10-18 15:45:34,895 [INFO] PluginManager:220 - loadIPPluginJar : add dfsdm
2023-10-18 15:45:34,905 [INFO] IPUIPlugin:80 - create IPUIPlugin
2023-10-18 15:45:34,905 [INFO] PluginManager:220 - loadIPPluginJar : add spi
2023-10-18 15:45:34,910 [INFO] IPUIPlugin:80 - create IPUIPlugin
2023-10-18 15:45:34,910 [INFO] PluginManager:220 - loadIPPluginJar : add gfxmmu
2023-10-18 15:45:34,913 [INFO] IPUIPlugin:80 - create IPUIPlugin
2023-10-18 15:45:34,913 [INFO] PluginManager:220 - loadIPPluginJar : add genericplugin
2023-10-18 15:45:34,918 [INFO] IPUIPlugin:80 - create IPUIPlugin
2023-10-18 15:45:34,918 [INFO] PluginManager:220 - loadIPPluginJar : add cryp
2023-10-18 15:45:34,927 [INFO] IPUIPlugin:80 - create IPUIPlugin
2023-10-18 15:45:34,928 [INFO] PluginManager:220 - loadIPPluginJar : add gpio
2023-10-18 15:45:34,931 [INFO] IPUIPlugin:80 - create IPUIPlugin
2023-10-18 15:45:34,932 [INFO] PluginManager:220 - loadIPPluginJar : add comp
2023-10-18 15:45:34,937 [INFO] IPUIPlugin:80 - create IPUIPlugin
2023-10-18 15:45:34,937 [INFO] PluginManager:220 - loadIPPluginJar : add tracer_emb
2023-10-18 15:45:34,944 [INFO] IPUIPlugin:80 - create IPUIPlugin
2023-10-18 15:45:34,945 [INFO] PluginManager:220 - loadIPPluginJar : add openamp
2023-10-18 15:45:34,954 [INFO] IPUIPlugin:80 - create IPUIPlugin
2023-10-18 15:45:34,954 [INFO] PluginManager:220 - loadIPPluginJar : add stm32_wpan
2023-10-18 15:45:34,970 [INFO] IPUIPlugin:80 - create IPUIPlugin
2023-10-18 15:45:34,975 [INFO] PluginManager:220 - loadIPPluginJar : add plateformsettings
2023-10-18 15:45:34,982 [INFO] IPUIPlugin:80 - create IPUIPlugin
2023-10-18 15:45:34,983 [INFO] PluginManager:220 - loadIPPluginJar : add ipddr
2023-10-18 15:45:34,988 [INFO] IPUIPlugin:80 - create IPUIPlugin
2023-10-18 15:45:34,988 [INFO] PluginManager:220 - loadIPPluginJar : add usart
2023-10-18 15:45:34,990 [INFO] IPUIPlugin:80 - create IPUIPlugin
2023-10-18 15:45:34,991 [INFO] PluginManager:220 - loadIPPluginJar : add ltdc
2023-10-18 15:45:35,001 [INFO] IPUIPlugin:80 - create IPUIPlugin
2023-10-18 15:45:35,001 [INFO] PluginManager:220 - loadIPPluginJar : add nvic
2023-10-18 15:45:35,004 [INFO] IPUIPlugin:80 - create IPUIPlugin
2023-10-18 15:45:35,004 [INFO] PluginManager:220 - loadIPPluginJar : add fatfs
2023-10-18 15:45:35,019 [INFO] IPUIPlugin:80 - create IPUIPlugin
2023-10-18 15:45:35,019 [INFO] PluginManager:220 - loadIPPluginJar : add linkedlist
2023-10-18 15:45:35,030 [INFO] IPUIPlugin:80 - create IPUIPlugin
2023-10-18 15:45:35,030 [INFO] PluginManager:220 - loadIPPluginJar : add dma
2023-10-18 15:45:35,039 [INFO] IPUIPlugin:80 - create IPUIPlugin
2023-10-18 15:45:35,039 [INFO] PluginManager:220 - loadIPPluginJar : add fmc
2023-10-18 15:45:35,044 [INFO] IPUIPlugin:80 - create IPUIPlugin
2023-10-18 15:45:35,044 [INFO] PluginManager:220 - loadIPPluginJar : add i2s
2023-10-18 15:45:35,047 [INFO] IPUIPlugin:80 - create IPUIPlugin
2023-10-18 15:45:35,048 [INFO] PluginManager:220 - loadIPPluginJar : add ucpd
2023-10-18 15:45:35,052 [INFO] IPUIPlugin:80 - create IPUIPlugin
2023-10-18 15:45:35,052 [INFO] PluginManager:220 - loadIPPluginJar : add lorawan
2023-10-18 15:45:35,057 [INFO] IPUIPlugin:80 - create IPUIPlugin
2023-10-18 15:45:35,057 [INFO] PluginManager:220 - loadIPPluginJar : add opamp
2023-10-18 15:45:35,064 [INFO] IPUIPlugin:80 - create IPUIPlugin
2023-10-18 15:45:35,064 [INFO] PluginManager:220 - loadIPPluginJar : add i3c
2023-10-18 15:45:35,070 [INFO] IPUIPlugin:80 - create IPUIPlugin
2023-10-18 15:45:35,071 [INFO] PluginManager:220 - loadIPPluginJar : add touchsensing
2023-10-18 15:45:35,076 [INFO] IPUIPlugin:80 - create IPUIPlugin
2023-10-18 15:45:35,076 [INFO] PluginManager:220 - loadIPPluginJar : add i2c
2023-10-18 15:45:35,084 [INFO] IPUIPlugin:80 - create IPUIPlugin
2023-10-18 15:45:35,084 [INFO] PluginManager:220 - loadIPPluginJar : add resmgrutility
2023-10-18 15:45:35,091 [INFO] IPUIPlugin:80 - create IPUIPlugin
2023-10-18 15:45:35,091 [INFO] PluginManager:220 - loadIPPluginJar : add sai
2023-10-18 15:45:35,096 [INFO] IPUIPlugin:80 - create IPUIPlugin
2023-10-18 15:45:35,096 [INFO] PluginManager:220 - loadIPPluginJar : add usbx
2023-10-18 15:45:35,228 [INFO] CADModel:165 - CPN selected for project level
2023-10-18 15:45:35,228 [INFO] CADModel:114 - Register for checkConnection events
2023-10-18 15:45:35,228 [FATAL] Updater:308 - Updater called before beeing initialized
2023-10-18 15:45:35,229 [ERROR] CADModel:125 - Updater not yet initialized, retry later 
2023-10-18 15:45:35,588 [INFO] CADModel:165 - CPN selected for project level
2023-10-18 15:45:35,588 [INFO] CADModel:114 - Register for checkConnection events
2023-10-18 15:45:35,589 [FATAL] Updater:308 - Updater called before beeing initialized
2023-10-18 15:45:35,589 [ERROR] CADModel:125 - Updater not yet initialized, retry later 
2023-10-18 15:45:35,603 [FATAL] Updater:308 - Updater called before beeing initialized
2023-10-18 15:45:35,810 [FATAL] Updater:308 - Updater called before beeing initialized
2023-10-18 15:45:35,823 [INFO] DbMcusAds:53 - JSON generation date=Tue Mar 07 10:50:55 EET 2023 (1678179055114)
2023-10-18 15:45:35,824 [FATAL] Updater:308 - Updater called before beeing initialized
2023-10-18 15:45:36,036 [WARN] DetailPanel:346 - Failed to get advertising image, set to default
2023-10-18 15:45:36,177 [FATAL] Updater:308 - Updater called before beeing initialized
2023-10-18 15:45:36,182 [FATAL] Updater:308 - Updater called before beeing initialized
2023-10-18 15:45:36,182 [FATAL] Updater:308 - Updater called before beeing initialized
2023-10-18 15:45:36,182 [WARN] DetailPanel:346 - Failed to get advertising image, set to default
2023-10-18 15:45:36,183 [FATAL] Updater:308 - Updater called before beeing initialized
2023-10-18 15:45:36,243 [ERROR] Updater:1120 - MainUpdater not yet initialized. External WinMGr cannot be set.
2023-10-18 15:45:36,299 [INFO] Updater:1056 - Updater Version found : 6.9.2
2023-10-18 15:45:36,346 [INFO] ApplicationProperties:184 - Using Application install path: /Applications/STMicroelectronics/STM32CubeIDE.app/Contents/Eclipse/plugins/com.st.stm32cube.common.mx_6.9.2.202309101412
2023-10-18 15:45:36,649 [INFO] ThirdPartyUpdaterWithRetryManager:70 - Updater plugin not ready yet. [2/15]
2023-10-18 15:45:36,965 [INFO] MainUpdater:2868 - connection check result : 10
2023-10-18 15:45:36,966 [INFO] MainUpdater:285 - Updater Check For Update Now.
2023-10-18 15:45:36,966 [INFO] MicroXplorer:498 - Change Database Version : DB.6.0.92
2023-10-18 15:45:36,978 [INFO] McuFinderGlobals:63 - Set McuFinder mode to 2 (CubeIDE integrated)
2023-10-18 15:45:37,203 [INFO] CheckServerUpdateThread:120 - End of CheckServer Thread
2023-10-18 15:45:39,953 [WARN] PackLoader:240 - Cannot read IP mode file for STMicroelectronics.X-CUBE-SMBUS.2.1.0
2023-10-18 15:45:40,020 [WARN] PackLoader:240 - Cannot read IP mode file for STMicroelectronics.X-CUBE-AZRTOS-F7.1.1.0
2023-10-18 15:45:40,040 [WARN] PackLoader:240 - Cannot read IP mode file for STMicroelectronics.FP-SNS-MOTENV1.4.3.2
2023-10-18 15:45:40,052 [WARN] PackLoader:240 - Cannot read IP mode file for STMicroelectronics.FP-SNS-FLIGHT1.5.0.2
2023-10-18 15:45:40,069 [WARN] PackLoader:240 - Cannot read IP mode file for STMicroelectronics.X-CUBE-DISPLAY.3.0.0
2023-10-18 15:45:40,099 [WARN] PackLoader:240 - Cannot read IP mode file for STMicroelectronics.X-CUBE-BLE1.7.0.0
2023-10-18 15:45:40,111 [WARN] PackLoader:240 - Cannot read IP mode file for emotas.I-CUBE-CANOPEN.1.3.0
2023-10-18 15:45:40,121 [WARN] PackLoader:240 - Cannot read IP mode file for STMicroelectronics.X-CUBE-TOUCHGFX.4.22.0
2023-10-18 15:45:40,126 [WARN] PackLoader:240 - Cannot read IP mode file for STMicroelectronics.X-CUBE-TOUCHGFX.4.22.1
2023-10-18 15:45:40,133 [WARN] PackLoader:240 - Cannot read IP mode file for STMicroelectronics.FP-SNS-SMARTAG2.1.2.0
2023-10-18 15:45:40,154 [INFO] LogOutputStream:77 - [STDOUT_REDIRECT] 1 : Invalid condition id : UX_CORESTACK_Condition cause : null
2023-10-18 15:45:40,154 [INFO] LogOutputStream:77 - [STDOUT_REDIRECT] 1 : Invalid condition id : UX_CORESTACK_Condition cause : null
2023-10-18 15:45:40,155 [INFO] LogOutputStream:77 - [STDOUT_REDIRECT] 1 : Invalid condition id : UX_CORESTACK_Condition cause : null
2023-10-18 15:45:40,155 [INFO] LogOutputStream:77 - [STDOUT_REDIRECT] 1 : Invalid condition id : UX_CORESTACK_Condition cause : null
2023-10-18 15:45:40,155 [INFO] LogOutputStream:77 - [STDOUT_REDIRECT] 1 : Invalid condition id : UX_CORESTACK_Condition cause : null
2023-10-18 15:45:40,162 [WARN] PackLoader:240 - Cannot read IP mode file for STMicroelectronics.X-CUBE-AZRTOS-WL.2.0.0
2023-10-18 15:45:40,181 [WARN] PackLoader:240 - Cannot read IP mode file for WES.I-CUBE-Cesium.1.3.0
2023-10-18 15:45:40,189 [WARN] PackLoader:240 - Cannot read IP mode file for STMicroelectronics.X-CUBE-BLE2.3.3.0
2023-10-18 15:45:40,202 [WARN] PackLoader:240 - Cannot read IP mode file for STMicroelectronics.X-CUBE-ALGOBUILD.1.3.0
2023-10-18 15:45:40,249 [WARN] PackLoader:240 - Cannot read IP mode file for STMicroelectronics.X-CUBE-AZRTOS-G0.1.1.0
2023-10-18 15:45:40,281 [WARN] PackLoader:240 - Cannot read IP mode file for STMicroelectronics.X-CUBE-NFC4.3.0.0
2023-10-18 15:45:40,301 [WARN] PackLoader:240 - Cannot read IP mode file for STMicroelectronics.FP-ATR-SIGFOX1.3.2.0
2023-10-18 15:45:40,423 [WARN] PackLoader:240 - Cannot read IP mode file for SEGGER.I-CUBE-embOS.1.3.1
2023-10-18 15:45:40,529 [WARN] PackLoader:240 - Cannot read IP mode file for STMicroelectronics.X-CUBE-GNSS1.6.0.0
2023-10-18 15:45:40,570 [WARN] PackLoader:240 - Cannot read IP mode file for STMicroelectronics.X-CUBE-AZRTOS-F4.1.1.0
2023-10-18 15:45:40,582 [WARN] PackLoader:240 - Cannot read IP mode file for wolfSSL.I-CUBE-wolfSSL.5.6.3
2023-10-18 15:45:40,619 [WARN] PackLoader:240 - Cannot read IP mode file for STMicroelectronics.X-CUBE-AZRTOS-L5.2.0.0
2023-10-18 15:45:40,730 [WARN] PackLoader:240 - Cannot read IP mode file for STMicroelectronics.X-CUBE-MEMS1.9.6.0
2023-10-18 15:45:41,228 [WARN] PackLoader:240 - Cannot read IP mode file for ITTIA_DB.I-CUBE-ITTIADB.8.8.0
2023-10-18 15:45:41,239 [WARN] PackLoader:240 - Cannot read IP mode file for STMicroelectronics.X-CUBE-BLEMGR.2.0.0
2023-10-18 15:45:41,287 [WARN] ConditionMgr:438 - getConditionDescription Invalid condition id : UX DEVICE CLASS RTOS Condition cause : null
2023-10-18 15:45:41,287 [WARN] ConditionMgr:438 - getConditionDescription Invalid condition id : UX DEVICE CLASS RTOS Condition cause : null
2023-10-18 15:45:41,295 [WARN] PackLoader:240 - Cannot read IP mode file for STMicroelectronics.X-CUBE-AZRTOS-H7.3.1.0
2023-10-18 15:45:41,297 [WARN] ConditionMgr:1039 - genDependencies : Invalid condition id : UX DEVICE CLASS RTOS Condition cause : null
2023-10-18 15:45:41,298 [WARN] ConditionMgr:1039 - genDependencies : Invalid condition id : UX DEVICE CLASS RTOS Condition cause : null
2023-10-18 15:45:41,299 [WARN] ConditionMgr:1039 - genDependencies : Invalid condition id : UX DEVICE CLASS RTOS Condition cause : null
2023-10-18 15:45:41,301 [WARN] ConditionMgr:1039 - genDependencies : Invalid condition id : UX DEVICE CLASS RTOS Condition cause : null
2023-10-18 15:45:41,301 [WARN] ConditionMgr:1039 - genDependencies : Invalid condition id : UX DEVICE CLASS RTOS Condition cause : null
2023-10-18 15:45:41,316 [WARN] PackLoader:240 - Cannot read IP mode file for STMicroelectronics.X-CUBE-NFC7.1.0.1
2023-10-18 15:45:41,343 [WARN] PackLoader:240 - Cannot read IP mode file for STMicroelectronics.X-CUBE-NFC6.3.0.0
2023-10-18 15:45:41,356 [WARN] PackLoader:240 - Cannot read IP mode file for STMicroelectronics.X-CUBE-EEPRMA1.4.1.0
2023-10-18 15:45:41,363 [WARN] PackLoader:240 - Cannot read IP mode file for STMicroelectronics.X-CUBE-AI.8.1.0
2023-10-18 15:45:41,398 [WARN] ConditionMgr:438 - getConditionDescription Invalid condition id : LAN8742 Phy interface Condition cause : null
2023-10-18 15:45:41,398 [WARN] PackLoader:240 - Cannot read IP mode file for STMicroelectronics.X-CUBE-AZRTOS-L4.2.0.0
2023-10-18 15:45:41,401 [WARN] ConditionMgr:1039 - genDependencies : Invalid condition id : LAN8742 Phy interface Condition cause : null
2023-10-18 15:45:41,402 [WARN] ConditionMgr:1039 - genDependencies : Invalid condition id : LAN8742 Phy interface Condition cause : null
2023-10-18 15:45:41,403 [WARN] ConditionMgr:1039 - genDependencies : Invalid condition id : LAN8742 Phy interface Condition cause : null
2023-10-18 15:45:41,419 [WARN] PackLoader:240 - Cannot read IP mode file for STMicroelectronics.X-CUBE-SFXS2LP1.4.0.0
2023-10-18 15:45:41,428 [WARN] PackLoader:240 - Cannot read IP mode file for STMicroelectronics.X-CUBE-ISPU.1.1.0
2023-10-18 15:45:41,453 [WARN] ConditionMgr:438 - getConditionDescription Invalid condition id : UX DEVICE CLASS RTOS Condition cause : null
2023-10-18 15:45:41,454 [WARN] ConditionMgr:438 - getConditionDescription Invalid condition id : UX DEVICE CLASS RTOS Condition cause : null
2023-10-18 15:45:41,462 [WARN] PackLoader:240 - Cannot read IP mode file for STMicroelectronics.X-CUBE-AZRTOS-WB.2.0.0
2023-10-18 15:45:41,464 [WARN] ConditionMgr:1039 - genDependencies : Invalid condition id : UX DEVICE CLASS RTOS Condition cause : null
2023-10-18 15:45:41,464 [WARN] ConditionMgr:1039 - genDependencies : Invalid condition id : UX DEVICE CLASS RTOS Condition cause : null
2023-10-18 15:45:41,465 [WARN] ConditionMgr:1039 - genDependencies : Invalid condition id : UX DEVICE CLASS RTOS Condition cause : null
2023-10-18 15:45:41,466 [WARN] ConditionMgr:1039 - genDependencies : Invalid condition id : UX DEVICE CLASS RTOS Condition cause : null
2023-10-18 15:45:41,466 [WARN] ConditionMgr:1039 - genDependencies : Invalid condition id : UX DEVICE CLASS RTOS Condition cause : null
2023-10-18 15:45:41,498 [WARN] PackLoader:240 - Cannot read IP mode file for STMicroelectronics.X-CUBE-SUBG2.5.0.0
2023-10-18 15:45:41,527 [WARN] PackLoader:240 - Cannot read IP mode file for STMicroelectronics.X-CUBE-TOF1.3.3.1
2023-10-18 15:45:41,576 [WARN] PackLoader:240 - Cannot read IP mode file for STMicroelectronics.X-CUBE-AZRTOS-G4.2.0.0
2023-10-18 15:45:41,606 [WARN] PackLoader:240 - Cannot read IP mode file for Infineon.AIROC-Wi-Fi-Bluetooth-STM32.1.5.1
2023-10-18 15:45:41,622 [WARN] PackLoader:240 - Cannot read IP mode file for STMicroelectronics.X-CUBE-FREERTOS.1.1.0
2023-10-18 15:45:41,633 [WARN] PackLoader:240 - Cannot read IP mode file for portGmbH.I-Cube-SoM-uGOAL.1.1.0
2023-10-18 15:45:41,773 [WARN] PackLoader:240 - Cannot read IP mode file for STMicroelectronics.X-CUBE-ALS.1.0.1
2023-10-18 15:45:41,777 [WARN] PackLoader:240 - Cannot read IP mode file for STMicroelectronics.FP-ATR-ASTRA1.2.0.0
2023-10-18 15:45:41,778 [INFO] ThirdParty:978 - Integrity check success = true
2023-10-18 15:45:41,778 [INFO] IntegrityCheckThread:100 - exiting critical section [integrity check]
2023-10-18 15:45:41,778 [INFO] IntegrityCheckThread:103 - End integrity checks thread
2023-10-18 15:45:48,754 [ERROR] LogOutputStream:75 - [STDERR_REDIRECT] SLF4J: Failed to load class "org.slf4j.impl.StaticLoggerBinder".
2023-10-18 15:45:48,756 [ERROR] LogOutputStream:75 - [STDERR_REDIRECT] SLF4J: Defaulting to no-operation (NOP) logger implementation
2023-10-18 15:45:48,756 [ERROR] LogOutputStream:75 - [STDERR_REDIRECT] SLF4J: See http://www.slf4j.org/codes.html#StaticLoggerBinder for further details.
2023-10-18 22:27:11,979 [INFO] Activator:176 - 


2023-10-18 22:27:11,985 [INFO] Activator:177 - !SESSION log4j initialized
2023-10-18 22:27:22,848 [INFO] LogOutputStream:77 - [STDOUT_REDIRECT] 
2023-10-18 22:27:24,718 [ERROR] LogOutputStream:75 - [STDERR_REDIRECT] 
2023-10-18 22:27:25,702 [INFO] LogOutputStream:77 - [STDOUT_REDIRECT] 
2023-10-18 22:27:45,791 [ERROR] LogOutputStream:75 - [STDERR_REDIRECT] SLF4J: Failed to load class "org.slf4j.impl.StaticLoggerBinder".
2023-10-18 22:27:45,794 [ERROR] LogOutputStream:75 - [STDERR_REDIRECT] SLF4J: Defaulting to no-operation (NOP) logger implementation
2023-10-18 22:27:45,795 [ERROR] LogOutputStream:75 - [STDERR_REDIRECT] SLF4J: See http://www.slf4j.org/codes.html#StaticLoggerBinder for further details.
2023-10-18 22:27:46,442 [INFO] ApplicationProperties:184 - Using Application install path: /Applications/STMicroelectronics/STM32CubeIDE.app/Contents/Eclipse/plugins/com.st.stm32cube.common.mx_6.9.2.202309101412
2023-10-18 22:27:46,485 [INFO] DbMcusXml:78 - Set database path to: /Applications/STMicroelectronics/STM32CubeIDE.app/Contents/Eclipse/plugins/com.st.stm32cube.common.mx_6.9.2.202309101412//db//mcu/
2023-10-18 22:27:46,486 [INFO] ApiDb:274 - Set plugin database path to: /Applications/STMicroelectronics/STM32CubeIDE.app/Contents/Eclipse/plugins/com.st.stm32cube.common.mx_6.9.2.202309101412//db//plugins/boardmanager/
2023-10-18 22:27:46,487 [WARN] ApiDb:259 - Overriding images path with different value:  => /Applications/STMicroelectronics/STM32CubeIDE.app/Contents/Eclipse/plugins/com.st.stm32cube.common.mx_6.9.2.202309101412//db//plugins/mcufinder/images/
2023-10-18 22:27:46,519 [INFO] ApiDb:250 - Set database path to: /Users/romanlobach/.stmcufinder/plugins/mcufinder//mcu/
2023-10-18 22:27:46,523 [INFO] DbMcusAds:125 - Set database path to: /Users/romanlobach/.stmcufinder/plugins/mcufinder//mcu/
2023-10-18 22:27:46,539 [INFO] CrossReferenceDbSqlite:203 - Set database path to: /Users/romanlobach/.stmcufinder/plugins/mcufinder//mcu/cs/
2023-10-18 22:27:46,867 [INFO] RulesReader:64 - Compatibility file has been processed (293 Rules)
2023-10-18 22:27:47,107 [INFO] DbMcusXml:78 - Set database path to: /Applications/STMicroelectronics/STM32CubeIDE.app/Contents/Eclipse/plugins/com.st.stm32cube.common.mx_6.9.2.202309101412//db//mcu/
2023-10-18 22:27:47,107 [INFO] ApiDb:274 - Set plugin database path to: /Applications/STMicroelectronics/STM32CubeIDE.app/Contents/Eclipse/plugins/com.st.stm32cube.common.mx_6.9.2.202309101412//db//plugins/boardmanager/
2023-10-18 22:27:47,107 [INFO] ApiDb:261 - Set plugin images path to: /Applications/STMicroelectronics/STM32CubeIDE.app/Contents/Eclipse/plugins/com.st.stm32cube.common.mx_6.9.2.202309101412//db//plugins/mcufinder/images/
2023-10-18 22:27:47,108 [WARN] DbFile:41 - Overriding database path with different value: /Users/romanlobach/.stmcufinder/plugins/mcufinder/ => /Users/romanlobach/.stmcufinder/plugins/mcufinder
2023-10-18 22:27:47,109 [INFO] ApiDb:250 - Set database path to: /Users/romanlobach/.stmcufinder/plugins/mcufinder//mcu/
2023-10-18 22:27:47,109 [WARN] DbFile:41 - Overriding database path with different value: /Users/romanlobach/.stmcufinder/plugins/mcufinder/ => /Users/romanlobach/.stmcufinder/plugins/mcufinder
2023-10-18 22:27:47,109 [INFO] DbMcusAds:125 - Set database path to: /Users/romanlobach/.stmcufinder/plugins/mcufinder//mcu/
2023-10-18 22:27:47,110 [WARN] DbFile:41 - Overriding database path with different value: /Users/romanlobach/.stmcufinder/plugins/mcufinder/ => /Users/romanlobach/.stmcufinder/plugins/mcufinder
2023-10-18 22:27:47,110 [WARN] DbFile:41 - Overriding database path with different value: /Users/romanlobach/.stmcufinder/plugins/mcufinder/ => /Users/romanlobach/.stmcufinder/plugins/mcufinder
2023-10-18 22:27:47,110 [INFO] CrossReferenceDbSqlite:203 - Set database path to: /Users/romanlobach/.stmcufinder/plugins/mcufinder//mcu/cs/
2023-10-18 22:27:47,368 [INFO] MainPanel:262 - HeapMemory: 268435456
2023-10-18 22:27:48,041 [INFO] DbMcusXml:78 - Set database path to: /Applications/STMicroelectronics/STM32CubeIDE.app/Contents/Eclipse/plugins/com.st.stm32cube.common.mx_6.9.2.202309101412//db//mcu/
2023-10-18 22:27:48,042 [INFO] ApiDb:274 - Set plugin database path to: /Applications/STMicroelectronics/STM32CubeIDE.app/Contents/Eclipse/plugins/com.st.stm32cube.common.mx_6.9.2.202309101412//db//plugins/boardmanager/
2023-10-18 22:27:48,043 [INFO] ApiDb:261 - Set plugin images path to: /Applications/STMicroelectronics/STM32CubeIDE.app/Contents/Eclipse/plugins/com.st.stm32cube.common.mx_6.9.2.202309101412//db//plugins/mcufinder/images/
2023-10-18 22:27:48,047 [WARN] DbFile:41 - Overriding database path with different value: /Users/romanlobach/.stmcufinder/plugins/mcufinder/ => /Users/romanlobach/.stmcufinder/plugins/mcufinder
2023-10-18 22:27:48,047 [INFO] ApiDb:250 - Set database path to: /Users/romanlobach/.stmcufinder/plugins/mcufinder//mcu/
2023-10-18 22:27:48,047 [WARN] DbFile:41 - Overriding database path with different value: /Users/romanlobach/.stmcufinder/plugins/mcufinder/ => /Users/romanlobach/.stmcufinder/plugins/mcufinder
2023-10-18 22:27:48,048 [INFO] DbMcusAds:125 - Set database path to: /Users/romanlobach/.stmcufinder/plugins/mcufinder//mcu/
2023-10-18 22:27:48,048 [WARN] DbFile:41 - Overriding database path with different value: /Users/romanlobach/.stmcufinder/plugins/mcufinder/ => /Users/romanlobach/.stmcufinder/plugins/mcufinder
2023-10-18 22:27:48,048 [WARN] DbFile:41 - Overriding database path with different value: /Users/romanlobach/.stmcufinder/plugins/mcufinder/ => /Users/romanlobach/.stmcufinder/plugins/mcufinder
2023-10-18 22:27:48,048 [INFO] CrossReferenceDbSqlite:203 - Set database path to: /Users/romanlobach/.stmcufinder/plugins/mcufinder//mcu/cs/
2023-10-18 22:27:48,111 [INFO] ApplicationProperties:184 - Using Application install path: /Applications/STMicroelectronics/STM32CubeIDE.app/Contents/Eclipse/plugins/com.st.stm32cube.common.mx_6.9.2.202309101412
2023-10-18 22:27:48,126 [INFO] PluginManage:196 - Search for loadable plugins [exclusion list=, ]
2023-10-18 22:27:48,133 [INFO] PluginManage:310 - Check plugin analytics
2023-10-18 22:27:49,077 [INFO] AnalyticsPlugin:253 - Accepted Software Licenses: STM32CubeMX.6.9.1,STM32CubeMX.6.9.2
2023-10-18 22:27:49,078 [INFO] AnalyticsPlugin:255 - Accepted CMSIS Pack Licenses: 
2023-10-18 22:27:49,078 [INFO] AnalyticsPlugin:257 - Accepted Firmware Licenses: FW.F7.1.17.0
2023-10-18 22:27:49,092 [INFO] PluginManage:359 - Loaded plugin analytics (category:tool,tabindex:-1)
2023-10-18 22:27:49,092 [INFO] PluginManage:310 - Check plugin cadmodel
2023-10-18 22:27:50,373 [INFO] CADModel:105 - Init CAD model plugin
2023-10-18 22:27:50,373 [INFO] PluginManage:359 - Loaded plugin cadmodel (category:power,tabindex:5)
2023-10-18 22:27:50,374 [INFO] PluginManage:310 - Check plugin clock
2023-10-18 22:27:50,410 [INFO] PluginManage:359 - Loaded plugin clock (category:base,tabindex:2)
2023-10-18 22:27:50,411 [INFO] PluginManage:310 - Check plugin ddr
2023-10-18 22:27:50,424 [INFO] PluginManage:359 - Loaded plugin ddr (category:tool,tabindex:6)
2023-10-18 22:27:50,425 [INFO] PluginManage:310 - Check plugin filemanager
2023-10-18 22:27:50,847 [INFO] PluginManage:359 - Loaded plugin filemanager (category:base,tabindex:10)
2023-10-18 22:27:50,850 [INFO] PluginManage:310 - Check plugin ipmanager
2023-10-18 22:27:50,919 [INFO] PluginManage:359 - Loaded plugin ipmanager (category:base,tabindex:5)
2023-10-18 22:27:50,920 [INFO] PluginManage:310 - Check plugin lpbam
2023-10-18 22:27:51,131 [INFO] PluginManage:359 - Loaded plugin lpbam (category:base,tabindex:0)
2023-10-18 22:27:51,132 [INFO] PluginManage:310 - Check plugin memorymap
2023-10-18 22:27:51,175 [INFO] PluginManage:359 - Loaded plugin memorymap (category:base,tabindex:4)
2023-10-18 22:27:51,176 [INFO] PluginManage:310 - Check plugin pinoutandconfiguration
2023-10-18 22:27:51,200 [INFO] PluginManage:359 - Loaded plugin pinoutandconfiguration (category:base,tabindex:1)
2023-10-18 22:27:51,201 [INFO] PluginManage:310 - Check plugin pinoutconfig
2023-10-18 22:27:51,476 [WARN] SupportedApi:132 - Cannot load RTOS API schema: s4s-elt-must-match.1: The content of 'definitions' must match (annotation?, (simpleType | complexType)?, (unique | key | keyref)*)). A problem was found starting at: attribute.
2023-10-18 22:27:52,025 [INFO] PluginManage:359 - Loaded plugin pinoutconfig (category:base,tabindex:0)
2023-10-18 22:27:52,026 [INFO] PluginManage:310 - Check plugin power
2023-10-18 22:27:52,055 [INFO] PluginManage:359 - Loaded plugin power (category:power,tabindex:4)
2023-10-18 22:27:52,055 [INFO] PluginManage:310 - Check plugin projectmanager
2023-10-18 22:27:52,093 [INFO] PluginManage:359 - Loaded plugin projectmanager (category:projectmanager,tabindex:3)
2023-10-18 22:27:52,093 [INFO] PluginManage:310 - Check plugin thirdparty
2023-10-18 22:27:52,592 [WARN] IntegrityCheckThread:84 - waiting for thirdparty lock release [integrity check]
2023-10-18 22:27:52,593 [INFO] IntegrityCheckThread:86 - entering critical section [integrity check]
2023-10-18 22:27:52,593 [INFO] ThirdPartyUpdaterWithRetryManager:70 - Updater plugin not ready yet. [1/15]
2023-10-18 22:27:52,599 [INFO] PluginManage:359 - Loaded plugin thirdparty (category:base,tabindex:-1)
2023-10-18 22:27:52,599 [INFO] PluginManage:310 - Check plugin tools
2023-10-18 22:27:52,606 [INFO] PluginManage:359 - Loaded plugin tools (category:base,tabindex:7)
2023-10-18 22:27:52,607 [INFO] PluginManage:310 - Check plugin tutovideos
2023-10-18 22:27:53,371 [INFO] PluginManage:359 - Loaded plugin tutovideos (category:base,tabindex:-1)
2023-10-18 22:27:53,373 [INFO] PluginManage:310 - Check plugin updater
2023-10-18 22:27:53,412 [INFO] PluginManage:359 - Loaded plugin updater (category:base,tabindex:12)
2023-10-18 22:27:53,413 [INFO] PluginManage:310 - Check plugin userauth
2023-10-18 22:27:53,428 [INFO] UserAuth:113 - Init User Auth plugin
2023-10-18 22:27:53,429 [INFO] PluginManage:359 - Loaded plugin userauth (category:base,tabindex:14)
2023-10-18 22:27:53,430 [INFO] PluginManage:283 - PluginManage : Loaded plugins [17]
2023-10-18 22:27:54,285 [INFO] PinOutPanel:1499 - setPackage(No Configuration,No Configuration)
2023-10-18 22:27:54,766 [INFO] CADModel:165 - CPN selected for project level
2023-10-18 22:27:54,766 [INFO] CADModel:114 - Register for checkConnection events
2023-10-18 22:27:54,818 [INFO] IPUIPlugin:80 - create IPUIPlugin
2023-10-18 22:27:54,820 [INFO] PluginManager:220 - loadIPPluginJar : add mdma
2023-10-18 22:27:54,844 [INFO] IPUIPlugin:80 - create IPUIPlugin
2023-10-18 22:27:54,847 [INFO] PluginManager:220 - loadIPPluginJar : add freertos
2023-10-18 22:27:54,867 [INFO] IPUIPlugin:80 - create IPUIPlugin
2023-10-18 22:27:54,868 [INFO] PluginManager:220 - loadIPPluginJar : add gic
2023-10-18 22:27:54,921 [INFO] IPUIPlugin:80 - create IPUIPlugin
2023-10-18 22:27:54,922 [INFO] PluginManager:220 - loadIPPluginJar : add adc
2023-10-18 22:27:54,931 [INFO] IPUIPlugin:80 - create IPUIPlugin
2023-10-18 22:27:54,931 [INFO] PluginManager:220 - loadIPPluginJar : add gtzc
2023-10-18 22:27:54,938 [INFO] IPUIPlugin:80 - create IPUIPlugin
2023-10-18 22:27:54,939 [INFO] PluginManager:220 - loadIPPluginJar : add quadspi
2023-10-18 22:27:54,954 [INFO] IPUIPlugin:80 - create IPUIPlugin
2023-10-18 22:27:54,954 [INFO] PluginManager:220 - loadIPPluginJar : add aes
2023-10-18 22:27:54,974 [INFO] IPUIPlugin:80 - create IPUIPlugin
2023-10-18 22:27:54,976 [INFO] PluginManager:220 - loadIPPluginJar : add pdm2pcm
2023-10-18 22:27:54,989 [INFO] IPUIPlugin:80 - create IPUIPlugin
2023-10-18 22:27:54,989 [INFO] PluginManager:220 - loadIPPluginJar : add hash
2023-10-18 22:27:54,994 [INFO] IPUIPlugin:80 - create IPUIPlugin
2023-10-18 22:27:54,994 [INFO] PluginManager:220 - loadIPPluginJar : add tim
2023-10-18 22:27:54,998 [INFO] IPUIPlugin:80 - create IPUIPlugin
2023-10-18 22:27:54,998 [INFO] PluginManager:220 - loadIPPluginJar : add tsc
2023-10-18 22:27:55,008 [INFO] IPUIPlugin:80 - create IPUIPlugin
2023-10-18 22:27:55,009 [INFO] PluginManager:220 - loadIPPluginJar : add ts
2023-10-18 22:27:55,017 [INFO] IPUIPlugin:80 - create IPUIPlugin
2023-10-18 22:27:55,017 [INFO] PluginManager:220 - loadIPPluginJar : add can
2023-10-18 22:27:55,035 [INFO] IPUIPlugin:80 - create IPUIPlugin
2023-10-18 22:27:55,036 [INFO] PluginManager:220 - loadIPPluginJar : add dma3
2023-10-18 22:27:55,042 [INFO] IPUIPlugin:80 - create IPUIPlugin
2023-10-18 22:27:55,042 [INFO] PluginManager:220 - loadIPPluginJar : add dfsdm
2023-10-18 22:27:55,060 [INFO] IPUIPlugin:80 - create IPUIPlugin
2023-10-18 22:27:55,060 [INFO] PluginManager:220 - loadIPPluginJar : add spi
2023-10-18 22:27:55,065 [INFO] IPUIPlugin:80 - create IPUIPlugin
2023-10-18 22:27:55,066 [INFO] PluginManager:220 - loadIPPluginJar : add gfxmmu
2023-10-18 22:27:55,069 [INFO] IPUIPlugin:80 - create IPUIPlugin
2023-10-18 22:27:55,069 [INFO] PluginManager:220 - loadIPPluginJar : add genericplugin
2023-10-18 22:27:55,076 [INFO] IPUIPlugin:80 - create IPUIPlugin
2023-10-18 22:27:55,076 [INFO] PluginManager:220 - loadIPPluginJar : add cryp
2023-10-18 22:27:55,086 [INFO] IPUIPlugin:80 - create IPUIPlugin
2023-10-18 22:27:55,088 [INFO] PluginManager:220 - loadIPPluginJar : add gpio
2023-10-18 22:27:55,092 [INFO] IPUIPlugin:80 - create IPUIPlugin
2023-10-18 22:27:55,092 [INFO] PluginManager:220 - loadIPPluginJar : add comp
2023-10-18 22:27:55,096 [INFO] IPUIPlugin:80 - create IPUIPlugin
2023-10-18 22:27:55,097 [INFO] PluginManager:220 - loadIPPluginJar : add tracer_emb
2023-10-18 22:27:55,117 [INFO] IPUIPlugin:80 - create IPUIPlugin
2023-10-18 22:27:55,118 [INFO] PluginManager:220 - loadIPPluginJar : add openamp
2023-10-18 22:27:55,138 [INFO] IPUIPlugin:80 - create IPUIPlugin
2023-10-18 22:27:55,139 [INFO] PluginManager:220 - loadIPPluginJar : add stm32_wpan
2023-10-18 22:27:55,165 [INFO] IPUIPlugin:80 - create IPUIPlugin
2023-10-18 22:27:55,173 [INFO] PluginManager:220 - loadIPPluginJar : add plateformsettings
2023-10-18 22:27:55,212 [INFO] IPUIPlugin:80 - create IPUIPlugin
2023-10-18 22:27:55,213 [INFO] PluginManager:220 - loadIPPluginJar : add ipddr
2023-10-18 22:27:55,226 [INFO] IPUIPlugin:80 - create IPUIPlugin
2023-10-18 22:27:55,226 [INFO] PluginManager:220 - loadIPPluginJar : add usart
2023-10-18 22:27:55,229 [INFO] IPUIPlugin:80 - create IPUIPlugin
2023-10-18 22:27:55,229 [INFO] PluginManager:220 - loadIPPluginJar : add ltdc
2023-10-18 22:27:55,247 [INFO] IPUIPlugin:80 - create IPUIPlugin
2023-10-18 22:27:55,248 [INFO] PluginManager:220 - loadIPPluginJar : add nvic
2023-10-18 22:27:55,251 [INFO] IPUIPlugin:80 - create IPUIPlugin
2023-10-18 22:27:55,251 [INFO] PluginManager:220 - loadIPPluginJar : add fatfs
2023-10-18 22:27:55,271 [INFO] IPUIPlugin:80 - create IPUIPlugin
2023-10-18 22:27:55,272 [INFO] PluginManager:220 - loadIPPluginJar : add linkedlist
2023-10-18 22:27:55,285 [INFO] IPUIPlugin:80 - create IPUIPlugin
2023-10-18 22:27:55,286 [INFO] PluginManager:220 - loadIPPluginJar : add dma
2023-10-18 22:27:55,297 [INFO] IPUIPlugin:80 - create IPUIPlugin
2023-10-18 22:27:55,297 [INFO] PluginManager:220 - loadIPPluginJar : add fmc
2023-10-18 22:27:55,303 [INFO] IPUIPlugin:80 - create IPUIPlugin
2023-10-18 22:27:55,303 [INFO] PluginManager:220 - loadIPPluginJar : add i2s
2023-10-18 22:27:55,307 [INFO] IPUIPlugin:80 - create IPUIPlugin
2023-10-18 22:27:55,308 [INFO] PluginManager:220 - loadIPPluginJar : add ucpd
2023-10-18 22:27:55,314 [INFO] IPUIPlugin:80 - create IPUIPlugin
2023-10-18 22:27:55,314 [INFO] PluginManager:220 - loadIPPluginJar : add lorawan
2023-10-18 22:27:55,321 [INFO] IPUIPlugin:80 - create IPUIPlugin
2023-10-18 22:27:55,321 [INFO] PluginManager:220 - loadIPPluginJar : add opamp
2023-10-18 22:27:55,329 [INFO] IPUIPlugin:80 - create IPUIPlugin
2023-10-18 22:27:55,329 [INFO] PluginManager:220 - loadIPPluginJar : add i3c
2023-10-18 22:27:55,338 [INFO] IPUIPlugin:80 - create IPUIPlugin
2023-10-18 22:27:55,338 [INFO] PluginManager:220 - loadIPPluginJar : add touchsensing
2023-10-18 22:27:55,344 [INFO] IPUIPlugin:80 - create IPUIPlugin
2023-10-18 22:27:55,344 [INFO] PluginManager:220 - loadIPPluginJar : add i2c
2023-10-18 22:27:55,353 [INFO] IPUIPlugin:80 - create IPUIPlugin
2023-10-18 22:27:55,353 [INFO] PluginManager:220 - loadIPPluginJar : add resmgrutility
2023-10-18 22:27:55,360 [INFO] IPUIPlugin:80 - create IPUIPlugin
2023-10-18 22:27:55,360 [INFO] PluginManager:220 - loadIPPluginJar : add sai
2023-10-18 22:27:55,366 [INFO] IPUIPlugin:80 - create IPUIPlugin
2023-10-18 22:27:55,367 [INFO] PluginManager:220 - loadIPPluginJar : add usbx
2023-10-18 22:27:55,505 [INFO] CADModel:165 - CPN selected for project level
2023-10-18 22:27:55,505 [INFO] CADModel:114 - Register for checkConnection events
2023-10-18 22:27:55,509 [FATAL] Updater:308 - Updater called before beeing initialized
2023-10-18 22:27:55,509 [ERROR] CADModel:125 - Updater not yet initialized, retry later 
2023-10-18 22:27:55,600 [INFO] ThirdPartyUpdaterWithRetryManager:70 - Updater plugin not ready yet. [2/15]
2023-10-18 22:27:56,296 [INFO] CADModel:165 - CPN selected for project level
2023-10-18 22:27:56,296 [INFO] CADModel:114 - Register for checkConnection events
2023-10-18 22:27:56,296 [FATAL] Updater:308 - Updater called before beeing initialized
2023-10-18 22:27:56,297 [ERROR] CADModel:125 - Updater not yet initialized, retry later 
2023-10-18 22:27:56,307 [FATAL] Updater:308 - Updater called before beeing initialized
2023-10-18 22:27:56,576 [FATAL] Updater:308 - Updater called before beeing initialized
2023-10-18 22:27:56,590 [INFO] DbMcusAds:53 - JSON generation date=Tue Mar 07 10:50:55 EET 2023 (1678179055114)
2023-10-18 22:27:56,590 [FATAL] Updater:308 - Updater called before beeing initialized
2023-10-18 22:27:56,858 [WARN] DetailPanel:346 - Failed to get advertising image, set to default
2023-10-18 22:27:57,474 [FATAL] Updater:308 - Updater called before beeing initialized
2023-10-18 22:27:57,482 [FATAL] Updater:308 - Updater called before beeing initialized
2023-10-18 22:27:57,483 [FATAL] Updater:308 - Updater called before beeing initialized
2023-10-18 22:27:57,483 [WARN] DetailPanel:346 - Failed to get advertising image, set to default
2023-10-18 22:27:57,485 [FATAL] Updater:308 - Updater called before beeing initialized
2023-10-18 22:27:57,627 [ERROR] Updater:1120 - MainUpdater not yet initialized. External WinMGr cannot be set.
2023-10-18 22:27:57,720 [INFO] Updater:1056 - Updater Version found : 6.9.2
2023-10-18 22:27:57,805 [INFO] ApplicationProperties:184 - Using Application install path: /Applications/STMicroelectronics/STM32CubeIDE.app/Contents/Eclipse/plugins/com.st.stm32cube.common.mx_6.9.2.202309101412
2023-10-18 22:27:58,403 [INFO] MainUpdater:2868 - connection check result : 10
2023-10-18 22:27:58,405 [INFO] MainUpdater:285 - Updater Check For Update Now.
2023-10-18 22:27:58,405 [INFO] MicroXplorer:498 - Change Database Version : DB.6.0.92
2023-10-18 22:27:58,445 [INFO] McuFinderGlobals:63 - Set McuFinder mode to 2 (CubeIDE integrated)
2023-10-18 22:27:58,602 [WARN] MainUpdater:1189 - Updater busy. Cannot search thirdparties
2023-10-18 22:27:58,607 [INFO] ThirdPartyUpdaterWithRetryManager:96 - Updater plugin is busy. [1/15]
2023-10-18 22:27:58,728 [INFO] CheckServerUpdateThread:120 - End of CheckServer Thread
2023-10-18 22:28:01,968 [WARN] PackLoader:240 - Cannot read IP mode file for STMicroelectronics.X-CUBE-SMBUS.2.1.0
2023-10-18 22:28:02,111 [WARN] PackLoader:240 - Cannot read IP mode file for STMicroelectronics.X-CUBE-AZRTOS-F7.1.1.0
2023-10-18 22:28:02,163 [WARN] PackLoader:240 - Cannot read IP mode file for STMicroelectronics.FP-SNS-MOTENV1.4.3.2
2023-10-18 22:28:02,180 [WARN] PackLoader:240 - Cannot read IP mode file for STMicroelectronics.FP-SNS-FLIGHT1.5.0.2
2023-10-18 22:28:02,206 [WARN] PackLoader:240 - Cannot read IP mode file for STMicroelectronics.X-CUBE-DISPLAY.3.0.0
2023-10-18 22:28:02,267 [WARN] PackLoader:240 - Cannot read IP mode file for STMicroelectronics.X-CUBE-BLE1.7.0.0
2023-10-18 22:28:02,292 [WARN] PackLoader:240 - Cannot read IP mode file for emotas.I-CUBE-CANOPEN.1.3.0
2023-10-18 22:28:02,348 [WARN] PackLoader:240 - Cannot read IP mode file for STMicroelectronics.X-CUBE-TOUCHGFX.4.22.0
2023-10-18 22:28:02,368 [WARN] PackLoader:240 - Cannot read IP mode file for STMicroelectronics.X-CUBE-TOUCHGFX.4.22.1
2023-10-18 22:28:02,390 [WARN] PackLoader:240 - Cannot read IP mode file for STMicroelectronics.FP-SNS-SMARTAG2.1.2.0
2023-10-18 22:28:02,448 [INFO] LogOutputStream:77 - [STDOUT_REDIRECT] 1 : Invalid condition id : UX_CORESTACK_Condition cause : null
2023-10-18 22:28:02,451 [INFO] LogOutputStream:77 - [STDOUT_REDIRECT] 1 : Invalid condition id : UX_CORESTACK_Condition cause : null
2023-10-18 22:28:02,452 [INFO] LogOutputStream:77 - [STDOUT_REDIRECT] 1 : Invalid condition id : UX_CORESTACK_Condition cause : null
2023-10-18 22:28:02,453 [INFO] LogOutputStream:77 - [STDOUT_REDIRECT] 1 : Invalid condition id : UX_CORESTACK_Condition cause : null
2023-10-18 22:28:02,454 [INFO] LogOutputStream:77 - [STDOUT_REDIRECT] 1 : Invalid condition id : UX_CORESTACK_Condition cause : null
2023-10-18 22:28:02,471 [WARN] PackLoader:240 - Cannot read IP mode file for STMicroelectronics.X-CUBE-AZRTOS-WL.2.0.0
2023-10-18 22:28:02,554 [WARN] PackLoader:240 - Cannot read IP mode file for WES.I-CUBE-Cesium.1.3.0
2023-10-18 22:28:02,569 [WARN] PackLoader:240 - Cannot read IP mode file for STMicroelectronics.X-CUBE-BLE2.3.3.0
2023-10-18 22:28:02,623 [WARN] PackLoader:240 - Cannot read IP mode file for STMicroelectronics.X-CUBE-ALGOBUILD.1.3.0
2023-10-18 22:28:02,797 [WARN] PackLoader:240 - Cannot read IP mode file for STMicroelectronics.X-CUBE-AZRTOS-G0.1.1.0
2023-10-18 22:28:02,841 [WARN] PackLoader:240 - Cannot read IP mode file for STMicroelectronics.X-CUBE-NFC4.3.0.0
2023-10-18 22:28:02,865 [WARN] PackLoader:240 - Cannot read IP mode file for STMicroelectronics.FP-ATR-SIGFOX1.3.2.0
2023-10-18 22:28:03,064 [WARN] PackLoader:240 - Cannot read IP mode file for SEGGER.I-CUBE-embOS.1.3.1
2023-10-18 22:28:03,293 [WARN] PackLoader:240 - Cannot read IP mode file for STMicroelectronics.X-CUBE-GNSS1.6.0.0
2023-10-18 22:28:03,403 [WARN] PackLoader:240 - Cannot read IP mode file for STMicroelectronics.X-CUBE-AZRTOS-F4.1.1.0
2023-10-18 22:28:03,423 [WARN] PackLoader:240 - Cannot read IP mode file for wolfSSL.I-CUBE-wolfSSL.5.6.3
2023-10-18 22:28:03,536 [WARN] PackLoader:240 - Cannot read IP mode file for STMicroelectronics.X-CUBE-AZRTOS-L5.2.0.0
2023-10-18 22:28:03,816 [WARN] PackLoader:240 - Cannot read IP mode file for STMicroelectronics.X-CUBE-MEMS1.9.6.0
2023-10-18 22:28:04,616 [WARN] PackLoader:240 - Cannot read IP mode file for ITTIA_DB.I-CUBE-ITTIADB.8.8.0
2023-10-18 22:28:04,646 [WARN] PackLoader:240 - Cannot read IP mode file for STMicroelectronics.X-CUBE-BLEMGR.2.0.0
2023-10-18 22:28:04,823 [WARN] ConditionMgr:438 - getConditionDescription Invalid condition id : UX DEVICE CLASS RTOS Condition cause : null
2023-10-18 22:28:04,824 [WARN] ConditionMgr:438 - getConditionDescription Invalid condition id : UX DEVICE CLASS RTOS Condition cause : null
2023-10-18 22:28:04,834 [WARN] PackLoader:240 - Cannot read IP mode file for STMicroelectronics.X-CUBE-AZRTOS-H7.3.1.0
2023-10-18 22:28:04,860 [WARN] ConditionMgr:1039 - genDependencies : Invalid condition id : UX DEVICE CLASS RTOS Condition cause : null
2023-10-18 22:28:04,861 [WARN] ConditionMgr:1039 - genDependencies : Invalid condition id : UX DEVICE CLASS RTOS Condition cause : null
2023-10-18 22:28:04,863 [WARN] ConditionMgr:1039 - genDependencies : Invalid condition id : UX DEVICE CLASS RTOS Condition cause : null
2023-10-18 22:28:04,864 [WARN] ConditionMgr:1039 - genDependencies : Invalid condition id : UX DEVICE CLASS RTOS Condition cause : null
2023-10-18 22:28:04,865 [WARN] ConditionMgr:1039 - genDependencies : Invalid condition id : UX DEVICE CLASS RTOS Condition cause : null
2023-10-18 22:28:04,896 [WARN] PackLoader:240 - Cannot read IP mode file for STMicroelectronics.X-CUBE-NFC7.1.0.1
2023-10-18 22:28:04,925 [WARN] PackLoader:240 - Cannot read IP mode file for STMicroelectronics.X-CUBE-NFC6.3.0.0
2023-10-18 22:28:04,945 [WARN] PackLoader:240 - Cannot read IP mode file for STMicroelectronics.X-CUBE-EEPRMA1.4.1.0
2023-10-18 22:28:04,955 [WARN] PackLoader:240 - Cannot read IP mode file for STMicroelectronics.X-CUBE-AI.8.1.0
2023-10-18 22:28:05,035 [WARN] ConditionMgr:438 - getConditionDescription Invalid condition id : LAN8742 Phy interface Condition cause : null
2023-10-18 22:28:05,037 [WARN] PackLoader:240 - Cannot read IP mode file for STMicroelectronics.X-CUBE-AZRTOS-L4.2.0.0
2023-10-18 22:28:05,041 [WARN] ConditionMgr:1039 - genDependencies : Invalid condition id : LAN8742 Phy interface Condition cause : null
2023-10-18 22:28:05,042 [WARN] ConditionMgr:1039 - genDependencies : Invalid condition id : LAN8742 Phy interface Condition cause : null
2023-10-18 22:28:05,044 [WARN] ConditionMgr:1039 - genDependencies : Invalid condition id : LAN8742 Phy interface Condition cause : null
2023-10-18 22:28:05,065 [WARN] PackLoader:240 - Cannot read IP mode file for STMicroelectronics.X-CUBE-SFXS2LP1.4.0.0
2023-10-18 22:28:05,077 [WARN] PackLoader:240 - Cannot read IP mode file for STMicroelectronics.X-CUBE-ISPU.1.1.0
2023-10-18 22:28:05,119 [WARN] ConditionMgr:438 - getConditionDescription Invalid condition id : UX DEVICE CLASS RTOS Condition cause : null
2023-10-18 22:28:05,120 [WARN] ConditionMgr:438 - getConditionDescription Invalid condition id : UX DEVICE CLASS RTOS Condition cause : null
2023-10-18 22:28:05,127 [WARN] PackLoader:240 - Cannot read IP mode file for STMicroelectronics.X-CUBE-AZRTOS-WB.2.0.0
2023-10-18 22:28:05,129 [WARN] ConditionMgr:1039 - genDependencies : Invalid condition id : UX DEVICE CLASS RTOS Condition cause : null
2023-10-18 22:28:05,129 [WARN] ConditionMgr:1039 - genDependencies : Invalid condition id : UX DEVICE CLASS RTOS Condition cause : null
2023-10-18 22:28:05,131 [WARN] ConditionMgr:1039 - genDependencies : Invalid condition id : UX DEVICE CLASS RTOS Condition cause : null
2023-10-18 22:28:05,132 [WARN] ConditionMgr:1039 - genDependencies : Invalid condition id : UX DEVICE CLASS RTOS Condition cause : null
2023-10-18 22:28:05,132 [WARN] ConditionMgr:1039 - genDependencies : Invalid condition id : UX DEVICE CLASS RTOS Condition cause : null
2023-10-18 22:28:05,182 [WARN] PackLoader:240 - Cannot read IP mode file for STMicroelectronics.X-CUBE-SUBG2.5.0.0
2023-10-18 22:28:05,237 [WARN] PackLoader:240 - Cannot read IP mode file for STMicroelectronics.X-CUBE-TOF1.3.3.1
2023-10-18 22:28:05,355 [WARN] PackLoader:240 - Cannot read IP mode file for STMicroelectronics.X-CUBE-AZRTOS-G4.2.0.0
2023-10-18 22:28:05,396 [WARN] PackLoader:240 - Cannot read IP mode file for Infineon.AIROC-Wi-Fi-Bluetooth-STM32.1.5.1
2023-10-18 22:28:05,422 [WARN] PackLoader:240 - Cannot read IP mode file for STMicroelectronics.X-CUBE-FREERTOS.1.1.0
2023-10-18 22:28:05,446 [WARN] PackLoader:240 - Cannot read IP mode file for portGmbH.I-Cube-SoM-uGOAL.1.1.0
2023-10-18 22:28:05,712 [WARN] PackLoader:240 - Cannot read IP mode file for STMicroelectronics.X-CUBE-ALS.1.0.1
2023-10-18 22:28:05,721 [WARN] PackLoader:240 - Cannot read IP mode file for STMicroelectronics.FP-ATR-ASTRA1.2.0.0
2023-10-18 22:28:05,722 [INFO] ThirdParty:978 - Integrity check success = true
2023-10-18 22:28:05,723 [INFO] IntegrityCheckThread:100 - exiting critical section [integrity check]
2023-10-18 22:28:05,723 [INFO] IntegrityCheckThread:103 - End integrity checks thread
