2023-11-07 13:14:04,343 [INFO] Activator:176 - 


2023-11-07 13:14:04,356 [INFO] Activator:177 - !SESSION log4j initialized
2023-11-07 13:14:14,845 [INFO] LogOutputStream:77 - [STDOUT_REDIRECT] 
2023-11-07 13:14:16,680 [ERROR] LogOutputStream:75 - [STDERR_REDIRECT] 
2023-11-07 13:14:17,736 [INFO] LogOutputStream:77 - [STDOUT_REDIRECT] 
2023-11-07 13:14:18,129 [INFO] ApplicationProperties:184 - Using Application install path: /Applications/STMicroelectronics/STM32CubeIDE.app/Contents/Eclipse/plugins/com.st.stm32cube.common.mx_6.9.2.202309101412
2023-11-07 13:14:18,164 [INFO] DbMcusXml:78 - Set database path to: /Applications/STMicroelectronics/STM32CubeIDE.app/Contents/Eclipse/plugins/com.st.stm32cube.common.mx_6.9.2.202309101412//db//mcu/
2023-11-07 13:14:18,165 [INFO] ApiDb:274 - Set plugin database path to: /Applications/STMicroelectronics/STM32CubeIDE.app/Contents/Eclipse/plugins/com.st.stm32cube.common.mx_6.9.2.202309101412//db//plugins/boardmanager/
2023-11-07 13:14:18,166 [WARN] ApiDb:259 - Overriding images path with different value:  => /Applications/STMicroelectronics/STM32CubeIDE.app/Contents/Eclipse/plugins/com.st.stm32cube.common.mx_6.9.2.202309101412//db//plugins/mcufinder/images/
2023-11-07 13:14:18,192 [INFO] ApiDb:250 - Set database path to: /Users/romanlobach/.stmcufinder/plugins/mcufinder//mcu/
2023-11-07 13:14:18,195 [INFO] DbMcusAds:125 - Set database path to: /Users/romanlobach/.stmcufinder/plugins/mcufinder//mcu/
2023-11-07 13:14:18,201 [INFO] CrossReferenceDbSqlite:203 - Set database path to: /Users/romanlobach/.stmcufinder/plugins/mcufinder//mcu/cs/
2023-11-07 13:14:18,444 [INFO] RulesReader:64 - Compatibility file has been processed (293 Rules)
2023-11-07 13:14:18,598 [INFO] DbMcusXml:78 - Set database path to: /Applications/STMicroelectronics/STM32CubeIDE.app/Contents/Eclipse/plugins/com.st.stm32cube.common.mx_6.9.2.202309101412//db//mcu/
2023-11-07 13:14:18,598 [INFO] ApiDb:274 - Set plugin database path to: /Applications/STMicroelectronics/STM32CubeIDE.app/Contents/Eclipse/plugins/com.st.stm32cube.common.mx_6.9.2.202309101412//db//plugins/boardmanager/
2023-11-07 13:14:18,599 [INFO] ApiDb:261 - Set plugin images path to: /Applications/STMicroelectronics/STM32CubeIDE.app/Contents/Eclipse/plugins/com.st.stm32cube.common.mx_6.9.2.202309101412//db//plugins/mcufinder/images/
2023-11-07 13:14:18,599 [WARN] DbFile:41 - Overriding database path with different value: /Users/romanlobach/.stmcufinder/plugins/mcufinder/ => /Users/romanlobach/.stmcufinder/plugins/mcufinder
2023-11-07 13:14:18,599 [INFO] ApiDb:250 - Set database path to: /Users/romanlobach/.stmcufinder/plugins/mcufinder//mcu/
2023-11-07 13:14:18,600 [WARN] DbFile:41 - Overriding database path with different value: /Users/romanlobach/.stmcufinder/plugins/mcufinder/ => /Users/romanlobach/.stmcufinder/plugins/mcufinder
2023-11-07 13:14:18,600 [INFO] DbMcusAds:125 - Set database path to: /Users/romanlobach/.stmcufinder/plugins/mcufinder//mcu/
2023-11-07 13:14:18,600 [WARN] DbFile:41 - Overriding database path with different value: /Users/romanlobach/.stmcufinder/plugins/mcufinder/ => /Users/romanlobach/.stmcufinder/plugins/mcufinder
2023-11-07 13:14:18,600 [WARN] DbFile:41 - Overriding database path with different value: /Users/romanlobach/.stmcufinder/plugins/mcufinder/ => /Users/romanlobach/.stmcufinder/plugins/mcufinder
2023-11-07 13:14:18,600 [INFO] CrossReferenceDbSqlite:203 - Set database path to: /Users/romanlobach/.stmcufinder/plugins/mcufinder//mcu/cs/
2023-11-07 13:14:18,755 [INFO] MainPanel:262 - HeapMemory: 268435456
2023-11-07 13:14:19,049 [INFO] DbMcusXml:78 - Set database path to: /Applications/STMicroelectronics/STM32CubeIDE.app/Contents/Eclipse/plugins/com.st.stm32cube.common.mx_6.9.2.202309101412//db//mcu/
2023-11-07 13:14:19,049 [INFO] ApiDb:274 - Set plugin database path to: /Applications/STMicroelectronics/STM32CubeIDE.app/Contents/Eclipse/plugins/com.st.stm32cube.common.mx_6.9.2.202309101412//db//plugins/boardmanager/
2023-11-07 13:14:19,050 [INFO] ApiDb:261 - Set plugin images path to: /Applications/STMicroelectronics/STM32CubeIDE.app/Contents/Eclipse/plugins/com.st.stm32cube.common.mx_6.9.2.202309101412//db//plugins/mcufinder/images/
2023-11-07 13:14:19,051 [WARN] DbFile:41 - Overriding database path with different value: /Users/romanlobach/.stmcufinder/plugins/mcufinder/ => /Users/romanlobach/.stmcufinder/plugins/mcufinder
2023-11-07 13:14:19,052 [INFO] ApiDb:250 - Set database path to: /Users/romanlobach/.stmcufinder/plugins/mcufinder//mcu/
2023-11-07 13:14:19,052 [WARN] DbFile:41 - Overriding database path with different value: /Users/romanlobach/.stmcufinder/plugins/mcufinder/ => /Users/romanlobach/.stmcufinder/plugins/mcufinder
2023-11-07 13:14:19,052 [INFO] DbMcusAds:125 - Set database path to: /Users/romanlobach/.stmcufinder/plugins/mcufinder//mcu/
2023-11-07 13:14:19,052 [WARN] DbFile:41 - Overriding database path with different value: /Users/romanlobach/.stmcufinder/plugins/mcufinder/ => /Users/romanlobach/.stmcufinder/plugins/mcufinder
2023-11-07 13:14:19,052 [WARN] DbFile:41 - Overriding database path with different value: /Users/romanlobach/.stmcufinder/plugins/mcufinder/ => /Users/romanlobach/.stmcufinder/plugins/mcufinder
2023-11-07 13:14:19,053 [INFO] CrossReferenceDbSqlite:203 - Set database path to: /Users/romanlobach/.stmcufinder/plugins/mcufinder//mcu/cs/
2023-11-07 13:14:19,089 [INFO] ApplicationProperties:184 - Using Application install path: /Applications/STMicroelectronics/STM32CubeIDE.app/Contents/Eclipse/plugins/com.st.stm32cube.common.mx_6.9.2.202309101412
2023-11-07 13:14:19,091 [INFO] PluginManage:196 - Search for loadable plugins [exclusion list=, ]
2023-11-07 13:14:19,094 [INFO] PluginManage:310 - Check plugin analytics
2023-11-07 13:14:19,484 [INFO] AnalyticsPlugin:253 - Accepted Software Licenses: STM32CubeMX.6.9.1,STM32CubeMX.6.9.2
2023-11-07 13:14:19,484 [INFO] AnalyticsPlugin:255 - Accepted CMSIS Pack Licenses: 
2023-11-07 13:14:19,485 [INFO] AnalyticsPlugin:257 - Accepted Firmware Licenses: FW.F7.1.17.0
2023-11-07 13:14:19,492 [INFO] PluginManage:359 - Loaded plugin analytics (category:tool,tabindex:-1)
2023-11-07 13:14:19,492 [INFO] PluginManage:310 - Check plugin cadmodel
2023-11-07 13:14:21,036 [INFO] CADModel:105 - Init CAD model plugin
2023-11-07 13:14:21,038 [INFO] PluginManage:359 - Loaded plugin cadmodel (category:power,tabindex:5)
2023-11-07 13:14:21,038 [INFO] PluginManage:310 - Check plugin clock
2023-11-07 13:14:21,063 [INFO] PluginManage:359 - Loaded plugin clock (category:base,tabindex:2)
2023-11-07 13:14:21,064 [INFO] PluginManage:310 - Check plugin ddr
2023-11-07 13:14:21,072 [INFO] PluginManage:359 - Loaded plugin ddr (category:tool,tabindex:6)
2023-11-07 13:14:21,073 [INFO] PluginManage:310 - Check plugin filemanager
2023-11-07 13:14:21,376 [INFO] PluginManage:359 - Loaded plugin filemanager (category:base,tabindex:10)
2023-11-07 13:14:21,377 [INFO] PluginManage:310 - Check plugin ipmanager
2023-11-07 13:14:21,389 [INFO] PluginManage:359 - Loaded plugin ipmanager (category:base,tabindex:5)
2023-11-07 13:14:21,390 [INFO] PluginManage:310 - Check plugin lpbam
2023-11-07 13:14:21,414 [INFO] PluginManage:359 - Loaded plugin lpbam (category:base,tabindex:0)
2023-11-07 13:14:21,414 [INFO] PluginManage:310 - Check plugin memorymap
2023-11-07 13:14:21,459 [INFO] PluginManage:359 - Loaded plugin memorymap (category:base,tabindex:4)
2023-11-07 13:14:21,460 [INFO] PluginManage:310 - Check plugin pinoutandconfiguration
2023-11-07 13:14:21,482 [INFO] PluginManage:359 - Loaded plugin pinoutandconfiguration (category:base,tabindex:1)
2023-11-07 13:14:21,483 [INFO] PluginManage:310 - Check plugin pinoutconfig
2023-11-07 13:14:21,720 [WARN] SupportedApi:132 - Cannot load RTOS API schema: s4s-elt-must-match.1: The content of 'definitions' must match (annotation?, (simpleType | complexType)?, (unique | key | keyref)*)). A problem was found starting at: attribute.
2023-11-07 13:14:22,098 [INFO] PluginManage:359 - Loaded plugin pinoutconfig (category:base,tabindex:0)
2023-11-07 13:14:22,099 [INFO] PluginManage:310 - Check plugin power
2023-11-07 13:14:22,124 [INFO] PluginManage:359 - Loaded plugin power (category:power,tabindex:4)
2023-11-07 13:14:22,125 [INFO] PluginManage:310 - Check plugin projectmanager
2023-11-07 13:14:22,155 [INFO] PluginManage:359 - Loaded plugin projectmanager (category:projectmanager,tabindex:3)
2023-11-07 13:14:22,155 [INFO] PluginManage:310 - Check plugin thirdparty
2023-11-07 13:14:22,485 [WARN] IntegrityCheckThread:84 - waiting for thirdparty lock release [integrity check]
2023-11-07 13:14:22,486 [INFO] PluginManage:359 - Loaded plugin thirdparty (category:base,tabindex:-1)
2023-11-07 13:14:22,486 [INFO] IntegrityCheckThread:86 - entering critical section [integrity check]
2023-11-07 13:14:22,486 [INFO] PluginManage:310 - Check plugin tools
2023-11-07 13:14:22,486 [INFO] ThirdPartyUpdaterWithRetryManager:70 - Updater plugin not ready yet. [1/15]
2023-11-07 13:14:22,491 [INFO] PluginManage:359 - Loaded plugin tools (category:base,tabindex:7)
2023-11-07 13:14:22,491 [INFO] PluginManage:310 - Check plugin tutovideos
2023-11-07 13:14:23,095 [INFO] PluginManage:359 - Loaded plugin tutovideos (category:base,tabindex:-1)
2023-11-07 13:14:23,096 [INFO] PluginManage:310 - Check plugin updater
2023-11-07 13:14:23,119 [INFO] PluginManage:359 - Loaded plugin updater (category:base,tabindex:12)
2023-11-07 13:14:23,119 [INFO] PluginManage:310 - Check plugin userauth
2023-11-07 13:14:23,129 [INFO] UserAuth:113 - Init User Auth plugin
2023-11-07 13:14:23,129 [INFO] PluginManage:359 - Loaded plugin userauth (category:base,tabindex:14)
2023-11-07 13:14:23,130 [INFO] PluginManage:283 - PluginManage : Loaded plugins [17]
2023-11-07 13:14:23,566 [INFO] PinOutPanel:1499 - setPackage(No Configuration,No Configuration)
2023-11-07 13:14:23,774 [INFO] CADModel:165 - CPN selected for project level
2023-11-07 13:14:23,775 [INFO] CADModel:114 - Register for checkConnection events
2023-11-07 13:14:23,802 [INFO] IPUIPlugin:80 - create IPUIPlugin
2023-11-07 13:14:23,803 [INFO] PluginManager:220 - loadIPPluginJar : add mdma
2023-11-07 13:14:23,817 [INFO] IPUIPlugin:80 - create IPUIPlugin
2023-11-07 13:14:23,817 [INFO] PluginManager:220 - loadIPPluginJar : add freertos
2023-11-07 13:14:23,833 [INFO] IPUIPlugin:80 - create IPUIPlugin
2023-11-07 13:14:23,833 [INFO] PluginManager:220 - loadIPPluginJar : add gic
2023-11-07 13:14:23,859 [INFO] IPUIPlugin:80 - create IPUIPlugin
2023-11-07 13:14:23,859 [INFO] PluginManager:220 - loadIPPluginJar : add adc
2023-11-07 13:14:23,868 [INFO] IPUIPlugin:80 - create IPUIPlugin
2023-11-07 13:14:23,868 [INFO] PluginManager:220 - loadIPPluginJar : add gtzc
2023-11-07 13:14:23,872 [INFO] IPUIPlugin:80 - create IPUIPlugin
2023-11-07 13:14:23,873 [INFO] PluginManager:220 - loadIPPluginJar : add quadspi
2023-11-07 13:14:23,880 [INFO] IPUIPlugin:80 - create IPUIPlugin
2023-11-07 13:14:23,880 [INFO] PluginManager:220 - loadIPPluginJar : add aes
2023-11-07 13:14:23,889 [INFO] IPUIPlugin:80 - create IPUIPlugin
2023-11-07 13:14:23,889 [INFO] PluginManager:220 - loadIPPluginJar : add pdm2pcm
2023-11-07 13:14:23,894 [INFO] IPUIPlugin:80 - create IPUIPlugin
2023-11-07 13:14:23,895 [INFO] PluginManager:220 - loadIPPluginJar : add hash
2023-11-07 13:14:23,898 [INFO] IPUIPlugin:80 - create IPUIPlugin
2023-11-07 13:14:23,898 [INFO] PluginManager:220 - loadIPPluginJar : add tim
2023-11-07 13:14:23,901 [INFO] IPUIPlugin:80 - create IPUIPlugin
2023-11-07 13:14:23,902 [INFO] PluginManager:220 - loadIPPluginJar : add tsc
2023-11-07 13:14:23,905 [INFO] IPUIPlugin:80 - create IPUIPlugin
2023-11-07 13:14:23,905 [INFO] PluginManager:220 - loadIPPluginJar : add ts
2023-11-07 13:14:23,910 [INFO] IPUIPlugin:80 - create IPUIPlugin
2023-11-07 13:14:23,911 [INFO] PluginManager:220 - loadIPPluginJar : add can
2023-11-07 13:14:23,915 [INFO] IPUIPlugin:80 - create IPUIPlugin
2023-11-07 13:14:23,915 [INFO] PluginManager:220 - loadIPPluginJar : add dma3
2023-11-07 13:14:23,919 [INFO] IPUIPlugin:80 - create IPUIPlugin
2023-11-07 13:14:23,919 [INFO] PluginManager:220 - loadIPPluginJar : add dfsdm
2023-11-07 13:14:23,924 [INFO] IPUIPlugin:80 - create IPUIPlugin
2023-11-07 13:14:23,924 [INFO] PluginManager:220 - loadIPPluginJar : add spi
2023-11-07 13:14:23,929 [INFO] IPUIPlugin:80 - create IPUIPlugin
2023-11-07 13:14:23,929 [INFO] PluginManager:220 - loadIPPluginJar : add gfxmmu
2023-11-07 13:14:23,932 [INFO] IPUIPlugin:80 - create IPUIPlugin
2023-11-07 13:14:23,932 [INFO] PluginManager:220 - loadIPPluginJar : add genericplugin
2023-11-07 13:14:23,938 [INFO] IPUIPlugin:80 - create IPUIPlugin
2023-11-07 13:14:23,938 [INFO] PluginManager:220 - loadIPPluginJar : add cryp
2023-11-07 13:14:23,947 [INFO] IPUIPlugin:80 - create IPUIPlugin
2023-11-07 13:14:23,948 [INFO] PluginManager:220 - loadIPPluginJar : add gpio
2023-11-07 13:14:23,951 [INFO] IPUIPlugin:80 - create IPUIPlugin
2023-11-07 13:14:23,951 [INFO] PluginManager:220 - loadIPPluginJar : add comp
2023-11-07 13:14:23,955 [INFO] IPUIPlugin:80 - create IPUIPlugin
2023-11-07 13:14:23,956 [INFO] PluginManager:220 - loadIPPluginJar : add tracer_emb
2023-11-07 13:14:23,961 [INFO] IPUIPlugin:80 - create IPUIPlugin
2023-11-07 13:14:23,961 [INFO] PluginManager:220 - loadIPPluginJar : add openamp
2023-11-07 13:14:23,971 [INFO] IPUIPlugin:80 - create IPUIPlugin
2023-11-07 13:14:23,971 [INFO] PluginManager:220 - loadIPPluginJar : add stm32_wpan
2023-11-07 13:14:23,989 [INFO] IPUIPlugin:80 - create IPUIPlugin
2023-11-07 13:14:23,995 [INFO] PluginManager:220 - loadIPPluginJar : add plateformsettings
2023-11-07 13:14:24,004 [INFO] IPUIPlugin:80 - create IPUIPlugin
2023-11-07 13:14:24,004 [INFO] PluginManager:220 - loadIPPluginJar : add ipddr
2023-11-07 13:14:24,011 [INFO] IPUIPlugin:80 - create IPUIPlugin
2023-11-07 13:14:24,011 [INFO] PluginManager:220 - loadIPPluginJar : add usart
2023-11-07 13:14:24,015 [INFO] IPUIPlugin:80 - create IPUIPlugin
2023-11-07 13:14:24,015 [INFO] PluginManager:220 - loadIPPluginJar : add ltdc
2023-11-07 13:14:24,029 [INFO] IPUIPlugin:80 - create IPUIPlugin
2023-11-07 13:14:24,029 [INFO] PluginManager:220 - loadIPPluginJar : add nvic
2023-11-07 13:14:24,033 [INFO] IPUIPlugin:80 - create IPUIPlugin
2023-11-07 13:14:24,033 [INFO] PluginManager:220 - loadIPPluginJar : add fatfs
2023-11-07 13:14:24,053 [INFO] IPUIPlugin:80 - create IPUIPlugin
2023-11-07 13:14:24,053 [INFO] PluginManager:220 - loadIPPluginJar : add linkedlist
2023-11-07 13:14:24,068 [INFO] IPUIPlugin:80 - create IPUIPlugin
2023-11-07 13:14:24,068 [INFO] PluginManager:220 - loadIPPluginJar : add dma
2023-11-07 13:14:24,081 [INFO] IPUIPlugin:80 - create IPUIPlugin
2023-11-07 13:14:24,081 [INFO] PluginManager:220 - loadIPPluginJar : add fmc
2023-11-07 13:14:24,089 [INFO] IPUIPlugin:80 - create IPUIPlugin
2023-11-07 13:14:24,090 [INFO] PluginManager:220 - loadIPPluginJar : add i2s
2023-11-07 13:14:24,095 [INFO] IPUIPlugin:80 - create IPUIPlugin
2023-11-07 13:14:24,095 [INFO] PluginManager:220 - loadIPPluginJar : add ucpd
2023-11-07 13:14:24,101 [INFO] IPUIPlugin:80 - create IPUIPlugin
2023-11-07 13:14:24,101 [INFO] PluginManager:220 - loadIPPluginJar : add lorawan
2023-11-07 13:14:24,107 [INFO] IPUIPlugin:80 - create IPUIPlugin
2023-11-07 13:14:24,107 [INFO] PluginManager:220 - loadIPPluginJar : add opamp
2023-11-07 13:14:24,114 [INFO] IPUIPlugin:80 - create IPUIPlugin
2023-11-07 13:14:24,115 [INFO] PluginManager:220 - loadIPPluginJar : add i3c
2023-11-07 13:14:24,122 [INFO] IPUIPlugin:80 - create IPUIPlugin
2023-11-07 13:14:24,122 [INFO] PluginManager:220 - loadIPPluginJar : add touchsensing
2023-11-07 13:14:24,128 [INFO] IPUIPlugin:80 - create IPUIPlugin
2023-11-07 13:14:24,128 [INFO] PluginManager:220 - loadIPPluginJar : add i2c
2023-11-07 13:14:24,136 [INFO] IPUIPlugin:80 - create IPUIPlugin
2023-11-07 13:14:24,137 [INFO] PluginManager:220 - loadIPPluginJar : add resmgrutility
2023-11-07 13:14:24,143 [INFO] IPUIPlugin:80 - create IPUIPlugin
2023-11-07 13:14:24,144 [INFO] PluginManager:220 - loadIPPluginJar : add sai
2023-11-07 13:14:24,149 [INFO] IPUIPlugin:80 - create IPUIPlugin
2023-11-07 13:14:24,150 [INFO] PluginManager:220 - loadIPPluginJar : add usbx
2023-11-07 13:14:24,278 [INFO] CADModel:165 - CPN selected for project level
2023-11-07 13:14:24,279 [INFO] CADModel:114 - Register for checkConnection events
2023-11-07 13:14:24,279 [FATAL] Updater:308 - Updater called before beeing initialized
2023-11-07 13:14:24,280 [ERROR] CADModel:125 - Updater not yet initialized, retry later 
2023-11-07 13:14:24,595 [INFO] CADModel:165 - CPN selected for project level
2023-11-07 13:14:24,595 [INFO] CADModel:114 - Register for checkConnection events
2023-11-07 13:14:24,595 [FATAL] Updater:308 - Updater called before beeing initialized
2023-11-07 13:14:24,595 [ERROR] CADModel:125 - Updater not yet initialized, retry later 
2023-11-07 13:14:24,602 [FATAL] Updater:308 - Updater called before beeing initialized
2023-11-07 13:14:24,762 [FATAL] Updater:308 - Updater called before beeing initialized
2023-11-07 13:14:24,773 [INFO] DbMcusAds:53 - JSON generation date=Tue Mar 07 10:50:55 EET 2023 (1678179055335)
2023-11-07 13:14:24,774 [FATAL] Updater:308 - Updater called before beeing initialized
2023-11-07 13:14:24,914 [WARN] DetailPanel:346 - Failed to get advertising image, set to default
2023-11-07 13:14:25,036 [FATAL] Updater:308 - Updater called before beeing initialized
2023-11-07 13:14:25,040 [FATAL] Updater:308 - Updater called before beeing initialized
2023-11-07 13:14:25,041 [FATAL] Updater:308 - Updater called before beeing initialized
2023-11-07 13:14:25,041 [WARN] DetailPanel:346 - Failed to get advertising image, set to default
2023-11-07 13:14:25,042 [FATAL] Updater:308 - Updater called before beeing initialized
2023-11-07 13:14:25,106 [ERROR] Updater:1120 - MainUpdater not yet initialized. External WinMGr cannot be set.
2023-11-07 13:14:25,180 [INFO] Updater:1056 - Updater Version found : 6.9.2
2023-11-07 13:14:25,226 [INFO] ApplicationProperties:184 - Using Application install path: /Applications/STMicroelectronics/STM32CubeIDE.app/Contents/Eclipse/plugins/com.st.stm32cube.common.mx_6.9.2.202309101412
2023-11-07 13:14:25,491 [INFO] ThirdPartyUpdaterWithRetryManager:70 - Updater plugin not ready yet. [2/15]
2023-11-07 13:14:25,865 [INFO] MainUpdater:2868 - connection check result : 10
2023-11-07 13:14:25,866 [INFO] MainUpdater:285 - Updater Check For Update Now.
2023-11-07 13:14:25,866 [INFO] MicroXplorer:498 - Change Database Version : DB.6.0.92
2023-11-07 13:14:25,877 [INFO] McuFinderGlobals:63 - Set McuFinder mode to 2 (CubeIDE integrated)
2023-11-07 13:14:26,072 [INFO] CheckServerUpdateThread:120 - End of CheckServer Thread
2023-11-07 13:14:28,758 [WARN] PackLoader:240 - Cannot read IP mode file for STMicroelectronics.X-CUBE-SMBUS.2.1.0
2023-11-07 13:14:28,831 [WARN] PackLoader:240 - Cannot read IP mode file for STMicroelectronics.X-CUBE-AZRTOS-F7.1.1.0
2023-11-07 13:14:28,851 [WARN] PackLoader:240 - Cannot read IP mode file for STMicroelectronics.FP-SNS-MOTENV1.4.3.2
2023-11-07 13:14:28,885 [WARN] PackLoader:240 - Cannot read IP mode file for STMicroelectronics.FP-SNS-FLIGHT1.5.0.2
2023-11-07 13:14:28,907 [WARN] PackLoader:240 - Cannot read IP mode file for STMicroelectronics.X-CUBE-DISPLAY.3.0.0
2023-11-07 13:14:28,937 [WARN] PackLoader:240 - Cannot read IP mode file for STMicroelectronics.X-CUBE-BLE1.7.0.0
2023-11-07 13:14:28,948 [WARN] PackLoader:240 - Cannot read IP mode file for emotas.I-CUBE-CANOPEN.1.3.0
2023-11-07 13:14:28,959 [WARN] PackLoader:240 - Cannot read IP mode file for STMicroelectronics.X-CUBE-TOUCHGFX.4.22.0
2023-11-07 13:14:28,966 [WARN] PackLoader:240 - Cannot read IP mode file for STMicroelectronics.X-CUBE-TOUCHGFX.4.22.1
2023-11-07 13:14:28,975 [WARN] PackLoader:240 - Cannot read IP mode file for STMicroelectronics.FP-SNS-SMARTAG2.1.2.0
2023-11-07 13:14:29,001 [INFO] LogOutputStream:77 - [STDOUT_REDIRECT] 1 : Invalid condition id : UX_CORESTACK_Condition cause : null
2023-11-07 13:14:29,002 [INFO] LogOutputStream:77 - [STDOUT_REDIRECT] 1 : Invalid condition id : UX_CORESTACK_Condition cause : null
2023-11-07 13:14:29,003 [INFO] LogOutputStream:77 - [STDOUT_REDIRECT] 1 : Invalid condition id : UX_CORESTACK_Condition cause : null
2023-11-07 13:14:29,003 [INFO] LogOutputStream:77 - [STDOUT_REDIRECT] 1 : Invalid condition id : UX_CORESTACK_Condition cause : null
2023-11-07 13:14:29,004 [INFO] LogOutputStream:77 - [STDOUT_REDIRECT] 1 : Invalid condition id : UX_CORESTACK_Condition cause : null
2023-11-07 13:14:29,011 [WARN] PackLoader:240 - Cannot read IP mode file for STMicroelectronics.X-CUBE-AZRTOS-WL.2.0.0
2023-11-07 13:14:29,024 [WARN] PackLoader:240 - Cannot read IP mode file for WES.I-CUBE-Cesium.1.3.0
2023-11-07 13:14:29,033 [WARN] PackLoader:240 - Cannot read IP mode file for STMicroelectronics.X-CUBE-BLE2.3.3.0
2023-11-07 13:14:29,044 [WARN] PackLoader:240 - Cannot read IP mode file for STMicroelectronics.X-CUBE-ALGOBUILD.1.3.0
2023-11-07 13:14:29,072 [WARN] PackLoader:240 - Cannot read IP mode file for STMicroelectronics.X-CUBE-AZRTOS-G0.1.1.0
2023-11-07 13:14:29,085 [WARN] PackLoader:240 - Cannot read IP mode file for STMicroelectronics.X-CUBE-NFC4.3.0.0
2023-11-07 13:14:29,106 [WARN] PackLoader:240 - Cannot read IP mode file for STMicroelectronics.X-CUBE-BLEMGR.3.0.0
2023-11-07 13:14:29,115 [WARN] PackLoader:240 - Cannot read IP mode file for STMicroelectronics.FP-ATR-SIGFOX1.3.2.0
2023-11-07 13:14:29,156 [WARN] PackLoader:240 - Cannot read IP mode file for SEGGER.I-CUBE-embOS.1.3.1
2023-11-07 13:14:29,215 [WARN] PackLoader:240 - Cannot read IP mode file for STMicroelectronics.X-CUBE-GNSS1.6.0.0
2023-11-07 13:14:29,258 [WARN] PackLoader:240 - Cannot read IP mode file for STMicroelectronics.X-CUBE-AZRTOS-F4.1.1.0
2023-11-07 13:14:29,271 [WARN] PackLoader:240 - Cannot read IP mode file for wolfSSL.I-CUBE-wolfSSL.5.6.3
2023-11-07 13:14:29,307 [WARN] PackLoader:240 - Cannot read IP mode file for STMicroelectronics.X-CUBE-AZRTOS-L5.2.0.0
2023-11-07 13:14:29,388 [WARN] PackLoader:240 - Cannot read IP mode file for STMicroelectronics.X-CUBE-MEMS1.9.6.0
2023-11-07 13:14:29,577 [WARN] PackLoader:240 - Cannot read IP mode file for STMicroelectronics.X-CUBE-EEPRMA1.4.2.0
2023-11-07 13:14:29,583 [WARN] PackLoader:240 - Cannot read IP mode file for ITTIA_DB.I-CUBE-ITTIADB.8.8.0
2023-11-07 13:14:29,593 [WARN] PackLoader:240 - Cannot read IP mode file for STMicroelectronics.X-CUBE-BLEMGR.2.0.0
2023-11-07 13:14:29,627 [WARN] ConditionMgr:438 - getConditionDescription Invalid condition id : UX DEVICE CLASS RTOS Condition cause : null
2023-11-07 13:14:29,627 [WARN] ConditionMgr:438 - getConditionDescription Invalid condition id : UX DEVICE CLASS RTOS Condition cause : null
2023-11-07 13:14:29,634 [WARN] PackLoader:240 - Cannot read IP mode file for STMicroelectronics.X-CUBE-AZRTOS-H7.3.1.0
2023-11-07 13:14:29,636 [WARN] ConditionMgr:1039 - genDependencies : Invalid condition id : UX DEVICE CLASS RTOS Condition cause : null
2023-11-07 13:14:29,636 [WARN] ConditionMgr:1039 - genDependencies : Invalid condition id : UX DEVICE CLASS RTOS Condition cause : null
2023-11-07 13:14:29,637 [WARN] ConditionMgr:1039 - genDependencies : Invalid condition id : UX DEVICE CLASS RTOS Condition cause : null
2023-11-07 13:14:29,638 [WARN] ConditionMgr:1039 - genDependencies : Invalid condition id : UX DEVICE CLASS RTOS Condition cause : null
2023-11-07 13:14:29,638 [WARN] ConditionMgr:1039 - genDependencies : Invalid condition id : UX DEVICE CLASS RTOS Condition cause : null
2023-11-07 13:14:29,650 [WARN] PackLoader:240 - Cannot read IP mode file for STMicroelectronics.X-CUBE-NFC7.1.0.1
2023-11-07 13:14:29,666 [WARN] PackLoader:240 - Cannot read IP mode file for STMicroelectronics.X-CUBE-NFC6.3.0.0
2023-11-07 13:14:29,681 [WARN] PackLoader:240 - Cannot read IP mode file for STMicroelectronics.X-CUBE-EEPRMA1.4.1.0
2023-11-07 13:14:29,691 [WARN] PackLoader:240 - Cannot read IP mode file for STMicroelectronics.X-CUBE-AI.8.1.0
2023-11-07 13:14:29,734 [WARN] ConditionMgr:438 - getConditionDescription Invalid condition id : LAN8742 Phy interface Condition cause : null
2023-11-07 13:14:29,735 [WARN] PackLoader:240 - Cannot read IP mode file for STMicroelectronics.X-CUBE-AZRTOS-L4.2.0.0
2023-11-07 13:14:29,738 [WARN] ConditionMgr:1039 - genDependencies : Invalid condition id : LAN8742 Phy interface Condition cause : null
2023-11-07 13:14:29,739 [WARN] ConditionMgr:1039 - genDependencies : Invalid condition id : LAN8742 Phy interface Condition cause : null
2023-11-07 13:14:29,741 [WARN] ConditionMgr:1039 - genDependencies : Invalid condition id : LAN8742 Phy interface Condition cause : null
2023-11-07 13:14:29,758 [WARN] PackLoader:240 - Cannot read IP mode file for STMicroelectronics.X-CUBE-SFXS2LP1.4.0.0
2023-11-07 13:14:29,768 [WARN] PackLoader:240 - Cannot read IP mode file for STMicroelectronics.X-CUBE-ISPU.1.1.0
2023-11-07 13:14:29,805 [WARN] ConditionMgr:438 - getConditionDescription Invalid condition id : UX DEVICE CLASS RTOS Condition cause : null
2023-11-07 13:14:29,806 [WARN] ConditionMgr:438 - getConditionDescription Invalid condition id : UX DEVICE CLASS RTOS Condition cause : null
2023-11-07 13:14:29,812 [WARN] PackLoader:240 - Cannot read IP mode file for STMicroelectronics.X-CUBE-AZRTOS-WB.2.0.0
2023-11-07 13:14:29,813 [WARN] ConditionMgr:1039 - genDependencies : Invalid condition id : UX DEVICE CLASS RTOS Condition cause : null
2023-11-07 13:14:29,814 [WARN] ConditionMgr:1039 - genDependencies : Invalid condition id : UX DEVICE CLASS RTOS Condition cause : null
2023-11-07 13:14:29,815 [WARN] ConditionMgr:1039 - genDependencies : Invalid condition id : UX DEVICE CLASS RTOS Condition cause : null
2023-11-07 13:14:29,816 [WARN] ConditionMgr:1039 - genDependencies : Invalid condition id : UX DEVICE CLASS RTOS Condition cause : null
2023-11-07 13:14:29,816 [WARN] ConditionMgr:1039 - genDependencies : Invalid condition id : UX DEVICE CLASS RTOS Condition cause : null
2023-11-07 13:14:29,840 [WARN] PackLoader:240 - Cannot read IP mode file for STMicroelectronics.X-CUBE-SUBG2.5.0.0
2023-11-07 13:14:29,884 [WARN] PackLoader:240 - Cannot read IP mode file for STMicroelectronics.X-CUBE-TOF1.3.3.1
2023-11-07 13:14:29,933 [WARN] PackLoader:240 - Cannot read IP mode file for STMicroelectronics.X-CUBE-AZRTOS-G4.2.0.0
2023-11-07 13:14:29,957 [WARN] PackLoader:240 - Cannot read IP mode file for Infineon.AIROC-Wi-Fi-Bluetooth-STM32.1.5.1
2023-11-07 13:14:30,039 [WARN] PackLoader:240 - Cannot read IP mode file for STMicroelectronics.X-CUBE-MEMS1.10.0.0
2023-11-07 13:14:30,364 [WARN] PackLoader:240 - Cannot read IP mode file for STMicroelectronics.X-CUBE-FREERTOS.1.1.0
2023-11-07 13:14:30,377 [WARN] PackLoader:240 - Cannot read IP mode file for portGmbH.I-Cube-SoM-uGOAL.1.1.0
2023-11-07 13:14:30,518 [WARN] PackLoader:240 - Cannot read IP mode file for STMicroelectronics.X-CUBE-ALS.1.0.1
2023-11-07 13:14:30,525 [WARN] PackLoader:240 - Cannot read IP mode file for STMicroelectronics.FP-ATR-ASTRA1.2.0.0
2023-11-07 13:14:30,526 [INFO] ThirdParty:978 - Integrity check success = true
2023-11-07 13:14:30,526 [INFO] IntegrityCheckThread:100 - exiting critical section [integrity check]
2023-11-07 13:14:30,527 [INFO] IntegrityCheckThread:103 - End integrity checks thread
2023-11-07 13:14:37,384 [ERROR] LogOutputStream:75 - [STDERR_REDIRECT] SLF4J: Failed to load class "org.slf4j.impl.StaticLoggerBinder".
2023-11-07 13:14:37,385 [ERROR] LogOutputStream:75 - [STDERR_REDIRECT] SLF4J: Defaulting to no-operation (NOP) logger implementation
2023-11-07 13:14:37,385 [ERROR] LogOutputStream:75 - [STDERR_REDIRECT] SLF4J: See http://www.slf4j.org/codes.html#StaticLoggerBinder for further details.
