2023-11-06 10:22:52,142 [INFO] Activator:176 - 


2023-11-06 10:22:52,153 [INFO] Activator:177 - !SESSION log4j initialized
2023-11-06 10:23:01,921 [INFO] LogOutputStream:77 - [STDOUT_REDIRECT] 
2023-11-06 10:23:03,809 [ERROR] LogOutputStream:75 - [STDERR_REDIRECT] 
2023-11-06 10:23:05,075 [INFO] LogOutputStream:77 - [STDOUT_REDIRECT] 
2023-11-06 10:23:05,521 [INFO] ApplicationProperties:184 - Using Application install path: /Applications/STMicroelectronics/STM32CubeIDE.app/Contents/Eclipse/plugins/com.st.stm32cube.common.mx_6.9.2.202309101412
2023-11-06 10:23:05,556 [INFO] DbMcusXml:78 - Set database path to: /Applications/STMicroelectronics/STM32CubeIDE.app/Contents/Eclipse/plugins/com.st.stm32cube.common.mx_6.9.2.202309101412//db//mcu/
2023-11-06 10:23:05,557 [INFO] ApiDb:274 - Set plugin database path to: /Applications/STMicroelectronics/STM32CubeIDE.app/Contents/Eclipse/plugins/com.st.stm32cube.common.mx_6.9.2.202309101412//db//plugins/boardmanager/
2023-11-06 10:23:05,558 [WARN] ApiDb:259 - Overriding images path with different value:  => /Applications/STMicroelectronics/STM32CubeIDE.app/Contents/Eclipse/plugins/com.st.stm32cube.common.mx_6.9.2.202309101412//db//plugins/mcufinder/images/
2023-11-06 10:23:05,581 [INFO] ApiDb:250 - Set database path to: /Users/romanlobach/.stmcufinder/plugins/mcufinder//mcu/
2023-11-06 10:23:05,586 [INFO] DbMcusAds:125 - Set database path to: /Users/romanlobach/.stmcufinder/plugins/mcufinder//mcu/
2023-11-06 10:23:05,596 [INFO] CrossReferenceDbSqlite:203 - Set database path to: /Users/romanlobach/.stmcufinder/plugins/mcufinder//mcu/cs/
2023-11-06 10:23:05,810 [INFO] RulesReader:64 - Compatibility file has been processed (293 Rules)
2023-11-06 10:23:05,995 [INFO] DbMcusXml:78 - Set database path to: /Applications/STMicroelectronics/STM32CubeIDE.app/Contents/Eclipse/plugins/com.st.stm32cube.common.mx_6.9.2.202309101412//db//mcu/
2023-11-06 10:23:05,995 [INFO] ApiDb:274 - Set plugin database path to: /Applications/STMicroelectronics/STM32CubeIDE.app/Contents/Eclipse/plugins/com.st.stm32cube.common.mx_6.9.2.202309101412//db//plugins/boardmanager/
2023-11-06 10:23:05,996 [INFO] ApiDb:261 - Set plugin images path to: /Applications/STMicroelectronics/STM32CubeIDE.app/Contents/Eclipse/plugins/com.st.stm32cube.common.mx_6.9.2.202309101412//db//plugins/mcufinder/images/
2023-11-06 10:23:05,997 [WARN] DbFile:41 - Overriding database path with different value: /Users/romanlobach/.stmcufinder/plugins/mcufinder/ => /Users/romanlobach/.stmcufinder/plugins/mcufinder
2023-11-06 10:23:05,998 [INFO] ApiDb:250 - Set database path to: /Users/romanlobach/.stmcufinder/plugins/mcufinder//mcu/
2023-11-06 10:23:05,998 [WARN] DbFile:41 - Overriding database path with different value: /Users/romanlobach/.stmcufinder/plugins/mcufinder/ => /Users/romanlobach/.stmcufinder/plugins/mcufinder
2023-11-06 10:23:05,998 [INFO] DbMcusAds:125 - Set database path to: /Users/romanlobach/.stmcufinder/plugins/mcufinder//mcu/
2023-11-06 10:23:05,999 [WARN] DbFile:41 - Overriding database path with different value: /Users/romanlobach/.stmcufinder/plugins/mcufinder/ => /Users/romanlobach/.stmcufinder/plugins/mcufinder
2023-11-06 10:23:05,999 [WARN] DbFile:41 - Overriding database path with different value: /Users/romanlobach/.stmcufinder/plugins/mcufinder/ => /Users/romanlobach/.stmcufinder/plugins/mcufinder
2023-11-06 10:23:06,000 [INFO] CrossReferenceDbSqlite:203 - Set database path to: /Users/romanlobach/.stmcufinder/plugins/mcufinder//mcu/cs/
2023-11-06 10:23:06,220 [INFO] MainPanel:262 - HeapMemory: 268435456
2023-11-06 10:23:06,507 [INFO] DbMcusXml:78 - Set database path to: /Applications/STMicroelectronics/STM32CubeIDE.app/Contents/Eclipse/plugins/com.st.stm32cube.common.mx_6.9.2.202309101412//db//mcu/
2023-11-06 10:23:06,507 [INFO] ApiDb:274 - Set plugin database path to: /Applications/STMicroelectronics/STM32CubeIDE.app/Contents/Eclipse/plugins/com.st.stm32cube.common.mx_6.9.2.202309101412//db//plugins/boardmanager/
2023-11-06 10:23:06,507 [INFO] ApiDb:261 - Set plugin images path to: /Applications/STMicroelectronics/STM32CubeIDE.app/Contents/Eclipse/plugins/com.st.stm32cube.common.mx_6.9.2.202309101412//db//plugins/mcufinder/images/
2023-11-06 10:23:06,509 [WARN] DbFile:41 - Overriding database path with different value: /Users/romanlobach/.stmcufinder/plugins/mcufinder/ => /Users/romanlobach/.stmcufinder/plugins/mcufinder
2023-11-06 10:23:06,509 [INFO] ApiDb:250 - Set database path to: /Users/romanlobach/.stmcufinder/plugins/mcufinder//mcu/
2023-11-06 10:23:06,509 [WARN] DbFile:41 - Overriding database path with different value: /Users/romanlobach/.stmcufinder/plugins/mcufinder/ => /Users/romanlobach/.stmcufinder/plugins/mcufinder
2023-11-06 10:23:06,509 [INFO] DbMcusAds:125 - Set database path to: /Users/romanlobach/.stmcufinder/plugins/mcufinder//mcu/
2023-11-06 10:23:06,510 [WARN] DbFile:41 - Overriding database path with different value: /Users/romanlobach/.stmcufinder/plugins/mcufinder/ => /Users/romanlobach/.stmcufinder/plugins/mcufinder
2023-11-06 10:23:06,510 [WARN] DbFile:41 - Overriding database path with different value: /Users/romanlobach/.stmcufinder/plugins/mcufinder/ => /Users/romanlobach/.stmcufinder/plugins/mcufinder
2023-11-06 10:23:06,510 [INFO] CrossReferenceDbSqlite:203 - Set database path to: /Users/romanlobach/.stmcufinder/plugins/mcufinder//mcu/cs/
2023-11-06 10:23:06,557 [INFO] ApplicationProperties:184 - Using Application install path: /Applications/STMicroelectronics/STM32CubeIDE.app/Contents/Eclipse/plugins/com.st.stm32cube.common.mx_6.9.2.202309101412
2023-11-06 10:23:06,559 [INFO] PluginManage:196 - Search for loadable plugins [exclusion list=, ]
2023-11-06 10:23:06,565 [INFO] PluginManage:310 - Check plugin analytics
2023-11-06 10:23:06,949 [INFO] AnalyticsPlugin:253 - Accepted Software Licenses: STM32CubeMX.6.9.1,STM32CubeMX.6.9.2
2023-11-06 10:23:06,949 [INFO] AnalyticsPlugin:255 - Accepted CMSIS Pack Licenses: 
2023-11-06 10:23:06,950 [INFO] AnalyticsPlugin:257 - Accepted Firmware Licenses: FW.F7.1.17.0
2023-11-06 10:23:06,955 [INFO] PluginManage:359 - Loaded plugin analytics (category:tool,tabindex:-1)
2023-11-06 10:23:06,956 [INFO] PluginManage:310 - Check plugin cadmodel
2023-11-06 10:23:08,227 [INFO] CADModel:105 - Init CAD model plugin
2023-11-06 10:23:08,227 [INFO] PluginManage:359 - Loaded plugin cadmodel (category:power,tabindex:5)
2023-11-06 10:23:08,228 [INFO] PluginManage:310 - Check plugin clock
2023-11-06 10:23:08,252 [INFO] PluginManage:359 - Loaded plugin clock (category:base,tabindex:2)
2023-11-06 10:23:08,253 [INFO] PluginManage:310 - Check plugin ddr
2023-11-06 10:23:08,258 [INFO] PluginManage:359 - Loaded plugin ddr (category:tool,tabindex:6)
2023-11-06 10:23:08,258 [INFO] PluginManage:310 - Check plugin filemanager
2023-11-06 10:23:08,562 [INFO] PluginManage:359 - Loaded plugin filemanager (category:base,tabindex:10)
2023-11-06 10:23:08,562 [INFO] PluginManage:310 - Check plugin ipmanager
2023-11-06 10:23:08,579 [INFO] PluginManage:359 - Loaded plugin ipmanager (category:base,tabindex:5)
2023-11-06 10:23:08,579 [INFO] PluginManage:310 - Check plugin lpbam
2023-11-06 10:23:08,609 [INFO] PluginManage:359 - Loaded plugin lpbam (category:base,tabindex:0)
2023-11-06 10:23:08,610 [INFO] PluginManage:310 - Check plugin memorymap
2023-11-06 10:23:08,651 [INFO] PluginManage:359 - Loaded plugin memorymap (category:base,tabindex:4)
2023-11-06 10:23:08,652 [INFO] PluginManage:310 - Check plugin pinoutandconfiguration
2023-11-06 10:23:08,693 [INFO] PluginManage:359 - Loaded plugin pinoutandconfiguration (category:base,tabindex:1)
2023-11-06 10:23:08,694 [INFO] PluginManage:310 - Check plugin pinoutconfig
2023-11-06 10:23:08,919 [WARN] SupportedApi:132 - Cannot load RTOS API schema: s4s-elt-must-match.1: The content of 'definitions' must match (annotation?, (simpleType | complexType)?, (unique | key | keyref)*)). A problem was found starting at: attribute.
2023-11-06 10:23:09,268 [INFO] PluginManage:359 - Loaded plugin pinoutconfig (category:base,tabindex:0)
2023-11-06 10:23:09,269 [INFO] PluginManage:310 - Check plugin power
2023-11-06 10:23:09,286 [INFO] PluginManage:359 - Loaded plugin power (category:power,tabindex:4)
2023-11-06 10:23:09,286 [INFO] PluginManage:310 - Check plugin projectmanager
2023-11-06 10:23:09,310 [INFO] PluginManage:359 - Loaded plugin projectmanager (category:projectmanager,tabindex:3)
2023-11-06 10:23:09,310 [INFO] PluginManage:310 - Check plugin thirdparty
2023-11-06 10:23:09,570 [INFO] PluginManage:359 - Loaded plugin thirdparty (category:base,tabindex:-1)
2023-11-06 10:23:09,570 [WARN] IntegrityCheckThread:84 - waiting for thirdparty lock release [integrity check]
2023-11-06 10:23:09,570 [INFO] PluginManage:310 - Check plugin tools
2023-11-06 10:23:09,570 [INFO] IntegrityCheckThread:86 - entering critical section [integrity check]
2023-11-06 10:23:09,571 [INFO] ThirdPartyUpdaterWithRetryManager:70 - Updater plugin not ready yet. [1/15]
2023-11-06 10:23:09,574 [INFO] PluginManage:359 - Loaded plugin tools (category:base,tabindex:7)
2023-11-06 10:23:09,575 [INFO] PluginManage:310 - Check plugin tutovideos
2023-11-06 10:23:10,071 [INFO] PluginManage:359 - Loaded plugin tutovideos (category:base,tabindex:-1)
2023-11-06 10:23:10,072 [INFO] PluginManage:310 - Check plugin updater
2023-11-06 10:23:10,094 [INFO] PluginManage:359 - Loaded plugin updater (category:base,tabindex:12)
2023-11-06 10:23:10,095 [INFO] PluginManage:310 - Check plugin userauth
2023-11-06 10:23:10,104 [INFO] UserAuth:113 - Init User Auth plugin
2023-11-06 10:23:10,104 [INFO] PluginManage:359 - Loaded plugin userauth (category:base,tabindex:14)
2023-11-06 10:23:10,105 [INFO] PluginManage:283 - PluginManage : Loaded plugins [17]
2023-11-06 10:23:10,534 [INFO] PinOutPanel:1499 - setPackage(No Configuration,No Configuration)
2023-11-06 10:23:10,744 [INFO] CADModel:165 - CPN selected for project level
2023-11-06 10:23:10,744 [INFO] CADModel:114 - Register for checkConnection events
2023-11-06 10:23:10,783 [INFO] IPUIPlugin:80 - create IPUIPlugin
2023-11-06 10:23:10,784 [INFO] PluginManager:220 - loadIPPluginJar : add mdma
2023-11-06 10:23:10,803 [INFO] IPUIPlugin:80 - create IPUIPlugin
2023-11-06 10:23:10,804 [INFO] PluginManager:220 - loadIPPluginJar : add freertos
2023-11-06 10:23:10,821 [INFO] IPUIPlugin:80 - create IPUIPlugin
2023-11-06 10:23:10,822 [INFO] PluginManager:220 - loadIPPluginJar : add gic
2023-11-06 10:23:10,848 [INFO] IPUIPlugin:80 - create IPUIPlugin
2023-11-06 10:23:10,848 [INFO] PluginManager:220 - loadIPPluginJar : add adc
2023-11-06 10:23:10,855 [INFO] IPUIPlugin:80 - create IPUIPlugin
2023-11-06 10:23:10,855 [INFO] PluginManager:220 - loadIPPluginJar : add gtzc
2023-11-06 10:23:10,858 [INFO] IPUIPlugin:80 - create IPUIPlugin
2023-11-06 10:23:10,858 [INFO] PluginManager:220 - loadIPPluginJar : add quadspi
2023-11-06 10:23:10,863 [INFO] IPUIPlugin:80 - create IPUIPlugin
2023-11-06 10:23:10,864 [INFO] PluginManager:220 - loadIPPluginJar : add aes
2023-11-06 10:23:10,872 [INFO] IPUIPlugin:80 - create IPUIPlugin
2023-11-06 10:23:10,872 [INFO] PluginManager:220 - loadIPPluginJar : add pdm2pcm
2023-11-06 10:23:10,876 [INFO] IPUIPlugin:80 - create IPUIPlugin
2023-11-06 10:23:10,876 [INFO] PluginManager:220 - loadIPPluginJar : add hash
2023-11-06 10:23:10,880 [INFO] IPUIPlugin:80 - create IPUIPlugin
2023-11-06 10:23:10,880 [INFO] PluginManager:220 - loadIPPluginJar : add tim
2023-11-06 10:23:10,883 [INFO] IPUIPlugin:80 - create IPUIPlugin
2023-11-06 10:23:10,883 [INFO] PluginManager:220 - loadIPPluginJar : add tsc
2023-11-06 10:23:10,886 [INFO] IPUIPlugin:80 - create IPUIPlugin
2023-11-06 10:23:10,887 [INFO] PluginManager:220 - loadIPPluginJar : add ts
2023-11-06 10:23:10,892 [INFO] IPUIPlugin:80 - create IPUIPlugin
2023-11-06 10:23:10,892 [INFO] PluginManager:220 - loadIPPluginJar : add can
2023-11-06 10:23:10,897 [INFO] IPUIPlugin:80 - create IPUIPlugin
2023-11-06 10:23:10,897 [INFO] PluginManager:220 - loadIPPluginJar : add dma3
2023-11-06 10:23:10,901 [INFO] IPUIPlugin:80 - create IPUIPlugin
2023-11-06 10:23:10,901 [INFO] PluginManager:220 - loadIPPluginJar : add dfsdm
2023-11-06 10:23:10,906 [INFO] IPUIPlugin:80 - create IPUIPlugin
2023-11-06 10:23:10,907 [INFO] PluginManager:220 - loadIPPluginJar : add spi
2023-11-06 10:23:10,911 [INFO] IPUIPlugin:80 - create IPUIPlugin
2023-11-06 10:23:10,912 [INFO] PluginManager:220 - loadIPPluginJar : add gfxmmu
2023-11-06 10:23:10,915 [INFO] IPUIPlugin:80 - create IPUIPlugin
2023-11-06 10:23:10,915 [INFO] PluginManager:220 - loadIPPluginJar : add genericplugin
2023-11-06 10:23:10,921 [INFO] IPUIPlugin:80 - create IPUIPlugin
2023-11-06 10:23:10,921 [INFO] PluginManager:220 - loadIPPluginJar : add cryp
2023-11-06 10:23:10,931 [INFO] IPUIPlugin:80 - create IPUIPlugin
2023-11-06 10:23:10,932 [INFO] PluginManager:220 - loadIPPluginJar : add gpio
2023-11-06 10:23:10,935 [INFO] IPUIPlugin:80 - create IPUIPlugin
2023-11-06 10:23:10,935 [INFO] PluginManager:220 - loadIPPluginJar : add comp
2023-11-06 10:23:10,938 [INFO] IPUIPlugin:80 - create IPUIPlugin
2023-11-06 10:23:10,938 [INFO] PluginManager:220 - loadIPPluginJar : add tracer_emb
2023-11-06 10:23:10,944 [INFO] IPUIPlugin:80 - create IPUIPlugin
2023-11-06 10:23:10,945 [INFO] PluginManager:220 - loadIPPluginJar : add openamp
2023-11-06 10:23:10,954 [INFO] IPUIPlugin:80 - create IPUIPlugin
2023-11-06 10:23:10,954 [INFO] PluginManager:220 - loadIPPluginJar : add stm32_wpan
2023-11-06 10:23:10,973 [INFO] IPUIPlugin:80 - create IPUIPlugin
2023-11-06 10:23:10,980 [INFO] PluginManager:220 - loadIPPluginJar : add plateformsettings
2023-11-06 10:23:10,990 [INFO] IPUIPlugin:80 - create IPUIPlugin
2023-11-06 10:23:10,991 [INFO] PluginManager:220 - loadIPPluginJar : add ipddr
2023-11-06 10:23:10,996 [INFO] IPUIPlugin:80 - create IPUIPlugin
2023-11-06 10:23:10,997 [INFO] PluginManager:220 - loadIPPluginJar : add usart
2023-11-06 10:23:10,999 [INFO] IPUIPlugin:80 - create IPUIPlugin
2023-11-06 10:23:10,999 [INFO] PluginManager:220 - loadIPPluginJar : add ltdc
2023-11-06 10:23:11,009 [INFO] IPUIPlugin:80 - create IPUIPlugin
2023-11-06 10:23:11,010 [INFO] PluginManager:220 - loadIPPluginJar : add nvic
2023-11-06 10:23:11,012 [INFO] IPUIPlugin:80 - create IPUIPlugin
2023-11-06 10:23:11,013 [INFO] PluginManager:220 - loadIPPluginJar : add fatfs
2023-11-06 10:23:11,027 [INFO] IPUIPlugin:80 - create IPUIPlugin
2023-11-06 10:23:11,027 [INFO] PluginManager:220 - loadIPPluginJar : add linkedlist
2023-11-06 10:23:11,037 [INFO] IPUIPlugin:80 - create IPUIPlugin
2023-11-06 10:23:11,037 [INFO] PluginManager:220 - loadIPPluginJar : add dma
2023-11-06 10:23:11,046 [INFO] IPUIPlugin:80 - create IPUIPlugin
2023-11-06 10:23:11,046 [INFO] PluginManager:220 - loadIPPluginJar : add fmc
2023-11-06 10:23:11,051 [INFO] IPUIPlugin:80 - create IPUIPlugin
2023-11-06 10:23:11,051 [INFO] PluginManager:220 - loadIPPluginJar : add i2s
2023-11-06 10:23:11,054 [INFO] IPUIPlugin:80 - create IPUIPlugin
2023-11-06 10:23:11,055 [INFO] PluginManager:220 - loadIPPluginJar : add ucpd
2023-11-06 10:23:11,059 [INFO] IPUIPlugin:80 - create IPUIPlugin
2023-11-06 10:23:11,059 [INFO] PluginManager:220 - loadIPPluginJar : add lorawan
2023-11-06 10:23:11,064 [INFO] IPUIPlugin:80 - create IPUIPlugin
2023-11-06 10:23:11,064 [INFO] PluginManager:220 - loadIPPluginJar : add opamp
2023-11-06 10:23:11,071 [INFO] IPUIPlugin:80 - create IPUIPlugin
2023-11-06 10:23:11,071 [INFO] PluginManager:220 - loadIPPluginJar : add i3c
2023-11-06 10:23:11,080 [INFO] IPUIPlugin:80 - create IPUIPlugin
2023-11-06 10:23:11,080 [INFO] PluginManager:220 - loadIPPluginJar : add touchsensing
2023-11-06 10:23:11,086 [INFO] IPUIPlugin:80 - create IPUIPlugin
2023-11-06 10:23:11,086 [INFO] PluginManager:220 - loadIPPluginJar : add i2c
2023-11-06 10:23:11,094 [INFO] IPUIPlugin:80 - create IPUIPlugin
2023-11-06 10:23:11,094 [INFO] PluginManager:220 - loadIPPluginJar : add resmgrutility
2023-11-06 10:23:11,100 [INFO] IPUIPlugin:80 - create IPUIPlugin
2023-11-06 10:23:11,100 [INFO] PluginManager:220 - loadIPPluginJar : add sai
2023-11-06 10:23:11,106 [INFO] IPUIPlugin:80 - create IPUIPlugin
2023-11-06 10:23:11,106 [INFO] PluginManager:220 - loadIPPluginJar : add usbx
2023-11-06 10:23:11,237 [INFO] CADModel:165 - CPN selected for project level
2023-11-06 10:23:11,237 [INFO] CADModel:114 - Register for checkConnection events
2023-11-06 10:23:11,238 [FATAL] Updater:308 - Updater called before beeing initialized
2023-11-06 10:23:11,238 [ERROR] CADModel:125 - Updater not yet initialized, retry later 
2023-11-06 10:23:11,546 [INFO] CADModel:165 - CPN selected for project level
2023-11-06 10:23:11,547 [INFO] CADModel:114 - Register for checkConnection events
2023-11-06 10:23:11,547 [FATAL] Updater:308 - Updater called before beeing initialized
2023-11-06 10:23:11,547 [ERROR] CADModel:125 - Updater not yet initialized, retry later 
2023-11-06 10:23:11,555 [FATAL] Updater:308 - Updater called before beeing initialized
2023-11-06 10:23:11,737 [FATAL] Updater:308 - Updater called before beeing initialized
2023-11-06 10:23:11,752 [INFO] DbMcusAds:53 - JSON generation date=Tue Mar 07 10:50:55 EET 2023 (1678179055335)
2023-11-06 10:23:11,753 [FATAL] Updater:308 - Updater called before beeing initialized
2023-11-06 10:23:11,901 [WARN] DetailPanel:346 - Failed to get advertising image, set to default
2023-11-06 10:23:12,041 [FATAL] Updater:308 - Updater called before beeing initialized
2023-11-06 10:23:12,044 [FATAL] Updater:308 - Updater called before beeing initialized
2023-11-06 10:23:12,045 [FATAL] Updater:308 - Updater called before beeing initialized
2023-11-06 10:23:12,045 [WARN] DetailPanel:346 - Failed to get advertising image, set to default
2023-11-06 10:23:12,046 [FATAL] Updater:308 - Updater called before beeing initialized
2023-11-06 10:23:12,096 [ERROR] Updater:1120 - MainUpdater not yet initialized. External WinMGr cannot be set.
2023-11-06 10:23:12,155 [INFO] Updater:1056 - Updater Version found : 6.9.2
2023-11-06 10:23:12,202 [INFO] ApplicationProperties:184 - Using Application install path: /Applications/STMicroelectronics/STM32CubeIDE.app/Contents/Eclipse/plugins/com.st.stm32cube.common.mx_6.9.2.202309101412
2023-11-06 10:23:12,572 [INFO] ThirdPartyUpdaterWithRetryManager:70 - Updater plugin not ready yet. [2/15]
2023-11-06 10:23:12,588 [INFO] MainUpdater:2868 - connection check result : 10
2023-11-06 10:23:12,589 [INFO] MainUpdater:3562 - Updater definition file requires update
2023-11-06 10:23:12,590 [INFO] MainUpdater:285 - Updater Check For Update Now.
2023-11-06 10:23:12,590 [INFO] MicroXplorer:498 - Change Database Version : DB.6.0.92
2023-11-06 10:23:12,601 [INFO] McuFinderGlobals:63 - Set McuFinder mode to 2 (CubeIDE integrated)
2023-11-06 10:23:12,633 [INFO] ServerAccessManage:473 - Download File updaters.zip
2023-11-06 10:23:12,745 [INFO] FileExtend:240 - Unzip File : updaters.zip
2023-11-06 10:23:12,745 [INFO] FileExtend:255 - Standard Zip Deflate
2023-11-06 10:23:13,158 [INFO] ServerAccessManage:473 - Download File PacksControlFlags.xml
2023-11-06 10:23:13,214 [INFO] ServerAccessManage:473 - Download File cubemx.pidx
2023-11-06 10:23:13,728 [INFO] ServerAccessManage:473 - Download File STMicroelectronics.X-CUBE-BLEMGR.pdsc
2023-11-06 10:23:15,487 [ERROR] ServerAccessManage:1096 - Problem, Http access forbiden
2023-11-06 10:23:15,489 [ERROR] ServerAccessManage:651 - Problem, Http access forbiden : RoweBots.I-CUBE-UNISONRTOS.pdsc.
2023-11-06 10:23:15,575 [WARN] MainUpdater:1189 - Updater busy. Cannot search thirdparties
2023-11-06 10:23:15,576 [INFO] ThirdPartyUpdaterWithRetryManager:96 - Updater plugin is busy. [1/15]
2023-11-06 10:23:15,745 [WARN] PackLoader:240 - Cannot read IP mode file for STMicroelectronics.X-CUBE-BLEMGR.3.0.0
2023-11-06 10:23:15,755 [INFO] PopulateThirdPartyThread:66 - Ending populate Thread
2023-11-06 10:23:15,758 [INFO] ThirdParty:1030 - CMSIS Pack Vendor :STMicroelectronics X-CUBE-BLEMGR 3.0.0
2023-11-06 10:23:15,758 [INFO] LoadServerUpdatesThread:373 - End of LoadServerUpdate Thread
2023-11-06 10:23:15,850 [INFO] CheckServerUpdateThread:120 - End of CheckServer Thread
2023-11-06 10:23:18,768 [WARN] PackLoader:240 - Cannot read IP mode file for STMicroelectronics.X-CUBE-SMBUS.2.1.0
2023-11-06 10:23:18,833 [WARN] PackLoader:240 - Cannot read IP mode file for STMicroelectronics.X-CUBE-AZRTOS-F7.1.1.0
2023-11-06 10:23:18,853 [WARN] PackLoader:240 - Cannot read IP mode file for STMicroelectronics.FP-SNS-MOTENV1.4.3.2
2023-11-06 10:23:18,862 [WARN] PackLoader:240 - Cannot read IP mode file for STMicroelectronics.FP-SNS-FLIGHT1.5.0.2
2023-11-06 10:23:18,878 [WARN] PackLoader:240 - Cannot read IP mode file for STMicroelectronics.X-CUBE-DISPLAY.3.0.0
2023-11-06 10:23:18,905 [WARN] PackLoader:240 - Cannot read IP mode file for STMicroelectronics.X-CUBE-BLE1.7.0.0
2023-11-06 10:23:18,917 [WARN] PackLoader:240 - Cannot read IP mode file for emotas.I-CUBE-CANOPEN.1.3.0
2023-11-06 10:23:18,924 [WARN] PackLoader:240 - Cannot read IP mode file for STMicroelectronics.X-CUBE-TOUCHGFX.4.22.0
2023-11-06 10:23:18,929 [WARN] PackLoader:240 - Cannot read IP mode file for STMicroelectronics.X-CUBE-TOUCHGFX.4.22.1
2023-11-06 10:23:18,938 [WARN] PackLoader:240 - Cannot read IP mode file for STMicroelectronics.FP-SNS-SMARTAG2.1.2.0
2023-11-06 10:23:18,954 [INFO] LogOutputStream:77 - [STDOUT_REDIRECT] 1 : Invalid condition id : UX_CORESTACK_Condition cause : null
2023-11-06 10:23:18,955 [INFO] LogOutputStream:77 - [STDOUT_REDIRECT] 1 : Invalid condition id : UX_CORESTACK_Condition cause : null
2023-11-06 10:23:18,955 [INFO] LogOutputStream:77 - [STDOUT_REDIRECT] 1 : Invalid condition id : UX_CORESTACK_Condition cause : null
2023-11-06 10:23:18,955 [INFO] LogOutputStream:77 - [STDOUT_REDIRECT] 1 : Invalid condition id : UX_CORESTACK_Condition cause : null
2023-11-06 10:23:18,955 [INFO] LogOutputStream:77 - [STDOUT_REDIRECT] 1 : Invalid condition id : UX_CORESTACK_Condition cause : null
2023-11-06 10:23:18,961 [WARN] PackLoader:240 - Cannot read IP mode file for STMicroelectronics.X-CUBE-AZRTOS-WL.2.0.0
2023-11-06 10:23:18,982 [WARN] PackLoader:240 - Cannot read IP mode file for WES.I-CUBE-Cesium.1.3.0
2023-11-06 10:23:18,991 [WARN] PackLoader:240 - Cannot read IP mode file for STMicroelectronics.X-CUBE-BLE2.3.3.0
2023-11-06 10:23:19,007 [WARN] PackLoader:240 - Cannot read IP mode file for STMicroelectronics.X-CUBE-ALGOBUILD.1.3.0
2023-11-06 10:23:19,048 [WARN] PackLoader:240 - Cannot read IP mode file for STMicroelectronics.X-CUBE-AZRTOS-G0.1.1.0
2023-11-06 10:23:19,068 [WARN] PackLoader:240 - Cannot read IP mode file for STMicroelectronics.X-CUBE-NFC4.3.0.0
2023-11-06 10:23:19,090 [WARN] PackLoader:240 - Cannot read IP mode file for STMicroelectronics.X-CUBE-BLEMGR.3.0.0
2023-11-06 10:23:19,102 [WARN] PackLoader:240 - Cannot read IP mode file for STMicroelectronics.FP-ATR-SIGFOX1.3.2.0
2023-11-06 10:23:19,182 [WARN] PackLoader:240 - Cannot read IP mode file for SEGGER.I-CUBE-embOS.1.3.1
2023-11-06 10:23:19,274 [WARN] PackLoader:240 - Cannot read IP mode file for STMicroelectronics.X-CUBE-GNSS1.6.0.0
2023-11-06 10:23:19,321 [WARN] PackLoader:240 - Cannot read IP mode file for STMicroelectronics.X-CUBE-AZRTOS-F4.1.1.0
2023-11-06 10:23:19,338 [WARN] PackLoader:240 - Cannot read IP mode file for wolfSSL.I-CUBE-wolfSSL.5.6.3
2023-11-06 10:23:19,382 [WARN] PackLoader:240 - Cannot read IP mode file for STMicroelectronics.X-CUBE-AZRTOS-L5.2.0.0
2023-11-06 10:23:19,503 [WARN] PackLoader:240 - Cannot read IP mode file for STMicroelectronics.X-CUBE-MEMS1.9.6.0
2023-11-06 10:23:19,765 [WARN] PackLoader:240 - Cannot read IP mode file for STMicroelectronics.X-CUBE-EEPRMA1.4.2.0
2023-11-06 10:23:19,772 [WARN] PackLoader:240 - Cannot read IP mode file for ITTIA_DB.I-CUBE-ITTIADB.8.8.0
2023-11-06 10:23:19,784 [WARN] PackLoader:240 - Cannot read IP mode file for STMicroelectronics.X-CUBE-BLEMGR.2.0.0
2023-11-06 10:23:19,812 [WARN] ConditionMgr:438 - getConditionDescription Invalid condition id : UX DEVICE CLASS RTOS Condition cause : null
2023-11-06 10:23:19,812 [WARN] ConditionMgr:438 - getConditionDescription Invalid condition id : UX DEVICE CLASS RTOS Condition cause : null
2023-11-06 10:23:19,816 [WARN] PackLoader:240 - Cannot read IP mode file for STMicroelectronics.X-CUBE-AZRTOS-H7.3.1.0
2023-11-06 10:23:19,818 [WARN] ConditionMgr:1039 - genDependencies : Invalid condition id : UX DEVICE CLASS RTOS Condition cause : null
2023-11-06 10:23:19,818 [WARN] ConditionMgr:1039 - genDependencies : Invalid condition id : UX DEVICE CLASS RTOS Condition cause : null
2023-11-06 10:23:19,819 [WARN] ConditionMgr:1039 - genDependencies : Invalid condition id : UX DEVICE CLASS RTOS Condition cause : null
2023-11-06 10:23:19,820 [WARN] ConditionMgr:1039 - genDependencies : Invalid condition id : UX DEVICE CLASS RTOS Condition cause : null
2023-11-06 10:23:19,820 [WARN] ConditionMgr:1039 - genDependencies : Invalid condition id : UX DEVICE CLASS RTOS Condition cause : null
2023-11-06 10:23:19,828 [WARN] PackLoader:240 - Cannot read IP mode file for STMicroelectronics.X-CUBE-NFC7.1.0.1
2023-11-06 10:23:19,839 [WARN] PackLoader:240 - Cannot read IP mode file for STMicroelectronics.X-CUBE-NFC6.3.0.0
2023-11-06 10:23:19,847 [WARN] PackLoader:240 - Cannot read IP mode file for STMicroelectronics.X-CUBE-EEPRMA1.4.1.0
2023-11-06 10:23:19,853 [WARN] PackLoader:240 - Cannot read IP mode file for STMicroelectronics.X-CUBE-AI.8.1.0
2023-11-06 10:23:19,875 [WARN] ConditionMgr:438 - getConditionDescription Invalid condition id : LAN8742 Phy interface Condition cause : null
2023-11-06 10:23:19,876 [WARN] PackLoader:240 - Cannot read IP mode file for STMicroelectronics.X-CUBE-AZRTOS-L4.2.0.0
2023-11-06 10:23:19,879 [WARN] ConditionMgr:1039 - genDependencies : Invalid condition id : LAN8742 Phy interface Condition cause : null
2023-11-06 10:23:19,879 [WARN] ConditionMgr:1039 - genDependencies : Invalid condition id : LAN8742 Phy interface Condition cause : null
2023-11-06 10:23:19,881 [WARN] ConditionMgr:1039 - genDependencies : Invalid condition id : LAN8742 Phy interface Condition cause : null
2023-11-06 10:23:19,891 [WARN] PackLoader:240 - Cannot read IP mode file for STMicroelectronics.X-CUBE-SFXS2LP1.4.0.0
2023-11-06 10:23:19,901 [WARN] PackLoader:240 - Cannot read IP mode file for STMicroelectronics.X-CUBE-ISPU.1.1.0
2023-11-06 10:23:19,922 [WARN] ConditionMgr:438 - getConditionDescription Invalid condition id : UX DEVICE CLASS RTOS Condition cause : null
2023-11-06 10:23:19,922 [WARN] ConditionMgr:438 - getConditionDescription Invalid condition id : UX DEVICE CLASS RTOS Condition cause : null
2023-11-06 10:23:19,925 [WARN] PackLoader:240 - Cannot read IP mode file for STMicroelectronics.X-CUBE-AZRTOS-WB.2.0.0
2023-11-06 10:23:19,926 [WARN] ConditionMgr:1039 - genDependencies : Invalid condition id : UX DEVICE CLASS RTOS Condition cause : null
2023-11-06 10:23:19,926 [WARN] ConditionMgr:1039 - genDependencies : Invalid condition id : UX DEVICE CLASS RTOS Condition cause : null
2023-11-06 10:23:19,927 [WARN] ConditionMgr:1039 - genDependencies : Invalid condition id : UX DEVICE CLASS RTOS Condition cause : null
2023-11-06 10:23:19,927 [WARN] ConditionMgr:1039 - genDependencies : Invalid condition id : UX DEVICE CLASS RTOS Condition cause : null
2023-11-06 10:23:19,927 [WARN] ConditionMgr:1039 - genDependencies : Invalid condition id : UX DEVICE CLASS RTOS Condition cause : null
2023-11-06 10:23:19,939 [WARN] PackLoader:240 - Cannot read IP mode file for STMicroelectronics.X-CUBE-SUBG2.5.0.0
2023-11-06 10:23:19,957 [WARN] PackLoader:240 - Cannot read IP mode file for STMicroelectronics.X-CUBE-TOF1.3.3.1
2023-11-06 10:23:20,010 [WARN] PackLoader:240 - Cannot read IP mode file for STMicroelectronics.X-CUBE-AZRTOS-G4.2.0.0
2023-11-06 10:23:20,031 [WARN] PackLoader:240 - Cannot read IP mode file for Infineon.AIROC-Wi-Fi-Bluetooth-STM32.1.5.1
2023-11-06 10:23:20,097 [WARN] PackLoader:240 - Cannot read IP mode file for STMicroelectronics.X-CUBE-MEMS1.10.0.0
2023-11-06 10:23:20,302 [WARN] PackLoader:240 - Cannot read IP mode file for STMicroelectronics.X-CUBE-FREERTOS.1.1.0
2023-11-06 10:23:20,312 [WARN] PackLoader:240 - Cannot read IP mode file for portGmbH.I-Cube-SoM-uGOAL.1.1.0
2023-11-06 10:23:20,385 [WARN] PackLoader:240 - Cannot read IP mode file for STMicroelectronics.X-CUBE-ALS.1.0.1
2023-11-06 10:23:20,392 [WARN] PackLoader:240 - Cannot read IP mode file for STMicroelectronics.FP-ATR-ASTRA1.2.0.0
2023-11-06 10:23:20,393 [INFO] ThirdParty:978 - Integrity check success = true
2023-11-06 10:23:20,394 [INFO] IntegrityCheckThread:100 - exiting critical section [integrity check]
2023-11-06 10:23:20,394 [INFO] IntegrityCheckThread:103 - End integrity checks thread
2023-11-06 10:23:24,530 [ERROR] LogOutputStream:75 - [STDERR_REDIRECT] SLF4J: Failed to load class "org.slf4j.impl.StaticLoggerBinder".
2023-11-06 10:23:24,531 [ERROR] LogOutputStream:75 - [STDERR_REDIRECT] SLF4J: Defaulting to no-operation (NOP) logger implementation
2023-11-06 10:23:24,531 [ERROR] LogOutputStream:75 - [STDERR_REDIRECT] SLF4J: See http://www.slf4j.org/codes.html#StaticLoggerBinder for further details.
