2023-10-27 15:55:22,678 [INFO] Activator:176 - 


2023-10-27 15:55:22,693 [INFO] Activator:177 - !SESSION log4j initialized
2023-10-27 15:55:31,011 [INFO] LogOutputStream:77 - [STDOUT_REDIRECT] 
2023-10-27 15:55:33,069 [ERROR] LogOutputStream:75 - [STDERR_REDIRECT] 
2023-10-27 15:55:34,535 [INFO] LogOutputStream:77 - [STDOUT_REDIRECT] 
2023-10-27 15:55:34,992 [INFO] ApplicationProperties:184 - Using Application install path: /Applications/STMicroelectronics/STM32CubeIDE.app/Contents/Eclipse/plugins/com.st.stm32cube.common.mx_6.9.2.202309101412
2023-10-27 15:55:35,036 [INFO] DbMcusXml:78 - Set database path to: /Applications/STMicroelectronics/STM32CubeIDE.app/Contents/Eclipse/plugins/com.st.stm32cube.common.mx_6.9.2.202309101412//db//mcu/
2023-10-27 15:55:35,037 [INFO] ApiDb:274 - Set plugin database path to: /Applications/STMicroelectronics/STM32CubeIDE.app/Contents/Eclipse/plugins/com.st.stm32cube.common.mx_6.9.2.202309101412//db//plugins/boardmanager/
2023-10-27 15:55:35,038 [WARN] ApiDb:259 - Overriding images path with different value:  => /Applications/STMicroelectronics/STM32CubeIDE.app/Contents/Eclipse/plugins/com.st.stm32cube.common.mx_6.9.2.202309101412//db//plugins/mcufinder/images/
2023-10-27 15:55:35,062 [INFO] ApiDb:250 - Set database path to: /Users/romanlobach/.stmcufinder/plugins/mcufinder//mcu/
2023-10-27 15:55:35,066 [INFO] DbMcusAds:125 - Set database path to: /Users/romanlobach/.stmcufinder/plugins/mcufinder//mcu/
2023-10-27 15:55:35,074 [INFO] CrossReferenceDbSqlite:203 - Set database path to: /Users/romanlobach/.stmcufinder/plugins/mcufinder//mcu/cs/
2023-10-27 15:55:35,353 [INFO] RulesReader:64 - Compatibility file has been processed (293 Rules)
2023-10-27 15:55:35,596 [INFO] DbMcusXml:78 - Set database path to: /Applications/STMicroelectronics/STM32CubeIDE.app/Contents/Eclipse/plugins/com.st.stm32cube.common.mx_6.9.2.202309101412//db//mcu/
2023-10-27 15:55:35,597 [INFO] ApiDb:274 - Set plugin database path to: /Applications/STMicroelectronics/STM32CubeIDE.app/Contents/Eclipse/plugins/com.st.stm32cube.common.mx_6.9.2.202309101412//db//plugins/boardmanager/
2023-10-27 15:55:35,597 [INFO] ApiDb:261 - Set plugin images path to: /Applications/STMicroelectronics/STM32CubeIDE.app/Contents/Eclipse/plugins/com.st.stm32cube.common.mx_6.9.2.202309101412//db//plugins/mcufinder/images/
2023-10-27 15:55:35,599 [WARN] DbFile:41 - Overriding database path with different value: /Users/romanlobach/.stmcufinder/plugins/mcufinder/ => /Users/romanlobach/.stmcufinder/plugins/mcufinder
2023-10-27 15:55:35,599 [INFO] ApiDb:250 - Set database path to: /Users/romanlobach/.stmcufinder/plugins/mcufinder//mcu/
2023-10-27 15:55:35,599 [WARN] DbFile:41 - Overriding database path with different value: /Users/romanlobach/.stmcufinder/plugins/mcufinder/ => /Users/romanlobach/.stmcufinder/plugins/mcufinder
2023-10-27 15:55:35,600 [INFO] DbMcusAds:125 - Set database path to: /Users/romanlobach/.stmcufinder/plugins/mcufinder//mcu/
2023-10-27 15:55:35,600 [WARN] DbFile:41 - Overriding database path with different value: /Users/romanlobach/.stmcufinder/plugins/mcufinder/ => /Users/romanlobach/.stmcufinder/plugins/mcufinder
2023-10-27 15:55:35,600 [WARN] DbFile:41 - Overriding database path with different value: /Users/romanlobach/.stmcufinder/plugins/mcufinder/ => /Users/romanlobach/.stmcufinder/plugins/mcufinder
2023-10-27 15:55:35,600 [INFO] CrossReferenceDbSqlite:203 - Set database path to: /Users/romanlobach/.stmcufinder/plugins/mcufinder//mcu/cs/
2023-10-27 15:55:35,802 [INFO] MainPanel:262 - HeapMemory: 268435456
2023-10-27 15:55:36,107 [INFO] DbMcusXml:78 - Set database path to: /Applications/STMicroelectronics/STM32CubeIDE.app/Contents/Eclipse/plugins/com.st.stm32cube.common.mx_6.9.2.202309101412//db//mcu/
2023-10-27 15:55:36,108 [INFO] ApiDb:274 - Set plugin database path to: /Applications/STMicroelectronics/STM32CubeIDE.app/Contents/Eclipse/plugins/com.st.stm32cube.common.mx_6.9.2.202309101412//db//plugins/boardmanager/
2023-10-27 15:55:36,108 [INFO] ApiDb:261 - Set plugin images path to: /Applications/STMicroelectronics/STM32CubeIDE.app/Contents/Eclipse/plugins/com.st.stm32cube.common.mx_6.9.2.202309101412//db//plugins/mcufinder/images/
2023-10-27 15:55:36,110 [WARN] DbFile:41 - Overriding database path with different value: /Users/romanlobach/.stmcufinder/plugins/mcufinder/ => /Users/romanlobach/.stmcufinder/plugins/mcufinder
2023-10-27 15:55:36,110 [INFO] ApiDb:250 - Set database path to: /Users/romanlobach/.stmcufinder/plugins/mcufinder//mcu/
2023-10-27 15:55:36,110 [WARN] DbFile:41 - Overriding database path with different value: /Users/romanlobach/.stmcufinder/plugins/mcufinder/ => /Users/romanlobach/.stmcufinder/plugins/mcufinder
2023-10-27 15:55:36,110 [INFO] DbMcusAds:125 - Set database path to: /Users/romanlobach/.stmcufinder/plugins/mcufinder//mcu/
2023-10-27 15:55:36,110 [WARN] DbFile:41 - Overriding database path with different value: /Users/romanlobach/.stmcufinder/plugins/mcufinder/ => /Users/romanlobach/.stmcufinder/plugins/mcufinder
2023-10-27 15:55:36,110 [WARN] DbFile:41 - Overriding database path with different value: /Users/romanlobach/.stmcufinder/plugins/mcufinder/ => /Users/romanlobach/.stmcufinder/plugins/mcufinder
2023-10-27 15:55:36,110 [INFO] CrossReferenceDbSqlite:203 - Set database path to: /Users/romanlobach/.stmcufinder/plugins/mcufinder//mcu/cs/
2023-10-27 15:55:36,160 [INFO] ApplicationProperties:184 - Using Application install path: /Applications/STMicroelectronics/STM32CubeIDE.app/Contents/Eclipse/plugins/com.st.stm32cube.common.mx_6.9.2.202309101412
2023-10-27 15:55:36,162 [INFO] PluginManage:196 - Search for loadable plugins [exclusion list=, ]
2023-10-27 15:55:36,165 [INFO] PluginManage:310 - Check plugin analytics
2023-10-27 15:55:36,726 [INFO] AnalyticsPlugin:253 - Accepted Software Licenses: STM32CubeMX.6.9.1,STM32CubeMX.6.9.2
2023-10-27 15:55:36,726 [INFO] AnalyticsPlugin:255 - Accepted CMSIS Pack Licenses: 
2023-10-27 15:55:36,727 [INFO] AnalyticsPlugin:257 - Accepted Firmware Licenses: FW.F7.1.17.0
2023-10-27 15:55:36,734 [INFO] PluginManage:359 - Loaded plugin analytics (category:tool,tabindex:-1)
2023-10-27 15:55:36,735 [INFO] PluginManage:310 - Check plugin cadmodel
2023-10-27 15:55:38,430 [INFO] CADModel:105 - Init CAD model plugin
2023-10-27 15:55:38,431 [INFO] PluginManage:359 - Loaded plugin cadmodel (category:power,tabindex:5)
2023-10-27 15:55:38,431 [INFO] PluginManage:310 - Check plugin clock
2023-10-27 15:55:38,455 [INFO] PluginManage:359 - Loaded plugin clock (category:base,tabindex:2)
2023-10-27 15:55:38,455 [INFO] PluginManage:310 - Check plugin ddr
2023-10-27 15:55:38,463 [INFO] PluginManage:359 - Loaded plugin ddr (category:tool,tabindex:6)
2023-10-27 15:55:38,464 [INFO] PluginManage:310 - Check plugin filemanager
2023-10-27 15:55:38,942 [INFO] PluginManage:359 - Loaded plugin filemanager (category:base,tabindex:10)
2023-10-27 15:55:38,942 [INFO] PluginManage:310 - Check plugin ipmanager
2023-10-27 15:55:38,971 [INFO] PluginManage:359 - Loaded plugin ipmanager (category:base,tabindex:5)
2023-10-27 15:55:38,972 [INFO] PluginManage:310 - Check plugin lpbam
2023-10-27 15:55:39,000 [INFO] PluginManage:359 - Loaded plugin lpbam (category:base,tabindex:0)
2023-10-27 15:55:39,001 [INFO] PluginManage:310 - Check plugin memorymap
2023-10-27 15:55:39,064 [INFO] PluginManage:359 - Loaded plugin memorymap (category:base,tabindex:4)
2023-10-27 15:55:39,066 [INFO] PluginManage:310 - Check plugin pinoutandconfiguration
2023-10-27 15:55:39,107 [INFO] PluginManage:359 - Loaded plugin pinoutandconfiguration (category:base,tabindex:1)
2023-10-27 15:55:39,108 [INFO] PluginManage:310 - Check plugin pinoutconfig
2023-10-27 15:55:39,366 [WARN] SupportedApi:132 - Cannot load RTOS API schema: s4s-elt-must-match.1: The content of 'definitions' must match (annotation?, (simpleType | complexType)?, (unique | key | keyref)*)). A problem was found starting at: attribute.
2023-10-27 15:55:39,727 [INFO] PluginManage:359 - Loaded plugin pinoutconfig (category:base,tabindex:0)
2023-10-27 15:55:39,728 [INFO] PluginManage:310 - Check plugin power
2023-10-27 15:55:39,752 [INFO] PluginManage:359 - Loaded plugin power (category:power,tabindex:4)
2023-10-27 15:55:39,753 [INFO] PluginManage:310 - Check plugin projectmanager
2023-10-27 15:55:39,804 [INFO] PluginManage:359 - Loaded plugin projectmanager (category:projectmanager,tabindex:3)
2023-10-27 15:55:39,805 [INFO] PluginManage:310 - Check plugin thirdparty
2023-10-27 15:55:40,217 [WARN] IntegrityCheckThread:84 - waiting for thirdparty lock release [integrity check]
2023-10-27 15:55:40,218 [INFO] PluginManage:359 - Loaded plugin thirdparty (category:base,tabindex:-1)
2023-10-27 15:55:40,218 [INFO] IntegrityCheckThread:86 - entering critical section [integrity check]
2023-10-27 15:55:40,218 [INFO] PluginManage:310 - Check plugin tools
2023-10-27 15:55:40,218 [INFO] ThirdPartyUpdaterWithRetryManager:70 - Updater plugin not ready yet. [1/15]
2023-10-27 15:55:40,222 [INFO] PluginManage:359 - Loaded plugin tools (category:base,tabindex:7)
2023-10-27 15:55:40,222 [INFO] PluginManage:310 - Check plugin tutovideos
2023-10-27 15:55:40,798 [INFO] PluginManage:359 - Loaded plugin tutovideos (category:base,tabindex:-1)
2023-10-27 15:55:40,799 [INFO] PluginManage:310 - Check plugin updater
2023-10-27 15:55:40,830 [INFO] PluginManage:359 - Loaded plugin updater (category:base,tabindex:12)
2023-10-27 15:55:40,831 [INFO] PluginManage:310 - Check plugin userauth
2023-10-27 15:55:40,844 [INFO] UserAuth:113 - Init User Auth plugin
2023-10-27 15:55:40,844 [INFO] PluginManage:359 - Loaded plugin userauth (category:base,tabindex:14)
2023-10-27 15:55:40,845 [INFO] PluginManage:283 - PluginManage : Loaded plugins [17]
2023-10-27 15:55:43,181 [INFO] PinOutPanel:1499 - setPackage(No Configuration,No Configuration)
2023-10-27 15:55:43,222 [INFO] ThirdPartyUpdaterWithRetryManager:70 - Updater plugin not ready yet. [2/15]
2023-10-27 15:55:43,592 [INFO] CADModel:165 - CPN selected for project level
2023-10-27 15:55:43,593 [INFO] CADModel:114 - Register for checkConnection events
2023-10-27 15:55:43,627 [INFO] IPUIPlugin:80 - create IPUIPlugin
2023-10-27 15:55:43,629 [INFO] PluginManager:220 - loadIPPluginJar : add mdma
2023-10-27 15:55:43,658 [INFO] IPUIPlugin:80 - create IPUIPlugin
2023-10-27 15:55:43,658 [INFO] PluginManager:220 - loadIPPluginJar : add freertos
2023-10-27 15:55:43,701 [INFO] IPUIPlugin:80 - create IPUIPlugin
2023-10-27 15:55:43,702 [INFO] PluginManager:220 - loadIPPluginJar : add gic
2023-10-27 15:55:43,729 [INFO] IPUIPlugin:80 - create IPUIPlugin
2023-10-27 15:55:43,730 [INFO] PluginManager:220 - loadIPPluginJar : add adc
2023-10-27 15:55:43,737 [INFO] IPUIPlugin:80 - create IPUIPlugin
2023-10-27 15:55:43,737 [INFO] PluginManager:220 - loadIPPluginJar : add gtzc
2023-10-27 15:55:43,740 [INFO] IPUIPlugin:80 - create IPUIPlugin
2023-10-27 15:55:43,740 [INFO] PluginManager:220 - loadIPPluginJar : add quadspi
2023-10-27 15:55:43,746 [INFO] IPUIPlugin:80 - create IPUIPlugin
2023-10-27 15:55:43,746 [INFO] PluginManager:220 - loadIPPluginJar : add aes
2023-10-27 15:55:43,754 [INFO] IPUIPlugin:80 - create IPUIPlugin
2023-10-27 15:55:43,754 [INFO] PluginManager:220 - loadIPPluginJar : add pdm2pcm
2023-10-27 15:55:43,759 [INFO] IPUIPlugin:80 - create IPUIPlugin
2023-10-27 15:55:43,759 [INFO] PluginManager:220 - loadIPPluginJar : add hash
2023-10-27 15:55:43,763 [INFO] IPUIPlugin:80 - create IPUIPlugin
2023-10-27 15:55:43,763 [INFO] PluginManager:220 - loadIPPluginJar : add tim
2023-10-27 15:55:43,770 [INFO] IPUIPlugin:80 - create IPUIPlugin
2023-10-27 15:55:43,770 [INFO] PluginManager:220 - loadIPPluginJar : add tsc
2023-10-27 15:55:43,794 [INFO] IPUIPlugin:80 - create IPUIPlugin
2023-10-27 15:55:43,794 [INFO] PluginManager:220 - loadIPPluginJar : add ts
2023-10-27 15:55:43,823 [INFO] IPUIPlugin:80 - create IPUIPlugin
2023-10-27 15:55:43,824 [INFO] PluginManager:220 - loadIPPluginJar : add can
2023-10-27 15:55:43,830 [INFO] IPUIPlugin:80 - create IPUIPlugin
2023-10-27 15:55:43,831 [INFO] PluginManager:220 - loadIPPluginJar : add dma3
2023-10-27 15:55:43,842 [INFO] IPUIPlugin:80 - create IPUIPlugin
2023-10-27 15:55:43,843 [INFO] PluginManager:220 - loadIPPluginJar : add dfsdm
2023-10-27 15:55:43,855 [INFO] IPUIPlugin:80 - create IPUIPlugin
2023-10-27 15:55:43,856 [INFO] PluginManager:220 - loadIPPluginJar : add spi
2023-10-27 15:55:43,866 [INFO] IPUIPlugin:80 - create IPUIPlugin
2023-10-27 15:55:43,867 [INFO] PluginManager:220 - loadIPPluginJar : add gfxmmu
2023-10-27 15:55:43,871 [INFO] IPUIPlugin:80 - create IPUIPlugin
2023-10-27 15:55:43,871 [INFO] PluginManager:220 - loadIPPluginJar : add genericplugin
2023-10-27 15:55:43,896 [INFO] IPUIPlugin:80 - create IPUIPlugin
2023-10-27 15:55:43,896 [INFO] PluginManager:220 - loadIPPluginJar : add cryp
2023-10-27 15:55:43,908 [INFO] IPUIPlugin:80 - create IPUIPlugin
2023-10-27 15:55:43,909 [INFO] PluginManager:220 - loadIPPluginJar : add gpio
2023-10-27 15:55:43,911 [INFO] IPUIPlugin:80 - create IPUIPlugin
2023-10-27 15:55:43,912 [INFO] PluginManager:220 - loadIPPluginJar : add comp
2023-10-27 15:55:43,916 [INFO] IPUIPlugin:80 - create IPUIPlugin
2023-10-27 15:55:43,917 [INFO] PluginManager:220 - loadIPPluginJar : add tracer_emb
2023-10-27 15:55:43,923 [INFO] IPUIPlugin:80 - create IPUIPlugin
2023-10-27 15:55:43,924 [INFO] PluginManager:220 - loadIPPluginJar : add openamp
2023-10-27 15:55:43,935 [INFO] IPUIPlugin:80 - create IPUIPlugin
2023-10-27 15:55:43,935 [INFO] PluginManager:220 - loadIPPluginJar : add stm32_wpan
2023-10-27 15:55:43,953 [INFO] IPUIPlugin:80 - create IPUIPlugin
2023-10-27 15:55:43,964 [INFO] PluginManager:220 - loadIPPluginJar : add plateformsettings
2023-10-27 15:55:43,972 [INFO] IPUIPlugin:80 - create IPUIPlugin
2023-10-27 15:55:43,972 [INFO] PluginManager:220 - loadIPPluginJar : add ipddr
2023-10-27 15:55:43,978 [INFO] IPUIPlugin:80 - create IPUIPlugin
2023-10-27 15:55:43,979 [INFO] PluginManager:220 - loadIPPluginJar : add usart
2023-10-27 15:55:43,996 [INFO] IPUIPlugin:80 - create IPUIPlugin
2023-10-27 15:55:43,996 [INFO] PluginManager:220 - loadIPPluginJar : add ltdc
2023-10-27 15:55:44,008 [INFO] IPUIPlugin:80 - create IPUIPlugin
2023-10-27 15:55:44,009 [INFO] PluginManager:220 - loadIPPluginJar : add nvic
2023-10-27 15:55:44,013 [INFO] IPUIPlugin:80 - create IPUIPlugin
2023-10-27 15:55:44,014 [INFO] PluginManager:220 - loadIPPluginJar : add fatfs
2023-10-27 15:55:44,031 [INFO] IPUIPlugin:80 - create IPUIPlugin
2023-10-27 15:55:44,032 [INFO] PluginManager:220 - loadIPPluginJar : add linkedlist
2023-10-27 15:55:44,046 [INFO] IPUIPlugin:80 - create IPUIPlugin
2023-10-27 15:55:44,046 [INFO] PluginManager:220 - loadIPPluginJar : add dma
2023-10-27 15:55:44,056 [INFO] IPUIPlugin:80 - create IPUIPlugin
2023-10-27 15:55:44,056 [INFO] PluginManager:220 - loadIPPluginJar : add fmc
2023-10-27 15:55:44,062 [INFO] IPUIPlugin:80 - create IPUIPlugin
2023-10-27 15:55:44,062 [INFO] PluginManager:220 - loadIPPluginJar : add i2s
2023-10-27 15:55:44,066 [INFO] IPUIPlugin:80 - create IPUIPlugin
2023-10-27 15:55:44,066 [INFO] PluginManager:220 - loadIPPluginJar : add ucpd
2023-10-27 15:55:44,071 [INFO] IPUIPlugin:80 - create IPUIPlugin
2023-10-27 15:55:44,071 [INFO] PluginManager:220 - loadIPPluginJar : add lorawan
2023-10-27 15:55:44,077 [INFO] IPUIPlugin:80 - create IPUIPlugin
2023-10-27 15:55:44,077 [INFO] PluginManager:220 - loadIPPluginJar : add opamp
2023-10-27 15:55:44,110 [INFO] IPUIPlugin:80 - create IPUIPlugin
2023-10-27 15:55:44,110 [INFO] PluginManager:220 - loadIPPluginJar : add i3c
2023-10-27 15:55:44,123 [INFO] IPUIPlugin:80 - create IPUIPlugin
2023-10-27 15:55:44,123 [INFO] PluginManager:220 - loadIPPluginJar : add touchsensing
2023-10-27 15:55:44,130 [INFO] IPUIPlugin:80 - create IPUIPlugin
2023-10-27 15:55:44,130 [INFO] PluginManager:220 - loadIPPluginJar : add i2c
2023-10-27 15:55:44,139 [INFO] IPUIPlugin:80 - create IPUIPlugin
2023-10-27 15:55:44,139 [INFO] PluginManager:220 - loadIPPluginJar : add resmgrutility
2023-10-27 15:55:44,147 [INFO] IPUIPlugin:80 - create IPUIPlugin
2023-10-27 15:55:44,148 [INFO] PluginManager:220 - loadIPPluginJar : add sai
2023-10-27 15:55:44,156 [INFO] IPUIPlugin:80 - create IPUIPlugin
2023-10-27 15:55:44,156 [INFO] PluginManager:220 - loadIPPluginJar : add usbx
2023-10-27 15:55:44,317 [INFO] CADModel:165 - CPN selected for project level
2023-10-27 15:55:44,317 [INFO] CADModel:114 - Register for checkConnection events
2023-10-27 15:55:44,318 [FATAL] Updater:308 - Updater called before beeing initialized
2023-10-27 15:55:44,318 [ERROR] CADModel:125 - Updater not yet initialized, retry later 
2023-10-27 15:55:44,742 [INFO] CADModel:165 - CPN selected for project level
2023-10-27 15:55:44,743 [INFO] CADModel:114 - Register for checkConnection events
2023-10-27 15:55:44,743 [FATAL] Updater:308 - Updater called before beeing initialized
2023-10-27 15:55:44,743 [ERROR] CADModel:125 - Updater not yet initialized, retry later 
2023-10-27 15:55:44,752 [FATAL] Updater:308 - Updater called before beeing initialized
2023-10-27 15:55:44,920 [FATAL] Updater:308 - Updater called before beeing initialized
2023-10-27 15:55:44,931 [INFO] DbMcusAds:53 - JSON generation date=Tue Mar 07 10:50:55 EET 2023 (1678179055114)
2023-10-27 15:55:44,931 [FATAL] Updater:308 - Updater called before beeing initialized
2023-10-27 15:55:45,093 [WARN] DetailPanel:346 - Failed to get advertising image, set to default
2023-10-27 15:55:45,284 [FATAL] Updater:308 - Updater called before beeing initialized
2023-10-27 15:55:45,288 [FATAL] Updater:308 - Updater called before beeing initialized
2023-10-27 15:55:45,288 [FATAL] Updater:308 - Updater called before beeing initialized
2023-10-27 15:55:45,288 [WARN] DetailPanel:346 - Failed to get advertising image, set to default
2023-10-27 15:55:45,290 [FATAL] Updater:308 - Updater called before beeing initialized
2023-10-27 15:55:45,382 [ERROR] Updater:1120 - MainUpdater not yet initialized. External WinMGr cannot be set.
2023-10-27 15:55:45,439 [INFO] Updater:1056 - Updater Version found : 6.9.2
2023-10-27 15:55:45,483 [INFO] ApplicationProperties:184 - Using Application install path: /Applications/STMicroelectronics/STM32CubeIDE.app/Contents/Eclipse/plugins/com.st.stm32cube.common.mx_6.9.2.202309101412
2023-10-27 15:55:46,257 [INFO] ThirdPartyUpdaterWithRetryManager:70 - Updater plugin not ready yet. [3/15]
2023-10-27 15:55:46,322 [INFO] MainUpdater:2868 - connection check result : 10
2023-10-27 15:55:46,324 [INFO] MainUpdater:285 - Updater Check For Update Now.
2023-10-27 15:55:46,325 [INFO] MicroXplorer:498 - Change Database Version : DB.6.0.92
2023-10-27 15:55:46,377 [INFO] McuFinderGlobals:63 - Set McuFinder mode to 2 (CubeIDE integrated)
2023-10-27 15:55:46,618 [INFO] CheckServerUpdateThread:120 - End of CheckServer Thread
2023-10-27 15:55:49,681 [WARN] PackLoader:240 - Cannot read IP mode file for STMicroelectronics.X-CUBE-SMBUS.2.1.0
2023-10-27 15:55:49,775 [WARN] PackLoader:240 - Cannot read IP mode file for STMicroelectronics.X-CUBE-AZRTOS-F7.1.1.0
2023-10-27 15:55:49,795 [WARN] PackLoader:240 - Cannot read IP mode file for STMicroelectronics.FP-SNS-MOTENV1.4.3.2
2023-10-27 15:55:49,808 [WARN] PackLoader:240 - Cannot read IP mode file for STMicroelectronics.FP-SNS-FLIGHT1.5.0.2
2023-10-27 15:55:49,825 [WARN] PackLoader:240 - Cannot read IP mode file for STMicroelectronics.X-CUBE-DISPLAY.3.0.0
2023-10-27 15:55:49,852 [WARN] PackLoader:240 - Cannot read IP mode file for STMicroelectronics.X-CUBE-BLE1.7.0.0
2023-10-27 15:55:49,867 [WARN] PackLoader:240 - Cannot read IP mode file for emotas.I-CUBE-CANOPEN.1.3.0
2023-10-27 15:55:49,875 [WARN] PackLoader:240 - Cannot read IP mode file for STMicroelectronics.X-CUBE-TOUCHGFX.4.22.0
2023-10-27 15:55:49,881 [WARN] PackLoader:240 - Cannot read IP mode file for STMicroelectronics.X-CUBE-TOUCHGFX.4.22.1
2023-10-27 15:55:49,889 [WARN] PackLoader:240 - Cannot read IP mode file for STMicroelectronics.FP-SNS-SMARTAG2.1.2.0
2023-10-27 15:55:49,908 [INFO] LogOutputStream:77 - [STDOUT_REDIRECT] 1 : Invalid condition id : UX_CORESTACK_Condition cause : null
2023-10-27 15:55:49,909 [INFO] LogOutputStream:77 - [STDOUT_REDIRECT] 1 : Invalid condition id : UX_CORESTACK_Condition cause : null
2023-10-27 15:55:49,909 [INFO] LogOutputStream:77 - [STDOUT_REDIRECT] 1 : Invalid condition id : UX_CORESTACK_Condition cause : null
2023-10-27 15:55:49,909 [INFO] LogOutputStream:77 - [STDOUT_REDIRECT] 1 : Invalid condition id : UX_CORESTACK_Condition cause : null
2023-10-27 15:55:49,910 [INFO] LogOutputStream:77 - [STDOUT_REDIRECT] 1 : Invalid condition id : UX_CORESTACK_Condition cause : null
2023-10-27 15:55:49,916 [WARN] PackLoader:240 - Cannot read IP mode file for STMicroelectronics.X-CUBE-AZRTOS-WL.2.0.0
2023-10-27 15:55:49,933 [WARN] PackLoader:240 - Cannot read IP mode file for WES.I-CUBE-Cesium.1.3.0
2023-10-27 15:55:49,946 [WARN] PackLoader:240 - Cannot read IP mode file for STMicroelectronics.X-CUBE-BLE2.3.3.0
2023-10-27 15:55:49,967 [WARN] PackLoader:240 - Cannot read IP mode file for STMicroelectronics.X-CUBE-ALGOBUILD.1.3.0
2023-10-27 15:55:50,021 [WARN] PackLoader:240 - Cannot read IP mode file for STMicroelectronics.X-CUBE-AZRTOS-G0.1.1.0
2023-10-27 15:55:50,038 [WARN] PackLoader:240 - Cannot read IP mode file for STMicroelectronics.X-CUBE-NFC4.3.0.0
2023-10-27 15:55:50,056 [WARN] PackLoader:240 - Cannot read IP mode file for STMicroelectronics.FP-ATR-SIGFOX1.3.2.0
2023-10-27 15:55:50,122 [WARN] PackLoader:240 - Cannot read IP mode file for SEGGER.I-CUBE-embOS.1.3.1
2023-10-27 15:55:50,236 [WARN] PackLoader:240 - Cannot read IP mode file for STMicroelectronics.X-CUBE-GNSS1.6.0.0
2023-10-27 15:55:50,280 [WARN] PackLoader:240 - Cannot read IP mode file for STMicroelectronics.X-CUBE-AZRTOS-F4.1.1.0
2023-10-27 15:55:50,308 [WARN] PackLoader:240 - Cannot read IP mode file for wolfSSL.I-CUBE-wolfSSL.5.6.3
2023-10-27 15:55:50,346 [WARN] PackLoader:240 - Cannot read IP mode file for STMicroelectronics.X-CUBE-AZRTOS-L5.2.0.0
2023-10-27 15:55:50,440 [WARN] PackLoader:240 - Cannot read IP mode file for STMicroelectronics.X-CUBE-MEMS1.9.6.0
2023-10-27 15:55:50,877 [WARN] PackLoader:240 - Cannot read IP mode file for STMicroelectronics.X-CUBE-EEPRMA1.4.2.0
2023-10-27 15:55:50,905 [WARN] PackLoader:240 - Cannot read IP mode file for ITTIA_DB.I-CUBE-ITTIADB.8.8.0
2023-10-27 15:55:50,915 [WARN] PackLoader:240 - Cannot read IP mode file for STMicroelectronics.X-CUBE-BLEMGR.2.0.0
2023-10-27 15:55:50,958 [WARN] ConditionMgr:438 - getConditionDescription Invalid condition id : UX DEVICE CLASS RTOS Condition cause : null
2023-10-27 15:55:50,958 [WARN] ConditionMgr:438 - getConditionDescription Invalid condition id : UX DEVICE CLASS RTOS Condition cause : null
2023-10-27 15:55:50,966 [WARN] PackLoader:240 - Cannot read IP mode file for STMicroelectronics.X-CUBE-AZRTOS-H7.3.1.0
2023-10-27 15:55:50,974 [WARN] ConditionMgr:1039 - genDependencies : Invalid condition id : UX DEVICE CLASS RTOS Condition cause : null
2023-10-27 15:55:50,975 [WARN] ConditionMgr:1039 - genDependencies : Invalid condition id : UX DEVICE CLASS RTOS Condition cause : null
2023-10-27 15:55:50,976 [WARN] ConditionMgr:1039 - genDependencies : Invalid condition id : UX DEVICE CLASS RTOS Condition cause : null
2023-10-27 15:55:50,977 [WARN] ConditionMgr:1039 - genDependencies : Invalid condition id : UX DEVICE CLASS RTOS Condition cause : null
2023-10-27 15:55:50,978 [WARN] ConditionMgr:1039 - genDependencies : Invalid condition id : UX DEVICE CLASS RTOS Condition cause : null
2023-10-27 15:55:50,995 [WARN] PackLoader:240 - Cannot read IP mode file for STMicroelectronics.X-CUBE-NFC7.1.0.1
2023-10-27 15:55:51,007 [WARN] PackLoader:240 - Cannot read IP mode file for STMicroelectronics.X-CUBE-NFC6.3.0.0
2023-10-27 15:55:51,019 [WARN] PackLoader:240 - Cannot read IP mode file for STMicroelectronics.X-CUBE-EEPRMA1.4.1.0
2023-10-27 15:55:51,026 [WARN] PackLoader:240 - Cannot read IP mode file for STMicroelectronics.X-CUBE-AI.8.1.0
2023-10-27 15:55:51,054 [WARN] ConditionMgr:438 - getConditionDescription Invalid condition id : LAN8742 Phy interface Condition cause : null
2023-10-27 15:55:51,055 [WARN] PackLoader:240 - Cannot read IP mode file for STMicroelectronics.X-CUBE-AZRTOS-L4.2.0.0
2023-10-27 15:55:51,058 [WARN] ConditionMgr:1039 - genDependencies : Invalid condition id : LAN8742 Phy interface Condition cause : null
2023-10-27 15:55:51,059 [WARN] ConditionMgr:1039 - genDependencies : Invalid condition id : LAN8742 Phy interface Condition cause : null
2023-10-27 15:55:51,061 [WARN] ConditionMgr:1039 - genDependencies : Invalid condition id : LAN8742 Phy interface Condition cause : null
2023-10-27 15:55:51,084 [WARN] PackLoader:240 - Cannot read IP mode file for STMicroelectronics.X-CUBE-SFXS2LP1.4.0.0
2023-10-27 15:55:51,094 [WARN] PackLoader:240 - Cannot read IP mode file for STMicroelectronics.X-CUBE-ISPU.1.1.0
2023-10-27 15:55:51,117 [WARN] ConditionMgr:438 - getConditionDescription Invalid condition id : UX DEVICE CLASS RTOS Condition cause : null
2023-10-27 15:55:51,117 [WARN] ConditionMgr:438 - getConditionDescription Invalid condition id : UX DEVICE CLASS RTOS Condition cause : null
2023-10-27 15:55:51,121 [WARN] PackLoader:240 - Cannot read IP mode file for STMicroelectronics.X-CUBE-AZRTOS-WB.2.0.0
2023-10-27 15:55:51,123 [WARN] ConditionMgr:1039 - genDependencies : Invalid condition id : UX DEVICE CLASS RTOS Condition cause : null
2023-10-27 15:55:51,124 [WARN] ConditionMgr:1039 - genDependencies : Invalid condition id : UX DEVICE CLASS RTOS Condition cause : null
2023-10-27 15:55:51,125 [WARN] ConditionMgr:1039 - genDependencies : Invalid condition id : UX DEVICE CLASS RTOS Condition cause : null
2023-10-27 15:55:51,126 [WARN] ConditionMgr:1039 - genDependencies : Invalid condition id : UX DEVICE CLASS RTOS Condition cause : null
2023-10-27 15:55:51,126 [WARN] ConditionMgr:1039 - genDependencies : Invalid condition id : UX DEVICE CLASS RTOS Condition cause : null
2023-10-27 15:55:51,149 [WARN] PackLoader:240 - Cannot read IP mode file for STMicroelectronics.X-CUBE-SUBG2.5.0.0
2023-10-27 15:55:51,183 [WARN] PackLoader:240 - Cannot read IP mode file for STMicroelectronics.X-CUBE-TOF1.3.3.1
2023-10-27 15:55:51,252 [WARN] PackLoader:240 - Cannot read IP mode file for STMicroelectronics.X-CUBE-AZRTOS-G4.2.0.0
2023-10-27 15:55:51,297 [WARN] PackLoader:240 - Cannot read IP mode file for Infineon.AIROC-Wi-Fi-Bluetooth-STM32.1.5.1
2023-10-27 15:55:51,402 [WARN] PackLoader:240 - Cannot read IP mode file for STMicroelectronics.X-CUBE-MEMS1.10.0.0
2023-10-27 15:55:51,923 [WARN] PackLoader:240 - Cannot read IP mode file for STMicroelectronics.X-CUBE-FREERTOS.1.1.0
2023-10-27 15:55:51,943 [WARN] PackLoader:240 - Cannot read IP mode file for portGmbH.I-Cube-SoM-uGOAL.1.1.0
2023-10-27 15:55:52,105 [WARN] PackLoader:240 - Cannot read IP mode file for STMicroelectronics.X-CUBE-ALS.1.0.1
2023-10-27 15:55:52,118 [WARN] PackLoader:240 - Cannot read IP mode file for STMicroelectronics.FP-ATR-ASTRA1.2.0.0
2023-10-27 15:55:52,119 [INFO] ThirdParty:978 - Integrity check success = true
2023-10-27 15:55:52,119 [INFO] IntegrityCheckThread:100 - exiting critical section [integrity check]
2023-10-27 15:55:52,120 [INFO] IntegrityCheckThread:103 - End integrity checks thread
2023-10-27 15:55:53,942 [ERROR] LogOutputStream:75 - [STDERR_REDIRECT] SLF4J: Failed to load class "org.slf4j.impl.StaticLoggerBinder".
2023-10-27 15:55:53,943 [ERROR] LogOutputStream:75 - [STDERR_REDIRECT] SLF4J: Defaulting to no-operation (NOP) logger implementation
2023-10-27 15:55:53,943 [ERROR] LogOutputStream:75 - [STDERR_REDIRECT] SLF4J: See http://www.slf4j.org/codes.html#StaticLoggerBinder for further details.
