2023-10-22 12:15:39,566 [INFO] Activator:176 - 


2023-10-22 12:15:39,580 [INFO] Activator:177 - !SESSION log4j initialized
2023-10-22 12:15:49,555 [INFO] LogOutputStream:77 - [STDOUT_REDIRECT] 
2023-10-22 12:15:51,451 [ERROR] LogOutputStream:75 - [STDERR_REDIRECT] 
2023-10-22 12:15:53,433 [INFO] LogOutputStream:77 - [STDOUT_REDIRECT] 
2023-10-22 12:15:53,955 [INFO] ApplicationProperties:184 - Using Application install path: /Applications/STMicroelectronics/STM32CubeIDE.app/Contents/Eclipse/plugins/com.st.stm32cube.common.mx_6.9.2.202309101412
2023-10-22 12:15:54,004 [INFO] DbMcusXml:78 - Set database path to: /Applications/STMicroelectronics/STM32CubeIDE.app/Contents/Eclipse/plugins/com.st.stm32cube.common.mx_6.9.2.202309101412//db//mcu/
2023-10-22 12:15:54,008 [INFO] ApiDb:274 - Set plugin database path to: /Applications/STMicroelectronics/STM32CubeIDE.app/Contents/Eclipse/plugins/com.st.stm32cube.common.mx_6.9.2.202309101412//db//plugins/boardmanager/
2023-10-22 12:15:54,009 [WARN] ApiDb:259 - Overriding images path with different value:  => /Applications/STMicroelectronics/STM32CubeIDE.app/Contents/Eclipse/plugins/com.st.stm32cube.common.mx_6.9.2.202309101412//db//plugins/mcufinder/images/
2023-10-22 12:15:54,034 [INFO] ApiDb:250 - Set database path to: /Users/romanlobach/.stmcufinder/plugins/mcufinder//mcu/
2023-10-22 12:15:54,042 [INFO] DbMcusAds:125 - Set database path to: /Users/romanlobach/.stmcufinder/plugins/mcufinder//mcu/
2023-10-22 12:15:54,051 [INFO] CrossReferenceDbSqlite:203 - Set database path to: /Users/romanlobach/.stmcufinder/plugins/mcufinder//mcu/cs/
2023-10-22 12:15:54,375 [INFO] RulesReader:64 - Compatibility file has been processed (293 Rules)
2023-10-22 12:15:54,559 [INFO] DbMcusXml:78 - Set database path to: /Applications/STMicroelectronics/STM32CubeIDE.app/Contents/Eclipse/plugins/com.st.stm32cube.common.mx_6.9.2.202309101412//db//mcu/
2023-10-22 12:15:54,559 [INFO] ApiDb:274 - Set plugin database path to: /Applications/STMicroelectronics/STM32CubeIDE.app/Contents/Eclipse/plugins/com.st.stm32cube.common.mx_6.9.2.202309101412//db//plugins/boardmanager/
2023-10-22 12:15:54,559 [INFO] ApiDb:261 - Set plugin images path to: /Applications/STMicroelectronics/STM32CubeIDE.app/Contents/Eclipse/plugins/com.st.stm32cube.common.mx_6.9.2.202309101412//db//plugins/mcufinder/images/
2023-10-22 12:15:54,560 [WARN] DbFile:41 - Overriding database path with different value: /Users/romanlobach/.stmcufinder/plugins/mcufinder/ => /Users/romanlobach/.stmcufinder/plugins/mcufinder
2023-10-22 12:15:54,560 [INFO] ApiDb:250 - Set database path to: /Users/romanlobach/.stmcufinder/plugins/mcufinder//mcu/
2023-10-22 12:15:54,560 [WARN] DbFile:41 - Overriding database path with different value: /Users/romanlobach/.stmcufinder/plugins/mcufinder/ => /Users/romanlobach/.stmcufinder/plugins/mcufinder
2023-10-22 12:15:54,561 [INFO] DbMcusAds:125 - Set database path to: /Users/romanlobach/.stmcufinder/plugins/mcufinder//mcu/
2023-10-22 12:15:54,561 [WARN] DbFile:41 - Overriding database path with different value: /Users/romanlobach/.stmcufinder/plugins/mcufinder/ => /Users/romanlobach/.stmcufinder/plugins/mcufinder
2023-10-22 12:15:54,561 [WARN] DbFile:41 - Overriding database path with different value: /Users/romanlobach/.stmcufinder/plugins/mcufinder/ => /Users/romanlobach/.stmcufinder/plugins/mcufinder
2023-10-22 12:15:54,561 [INFO] CrossReferenceDbSqlite:203 - Set database path to: /Users/romanlobach/.stmcufinder/plugins/mcufinder//mcu/cs/
2023-10-22 12:15:54,765 [INFO] MainPanel:262 - HeapMemory: 268435456
2023-10-22 12:15:55,096 [INFO] DbMcusXml:78 - Set database path to: /Applications/STMicroelectronics/STM32CubeIDE.app/Contents/Eclipse/plugins/com.st.stm32cube.common.mx_6.9.2.202309101412//db//mcu/
2023-10-22 12:15:55,097 [INFO] ApiDb:274 - Set plugin database path to: /Applications/STMicroelectronics/STM32CubeIDE.app/Contents/Eclipse/plugins/com.st.stm32cube.common.mx_6.9.2.202309101412//db//plugins/boardmanager/
2023-10-22 12:15:55,097 [INFO] ApiDb:261 - Set plugin images path to: /Applications/STMicroelectronics/STM32CubeIDE.app/Contents/Eclipse/plugins/com.st.stm32cube.common.mx_6.9.2.202309101412//db//plugins/mcufinder/images/
2023-10-22 12:15:55,099 [WARN] DbFile:41 - Overriding database path with different value: /Users/romanlobach/.stmcufinder/plugins/mcufinder/ => /Users/romanlobach/.stmcufinder/plugins/mcufinder
2023-10-22 12:15:55,099 [INFO] ApiDb:250 - Set database path to: /Users/romanlobach/.stmcufinder/plugins/mcufinder//mcu/
2023-10-22 12:15:55,100 [WARN] DbFile:41 - Overriding database path with different value: /Users/romanlobach/.stmcufinder/plugins/mcufinder/ => /Users/romanlobach/.stmcufinder/plugins/mcufinder
2023-10-22 12:15:55,100 [INFO] DbMcusAds:125 - Set database path to: /Users/romanlobach/.stmcufinder/plugins/mcufinder//mcu/
2023-10-22 12:15:55,100 [WARN] DbFile:41 - Overriding database path with different value: /Users/romanlobach/.stmcufinder/plugins/mcufinder/ => /Users/romanlobach/.stmcufinder/plugins/mcufinder
2023-10-22 12:15:55,100 [WARN] DbFile:41 - Overriding database path with different value: /Users/romanlobach/.stmcufinder/plugins/mcufinder/ => /Users/romanlobach/.stmcufinder/plugins/mcufinder
2023-10-22 12:15:55,101 [INFO] CrossReferenceDbSqlite:203 - Set database path to: /Users/romanlobach/.stmcufinder/plugins/mcufinder//mcu/cs/
2023-10-22 12:15:55,150 [INFO] ApplicationProperties:184 - Using Application install path: /Applications/STMicroelectronics/STM32CubeIDE.app/Contents/Eclipse/plugins/com.st.stm32cube.common.mx_6.9.2.202309101412
2023-10-22 12:15:55,153 [INFO] PluginManage:196 - Search for loadable plugins [exclusion list=, ]
2023-10-22 12:15:55,155 [INFO] PluginManage:310 - Check plugin analytics
2023-10-22 12:15:55,613 [INFO] AnalyticsPlugin:253 - Accepted Software Licenses: STM32CubeMX.6.9.1,STM32CubeMX.6.9.2
2023-10-22 12:15:55,613 [INFO] AnalyticsPlugin:255 - Accepted CMSIS Pack Licenses: 
2023-10-22 12:15:55,614 [INFO] AnalyticsPlugin:257 - Accepted Firmware Licenses: FW.F7.1.17.0
2023-10-22 12:15:55,621 [INFO] PluginManage:359 - Loaded plugin analytics (category:tool,tabindex:-1)
2023-10-22 12:15:55,621 [INFO] PluginManage:310 - Check plugin cadmodel
2023-10-22 12:15:57,449 [INFO] CADModel:105 - Init CAD model plugin
2023-10-22 12:15:57,450 [INFO] PluginManage:359 - Loaded plugin cadmodel (category:power,tabindex:5)
2023-10-22 12:15:57,451 [INFO] PluginManage:310 - Check plugin clock
2023-10-22 12:15:57,478 [INFO] PluginManage:359 - Loaded plugin clock (category:base,tabindex:2)
2023-10-22 12:15:57,478 [INFO] PluginManage:310 - Check plugin ddr
2023-10-22 12:15:57,486 [INFO] PluginManage:359 - Loaded plugin ddr (category:tool,tabindex:6)
2023-10-22 12:15:57,486 [INFO] PluginManage:310 - Check plugin filemanager
2023-10-22 12:15:57,821 [INFO] PluginManage:359 - Loaded plugin filemanager (category:base,tabindex:10)
2023-10-22 12:15:57,821 [INFO] PluginManage:310 - Check plugin ipmanager
2023-10-22 12:15:57,837 [INFO] PluginManage:359 - Loaded plugin ipmanager (category:base,tabindex:5)
2023-10-22 12:15:57,837 [INFO] PluginManage:310 - Check plugin lpbam
2023-10-22 12:15:57,866 [INFO] PluginManage:359 - Loaded plugin lpbam (category:base,tabindex:0)
2023-10-22 12:15:57,866 [INFO] PluginManage:310 - Check plugin memorymap
2023-10-22 12:15:57,903 [INFO] PluginManage:359 - Loaded plugin memorymap (category:base,tabindex:4)
2023-10-22 12:15:57,904 [INFO] PluginManage:310 - Check plugin pinoutandconfiguration
2023-10-22 12:15:57,925 [INFO] PluginManage:359 - Loaded plugin pinoutandconfiguration (category:base,tabindex:1)
2023-10-22 12:15:57,925 [INFO] PluginManage:310 - Check plugin pinoutconfig
2023-10-22 12:15:58,158 [WARN] SupportedApi:132 - Cannot load RTOS API schema: s4s-elt-must-match.1: The content of 'definitions' must match (annotation?, (simpleType | complexType)?, (unique | key | keyref)*)). A problem was found starting at: attribute.
2023-10-22 12:15:58,531 [INFO] PluginManage:359 - Loaded plugin pinoutconfig (category:base,tabindex:0)
2023-10-22 12:15:58,531 [INFO] PluginManage:310 - Check plugin power
2023-10-22 12:15:58,561 [INFO] PluginManage:359 - Loaded plugin power (category:power,tabindex:4)
2023-10-22 12:15:58,561 [INFO] PluginManage:310 - Check plugin projectmanager
2023-10-22 12:15:58,594 [INFO] PluginManage:359 - Loaded plugin projectmanager (category:projectmanager,tabindex:3)
2023-10-22 12:15:58,594 [INFO] PluginManage:310 - Check plugin thirdparty
2023-10-22 12:15:58,892 [INFO] PluginManage:359 - Loaded plugin thirdparty (category:base,tabindex:-1)
2023-10-22 12:15:58,892 [INFO] PluginManage:310 - Check plugin tools
2023-10-22 12:15:58,891 [WARN] IntegrityCheckThread:84 - waiting for thirdparty lock release [integrity check]
2023-10-22 12:15:58,893 [INFO] IntegrityCheckThread:86 - entering critical section [integrity check]
2023-10-22 12:15:58,894 [INFO] ThirdPartyUpdaterWithRetryManager:70 - Updater plugin not ready yet. [1/15]
2023-10-22 12:15:58,896 [INFO] PluginManage:359 - Loaded plugin tools (category:base,tabindex:7)
2023-10-22 12:15:58,897 [INFO] PluginManage:310 - Check plugin tutovideos
2023-10-22 12:15:59,471 [INFO] PluginManage:359 - Loaded plugin tutovideos (category:base,tabindex:-1)
2023-10-22 12:15:59,471 [INFO] PluginManage:310 - Check plugin updater
2023-10-22 12:15:59,499 [INFO] PluginManage:359 - Loaded plugin updater (category:base,tabindex:12)
2023-10-22 12:15:59,499 [INFO] PluginManage:310 - Check plugin userauth
2023-10-22 12:15:59,509 [INFO] UserAuth:113 - Init User Auth plugin
2023-10-22 12:15:59,510 [INFO] PluginManage:359 - Loaded plugin userauth (category:base,tabindex:14)
2023-10-22 12:15:59,510 [INFO] PluginManage:283 - PluginManage : Loaded plugins [17]
2023-10-22 12:15:59,935 [INFO] PinOutPanel:1499 - setPackage(No Configuration,No Configuration)
2023-10-22 12:16:00,144 [INFO] CADModel:165 - CPN selected for project level
2023-10-22 12:16:00,144 [INFO] CADModel:114 - Register for checkConnection events
2023-10-22 12:16:00,175 [INFO] IPUIPlugin:80 - create IPUIPlugin
2023-10-22 12:16:00,175 [INFO] PluginManager:220 - loadIPPluginJar : add mdma
2023-10-22 12:16:00,189 [INFO] IPUIPlugin:80 - create IPUIPlugin
2023-10-22 12:16:00,189 [INFO] PluginManager:220 - loadIPPluginJar : add freertos
2023-10-22 12:16:00,205 [INFO] IPUIPlugin:80 - create IPUIPlugin
2023-10-22 12:16:00,206 [INFO] PluginManager:220 - loadIPPluginJar : add gic
2023-10-22 12:16:00,229 [INFO] IPUIPlugin:80 - create IPUIPlugin
2023-10-22 12:16:00,230 [INFO] PluginManager:220 - loadIPPluginJar : add adc
2023-10-22 12:16:00,236 [INFO] IPUIPlugin:80 - create IPUIPlugin
2023-10-22 12:16:00,237 [INFO] PluginManager:220 - loadIPPluginJar : add gtzc
2023-10-22 12:16:00,241 [INFO] IPUIPlugin:80 - create IPUIPlugin
2023-10-22 12:16:00,242 [INFO] PluginManager:220 - loadIPPluginJar : add quadspi
2023-10-22 12:16:00,247 [INFO] IPUIPlugin:80 - create IPUIPlugin
2023-10-22 12:16:00,247 [INFO] PluginManager:220 - loadIPPluginJar : add aes
2023-10-22 12:16:00,252 [INFO] IPUIPlugin:80 - create IPUIPlugin
2023-10-22 12:16:00,252 [INFO] PluginManager:220 - loadIPPluginJar : add pdm2pcm
2023-10-22 12:16:00,255 [INFO] IPUIPlugin:80 - create IPUIPlugin
2023-10-22 12:16:00,256 [INFO] PluginManager:220 - loadIPPluginJar : add hash
2023-10-22 12:16:00,259 [INFO] IPUIPlugin:80 - create IPUIPlugin
2023-10-22 12:16:00,259 [INFO] PluginManager:220 - loadIPPluginJar : add tim
2023-10-22 12:16:00,263 [INFO] IPUIPlugin:80 - create IPUIPlugin
2023-10-22 12:16:00,263 [INFO] PluginManager:220 - loadIPPluginJar : add tsc
2023-10-22 12:16:00,270 [INFO] IPUIPlugin:80 - create IPUIPlugin
2023-10-22 12:16:00,270 [INFO] PluginManager:220 - loadIPPluginJar : add ts
2023-10-22 12:16:00,276 [INFO] IPUIPlugin:80 - create IPUIPlugin
2023-10-22 12:16:00,276 [INFO] PluginManager:220 - loadIPPluginJar : add can
2023-10-22 12:16:00,280 [INFO] IPUIPlugin:80 - create IPUIPlugin
2023-10-22 12:16:00,280 [INFO] PluginManager:220 - loadIPPluginJar : add dma3
2023-10-22 12:16:00,283 [INFO] IPUIPlugin:80 - create IPUIPlugin
2023-10-22 12:16:00,283 [INFO] PluginManager:220 - loadIPPluginJar : add dfsdm
2023-10-22 12:16:00,287 [INFO] IPUIPlugin:80 - create IPUIPlugin
2023-10-22 12:16:00,287 [INFO] PluginManager:220 - loadIPPluginJar : add spi
2023-10-22 12:16:00,292 [INFO] IPUIPlugin:80 - create IPUIPlugin
2023-10-22 12:16:00,293 [INFO] PluginManager:220 - loadIPPluginJar : add gfxmmu
2023-10-22 12:16:00,295 [INFO] IPUIPlugin:80 - create IPUIPlugin
2023-10-22 12:16:00,295 [INFO] PluginManager:220 - loadIPPluginJar : add genericplugin
2023-10-22 12:16:00,299 [INFO] IPUIPlugin:80 - create IPUIPlugin
2023-10-22 12:16:00,299 [INFO] PluginManager:220 - loadIPPluginJar : add cryp
2023-10-22 12:16:00,308 [INFO] IPUIPlugin:80 - create IPUIPlugin
2023-10-22 12:16:00,308 [INFO] PluginManager:220 - loadIPPluginJar : add gpio
2023-10-22 12:16:00,311 [INFO] IPUIPlugin:80 - create IPUIPlugin
2023-10-22 12:16:00,311 [INFO] PluginManager:220 - loadIPPluginJar : add comp
2023-10-22 12:16:00,313 [INFO] IPUIPlugin:80 - create IPUIPlugin
2023-10-22 12:16:00,314 [INFO] PluginManager:220 - loadIPPluginJar : add tracer_emb
2023-10-22 12:16:00,318 [INFO] IPUIPlugin:80 - create IPUIPlugin
2023-10-22 12:16:00,318 [INFO] PluginManager:220 - loadIPPluginJar : add openamp
2023-10-22 12:16:00,326 [INFO] IPUIPlugin:80 - create IPUIPlugin
2023-10-22 12:16:00,326 [INFO] PluginManager:220 - loadIPPluginJar : add stm32_wpan
2023-10-22 12:16:00,341 [INFO] IPUIPlugin:80 - create IPUIPlugin
2023-10-22 12:16:00,346 [INFO] PluginManager:220 - loadIPPluginJar : add plateformsettings
2023-10-22 12:16:00,351 [INFO] IPUIPlugin:80 - create IPUIPlugin
2023-10-22 12:16:00,351 [INFO] PluginManager:220 - loadIPPluginJar : add ipddr
2023-10-22 12:16:00,356 [INFO] IPUIPlugin:80 - create IPUIPlugin
2023-10-22 12:16:00,356 [INFO] PluginManager:220 - loadIPPluginJar : add usart
2023-10-22 12:16:00,358 [INFO] IPUIPlugin:80 - create IPUIPlugin
2023-10-22 12:16:00,359 [INFO] PluginManager:220 - loadIPPluginJar : add ltdc
2023-10-22 12:16:00,365 [INFO] IPUIPlugin:80 - create IPUIPlugin
2023-10-22 12:16:00,366 [INFO] PluginManager:220 - loadIPPluginJar : add nvic
2023-10-22 12:16:00,368 [INFO] IPUIPlugin:80 - create IPUIPlugin
2023-10-22 12:16:00,368 [INFO] PluginManager:220 - loadIPPluginJar : add fatfs
2023-10-22 12:16:00,380 [INFO] IPUIPlugin:80 - create IPUIPlugin
2023-10-22 12:16:00,381 [INFO] PluginManager:220 - loadIPPluginJar : add linkedlist
2023-10-22 12:16:00,391 [INFO] IPUIPlugin:80 - create IPUIPlugin
2023-10-22 12:16:00,392 [INFO] PluginManager:220 - loadIPPluginJar : add dma
2023-10-22 12:16:00,399 [INFO] IPUIPlugin:80 - create IPUIPlugin
2023-10-22 12:16:00,399 [INFO] PluginManager:220 - loadIPPluginJar : add fmc
2023-10-22 12:16:00,403 [INFO] IPUIPlugin:80 - create IPUIPlugin
2023-10-22 12:16:00,403 [INFO] PluginManager:220 - loadIPPluginJar : add i2s
2023-10-22 12:16:00,406 [INFO] IPUIPlugin:80 - create IPUIPlugin
2023-10-22 12:16:00,406 [INFO] PluginManager:220 - loadIPPluginJar : add ucpd
2023-10-22 12:16:00,410 [INFO] IPUIPlugin:80 - create IPUIPlugin
2023-10-22 12:16:00,411 [INFO] PluginManager:220 - loadIPPluginJar : add lorawan
2023-10-22 12:16:00,415 [INFO] IPUIPlugin:80 - create IPUIPlugin
2023-10-22 12:16:00,416 [INFO] PluginManager:220 - loadIPPluginJar : add opamp
2023-10-22 12:16:00,420 [INFO] IPUIPlugin:80 - create IPUIPlugin
2023-10-22 12:16:00,420 [INFO] PluginManager:220 - loadIPPluginJar : add i3c
2023-10-22 12:16:00,425 [INFO] IPUIPlugin:80 - create IPUIPlugin
2023-10-22 12:16:00,426 [INFO] PluginManager:220 - loadIPPluginJar : add touchsensing
2023-10-22 12:16:00,429 [INFO] IPUIPlugin:80 - create IPUIPlugin
2023-10-22 12:16:00,430 [INFO] PluginManager:220 - loadIPPluginJar : add i2c
2023-10-22 12:16:00,436 [INFO] IPUIPlugin:80 - create IPUIPlugin
2023-10-22 12:16:00,436 [INFO] PluginManager:220 - loadIPPluginJar : add resmgrutility
2023-10-22 12:16:00,453 [INFO] IPUIPlugin:80 - create IPUIPlugin
2023-10-22 12:16:00,453 [INFO] PluginManager:220 - loadIPPluginJar : add sai
2023-10-22 12:16:00,459 [INFO] IPUIPlugin:80 - create IPUIPlugin
2023-10-22 12:16:00,460 [INFO] PluginManager:220 - loadIPPluginJar : add usbx
2023-10-22 12:16:00,603 [INFO] CADModel:165 - CPN selected for project level
2023-10-22 12:16:00,603 [INFO] CADModel:114 - Register for checkConnection events
2023-10-22 12:16:00,603 [FATAL] Updater:308 - Updater called before beeing initialized
2023-10-22 12:16:00,604 [ERROR] CADModel:125 - Updater not yet initialized, retry later 
2023-10-22 12:16:01,188 [INFO] CADModel:165 - CPN selected for project level
2023-10-22 12:16:01,188 [INFO] CADModel:114 - Register for checkConnection events
2023-10-22 12:16:01,190 [FATAL] Updater:308 - Updater called before beeing initialized
2023-10-22 12:16:01,190 [ERROR] CADModel:125 - Updater not yet initialized, retry later 
2023-10-22 12:16:01,201 [FATAL] Updater:308 - Updater called before beeing initialized
2023-10-22 12:16:01,460 [FATAL] Updater:308 - Updater called before beeing initialized
2023-10-22 12:16:01,479 [INFO] DbMcusAds:53 - JSON generation date=Tue Mar 07 10:50:55 EET 2023 (1678179055114)
2023-10-22 12:16:01,479 [FATAL] Updater:308 - Updater called before beeing initialized
2023-10-22 12:16:01,626 [WARN] DetailPanel:346 - Failed to get advertising image, set to default
2023-10-22 12:16:01,781 [FATAL] Updater:308 - Updater called before beeing initialized
2023-10-22 12:16:01,785 [FATAL] Updater:308 - Updater called before beeing initialized
2023-10-22 12:16:01,785 [FATAL] Updater:308 - Updater called before beeing initialized
2023-10-22 12:16:01,785 [WARN] DetailPanel:346 - Failed to get advertising image, set to default
2023-10-22 12:16:01,787 [FATAL] Updater:308 - Updater called before beeing initialized
2023-10-22 12:16:01,866 [ERROR] Updater:1120 - MainUpdater not yet initialized. External WinMGr cannot be set.
2023-10-22 12:16:01,895 [INFO] ThirdPartyUpdaterWithRetryManager:70 - Updater plugin not ready yet. [2/15]
2023-10-22 12:16:01,942 [INFO] Updater:1056 - Updater Version found : 6.9.2
2023-10-22 12:16:02,068 [INFO] ApplicationProperties:184 - Using Application install path: /Applications/STMicroelectronics/STM32CubeIDE.app/Contents/Eclipse/plugins/com.st.stm32cube.common.mx_6.9.2.202309101412
2023-10-22 12:16:02,876 [INFO] MainUpdater:2868 - connection check result : 10
2023-10-22 12:16:02,879 [INFO] MainUpdater:285 - Updater Check For Update Now.
2023-10-22 12:16:02,879 [INFO] MicroXplorer:498 - Change Database Version : DB.6.0.92
2023-10-22 12:16:03,043 [INFO] McuFinderGlobals:63 - Set McuFinder mode to 2 (CubeIDE integrated)
2023-10-22 12:16:03,369 [INFO] CheckServerUpdateThread:120 - End of CheckServer Thread
2023-10-22 12:16:05,456 [WARN] PackLoader:240 - Cannot read IP mode file for STMicroelectronics.X-CUBE-SMBUS.2.1.0
2023-10-22 12:16:05,665 [WARN] PackLoader:240 - Cannot read IP mode file for STMicroelectronics.X-CUBE-AZRTOS-F7.1.1.0
2023-10-22 12:16:05,688 [WARN] PackLoader:240 - Cannot read IP mode file for STMicroelectronics.FP-SNS-MOTENV1.4.3.2
2023-10-22 12:16:05,707 [WARN] PackLoader:240 - Cannot read IP mode file for STMicroelectronics.FP-SNS-FLIGHT1.5.0.2
2023-10-22 12:16:05,738 [WARN] PackLoader:240 - Cannot read IP mode file for STMicroelectronics.X-CUBE-DISPLAY.3.0.0
2023-10-22 12:16:05,771 [WARN] PackLoader:240 - Cannot read IP mode file for STMicroelectronics.X-CUBE-BLE1.7.0.0
2023-10-22 12:16:05,783 [WARN] PackLoader:240 - Cannot read IP mode file for emotas.I-CUBE-CANOPEN.1.3.0
2023-10-22 12:16:05,803 [WARN] PackLoader:240 - Cannot read IP mode file for STMicroelectronics.X-CUBE-TOUCHGFX.4.22.0
2023-10-22 12:16:05,809 [WARN] PackLoader:240 - Cannot read IP mode file for STMicroelectronics.X-CUBE-TOUCHGFX.4.22.1
2023-10-22 12:16:05,819 [WARN] PackLoader:240 - Cannot read IP mode file for STMicroelectronics.FP-SNS-SMARTAG2.1.2.0
2023-10-22 12:16:05,915 [INFO] LogOutputStream:77 - [STDOUT_REDIRECT] 1 : Invalid condition id : UX_CORESTACK_Condition cause : null
2023-10-22 12:16:05,916 [INFO] LogOutputStream:77 - [STDOUT_REDIRECT] 1 : Invalid condition id : UX_CORESTACK_Condition cause : null
2023-10-22 12:16:05,917 [INFO] LogOutputStream:77 - [STDOUT_REDIRECT] 1 : Invalid condition id : UX_CORESTACK_Condition cause : null
2023-10-22 12:16:05,917 [INFO] LogOutputStream:77 - [STDOUT_REDIRECT] 1 : Invalid condition id : UX_CORESTACK_Condition cause : null
2023-10-22 12:16:05,918 [INFO] LogOutputStream:77 - [STDOUT_REDIRECT] 1 : Invalid condition id : UX_CORESTACK_Condition cause : null
2023-10-22 12:16:05,926 [WARN] PackLoader:240 - Cannot read IP mode file for STMicroelectronics.X-CUBE-AZRTOS-WL.2.0.0
2023-10-22 12:16:05,947 [WARN] PackLoader:240 - Cannot read IP mode file for WES.I-CUBE-Cesium.1.3.0
2023-10-22 12:16:06,041 [WARN] PackLoader:240 - Cannot read IP mode file for STMicroelectronics.X-CUBE-BLE2.3.3.0
2023-10-22 12:16:06,055 [WARN] PackLoader:240 - Cannot read IP mode file for STMicroelectronics.X-CUBE-ALGOBUILD.1.3.0
2023-10-22 12:16:06,097 [WARN] PackLoader:240 - Cannot read IP mode file for STMicroelectronics.X-CUBE-AZRTOS-G0.1.1.0
2023-10-22 12:16:06,124 [WARN] PackLoader:240 - Cannot read IP mode file for STMicroelectronics.X-CUBE-NFC4.3.0.0
2023-10-22 12:16:06,133 [WARN] PackLoader:240 - Cannot read IP mode file for STMicroelectronics.FP-ATR-SIGFOX1.3.2.0
2023-10-22 12:16:06,388 [WARN] PackLoader:240 - Cannot read IP mode file for SEGGER.I-CUBE-embOS.1.3.1
2023-10-22 12:16:06,545 [WARN] PackLoader:240 - Cannot read IP mode file for STMicroelectronics.X-CUBE-GNSS1.6.0.0
2023-10-22 12:16:06,596 [WARN] PackLoader:240 - Cannot read IP mode file for STMicroelectronics.X-CUBE-AZRTOS-F4.1.1.0
2023-10-22 12:16:06,610 [WARN] PackLoader:240 - Cannot read IP mode file for wolfSSL.I-CUBE-wolfSSL.5.6.3
2023-10-22 12:16:06,683 [WARN] PackLoader:240 - Cannot read IP mode file for STMicroelectronics.X-CUBE-AZRTOS-L5.2.0.0
2023-10-22 12:16:06,857 [WARN] PackLoader:240 - Cannot read IP mode file for STMicroelectronics.X-CUBE-MEMS1.9.6.0
2023-10-22 12:16:07,896 [WARN] PackLoader:240 - Cannot read IP mode file for ITTIA_DB.I-CUBE-ITTIADB.8.8.0
2023-10-22 12:16:07,911 [WARN] PackLoader:240 - Cannot read IP mode file for STMicroelectronics.X-CUBE-BLEMGR.2.0.0
2023-10-22 12:16:08,155 [WARN] ConditionMgr:438 - getConditionDescription Invalid condition id : UX DEVICE CLASS RTOS Condition cause : null
2023-10-22 12:16:08,157 [WARN] ConditionMgr:438 - getConditionDescription Invalid condition id : UX DEVICE CLASS RTOS Condition cause : null
2023-10-22 12:16:08,169 [WARN] PackLoader:240 - Cannot read IP mode file for STMicroelectronics.X-CUBE-AZRTOS-H7.3.1.0
2023-10-22 12:16:08,172 [WARN] ConditionMgr:1039 - genDependencies : Invalid condition id : UX DEVICE CLASS RTOS Condition cause : null
2023-10-22 12:16:08,172 [WARN] ConditionMgr:1039 - genDependencies : Invalid condition id : UX DEVICE CLASS RTOS Condition cause : null
2023-10-22 12:16:08,174 [WARN] ConditionMgr:1039 - genDependencies : Invalid condition id : UX DEVICE CLASS RTOS Condition cause : null
2023-10-22 12:16:08,175 [WARN] ConditionMgr:1039 - genDependencies : Invalid condition id : UX DEVICE CLASS RTOS Condition cause : null
2023-10-22 12:16:08,175 [WARN] ConditionMgr:1039 - genDependencies : Invalid condition id : UX DEVICE CLASS RTOS Condition cause : null
2023-10-22 12:16:08,192 [WARN] PackLoader:240 - Cannot read IP mode file for STMicroelectronics.X-CUBE-NFC7.1.0.1
2023-10-22 12:16:08,208 [WARN] PackLoader:240 - Cannot read IP mode file for STMicroelectronics.X-CUBE-NFC6.3.0.0
2023-10-22 12:16:08,395 [WARN] PackLoader:240 - Cannot read IP mode file for STMicroelectronics.X-CUBE-EEPRMA1.4.1.0
2023-10-22 12:16:08,408 [WARN] PackLoader:240 - Cannot read IP mode file for STMicroelectronics.X-CUBE-AI.8.1.0
2023-10-22 12:16:08,562 [WARN] ConditionMgr:438 - getConditionDescription Invalid condition id : LAN8742 Phy interface Condition cause : null
2023-10-22 12:16:08,563 [WARN] PackLoader:240 - Cannot read IP mode file for STMicroelectronics.X-CUBE-AZRTOS-L4.2.0.0
2023-10-22 12:16:08,565 [WARN] ConditionMgr:1039 - genDependencies : Invalid condition id : LAN8742 Phy interface Condition cause : null
2023-10-22 12:16:08,566 [WARN] ConditionMgr:1039 - genDependencies : Invalid condition id : LAN8742 Phy interface Condition cause : null
2023-10-22 12:16:08,639 [WARN] ConditionMgr:1039 - genDependencies : Invalid condition id : LAN8742 Phy interface Condition cause : null
2023-10-22 12:16:08,678 [WARN] PackLoader:240 - Cannot read IP mode file for STMicroelectronics.X-CUBE-SFXS2LP1.4.0.0
2023-10-22 12:16:08,707 [WARN] PackLoader:240 - Cannot read IP mode file for STMicroelectronics.X-CUBE-ISPU.1.1.0
2023-10-22 12:16:08,744 [WARN] ConditionMgr:438 - getConditionDescription Invalid condition id : UX DEVICE CLASS RTOS Condition cause : null
2023-10-22 12:16:08,745 [WARN] ConditionMgr:438 - getConditionDescription Invalid condition id : UX DEVICE CLASS RTOS Condition cause : null
2023-10-22 12:16:08,748 [WARN] PackLoader:240 - Cannot read IP mode file for STMicroelectronics.X-CUBE-AZRTOS-WB.2.0.0
2023-10-22 12:16:08,749 [WARN] ConditionMgr:1039 - genDependencies : Invalid condition id : UX DEVICE CLASS RTOS Condition cause : null
2023-10-22 12:16:08,749 [WARN] ConditionMgr:1039 - genDependencies : Invalid condition id : UX DEVICE CLASS RTOS Condition cause : null
2023-10-22 12:16:08,750 [WARN] ConditionMgr:1039 - genDependencies : Invalid condition id : UX DEVICE CLASS RTOS Condition cause : null
2023-10-22 12:16:08,751 [WARN] ConditionMgr:1039 - genDependencies : Invalid condition id : UX DEVICE CLASS RTOS Condition cause : null
2023-10-22 12:16:08,752 [WARN] ConditionMgr:1039 - genDependencies : Invalid condition id : UX DEVICE CLASS RTOS Condition cause : null
2023-10-22 12:16:08,931 [WARN] PackLoader:240 - Cannot read IP mode file for STMicroelectronics.X-CUBE-SUBG2.5.0.0
2023-10-22 12:16:09,125 [WARN] PackLoader:240 - Cannot read IP mode file for STMicroelectronics.X-CUBE-TOF1.3.3.1
2023-10-22 12:16:09,276 [WARN] PackLoader:240 - Cannot read IP mode file for STMicroelectronics.X-CUBE-AZRTOS-G4.2.0.0
2023-10-22 12:16:09,370 [WARN] PackLoader:240 - Cannot read IP mode file for Infineon.AIROC-Wi-Fi-Bluetooth-STM32.1.5.1
2023-10-22 12:16:09,708 [WARN] PackLoader:240 - Cannot read IP mode file for STMicroelectronics.X-CUBE-MEMS1.10.0.0
2023-10-22 12:16:10,383 [WARN] PackLoader:240 - Cannot read IP mode file for STMicroelectronics.X-CUBE-FREERTOS.1.1.0
2023-10-22 12:16:10,426 [WARN] PackLoader:240 - Cannot read IP mode file for portGmbH.I-Cube-SoM-uGOAL.1.1.0
2023-10-22 12:16:10,917 [WARN] PackLoader:240 - Cannot read IP mode file for STMicroelectronics.X-CUBE-ALS.1.0.1
2023-10-22 12:16:10,951 [WARN] PackLoader:240 - Cannot read IP mode file for STMicroelectronics.FP-ATR-ASTRA1.2.0.0
2023-10-22 12:16:10,979 [INFO] ThirdParty:978 - Integrity check success = true
2023-10-22 12:16:10,979 [INFO] IntegrityCheckThread:100 - exiting critical section [integrity check]
2023-10-22 12:16:10,979 [INFO] IntegrityCheckThread:103 - End integrity checks thread
2023-10-22 12:16:14,149 [ERROR] LogOutputStream:75 - [STDERR_REDIRECT] SLF4J: Failed to load class "org.slf4j.impl.StaticLoggerBinder".
2023-10-22 12:16:14,150 [ERROR] LogOutputStream:75 - [STDERR_REDIRECT] SLF4J: Defaulting to no-operation (NOP) logger implementation
2023-10-22 12:16:14,150 [ERROR] LogOutputStream:75 - [STDERR_REDIRECT] SLF4J: See http://www.slf4j.org/codes.html#StaticLoggerBinder for further details.
2023-10-22 12:46:10,140 [INFO] McuFinderGlobals:63 - Set McuFinder mode to 2 (CubeIDE integrated)
2023-10-22 12:46:10,156 [INFO] MainUpdater:2868 - connection check result : 10
2023-10-22 12:46:10,158 [INFO] MainUpdater:2868 - connection check result : 10
2023-10-22 12:46:11,166 [INFO] MicroXplorer:468 - Change Database Path : 
2023-10-22 12:46:11,167 [INFO] MicroXplorer:498 - Change Database Version : DB.6.0.92
2023-10-22 12:46:11,176 [WARN] ThirdParty:871 - waiting for thirdparty lock release [close project]
2023-10-22 12:46:11,176 [INFO] ThirdParty:873 - entering critical section [close project]
2023-10-22 12:46:11,177 [INFO] ThirdParty:883 - exiting critical section [close project]
2023-10-22 12:46:11,187 [INFO] PinOutPanel:1499 - setPackage(No Configuration,No Configuration)
2023-10-22 12:46:11,207 [INFO] UtilMem:75 - Begin LoadConfig() Used Memory: 614896072 Bytes (837812224)
2023-10-22 12:46:11,211 [INFO] MicroXplorer:468 - Change Database Path : 
2023-10-22 12:46:11,211 [INFO] MicroXplorer:498 - Change Database Version : DB.6.0.92
2023-10-22 12:46:11,212 [INFO] OpenFileManager:308 - Change cursor
2023-10-22 12:46:11,278 [INFO] Mcu:1946 - Initializing MCU STM32F746ZGTx STM32F746ZGTx STM32F746ZGT6
2023-10-22 12:46:23,836 [INFO] Context:659 - Trying to add GPIOservice into a context  which must be forbidden
2023-10-22 12:46:27,937 [INFO] RtosManager:555 - Registered RTOS mode: class=CMSIS, group=RTOS, mode=CMSIS_V1, owner=FREERTOS
2023-10-22 12:46:27,938 [INFO] RtosManager:555 - Registered RTOS mode: class=CMSIS, group=RTOS2, mode=CMSIS_V2, owner=FREERTOS
2023-10-22 12:46:27,939 [INFO] RtosManager:555 - Registered RTOS mode: class=RTOS, group=Core, mode=CMSIS_V1, owner=FREERTOS
2023-10-22 12:46:27,939 [INFO] RtosManager:555 - Registered RTOS mode: class=RTOS, group=Core, mode=CMSIS_V2, owner=FREERTOS
2023-10-22 12:46:27,940 [WARN] ModelIntegratedComponent:184 - Missing modes for component STMicroelectronics:FreeRTOS:0.0.1:STMicroelectronics:RTOS:FreeRTOS:Core:::10.2.0:
2023-10-22 12:46:27,988 [WARN] ModelIntegratedComponent:63 - No mode defined for component null
2023-10-22 12:46:27,989 [WARN] ModelIntegratedComponent:63 - No mode defined for component null
2023-10-22 12:46:27,990 [WARN] ModelIntegratedComponent:63 - No mode defined for component null
2023-10-22 12:46:27,990 [WARN] ModelIntegratedComponent:63 - No mode defined for component null
2023-10-22 12:46:27,992 [WARN] ModelIntegratedComponent:63 - No mode defined for component null
2023-10-22 12:46:27,994 [WARN] ModelIntegratedComponent:63 - No mode defined for component null
2023-10-22 12:46:27,996 [WARN] ModelIntegratedComponent:63 - No mode defined for component null
2023-10-22 12:46:27,999 [WARN] ModelIntegratedComponent:63 - No mode defined for component null
2023-10-22 12:46:27,999 [WARN] ModelIntegratedComponent:63 - No mode defined for component null
2023-10-22 12:46:28,000 [WARN] ModelIntegratedComponent:63 - No mode defined for component null
2023-10-22 12:46:28,003 [WARN] ModelIntegratedComponent:63 - No mode defined for component null
2023-10-22 12:46:28,004 [WARN] ModelIntegratedComponent:63 - No mode defined for component null
2023-10-22 12:46:28,007 [WARN] ModelIntegratedComponent:63 - No mode defined for component null
2023-10-22 12:46:28,010 [WARN] ModelIntegratedComponent:63 - No mode defined for component null
2023-10-22 12:46:28,012 [WARN] ModelIntegratedComponent:63 - No mode defined for component null
2023-10-22 12:46:28,013 [WARN] ModelIntegratedComponent:63 - No mode defined for component null
2023-10-22 12:46:28,014 [WARN] ModelIntegratedComponent:63 - No mode defined for component null
2023-10-22 12:46:28,017 [WARN] ModelIntegratedComponent:63 - No mode defined for component null
2023-10-22 12:46:28,017 [WARN] ModelIntegratedComponent:63 - No mode defined for component null
2023-10-22 12:46:28,017 [WARN] ModelIntegratedComponent:63 - No mode defined for component null
2023-10-22 12:46:28,017 [WARN] ModelIntegratedComponent:63 - No mode defined for component null
2023-10-22 12:46:28,017 [WARN] ModelIntegratedComponent:63 - No mode defined for component null
2023-10-22 12:46:28,017 [WARN] ModelIntegratedComponent:63 - No mode defined for component null
2023-10-22 12:46:28,017 [WARN] ModelIntegratedComponent:63 - No mode defined for component null
2023-10-22 12:46:28,017 [WARN] ModelIntegratedComponent:63 - No mode defined for component null
2023-10-22 12:46:28,018 [WARN] ModelIntegratedComponent:63 - No mode defined for component null
2023-10-22 12:46:28,018 [WARN] ModelIntegratedComponent:63 - No mode defined for component null
2023-10-22 12:46:28,018 [WARN] ModelIntegratedComponent:63 - No mode defined for component null
2023-10-22 12:46:28,018 [WARN] ModelIntegratedComponent:63 - No mode defined for component null
2023-10-22 12:46:28,018 [WARN] ModelIntegratedComponent:63 - No mode defined for component null
2023-10-22 12:46:28,018 [WARN] ModelIntegratedComponent:63 - No mode defined for component null
2023-10-22 12:46:28,018 [WARN] ModelIntegratedComponent:63 - No mode defined for component null
2023-10-22 12:46:28,018 [WARN] ModelIntegratedComponent:63 - No mode defined for component null
2023-10-22 12:46:28,382 [INFO] ThirdPartyModel:298 - Start build external matchings
2023-10-22 12:46:30,678 [INFO] ThirdPartyModel:316 - End build external matchings
2023-10-22 12:46:30,772 [INFO] ImportTextPane:194 - (OptionalMessage_ERROR) IP (ETH) : Invalid parameter (PHY_Name)
2023-10-22 12:46:30,772 [INFO] ImportTextPane:194 - (OptionalMessage_ERROR) IP (ETH) : Invalid parameter (PHY_Value)
2023-10-22 12:46:30,773 [INFO] ImportTextPane:194 - (OptionalMessage_ERROR) IP (ETH) : Invalid parameter (PhyAddress)
2023-10-22 12:46:30,817 [INFO] ImportTextPane:194 - (OptionalMessage_ERROR) IP (RCC) : Invalid parameter (48MHZClocksFreq_Value)
2023-10-22 12:46:30,818 [INFO] ImportTextPane:194 - (OptionalMessage_ERROR) IP (RCC) : Invalid parameter (ADC12outputFreq_Value)
2023-10-22 12:46:30,818 [INFO] ImportTextPane:194 - (OptionalMessage_ERROR) IP (RCC) : Invalid parameter (ADC34outputFreq_Value)
2023-10-22 12:46:30,819 [INFO] ImportTextPane:194 - (OptionalMessage_ERROR) IP (RCC) : Invalid parameter (FamilyName)
2023-10-22 12:46:30,819 [INFO] ImportTextPane:194 - (OptionalMessage_ERROR) IP (RCC) : Invalid parameter (I2SClocksFreq_Value)
2023-10-22 12:46:30,820 [INFO] ImportTextPane:194 - (OptionalMessage_ERROR) IP (RCC) : Parameter (LCDTFToutputFreq_Value) has invalid value (96000000)
2023-10-22 12:46:30,820 [INFO] ImportTextPane:194 - (OptionalMessage_ERROR) IP (RCC) : Invalid parameter (MCOFreq_Value)
2023-10-22 12:46:30,821 [INFO] ImportTextPane:194 - (OptionalMessage_ERROR) IP (RCC) : Invalid parameter (PLLMCOFreq_Value)
2023-10-22 12:46:30,838 [INFO] ImportTextPane:194 - (OptionalMessage_ERROR) IP (RCC) : Invalid parameter (PLLMUL)
2023-10-22 12:46:30,887 [INFO] ImportTextPane:194 - (OptionalMessage_ERROR) IP (RCC) : Invalid parameter (PRESCALERUSB)
2023-10-22 12:46:30,897 [INFO] ImportTextPane:194 - (OptionalMessage_ERROR) IP (RCC) : Invalid parameter (RTCHSEDivFreq_Value)
2023-10-22 12:46:30,900 [INFO] ImportTextPane:194 - (OptionalMessage_ERROR) IP (RCC) : Parameter (SDMMCFreq_Value) has invalid value (72000000)
2023-10-22 12:46:30,903 [INFO] ImportTextPane:194 - (OptionalMessage_ERROR) IP (RCC) : Invalid parameter (SYSCLKSourceVirtual)
2023-10-22 12:46:30,904 [INFO] ImportTextPane:194 - (OptionalMessage_ERROR) IP (RCC) : Invalid parameter (TIM15Freq_Value)
2023-10-22 12:46:30,905 [INFO] ImportTextPane:194 - (OptionalMessage_ERROR) IP (RCC) : Invalid parameter (TIM16Freq_Value)
2023-10-22 12:46:30,905 [INFO] ImportTextPane:194 - (OptionalMessage_ERROR) IP (RCC) : Invalid parameter (TIM17Freq_Value)
2023-10-22 12:46:30,906 [INFO] ImportTextPane:194 - (OptionalMessage_ERROR) IP (RCC) : Invalid parameter (TIM1Freq_Value)
2023-10-22 12:46:30,908 [INFO] ImportTextPane:194 - (OptionalMessage_ERROR) IP (RCC) : Invalid parameter (TIM20Freq_Value)
2023-10-22 12:46:30,909 [INFO] ImportTextPane:194 - (OptionalMessage_ERROR) IP (RCC) : Invalid parameter (TIM2Freq_Value)
2023-10-22 12:46:30,910 [INFO] ImportTextPane:194 - (OptionalMessage_ERROR) IP (RCC) : Invalid parameter (TIM3Freq_Value)
2023-10-22 12:46:30,910 [INFO] ImportTextPane:194 - (OptionalMessage_ERROR) IP (RCC) : Invalid parameter (TIM8Freq_Value)
2023-10-22 12:46:30,916 [INFO] ImportTextPane:194 - (OptionalMessage_ERROR) IP (RCC) : Invalid parameter (VCOOutput2Freq_Value)
2023-10-22 12:46:30,925 [INFO] ImportTextPane:194 - (OptionalMessage_ERROR) IP (RCC) : Invalid parameter (VcooutputI2S)
2023-10-22 12:46:32,947 [INFO] UtilMem:75 - End LoadConfig() Used Memory: 501142824 Bytes (724566016)
2023-10-22 12:46:33,301 [INFO] ApiDb:581 - Connected to CubeFinder SQLite database (/Users/romanlobach/.stmcufinder/plugins/mcufinder/mcu/cube-finder-db.db)
2023-10-22 12:46:33,589 [INFO] ApiDb:668 - CubeFinder database Data Model version=2.1
2023-10-22 12:46:33,590 [INFO] ApiDb:669 - CubeFinder database Configuration version=3.0.37
2023-10-22 12:46:33,595 [INFO] ApiDb:670 - CubeFinder database generation date=2023-08-09 (1691586011)
2023-10-22 12:46:33,595 [INFO] ApiDb:671 - CubeFinder database FW Pack versions=[FP-ATR-ASTRA1_V2.0.0, FP-SNS-FLIGHT1_V5.0.1, FP-SNS-FLIGHT1_V5.0.2, FP-SNS-MOTENV1_V4.3.1, FP-SNS-MOTENV1_V4.3.2, STM32Cube_FW_C0_V1.1.0, STM32Cube_FW_F4_V1.27.1, STM32Cube_FW_F7_V1.17.0, STM32Cube_FW_G0_V1.6.1, STM32Cube_FW_G4_V1.5.1, STM32Cube_FW_H5_V0.5.1, STM32Cube_FW_H5_V1.1.0, STM32Cube_FW_H7_V1.11.0, STM32Cube_FW_L0_V1.12.2, STM32Cube_FW_L5_V1.5.0, STM32Cube_FW_U5_V1.3.0, STM32Cube_FW_U5_V1.3.0RC4, STM32Cube_FW_WBA_V1.0.0RC1, STM32Cube_FW_WBA_V1.1.0, STM32Cube_FW_WBA_V1.1.0RC1, STM32Cube_FW_WB_V1.15.0RC1, STM32Cube_FW_WB_V1.16.0, STM32Cube_FW_WB_V1.16.0RC2, STM32Cube_FW_WB_V1.17.0, STM32Cube_FW_WL_V1.3.0, X-CUBE-ALGOBUILD_V1.3.0, X-CUBE-ALS_V1.0.1, X-CUBE-AZRTOS-F4_V1.1.0, X-CUBE-AZRTOS-F7_V1.1.0, X-CUBE-AZRTOS-G0_V1.1.0, X-CUBE-AZRTOS-G4_V2.0.0, X-CUBE-AZRTOS-H7_V3.1.0, X-CUBE-AZRTOS-L4_V1.0.0, X-CUBE-AZRTOS-L4_V2.0.0, X-CUBE-AZRTOS-L5_V1.1.0, X-CUBE-AZRTOS-WB_V1.1.0, X-CUBE-AZRTOS-WL_V2.0.0, X-CUBE-BLE1_V7.0.0, X-CUBE-BLE2_V3.3.0, X-CUBE-BLEMGR_V2.0.0, X-CUBE-EEPRMA1_V4.1.0, X-CUBE-FREERTOS_V1.1.0, X-CUBE-GNSS1_V6.0.0, X-CUBE-MEMS1_V9.1.0, X-CUBE-MEMS1_V9.4.0, X-CUBE-MEMS1_V9.6.0, X-CUBE-NFC4_V3.0.0, X-CUBE-NFC7_V1.0.0, X-CUBE-SFXS2LP1_V4.0.0, X-CUBE-SUBG2_V5.0.0, X-CUBE-TOF1_V3.3.1]
2023-10-22 12:46:42,138 [INFO] ApiDb:240 - Found 323 in-development CPN: [B-G473E-ZEST1S, B-WB1M-WPAN1, B-WL5M-SUBG1, NUCLEO-C031C6, NUCLEO-H503RB, NUCLEO-H563ZI, NUCLEO-U545RE-Q, NUCLEO-U5A5ZJ-Q, NUCLEO-WBA52CG, STEVAL-PROTEUS1, STEVAL-SMARTAG2, STEVAL-STWINBX1, STM320518-EVAL, STM32C0116-DK, STM32C011D6Y3TR, STM32C011D6Y6TR, STM32C011F4P3, STM32C011F4P6, STM32C011F4U3, STM32C011F4U6TR, STM32C011F6P3, STM32C011F6P6, STM32C011F6U3, STM32C011F6U6TR, STM32C011J4M3, STM32C011J4M6, STM32C011J6M3, STM32C011J6M6, STM32C0316-DK, STM32C031C4T3, STM32C031C4T6, STM32C031C4U3, STM32C031C4U6, STM32C031C6T3, STM32C031C6T6, STM32C031C6U3, STM32C031C6U6, STM32C031F4P3, STM32C031F4P6, STM32C031F6P3, STM32C031F6P6, STM32C031G4U3, STM32C031G4U6, STM32C031G6U3, STM32C031G6U6, STM32C031K4T3, STM32C031K4T6, STM32C031K4U3, STM32C031K4U6, STM32C031K6T3, STM32C031K6T6, STM32C031K6U3, STM32C031K6U6, STM32G071K8TXN, STM32G071K8UXN, STM32G081GBU6N, STM32G081KBT6N, STM32G081KBUXN, STM32G0B1CCT6N, STM32G0B1KCT6, STM32G0B1NEY6TR, STM32G0B1RCT6N, STM32G0C1CCT6, STM32G0C1CCT6N, STM32G0C1CCU6N, STM32G0C1CET6N, STM32G0C1CEU6N, STM32G0C1KCT6, STM32G0C1NEY6TR, STM32G0C1RCI6N, STM32G0C1RCT6N, STM32G0C1REI6N, STM32G0C1RET6N, STM32G0C1VCI6, STM32G0C1VEI6, STM32G471CCT6, STM32G471CCU6, STM32G471CET3, STM32G471CET6, STM32G471CEU3, STM32G471CEU6, STM32G471MCT6, STM32G471MET3, STM32G471MET6, STM32G471MEY6TR, STM32G471QCT6, STM32G471QET3, STM32G471RCT6, STM32G471RET3, STM32G471RET6, STM32G471VCH6, STM32G471VCI6, STM32G471VCT6, STM32G471VEH3, STM32G471VEH6, STM32G471VEI3, STM32G471VEI6, STM32G471VET3, STM32G471VET6, STM32G474CCT6, STM32H503CBT6, STM32H503CBU6, STM32H503EBY6TR, STM32H503KBU6, STM32H503RBT6, STM32H562AGI6, STM32H562AII6, STM32H562IGK6, STM32H562IGT6, STM32H562IIK6, STM32H562IIT6, STM32H562RGT6, STM32H562RGV6, STM32H562RIT6, STM32H562RIV6, STM32H562VGT6, STM32H562VIT6, STM32H562ZGT6, STM32H562ZIT6, STM32H563AGI6, STM32H563AII3Q, STM32H563AII6, STM32H563IGK6, STM32H563IGT6, STM32H563IIK3Q, STM32H563IIK6, STM32H563IIT3Q, STM32H563IIT6, STM32H563MIY3QTR, STM32H563RGT6, STM32H563RGV6, STM32H563RIT6, STM32H563RIV6, STM32H563VGT6, STM32H563VIT3Q, STM32H563VIT6, STM32H563ZGT6, STM32H563ZIT3Q, STM32H563ZIT6, STM32H573AII3Q, STM32H573AII6, STM32H573I-DK, STM32H573IIK3Q, STM32H573IIK6, STM32H573IIT3Q, STM32H573IIT6, STM32H573MIY3QTR, STM32H573RIT6, STM32H573RIV6, STM32H573VIT3Q, STM32H573VIT6, STM32H573ZIT3Q, STM32H573ZIT6, STM32L4R5QGI6STR, STM32MP131AAE3, STM32MP131AAF3, STM32MP131AAG3, STM32MP131CAE3, STM32MP131CAF3, STM32MP131CAG3, STM32MP131DAE7, STM32MP131DAF7, STM32MP131DAG7, STM32MP131FAE7, STM32MP131FAF7, STM32MP131FAG7, STM32MP133AAE3, STM32MP133AAF3, STM32MP133AAG3, STM32MP133CAE3, STM32MP133CAF3, STM32MP133CAG3, STM32MP133DAE7, STM32MP133DAF7, STM32MP133DAG7, STM32MP133FAE7, STM32MP133FAF7, STM32MP133FAG7, STM32MP135AAE3, STM32MP135AAF3, STM32MP135AAG3, STM32MP135CAE3, STM32MP135CAF3, STM32MP135CAG3, STM32MP135DAE7, STM32MP135DAF7, STM32MP135DAG7, STM32MP135F-DK, STM32MP135FAE7, STM32MP135FAF7, STM32MP135FAF7T, STM32MP135FAF7U, STM32MP135FAG7, STM32U535CBT6, STM32U535CBT6Q, STM32U535CBU6, STM32U535CBU6Q, STM32U535CCT6, STM32U535CCT6Q, STM32U535CCU6, STM32U535CCU6Q, STM32U535CET6, STM32U535CET6Q, STM32U535CEU6, STM32U535CEU6Q, STM32U535JEY6QTR, STM32U535NCY6QTR, STM32U535NEY6QTR, STM32U535RBI6, STM32U535RBI6Q, STM32U535RBT6, STM32U535RBT6Q, STM32U535RCI6, STM32U535RCI6Q, STM32U535RCT6, STM32U535RCT6Q, STM32U535REI6, STM32U535REI6Q, STM32U535RET6, STM32U535RET6Q, STM32U535VCI6, STM32U535VCI6Q, STM32U535VCT6, STM32U535VCT6Q, STM32U535VEI6, STM32U535VEI6Q, STM32U535VET6, STM32U535VET6Q, STM32U545CET6, STM32U545CET6Q, STM32U545CEU6, STM32U545CEU6Q, STM32U545JEY6QTR, STM32U545NEY6QTR, STM32U545REI6, STM32U545REI6Q, STM32U545RET6, STM32U545RET6Q, STM32U545VEI6, STM32U545VEI6Q, STM32U545VET6, STM32U545VET6Q, STM32U595AIH6, STM32U595AIH6Q, STM32U595AJH6, STM32U595AJH6Q, STM32U595QII6, STM32U595QII6Q, STM32U595QJI6, STM32U595QJI6Q, STM32U595RIT6, STM32U595RIT6Q, STM32U595RJT6, STM32U595RJT6Q, STM32U595VIT6, STM32U595VIT6Q, STM32U595VJT6, STM32U595VJT6Q, STM32U595ZIT6, STM32U595ZIT6Q, STM32U595ZIY6QTR, STM32U595ZJT6, STM32U595ZJT6Q, STM32U595ZJY6QTR, STM32U599BJY6QTR, STM32U599NIH6Q, STM32U599NJH6Q, STM32U599VIT6Q, STM32U599VJT6, STM32U599VJT6Q, STM32U599ZIT6Q, STM32U599ZIY6QTR, STM32U599ZJT6Q, STM32U599ZJY6QTR, STM32U5A5AJH6, STM32U5A5AJH6Q, STM32U5A5QJI6, STM32U5A5QJI6Q, STM32U5A5RJT6, STM32U5A5RJT6Q, STM32U5A5VJT6, STM32U5A5VJT6Q, STM32U5A5ZJT6, STM32U5A5ZJT6Q, STM32U5A5ZJY6QTR, STM32U5A9BJY6QTR, STM32U5A9J-DK, STM32U5A9NJH6Q, STM32U5A9VJT6Q, STM32U5A9ZJT6Q, STM32U5A9ZJY6QTR, STM32U5F7VIT6, STM32U5F7VIT6Q, STM32U5F7VJT6, STM32U5F7VJT6Q, STM32U5F9BJY6QTR, STM32U5F9NJH6Q, STM32U5F9VIT6Q, STM32U5F9VJT6Q, STM32U5F9ZIJ6QTR, STM32U5F9ZIT6Q, STM32U5F9ZJJ6QTR, STM32U5F9ZJT6Q, STM32U5G7VJT6, STM32U5G7VJT6Q, STM32U5G9BJY6QTR, STM32U5G9J-DK1, STM32U5G9J-DK2, STM32U5G9NJH6Q, STM32U5G9VJT6Q, STM32U5G9ZJJ6QTR, STM32U5G9ZJT6Q, STM32WB1MMCH6, STM32WBA52CEU6, STM32WBA52CEU6T, STM32WBA52CGU6, STM32WBA52CGU6T, STM32WBA52KEU6, STM32WBA52KEU6T, STM32WBA52KGU6, STM32WBA52KGU6T, STM32WL5MOCH6, STM32WL5MOCH6TR]
2023-10-22 12:46:42,150 [INFO] DbMcus:217 - Found 3848 MCUs, 3848 are supported
2023-10-22 12:46:42,151 [INFO] ApiDb:414 - User favorites file not found: /Users/romanlobach/.stm32cubeide/favorites.mcus.txt
2023-10-22 12:46:42,152 [INFO] DbMcus:223 - Set 0 / 0 favorites MCUs
2023-10-22 12:46:44,270 [WARN] ThirdParty:833 - waiting for thirdparty lock release [change project]
2023-10-22 12:46:44,270 [INFO] ThirdParty:835 - entering critical section [change project]
2023-10-22 12:46:44,270 [INFO] ThirdParty:1030 - CMSIS Pack Vendor :STMicroelectronics X-CUBE-ISPU 1.1.0
2023-10-22 12:46:44,275 [INFO] ThirdParty:1030 - CMSIS Pack Vendor :STMicroelectronics USBPD 4.1
2023-10-22 12:46:44,275 [INFO] ThirdParty:1030 - CMSIS Pack Vendor :STMicroelectronics X-CUBE-GNSS1 6.0.0
2023-10-22 12:46:44,275 [INFO] ThirdParty:1030 - CMSIS Pack Vendor :STMicroelectronics USB_HOST 2.0.0
2023-10-22 12:46:44,275 [INFO] ThirdParty:1030 - CMSIS Pack Vendor :STMicroelectronics X-CUBE-AZRTOS-F4 1.1.0
2023-10-22 12:46:44,275 [INFO] ThirdParty:1030 - CMSIS Pack Vendor :STMicroelectronics LIBJPEG 8.0.0
2023-10-22 12:46:44,275 [INFO] ThirdParty:1030 - CMSIS Pack Vendor :wolfSSL I-CUBE-wolfSSL 5.6.3
2023-10-22 12:46:44,276 [INFO] ThirdParty:1030 - CMSIS Pack Vendor :STMicroelectronics X-CUBE-SMBUS 2.1.0
2023-10-22 12:46:44,276 [INFO] ThirdParty:1030 - CMSIS Pack Vendor :STMicroelectronics USB_DEVICE 3.0.0
2023-10-22 12:46:44,276 [INFO] ThirdParty:1030 - CMSIS Pack Vendor :STMicroelectronics X-CUBE-AZRTOS-WB 2.0.0
2023-10-22 12:46:44,276 [INFO] ThirdParty:1030 - CMSIS Pack Vendor :STMicroelectronics X-CUBE-AZRTOS-F7 1.1.0
2023-10-22 12:46:44,276 [INFO] ThirdParty:1030 - CMSIS Pack Vendor :STMicroelectronics X-CUBE-AZRTOS-L5 2.0.0
2023-10-22 12:46:44,276 [INFO] ThirdParty:1030 - CMSIS Pack Vendor :STMicroelectronics USB_DEVICE 2.0.0
2023-10-22 12:46:44,276 [INFO] ThirdParty:1030 - CMSIS Pack Vendor :STMicroelectronics X-CUBE-MEMS1 9.6.0
2023-10-22 12:46:44,276 [INFO] ThirdParty:1030 - CMSIS Pack Vendor :ITTIA_DB I-CUBE-ITTIADB 8.8.0
2023-10-22 12:46:44,276 [INFO] ThirdParty:1030 - CMSIS Pack Vendor :STMicroelectronics FP-SNS-MOTENV1 4.3.2
2023-10-22 12:46:44,276 [INFO] ThirdParty:1030 - CMSIS Pack Vendor :STMicroelectronics X-CUBE-ALGOBUILD 1.3.0
2023-10-22 12:46:44,277 [INFO] ThirdParty:1030 - CMSIS Pack Vendor :STMicroelectronics FreeRTOS 0.0.1
2023-10-22 12:46:44,277 [INFO] ThirdParty:1030 - CMSIS Pack Vendor :STMicroelectronics X-CUBE-AZRTOS-G0 1.1.0
2023-10-22 12:46:44,277 [INFO] ThirdParty:1030 - CMSIS Pack Vendor :STMicroelectronics X-CUBE-BLEMGR 2.0.0
2023-10-22 12:46:44,278 [INFO] ThirdParty:1030 - CMSIS Pack Vendor :STMicroelectronics X-CUBE-NFC4 3.0.0
2023-10-22 12:46:44,279 [INFO] ThirdParty:1030 - CMSIS Pack Vendor :STMicroelectronics X-CUBE-SUBG2 5.0.0
2023-10-22 12:46:44,283 [INFO] ThirdParty:1030 - CMSIS Pack Vendor :STMicroelectronics STM32_WPAN 1.0.0
2023-10-22 12:46:44,286 [INFO] ThirdParty:1030 - CMSIS Pack Vendor :STMicroelectronics lwIP 2.0.3
2023-10-22 12:46:44,290 [INFO] ThirdParty:1030 - CMSIS Pack Vendor :STMicroelectronics FP-SNS-FLIGHT1 5.0.2
2023-10-22 12:46:44,290 [INFO] ThirdParty:1030 - CMSIS Pack Vendor :STMicroelectronics USB_HOST 1.0.0
2023-10-22 12:46:44,290 [INFO] ThirdParty:1030 - CMSIS Pack Vendor :STMicroelectronics X-CUBE-TOF1 3.3.1
2023-10-22 12:46:44,291 [INFO] ThirdParty:1030 - CMSIS Pack Vendor :STMicroelectronics X-CUBE-AZRTOS-G4 2.0.0
2023-10-22 12:46:44,291 [INFO] ThirdParty:1030 - CMSIS Pack Vendor :STMicroelectronics PDM2PCM 3.1.0
2023-10-22 12:46:44,291 [INFO] ThirdParty:1030 - CMSIS Pack Vendor :STMicroelectronics X-CUBE-AZRTOS-H7 3.1.0
2023-10-22 12:46:44,291 [INFO] ThirdParty:1030 - CMSIS Pack Vendor :Infineon AIROC-Wi-Fi-Bluetooth-STM32 1.5.1
2023-10-22 12:46:44,292 [INFO] ThirdParty:1030 - CMSIS Pack Vendor :STMicroelectronics PDM2PCM 3.3.0
2023-10-22 12:46:44,292 [INFO] ThirdParty:1030 - CMSIS Pack Vendor :STMicroelectronics X-CUBE-DISPLAY 3.0.0
2023-10-22 12:46:44,292 [INFO] ThirdParty:1030 - CMSIS Pack Vendor :STMicroelectronics X-CUBE-BLE1 7.0.0
2023-10-22 12:46:44,292 [INFO] ThirdParty:1030 - CMSIS Pack Vendor :STMicroelectronics FP-ATR-SIGFOX1 3.2.0
2023-10-22 12:46:44,292 [INFO] ThirdParty:1030 - CMSIS Pack Vendor :STMicroelectronics HAL Drivers 0.0.0
2023-10-22 12:46:44,292 [INFO] ThirdParty:1030 - CMSIS Pack Vendor :STMicroelectronics MBEDTLS 2.16.2
2023-10-22 12:46:44,292 [INFO] ThirdParty:1030 - CMSIS Pack Vendor :emotas I-CUBE-CANOPEN 1.3.0
2023-10-22 12:46:44,293 [INFO] ThirdParty:1030 - CMSIS Pack Vendor :STMicroelectronics X-CUBE-MEMS1 10.0.0
2023-10-22 12:46:44,293 [INFO] ThirdParty:1030 - CMSIS Pack Vendor :STMicroelectronics X-CUBE-FREERTOS 1.1.0
2023-10-22 12:46:44,293 [INFO] ThirdParty:1030 - CMSIS Pack Vendor :STMicroelectronics X-CUBE-TOUCHGFX 4.22.0
2023-10-22 12:46:44,293 [INFO] ThirdParty:1030 - CMSIS Pack Vendor :STMicroelectronics X-CUBE-NFC7 1.0.1
2023-10-22 12:46:44,293 [INFO] ThirdParty:1030 - CMSIS Pack Vendor :STMicroelectronics MBEDTLS 2.14.1
2023-10-22 12:46:44,301 [INFO] ThirdParty:1030 - CMSIS Pack Vendor :STMicroelectronics X-CUBE-TOUCHGFX 4.22.1
2023-10-22 12:46:44,306 [INFO] ThirdParty:1030 - CMSIS Pack Vendor :STMicroelectronics X-CUBE-NFC6 3.0.0
2023-10-22 12:46:44,307 [INFO] ThirdParty:1030 - CMSIS Pack Vendor :STMicroelectronics X-CUBE-EEPRMA1 4.1.0
2023-10-22 12:46:44,307 [INFO] ThirdParty:1030 - CMSIS Pack Vendor :portGmbH I-Cube-SoM-uGOAL 1.1.0
2023-10-22 12:46:44,307 [INFO] ThirdParty:1030 - CMSIS Pack Vendor :STMicroelectronics X-CUBE-ALS 1.0.1
2023-10-22 12:46:44,307 [INFO] ThirdParty:1030 - CMSIS Pack Vendor :STMicroelectronics ThreadX 1.0.0
2023-10-22 12:46:44,308 [INFO] ThirdParty:1030 - CMSIS Pack Vendor :STMicroelectronics FP-SNS-SMARTAG2 1.2.0
2023-10-22 12:46:44,308 [INFO] ThirdParty:1030 - CMSIS Pack Vendor :STMicroelectronics X-CUBE-AZRTOS-WL 2.0.0
2023-10-22 12:46:44,308 [INFO] ThirdParty:1030 - CMSIS Pack Vendor :SEGGER I-CUBE-embOS 1.3.1
2023-10-22 12:46:44,308 [INFO] ThirdParty:1030 - CMSIS Pack Vendor :STMicroelectronics USB_DEVICE 1.0.0
2023-10-22 12:46:44,308 [INFO] ThirdParty:1030 - CMSIS Pack Vendor :STMicroelectronics X-CUBE-AI 8.1.0
2023-10-22 12:46:44,308 [INFO] ThirdParty:1030 - CMSIS Pack Vendor :STMicroelectronics X-CUBE-AZRTOS-L4 2.0.0
2023-10-22 12:46:44,308 [INFO] ThirdParty:1030 - CMSIS Pack Vendor :STMicroelectronics ThreadX 0.0.2
2023-10-22 12:46:44,308 [INFO] ThirdParty:1030 - CMSIS Pack Vendor :WES I-CUBE-Cesium 1.3.0
2023-10-22 12:46:44,308 [INFO] ThirdParty:1030 - CMSIS Pack Vendor :STMicroelectronics FP-ATR-ASTRA1 2.0.0
2023-10-22 12:46:44,308 [INFO] ThirdParty:1030 - CMSIS Pack Vendor :STMicroelectronics lwIP 2.1.2
2023-10-22 12:46:44,310 [INFO] ThirdParty:1030 - CMSIS Pack Vendor :STMicroelectronics X-CUBE-SFXS2LP1 4.0.0
2023-10-22 12:46:44,311 [INFO] ThirdParty:1030 - CMSIS Pack Vendor :STMicroelectronics X-CUBE-BLE2 3.3.0
2023-10-22 12:46:44,312 [INFO] ThirdParty:1030 - CMSIS Pack Vendor :STMicroelectronics PDM2PCM 3.2.0
2023-10-22 12:46:44,313 [INFO] ThirdParty:841 - exiting critical section [change project]
2023-10-22 12:46:47,522 [INFO] PinOutPanel:1499 - setPackage(No Configuration,No Configuration)
2023-10-22 12:46:47,533 [INFO] PinOutPanel:1499 - setPackage(STM32F746ZGTx,LQFP144)
2023-10-22 12:46:50,987 [INFO] UtilMem:75 - Before build in PCC Used Memory: 330954752 Bytes (724566016)
2023-10-22 12:46:53,526 [INFO] UtilMem:75 - After build in PCC Used Memory: 454127792 Bytes (724566016)
2023-10-22 12:46:53,726 [INFO] IPUIPlugin:80 - create IPUIPlugin
2023-10-22 12:46:53,726 [INFO] IPUIPlugin:80 - create IPUIPlugin
2023-10-22 12:46:53,726 [INFO] IPUIPlugin:80 - create IPUIPlugin
2023-10-22 12:46:53,727 [INFO] IPUIPlugin:80 - create IPUIPlugin
2023-10-22 12:46:53,728 [INFO] IPUIPlugin:80 - create IPUIPlugin
2023-10-22 12:46:53,728 [INFO] IPUIPlugin:80 - create IPUIPlugin
2023-10-22 12:46:53,729 [INFO] IPUIPlugin:80 - create IPUIPlugin
2023-10-22 12:46:53,729 [INFO] IPUIPlugin:80 - create IPUIPlugin
2023-10-22 12:46:53,729 [INFO] IPUIPlugin:80 - create IPUIPlugin
2023-10-22 12:46:53,730 [INFO] IPUIPlugin:80 - create IPUIPlugin
2023-10-22 12:46:53,730 [INFO] IPUIPlugin:80 - create IPUIPlugin
2023-10-22 12:46:53,730 [INFO] IPUIPlugin:80 - create IPUIPlugin
2023-10-22 12:46:53,731 [INFO] IPUIPlugin:80 - create IPUIPlugin
2023-10-22 12:46:53,731 [INFO] IPUIPlugin:80 - create IPUIPlugin
2023-10-22 12:46:53,731 [INFO] IPUIPlugin:80 - create IPUIPlugin
2023-10-22 12:46:53,731 [INFO] IPUIPlugin:80 - create IPUIPlugin
2023-10-22 12:46:53,731 [INFO] IPUIPlugin:80 - create IPUIPlugin
2023-10-22 12:46:53,732 [INFO] IPUIPlugin:80 - create IPUIPlugin
2023-10-22 12:46:53,746 [INFO] IPUIPlugin:80 - create IPUIPlugin
2023-10-22 12:46:53,750 [INFO] IPUIPlugin:80 - create IPUIPlugin
2023-10-22 12:46:53,752 [INFO] IPUIPlugin:80 - create IPUIPlugin
2023-10-22 12:46:53,753 [INFO] IPUIPlugin:80 - create IPUIPlugin
2023-10-22 12:46:53,754 [INFO] IPUIPlugin:80 - create IPUIPlugin
2023-10-22 12:46:53,756 [INFO] IPUIPlugin:80 - create IPUIPlugin
2023-10-22 12:46:53,757 [INFO] IPUIPlugin:80 - create IPUIPlugin
2023-10-22 12:46:53,759 [INFO] IPUIPlugin:80 - create IPUIPlugin
2023-10-22 12:46:53,760 [INFO] IPUIPlugin:80 - create IPUIPlugin
2023-10-22 12:46:53,762 [INFO] IPUIPlugin:80 - create IPUIPlugin
2023-10-22 12:46:53,763 [INFO] IPUIPlugin:80 - create IPUIPlugin
2023-10-22 12:46:53,763 [INFO] IPUIPlugin:80 - create IPUIPlugin
2023-10-22 12:46:53,764 [INFO] IPUIPlugin:80 - create IPUIPlugin
2023-10-22 12:46:53,766 [INFO] IPUIPlugin:80 - create IPUIPlugin
2023-10-22 12:46:53,767 [INFO] IPUIPlugin:80 - create IPUIPlugin
2023-10-22 12:46:53,767 [INFO] IPUIPlugin:80 - create IPUIPlugin
2023-10-22 12:46:53,768 [INFO] IPUIPlugin:80 - create IPUIPlugin
2023-10-22 12:46:53,769 [INFO] IPUIPlugin:80 - create IPUIPlugin
2023-10-22 12:46:53,770 [INFO] IPUIPlugin:80 - create IPUIPlugin
2023-10-22 12:46:53,770 [INFO] IPUIPlugin:80 - create IPUIPlugin
2023-10-22 12:46:53,771 [INFO] IPUIPlugin:80 - create IPUIPlugin
2023-10-22 12:46:53,772 [INFO] IPUIPlugin:80 - create IPUIPlugin
2023-10-22 12:46:53,772 [INFO] IPUIPlugin:80 - create IPUIPlugin
2023-10-22 12:46:53,773 [INFO] IPUIPlugin:80 - create IPUIPlugin
2023-10-22 12:46:53,773 [INFO] IPUIPlugin:80 - create IPUIPlugin
2023-10-22 12:46:53,773 [INFO] IPUIPlugin:80 - create IPUIPlugin
2023-10-22 12:46:53,774 [INFO] IPUIPlugin:80 - create IPUIPlugin
2023-10-22 12:46:53,774 [INFO] IPUIPlugin:80 - create IPUIPlugin
2023-10-22 12:46:53,775 [INFO] IPUIPlugin:80 - create IPUIPlugin
2023-10-22 12:46:53,776 [INFO] IPUIPlugin:80 - create IPUIPlugin
2023-10-22 12:46:53,776 [INFO] IPUIPlugin:80 - create IPUIPlugin
2023-10-22 12:46:53,777 [INFO] IPUIPlugin:80 - create IPUIPlugin
2023-10-22 12:46:53,778 [INFO] IPUIPlugin:80 - create IPUIPlugin
2023-10-22 12:46:53,778 [INFO] IPUIPlugin:80 - create IPUIPlugin
2023-10-22 12:46:53,778 [INFO] IPUIPlugin:80 - create IPUIPlugin
2023-10-22 12:46:53,778 [INFO] IPUIPlugin:80 - create IPUIPlugin
2023-10-22 12:46:53,779 [INFO] IPUIPlugin:80 - create IPUIPlugin
2023-10-22 12:46:53,796 [INFO] IPUIPlugin:80 - create IPUIPlugin
2023-10-22 12:46:53,802 [INFO] IPUIPlugin:80 - create IPUIPlugin
2023-10-22 12:46:53,807 [INFO] IPUIPlugin:80 - create IPUIPlugin
2023-10-22 12:46:53,820 [INFO] IPUIPlugin:80 - create IPUIPlugin
2023-10-22 12:46:53,821 [INFO] IPUIPlugin:80 - create IPUIPlugin
2023-10-22 12:46:53,821 [INFO] IPUIPlugin:80 - create IPUIPlugin
2023-10-22 12:46:53,822 [INFO] IPUIPlugin:80 - create IPUIPlugin
2023-10-22 12:46:53,822 [INFO] IPUIPlugin:80 - create IPUIPlugin
2023-10-22 12:46:53,823 [INFO] IPUIPlugin:80 - create IPUIPlugin
2023-10-22 12:46:53,823 [INFO] IPUIPlugin:80 - create IPUIPlugin
2023-10-22 12:46:53,824 [INFO] IPUIPlugin:80 - create IPUIPlugin
2023-10-22 12:46:53,824 [INFO] IPUIPlugin:80 - create IPUIPlugin
2023-10-22 12:46:53,825 [INFO] IPUIPlugin:80 - create IPUIPlugin
2023-10-22 12:46:53,825 [INFO] IPUIPlugin:80 - create IPUIPlugin
2023-10-22 12:46:53,826 [INFO] IPUIPlugin:80 - create IPUIPlugin
2023-10-22 12:46:53,827 [INFO] IPUIPlugin:80 - create IPUIPlugin
2023-10-22 12:46:53,830 [INFO] IPUIPlugin:80 - create IPUIPlugin
2023-10-22 12:46:53,837 [INFO] IPUIPlugin:80 - create IPUIPlugin
2023-10-22 12:46:53,838 [INFO] IPUIPlugin:80 - create IPUIPlugin
2023-10-22 12:46:54,039 [INFO] ApiDbMcu:507 - Load IP Config File for PDM2PCM
2023-10-22 12:46:55,107 [INFO] CADModel:165 - CPN selected for project levelSTM32F746ZGT6
2023-10-22 12:46:55,107 [INFO] CADModel:114 - Register for checkConnection events
2023-10-22 12:46:55,153 [INFO] OpenFileManager:328 - Restore cursor
2023-10-22 12:59:44,050 [INFO] I2cTimingTraitement:330 - 0x00808CD2
2023-10-22 13:00:33,724 [INFO] Gpio:273 - dependency for GPIO [ETH, I2C1, RCC, SPI1, SYS, USART2, USART3, USB_OTG_FS]
2023-10-22 13:06:10,356 [INFO] Gpio:273 - dependency for GPIO [ETH, I2C1, RCC, SPI1, SYS, USART2, USART3, USB_OTG_FS]
2023-10-22 13:10:42,254 [INFO] NvicIntPanel:101 - NVIC parent = com.st.microxplorer.plugins.ip.nvic.MultiNvicIntPanel[,0,0,0x0,invalid,layout=javax.swing.BoxLayout,alignmentX=0.0,alignmentY=0.0,border=,flags=9,maximumSize=,minimumSize=,preferredSize=]
2023-10-22 13:36:33,897 [INFO] MainUpdater:2868 - connection check result : 10
2023-10-22 13:36:33,898 [INFO] MainUpdater:2868 - connection check result : 10
2023-10-22 13:36:34,346 [INFO] I2cTimingTraitement:330 - 0x00808CD2
2023-10-22 13:36:34,354 [INFO] MicroXplorer:468 - Change Database Path : 
2023-10-22 13:36:34,354 [INFO] MicroXplorer:498 - Change Database Version : DB.6.0.92
2023-10-22 13:36:34,386 [WARN] ThirdParty:871 - waiting for thirdparty lock release [close project]
2023-10-22 13:36:34,386 [INFO] ThirdParty:873 - entering critical section [close project]
2023-10-22 13:36:34,386 [INFO] ThirdParty:883 - exiting critical section [close project]
2023-10-22 13:36:34,390 [INFO] PinOutPanel:1499 - setPackage(No Configuration,No Configuration)
2023-10-22 13:36:34,400 [WARN] IpParametersView:151 - Warning: This peripheral hasn't parameters
2023-10-22 13:36:34,405 [WARN] MainPanel:272 - <html><b><center>Warning: This peripheral has no parameters to be configured<br></b></html>
2023-10-22 13:36:34,417 [INFO] UtilMem:75 - Begin LoadConfig() Used Memory: 364588048 Bytes (765460480)
2023-10-22 13:36:34,418 [INFO] MicroXplorer:468 - Change Database Path : 
2023-10-22 13:36:34,418 [INFO] MicroXplorer:498 - Change Database Version : DB.6.0.92
2023-10-22 13:36:34,419 [INFO] OpenFileManager:308 - Change cursor
2023-10-22 13:36:34,444 [INFO] Mcu:1946 - Initializing MCU STM32F746ZGTx STM32F746ZGTx STM32F746ZGT6
2023-10-22 13:36:36,637 [INFO] Context:659 - Trying to add GPIOservice into a context  which must be forbidden
2023-10-22 13:36:37,933 [INFO] RtosManager:555 - Registered RTOS mode: class=CMSIS, group=RTOS, mode=CMSIS_V1, owner=FREERTOS
2023-10-22 13:36:37,933 [INFO] RtosManager:555 - Registered RTOS mode: class=CMSIS, group=RTOS2, mode=CMSIS_V2, owner=FREERTOS
2023-10-22 13:36:37,933 [INFO] RtosManager:555 - Registered RTOS mode: class=RTOS, group=Core, mode=CMSIS_V1, owner=FREERTOS
2023-10-22 13:36:37,933 [INFO] RtosManager:555 - Registered RTOS mode: class=RTOS, group=Core, mode=CMSIS_V2, owner=FREERTOS
2023-10-22 13:36:37,934 [WARN] ModelIntegratedComponent:184 - Missing modes for component STMicroelectronics:FreeRTOS:0.0.1:STMicroelectronics:RTOS:FreeRTOS:Core:::10.2.0:
2023-10-22 13:36:37,961 [WARN] ModelIntegratedComponent:63 - No mode defined for component null
2023-10-22 13:36:37,961 [WARN] ModelIntegratedComponent:63 - No mode defined for component null
2023-10-22 13:36:37,961 [WARN] ModelIntegratedComponent:63 - No mode defined for component null
2023-10-22 13:36:37,961 [WARN] ModelIntegratedComponent:63 - No mode defined for component null
2023-10-22 13:36:37,961 [WARN] ModelIntegratedComponent:63 - No mode defined for component null
2023-10-22 13:36:37,961 [WARN] ModelIntegratedComponent:63 - No mode defined for component null
2023-10-22 13:36:37,961 [WARN] ModelIntegratedComponent:63 - No mode defined for component null
2023-10-22 13:36:37,961 [WARN] ModelIntegratedComponent:63 - No mode defined for component null
2023-10-22 13:36:37,962 [WARN] ModelIntegratedComponent:63 - No mode defined for component null
2023-10-22 13:36:37,962 [WARN] ModelIntegratedComponent:63 - No mode defined for component null
2023-10-22 13:36:37,962 [WARN] ModelIntegratedComponent:63 - No mode defined for component null
2023-10-22 13:36:37,962 [WARN] ModelIntegratedComponent:63 - No mode defined for component null
2023-10-22 13:36:37,962 [WARN] ModelIntegratedComponent:63 - No mode defined for component null
2023-10-22 13:36:37,962 [WARN] ModelIntegratedComponent:63 - No mode defined for component null
2023-10-22 13:36:37,962 [WARN] ModelIntegratedComponent:63 - No mode defined for component null
2023-10-22 13:36:37,963 [WARN] ModelIntegratedComponent:63 - No mode defined for component null
2023-10-22 13:36:37,963 [WARN] ModelIntegratedComponent:63 - No mode defined for component null
2023-10-22 13:36:37,963 [WARN] ModelIntegratedComponent:63 - No mode defined for component null
2023-10-22 13:36:37,963 [WARN] ModelIntegratedComponent:63 - No mode defined for component null
2023-10-22 13:36:37,963 [WARN] ModelIntegratedComponent:63 - No mode defined for component null
2023-10-22 13:36:37,963 [WARN] ModelIntegratedComponent:63 - No mode defined for component null
2023-10-22 13:36:37,963 [WARN] ModelIntegratedComponent:63 - No mode defined for component null
2023-10-22 13:36:37,963 [WARN] ModelIntegratedComponent:63 - No mode defined for component null
2023-10-22 13:36:37,963 [WARN] ModelIntegratedComponent:63 - No mode defined for component null
2023-10-22 13:36:37,963 [WARN] ModelIntegratedComponent:63 - No mode defined for component null
2023-10-22 13:36:37,964 [WARN] ModelIntegratedComponent:63 - No mode defined for component null
2023-10-22 13:36:37,964 [WARN] ModelIntegratedComponent:63 - No mode defined for component null
2023-10-22 13:36:37,964 [WARN] ModelIntegratedComponent:63 - No mode defined for component null
2023-10-22 13:36:37,964 [WARN] ModelIntegratedComponent:63 - No mode defined for component null
2023-10-22 13:36:37,964 [WARN] ModelIntegratedComponent:63 - No mode defined for component null
2023-10-22 13:36:37,964 [WARN] ModelIntegratedComponent:63 - No mode defined for component null
2023-10-22 13:36:37,964 [WARN] ModelIntegratedComponent:63 - No mode defined for component null
2023-10-22 13:36:37,964 [WARN] ModelIntegratedComponent:63 - No mode defined for component null
2023-10-22 13:36:38,121 [INFO] ThirdPartyModel:298 - Start build external matchings
2023-10-22 13:36:38,832 [INFO] ThirdPartyModel:316 - End build external matchings
2023-10-22 13:36:38,847 [INFO] ImportTextPane:194 - (OptionalMessage_ERROR) IP (ETH) : Invalid parameter (PHY_Name)
2023-10-22 13:36:38,847 [INFO] ImportTextPane:194 - (OptionalMessage_ERROR) IP (ETH) : Invalid parameter (PHY_Value)
2023-10-22 13:36:38,848 [INFO] ImportTextPane:194 - (OptionalMessage_ERROR) IP (ETH) : Invalid parameter (PhyAddress)
2023-10-22 13:36:38,850 [INFO] ImportTextPane:194 - (OptionalMessage_ERROR) IP (RCC) : Invalid parameter (48MHZClocksFreq_Value)
2023-10-22 13:36:38,850 [INFO] ImportTextPane:194 - (OptionalMessage_ERROR) IP (RCC) : Invalid parameter (ADC12outputFreq_Value)
2023-10-22 13:36:38,851 [INFO] ImportTextPane:194 - (OptionalMessage_ERROR) IP (RCC) : Invalid parameter (ADC34outputFreq_Value)
2023-10-22 13:36:38,851 [INFO] ImportTextPane:194 - (OptionalMessage_ERROR) IP (RCC) : Invalid parameter (FamilyName)
2023-10-22 13:36:38,851 [INFO] ImportTextPane:194 - (OptionalMessage_ERROR) IP (RCC) : Invalid parameter (I2SClocksFreq_Value)
2023-10-22 13:36:38,852 [INFO] ImportTextPane:194 - (OptionalMessage_ERROR) IP (RCC) : Parameter (LCDTFToutputFreq_Value) has invalid value (96000000)
2023-10-22 13:36:38,852 [INFO] ImportTextPane:194 - (OptionalMessage_ERROR) IP (RCC) : Invalid parameter (MCOFreq_Value)
2023-10-22 13:36:38,853 [INFO] ImportTextPane:194 - (OptionalMessage_ERROR) IP (RCC) : Invalid parameter (PLLMCOFreq_Value)
2023-10-22 13:36:38,853 [INFO] ImportTextPane:194 - (OptionalMessage_ERROR) IP (RCC) : Invalid parameter (PLLMUL)
2023-10-22 13:36:38,853 [INFO] ImportTextPane:194 - (OptionalMessage_ERROR) IP (RCC) : Invalid parameter (PRESCALERUSB)
2023-10-22 13:36:38,854 [INFO] ImportTextPane:194 - (OptionalMessage_ERROR) IP (RCC) : Invalid parameter (RTCHSEDivFreq_Value)
2023-10-22 13:36:38,854 [INFO] ImportTextPane:194 - (OptionalMessage_ERROR) IP (RCC) : Parameter (SDMMCFreq_Value) has invalid value (72000000)
2023-10-22 13:36:38,854 [INFO] ImportTextPane:194 - (OptionalMessage_ERROR) IP (RCC) : Invalid parameter (SYSCLKSourceVirtual)
2023-10-22 13:36:38,854 [INFO] ImportTextPane:194 - (OptionalMessage_ERROR) IP (RCC) : Invalid parameter (TIM15Freq_Value)
2023-10-22 13:36:38,855 [INFO] ImportTextPane:194 - (OptionalMessage_ERROR) IP (RCC) : Invalid parameter (TIM16Freq_Value)
2023-10-22 13:36:38,855 [INFO] ImportTextPane:194 - (OptionalMessage_ERROR) IP (RCC) : Invalid parameter (TIM17Freq_Value)
2023-10-22 13:36:38,855 [INFO] ImportTextPane:194 - (OptionalMessage_ERROR) IP (RCC) : Invalid parameter (TIM1Freq_Value)
2023-10-22 13:36:38,855 [INFO] ImportTextPane:194 - (OptionalMessage_ERROR) IP (RCC) : Invalid parameter (TIM20Freq_Value)
2023-10-22 13:36:38,855 [INFO] ImportTextPane:194 - (OptionalMessage_ERROR) IP (RCC) : Invalid parameter (TIM2Freq_Value)
2023-10-22 13:36:38,855 [INFO] ImportTextPane:194 - (OptionalMessage_ERROR) IP (RCC) : Invalid parameter (TIM3Freq_Value)
2023-10-22 13:36:38,855 [INFO] ImportTextPane:194 - (OptionalMessage_ERROR) IP (RCC) : Invalid parameter (TIM8Freq_Value)
2023-10-22 13:36:38,856 [INFO] ImportTextPane:194 - (OptionalMessage_ERROR) IP (RCC) : Invalid parameter (VCOOutput2Freq_Value)
2023-10-22 13:36:38,856 [INFO] ImportTextPane:194 - (OptionalMessage_ERROR) IP (RCC) : Invalid parameter (VcooutputI2S)
2023-10-22 13:36:39,226 [INFO] UtilMem:75 - End LoadConfig() Used Memory: 534823816 Bytes (870318080)
2023-10-22 13:36:39,277 [WARN] ThirdParty:833 - waiting for thirdparty lock release [change project]
2023-10-22 13:36:39,278 [INFO] ThirdParty:835 - entering critical section [change project]
2023-10-22 13:36:39,278 [INFO] ThirdParty:1030 - CMSIS Pack Vendor :STMicroelectronics X-CUBE-ISPU 1.1.0
2023-10-22 13:36:39,278 [INFO] ThirdParty:1030 - CMSIS Pack Vendor :STMicroelectronics USBPD 4.1
2023-10-22 13:36:39,278 [INFO] ThirdParty:1030 - CMSIS Pack Vendor :STMicroelectronics X-CUBE-GNSS1 6.0.0
2023-10-22 13:36:39,278 [INFO] ThirdParty:1030 - CMSIS Pack Vendor :STMicroelectronics USB_HOST 2.0.0
2023-10-22 13:36:39,278 [INFO] ThirdParty:1030 - CMSIS Pack Vendor :STMicroelectronics X-CUBE-AZRTOS-F4 1.1.0
2023-10-22 13:36:39,278 [INFO] ThirdParty:1030 - CMSIS Pack Vendor :STMicroelectronics LIBJPEG 8.0.0
2023-10-22 13:36:39,278 [INFO] ThirdParty:1030 - CMSIS Pack Vendor :wolfSSL I-CUBE-wolfSSL 5.6.3
2023-10-22 13:36:39,278 [INFO] ThirdParty:1030 - CMSIS Pack Vendor :STMicroelectronics X-CUBE-SMBUS 2.1.0
2023-10-22 13:36:39,278 [INFO] ThirdParty:1030 - CMSIS Pack Vendor :STMicroelectronics USB_DEVICE 3.0.0
2023-10-22 13:36:39,279 [INFO] ThirdParty:1030 - CMSIS Pack Vendor :STMicroelectronics X-CUBE-AZRTOS-WB 2.0.0
2023-10-22 13:36:39,279 [INFO] ThirdParty:1030 - CMSIS Pack Vendor :STMicroelectronics X-CUBE-AZRTOS-F7 1.1.0
2023-10-22 13:36:39,279 [INFO] ThirdParty:1030 - CMSIS Pack Vendor :STMicroelectronics X-CUBE-AZRTOS-L5 2.0.0
2023-10-22 13:36:39,279 [INFO] ThirdParty:1030 - CMSIS Pack Vendor :STMicroelectronics USB_DEVICE 2.0.0
2023-10-22 13:36:39,279 [INFO] ThirdParty:1030 - CMSIS Pack Vendor :STMicroelectronics X-CUBE-MEMS1 9.6.0
2023-10-22 13:36:39,279 [INFO] ThirdParty:1030 - CMSIS Pack Vendor :ITTIA_DB I-CUBE-ITTIADB 8.8.0
2023-10-22 13:36:39,279 [INFO] ThirdParty:1030 - CMSIS Pack Vendor :STMicroelectronics FP-SNS-MOTENV1 4.3.2
2023-10-22 13:36:39,279 [INFO] ThirdParty:1030 - CMSIS Pack Vendor :STMicroelectronics X-CUBE-ALGOBUILD 1.3.0
2023-10-22 13:36:39,279 [INFO] ThirdParty:1030 - CMSIS Pack Vendor :STMicroelectronics FreeRTOS 0.0.1
2023-10-22 13:36:39,279 [INFO] ThirdParty:1030 - CMSIS Pack Vendor :STMicroelectronics X-CUBE-AZRTOS-G0 1.1.0
2023-10-22 13:36:39,280 [INFO] ThirdParty:1030 - CMSIS Pack Vendor :STMicroelectronics X-CUBE-BLEMGR 2.0.0
2023-10-22 13:36:39,280 [INFO] ThirdParty:1030 - CMSIS Pack Vendor :STMicroelectronics X-CUBE-NFC4 3.0.0
2023-10-22 13:36:39,280 [INFO] ThirdParty:1030 - CMSIS Pack Vendor :STMicroelectronics X-CUBE-SUBG2 5.0.0
2023-10-22 13:36:39,280 [INFO] ThirdParty:1030 - CMSIS Pack Vendor :STMicroelectronics STM32_WPAN 1.0.0
2023-10-22 13:36:39,280 [INFO] ThirdParty:1030 - CMSIS Pack Vendor :STMicroelectronics lwIP 2.0.3
2023-10-22 13:36:39,280 [INFO] ThirdParty:1030 - CMSIS Pack Vendor :STMicroelectronics FP-SNS-FLIGHT1 5.0.2
2023-10-22 13:36:39,280 [INFO] ThirdParty:1030 - CMSIS Pack Vendor :STMicroelectronics USB_HOST 1.0.0
2023-10-22 13:36:39,280 [INFO] ThirdParty:1030 - CMSIS Pack Vendor :STMicroelectronics X-CUBE-TOF1 3.3.1
2023-10-22 13:36:39,280 [INFO] ThirdParty:1030 - CMSIS Pack Vendor :STMicroelectronics X-CUBE-AZRTOS-G4 2.0.0
2023-10-22 13:36:39,280 [INFO] ThirdParty:1030 - CMSIS Pack Vendor :STMicroelectronics PDM2PCM 3.1.0
2023-10-22 13:36:39,280 [INFO] ThirdParty:1030 - CMSIS Pack Vendor :STMicroelectronics X-CUBE-AZRTOS-H7 3.1.0
2023-10-22 13:36:39,280 [INFO] ThirdParty:1030 - CMSIS Pack Vendor :Infineon AIROC-Wi-Fi-Bluetooth-STM32 1.5.1
2023-10-22 13:36:39,281 [INFO] ThirdParty:1030 - CMSIS Pack Vendor :STMicroelectronics PDM2PCM 3.3.0
2023-10-22 13:36:39,281 [INFO] ThirdParty:1030 - CMSIS Pack Vendor :STMicroelectronics X-CUBE-DISPLAY 3.0.0
2023-10-22 13:36:39,281 [INFO] ThirdParty:1030 - CMSIS Pack Vendor :STMicroelectronics X-CUBE-BLE1 7.0.0
2023-10-22 13:36:39,281 [INFO] ThirdParty:1030 - CMSIS Pack Vendor :STMicroelectronics FP-ATR-SIGFOX1 3.2.0
2023-10-22 13:36:39,281 [INFO] ThirdParty:1030 - CMSIS Pack Vendor :STMicroelectronics HAL Drivers 0.0.0
2023-10-22 13:36:39,281 [INFO] ThirdParty:1030 - CMSIS Pack Vendor :STMicroelectronics MBEDTLS 2.16.2
2023-10-22 13:36:39,281 [INFO] ThirdParty:1030 - CMSIS Pack Vendor :emotas I-CUBE-CANOPEN 1.3.0
2023-10-22 13:36:39,281 [INFO] ThirdParty:1030 - CMSIS Pack Vendor :STMicroelectronics X-CUBE-MEMS1 10.0.0
2023-10-22 13:36:39,281 [INFO] ThirdParty:1030 - CMSIS Pack Vendor :STMicroelectronics X-CUBE-FREERTOS 1.1.0
2023-10-22 13:36:39,282 [INFO] ThirdParty:1030 - CMSIS Pack Vendor :STMicroelectronics X-CUBE-TOUCHGFX 4.22.0
2023-10-22 13:36:39,282 [INFO] ThirdParty:1030 - CMSIS Pack Vendor :STMicroelectronics X-CUBE-NFC7 1.0.1
2023-10-22 13:36:39,282 [INFO] ThirdParty:1030 - CMSIS Pack Vendor :STMicroelectronics MBEDTLS 2.14.1
2023-10-22 13:36:39,282 [INFO] ThirdParty:1030 - CMSIS Pack Vendor :STMicroelectronics X-CUBE-TOUCHGFX 4.22.1
2023-10-22 13:36:39,282 [INFO] ThirdParty:1030 - CMSIS Pack Vendor :STMicroelectronics X-CUBE-NFC6 3.0.0
2023-10-22 13:36:39,282 [INFO] ThirdParty:1030 - CMSIS Pack Vendor :STMicroelectronics X-CUBE-EEPRMA1 4.1.0
2023-10-22 13:36:39,283 [INFO] ThirdParty:1030 - CMSIS Pack Vendor :portGmbH I-Cube-SoM-uGOAL 1.1.0
2023-10-22 13:36:39,283 [INFO] ThirdParty:1030 - CMSIS Pack Vendor :STMicroelectronics X-CUBE-ALS 1.0.1
2023-10-22 13:36:39,283 [INFO] ThirdParty:1030 - CMSIS Pack Vendor :STMicroelectronics ThreadX 1.0.0
2023-10-22 13:36:39,283 [INFO] ThirdParty:1030 - CMSIS Pack Vendor :STMicroelectronics FP-SNS-SMARTAG2 1.2.0
2023-10-22 13:36:39,284 [INFO] ThirdParty:1030 - CMSIS Pack Vendor :STMicroelectronics X-CUBE-AZRTOS-WL 2.0.0
2023-10-22 13:36:39,284 [INFO] ThirdParty:1030 - CMSIS Pack Vendor :SEGGER I-CUBE-embOS 1.3.1
2023-10-22 13:36:39,284 [INFO] ThirdParty:1030 - CMSIS Pack Vendor :STMicroelectronics USB_DEVICE 1.0.0
2023-10-22 13:36:39,284 [INFO] ThirdParty:1030 - CMSIS Pack Vendor :STMicroelectronics X-CUBE-AI 8.1.0
2023-10-22 13:36:39,285 [INFO] ThirdParty:1030 - CMSIS Pack Vendor :STMicroelectronics X-CUBE-AZRTOS-L4 2.0.0
2023-10-22 13:36:39,285 [INFO] ThirdParty:1030 - CMSIS Pack Vendor :STMicroelectronics ThreadX 0.0.2
2023-10-22 13:36:39,285 [INFO] ThirdParty:1030 - CMSIS Pack Vendor :WES I-CUBE-Cesium 1.3.0
2023-10-22 13:36:39,286 [INFO] ThirdParty:1030 - CMSIS Pack Vendor :STMicroelectronics FP-ATR-ASTRA1 2.0.0
2023-10-22 13:36:39,286 [INFO] ThirdParty:1030 - CMSIS Pack Vendor :STMicroelectronics lwIP 2.1.2
2023-10-22 13:36:39,286 [INFO] ThirdParty:1030 - CMSIS Pack Vendor :STMicroelectronics X-CUBE-SFXS2LP1 4.0.0
2023-10-22 13:36:39,286 [INFO] ThirdParty:1030 - CMSIS Pack Vendor :STMicroelectronics X-CUBE-BLE2 3.3.0
2023-10-22 13:36:39,287 [INFO] ThirdParty:1030 - CMSIS Pack Vendor :STMicroelectronics PDM2PCM 3.2.0
2023-10-22 13:36:39,287 [INFO] ThirdParty:841 - exiting critical section [change project]
2023-10-22 13:36:39,823 [INFO] PinOutPanel:1499 - setPackage(No Configuration,No Configuration)
2023-10-22 13:36:39,824 [INFO] PinOutPanel:1499 - setPackage(STM32F746ZGTx,LQFP144)
2023-10-22 13:36:40,715 [INFO] UtilMem:75 - Before build in PCC Used Memory: 376173680 Bytes (870318080)
2023-10-22 13:36:41,149 [INFO] UtilMem:75 - After build in PCC Used Memory: 425456752 Bytes (870318080)
2023-10-22 13:36:41,191 [INFO] IPUIPlugin:80 - create IPUIPlugin
2023-10-22 13:36:41,191 [INFO] IPUIPlugin:80 - create IPUIPlugin
2023-10-22 13:36:41,192 [INFO] IPUIPlugin:80 - create IPUIPlugin
2023-10-22 13:36:41,192 [INFO] IPUIPlugin:80 - create IPUIPlugin
2023-10-22 13:36:41,192 [INFO] IPUIPlugin:80 - create IPUIPlugin
2023-10-22 13:36:41,193 [INFO] IPUIPlugin:80 - create IPUIPlugin
2023-10-22 13:36:41,193 [INFO] IPUIPlugin:80 - create IPUIPlugin
2023-10-22 13:36:41,193 [INFO] IPUIPlugin:80 - create IPUIPlugin
2023-10-22 13:36:41,194 [INFO] IPUIPlugin:80 - create IPUIPlugin
2023-10-22 13:36:41,194 [INFO] IPUIPlugin:80 - create IPUIPlugin
2023-10-22 13:36:41,194 [INFO] IPUIPlugin:80 - create IPUIPlugin
2023-10-22 13:36:41,195 [INFO] IPUIPlugin:80 - create IPUIPlugin
2023-10-22 13:36:41,195 [INFO] IPUIPlugin:80 - create IPUIPlugin
2023-10-22 13:36:41,195 [INFO] IPUIPlugin:80 - create IPUIPlugin
2023-10-22 13:36:41,196 [INFO] IPUIPlugin:80 - create IPUIPlugin
2023-10-22 13:36:41,196 [INFO] IPUIPlugin:80 - create IPUIPlugin
2023-10-22 13:36:41,196 [INFO] IPUIPlugin:80 - create IPUIPlugin
2023-10-22 13:36:41,197 [INFO] IPUIPlugin:80 - create IPUIPlugin
2023-10-22 13:36:41,197 [INFO] IPUIPlugin:80 - create IPUIPlugin
2023-10-22 13:36:41,197 [INFO] IPUIPlugin:80 - create IPUIPlugin
2023-10-22 13:36:41,198 [INFO] IPUIPlugin:80 - create IPUIPlugin
2023-10-22 13:36:41,198 [INFO] IPUIPlugin:80 - create IPUIPlugin
2023-10-22 13:36:41,198 [INFO] IPUIPlugin:80 - create IPUIPlugin
2023-10-22 13:36:41,199 [INFO] IPUIPlugin:80 - create IPUIPlugin
2023-10-22 13:36:41,199 [INFO] IPUIPlugin:80 - create IPUIPlugin
2023-10-22 13:36:41,199 [INFO] IPUIPlugin:80 - create IPUIPlugin
2023-10-22 13:36:41,200 [INFO] IPUIPlugin:80 - create IPUIPlugin
2023-10-22 13:36:41,200 [INFO] IPUIPlugin:80 - create IPUIPlugin
2023-10-22 13:36:41,201 [INFO] IPUIPlugin:80 - create IPUIPlugin
2023-10-22 13:36:41,201 [INFO] IPUIPlugin:80 - create IPUIPlugin
2023-10-22 13:36:41,201 [INFO] IPUIPlugin:80 - create IPUIPlugin
2023-10-22 13:36:41,201 [INFO] IPUIPlugin:80 - create IPUIPlugin
2023-10-22 13:36:41,202 [INFO] IPUIPlugin:80 - create IPUIPlugin
2023-10-22 13:36:41,202 [INFO] IPUIPlugin:80 - create IPUIPlugin
2023-10-22 13:36:41,202 [INFO] IPUIPlugin:80 - create IPUIPlugin
2023-10-22 13:36:41,203 [INFO] IPUIPlugin:80 - create IPUIPlugin
2023-10-22 13:36:41,203 [INFO] IPUIPlugin:80 - create IPUIPlugin
2023-10-22 13:36:41,204 [INFO] IPUIPlugin:80 - create IPUIPlugin
2023-10-22 13:36:41,206 [INFO] IPUIPlugin:80 - create IPUIPlugin
2023-10-22 13:36:41,207 [INFO] IPUIPlugin:80 - create IPUIPlugin
2023-10-22 13:36:41,207 [INFO] IPUIPlugin:80 - create IPUIPlugin
2023-10-22 13:36:41,208 [INFO] IPUIPlugin:80 - create IPUIPlugin
2023-10-22 13:36:41,208 [INFO] IPUIPlugin:80 - create IPUIPlugin
2023-10-22 13:36:41,208 [INFO] IPUIPlugin:80 - create IPUIPlugin
2023-10-22 13:36:41,209 [INFO] IPUIPlugin:80 - create IPUIPlugin
2023-10-22 13:36:41,209 [INFO] IPUIPlugin:80 - create IPUIPlugin
2023-10-22 13:36:41,210 [INFO] IPUIPlugin:80 - create IPUIPlugin
2023-10-22 13:36:41,210 [INFO] IPUIPlugin:80 - create IPUIPlugin
2023-10-22 13:36:41,210 [INFO] IPUIPlugin:80 - create IPUIPlugin
2023-10-22 13:36:41,211 [INFO] IPUIPlugin:80 - create IPUIPlugin
2023-10-22 13:36:41,211 [INFO] IPUIPlugin:80 - create IPUIPlugin
2023-10-22 13:36:41,211 [INFO] IPUIPlugin:80 - create IPUIPlugin
2023-10-22 13:36:41,212 [INFO] IPUIPlugin:80 - create IPUIPlugin
2023-10-22 13:36:41,212 [INFO] IPUIPlugin:80 - create IPUIPlugin
2023-10-22 13:36:41,212 [INFO] IPUIPlugin:80 - create IPUIPlugin
2023-10-22 13:36:41,213 [INFO] IPUIPlugin:80 - create IPUIPlugin
2023-10-22 13:36:41,213 [INFO] IPUIPlugin:80 - create IPUIPlugin
2023-10-22 13:36:41,213 [INFO] IPUIPlugin:80 - create IPUIPlugin
2023-10-22 13:36:41,214 [INFO] IPUIPlugin:80 - create IPUIPlugin
2023-10-22 13:36:41,214 [INFO] IPUIPlugin:80 - create IPUIPlugin
2023-10-22 13:36:41,214 [INFO] IPUIPlugin:80 - create IPUIPlugin
2023-10-22 13:36:41,215 [INFO] IPUIPlugin:80 - create IPUIPlugin
2023-10-22 13:36:41,216 [INFO] IPUIPlugin:80 - create IPUIPlugin
2023-10-22 13:36:41,217 [INFO] IPUIPlugin:80 - create IPUIPlugin
2023-10-22 13:36:41,217 [INFO] IPUIPlugin:80 - create IPUIPlugin
2023-10-22 13:36:41,218 [INFO] IPUIPlugin:80 - create IPUIPlugin
2023-10-22 13:36:41,218 [INFO] IPUIPlugin:80 - create IPUIPlugin
2023-10-22 13:36:41,219 [INFO] IPUIPlugin:80 - create IPUIPlugin
2023-10-22 13:36:41,220 [INFO] IPUIPlugin:80 - create IPUIPlugin
2023-10-22 13:36:41,221 [INFO] IPUIPlugin:80 - create IPUIPlugin
2023-10-22 13:36:41,221 [INFO] IPUIPlugin:80 - create IPUIPlugin
2023-10-22 13:36:41,222 [INFO] IPUIPlugin:80 - create IPUIPlugin
2023-10-22 13:36:41,222 [INFO] IPUIPlugin:80 - create IPUIPlugin
2023-10-22 13:36:41,223 [INFO] IPUIPlugin:80 - create IPUIPlugin
2023-10-22 13:36:41,228 [INFO] ApiDbMcu:507 - Load IP Config File for PDM2PCM
2023-10-22 13:36:41,365 [INFO] CADModel:165 - CPN selected for project levelSTM32F746ZGT6
2023-10-22 13:36:41,365 [INFO] CADModel:114 - Register for checkConnection events
2023-10-22 13:36:41,410 [INFO] OpenFileManager:328 - Restore cursor
