2023-12-13 17:52:07,035 [INFO] Activator:176 - 


2023-12-13 17:52:07,050 [INFO] Activator:177 - !SESSION log4j initialized
2023-12-13 17:52:18,147 [INFO] LogOutputStream:77 - [STDOUT_REDIRECT] 
2023-12-13 17:52:20,326 [ERROR] LogOutputStream:75 - [STDERR_REDIRECT] 
2023-12-13 17:52:21,063 [INFO] LogOutputStream:77 - [STDOUT_REDIRECT] 
2023-12-13 17:52:22,332 [INFO] ApplicationProperties:184 - Using Application install path: /Applications/STMicroelectronics/STM32CubeIDE.app/Contents/Eclipse/plugins/com.st.stm32cube.common.mx_6.9.2.202309101412
2023-12-13 17:52:22,367 [INFO] DbMcusXml:78 - Set database path to: /Applications/STMicroelectronics/STM32CubeIDE.app/Contents/Eclipse/plugins/com.st.stm32cube.common.mx_6.9.2.202309101412//db//mcu/
2023-12-13 17:52:22,368 [INFO] ApiDb:274 - Set plugin database path to: /Applications/STMicroelectronics/STM32CubeIDE.app/Contents/Eclipse/plugins/com.st.stm32cube.common.mx_6.9.2.202309101412//db//plugins/boardmanager/
2023-12-13 17:52:22,368 [WARN] ApiDb:259 - Overriding images path with different value:  => /Applications/STMicroelectronics/STM32CubeIDE.app/Contents/Eclipse/plugins/com.st.stm32cube.common.mx_6.9.2.202309101412//db//plugins/mcufinder/images/
2023-12-13 17:52:22,395 [INFO] ApiDb:250 - Set database path to: /Users/romanlobach/.stmcufinder/plugins/mcufinder//mcu/
2023-12-13 17:52:22,400 [INFO] DbMcusAds:125 - Set database path to: /Users/romanlobach/.stmcufinder/plugins/mcufinder//mcu/
2023-12-13 17:52:22,408 [INFO] CrossReferenceDbSqlite:203 - Set database path to: /Users/romanlobach/.stmcufinder/plugins/mcufinder//mcu/cs/
2023-12-13 17:52:22,671 [INFO] RulesReader:64 - Compatibility file has been processed (293 Rules)
2023-12-13 17:52:22,870 [INFO] DbMcusXml:78 - Set database path to: /Applications/STMicroelectronics/STM32CubeIDE.app/Contents/Eclipse/plugins/com.st.stm32cube.common.mx_6.9.2.202309101412//db//mcu/
2023-12-13 17:52:22,870 [INFO] ApiDb:274 - Set plugin database path to: /Applications/STMicroelectronics/STM32CubeIDE.app/Contents/Eclipse/plugins/com.st.stm32cube.common.mx_6.9.2.202309101412//db//plugins/boardmanager/
2023-12-13 17:52:22,871 [INFO] ApiDb:261 - Set plugin images path to: /Applications/STMicroelectronics/STM32CubeIDE.app/Contents/Eclipse/plugins/com.st.stm32cube.common.mx_6.9.2.202309101412//db//plugins/mcufinder/images/
2023-12-13 17:52:22,871 [WARN] DbFile:41 - Overriding database path with different value: /Users/romanlobach/.stmcufinder/plugins/mcufinder/ => /Users/romanlobach/.stmcufinder/plugins/mcufinder
2023-12-13 17:52:22,871 [INFO] ApiDb:250 - Set database path to: /Users/romanlobach/.stmcufinder/plugins/mcufinder//mcu/
2023-12-13 17:52:22,872 [WARN] DbFile:41 - Overriding database path with different value: /Users/romanlobach/.stmcufinder/plugins/mcufinder/ => /Users/romanlobach/.stmcufinder/plugins/mcufinder
2023-12-13 17:52:22,872 [INFO] DbMcusAds:125 - Set database path to: /Users/romanlobach/.stmcufinder/plugins/mcufinder//mcu/
2023-12-13 17:52:22,872 [WARN] DbFile:41 - Overriding database path with different value: /Users/romanlobach/.stmcufinder/plugins/mcufinder/ => /Users/romanlobach/.stmcufinder/plugins/mcufinder
2023-12-13 17:52:22,872 [WARN] DbFile:41 - Overriding database path with different value: /Users/romanlobach/.stmcufinder/plugins/mcufinder/ => /Users/romanlobach/.stmcufinder/plugins/mcufinder
2023-12-13 17:52:22,872 [INFO] CrossReferenceDbSqlite:203 - Set database path to: /Users/romanlobach/.stmcufinder/plugins/mcufinder//mcu/cs/
2023-12-13 17:52:23,068 [INFO] MainPanel:262 - HeapMemory: 268435456
2023-12-13 17:52:23,373 [INFO] DbMcusXml:78 - Set database path to: /Applications/STMicroelectronics/STM32CubeIDE.app/Contents/Eclipse/plugins/com.st.stm32cube.common.mx_6.9.2.202309101412//db//mcu/
2023-12-13 17:52:23,373 [INFO] ApiDb:274 - Set plugin database path to: /Applications/STMicroelectronics/STM32CubeIDE.app/Contents/Eclipse/plugins/com.st.stm32cube.common.mx_6.9.2.202309101412//db//plugins/boardmanager/
2023-12-13 17:52:23,373 [INFO] ApiDb:261 - Set plugin images path to: /Applications/STMicroelectronics/STM32CubeIDE.app/Contents/Eclipse/plugins/com.st.stm32cube.common.mx_6.9.2.202309101412//db//plugins/mcufinder/images/
2023-12-13 17:52:23,375 [WARN] DbFile:41 - Overriding database path with different value: /Users/romanlobach/.stmcufinder/plugins/mcufinder/ => /Users/romanlobach/.stmcufinder/plugins/mcufinder
2023-12-13 17:52:23,375 [INFO] ApiDb:250 - Set database path to: /Users/romanlobach/.stmcufinder/plugins/mcufinder//mcu/
2023-12-13 17:52:23,376 [WARN] DbFile:41 - Overriding database path with different value: /Users/romanlobach/.stmcufinder/plugins/mcufinder/ => /Users/romanlobach/.stmcufinder/plugins/mcufinder
2023-12-13 17:52:23,376 [INFO] DbMcusAds:125 - Set database path to: /Users/romanlobach/.stmcufinder/plugins/mcufinder//mcu/
2023-12-13 17:52:23,376 [WARN] DbFile:41 - Overriding database path with different value: /Users/romanlobach/.stmcufinder/plugins/mcufinder/ => /Users/romanlobach/.stmcufinder/plugins/mcufinder
2023-12-13 17:52:23,376 [WARN] DbFile:41 - Overriding database path with different value: /Users/romanlobach/.stmcufinder/plugins/mcufinder/ => /Users/romanlobach/.stmcufinder/plugins/mcufinder
2023-12-13 17:52:23,376 [INFO] CrossReferenceDbSqlite:203 - Set database path to: /Users/romanlobach/.stmcufinder/plugins/mcufinder//mcu/cs/
2023-12-13 17:52:23,414 [INFO] ApplicationProperties:184 - Using Application install path: /Applications/STMicroelectronics/STM32CubeIDE.app/Contents/Eclipse/plugins/com.st.stm32cube.common.mx_6.9.2.202309101412
2023-12-13 17:52:23,416 [INFO] PluginManage:196 - Search for loadable plugins [exclusion list=, ]
2023-12-13 17:52:23,420 [INFO] PluginManage:310 - Check plugin analytics
2023-12-13 17:52:23,927 [INFO] AnalyticsPlugin:253 - Accepted Software Licenses: STM32CubeMX.6.9.1,STM32CubeMX.6.9.2,STM32CubeMX.6.10.0
2023-12-13 17:52:23,928 [INFO] AnalyticsPlugin:255 - Accepted CMSIS Pack Licenses: STMicroelectronics.X-CUBE-DISPLAY.3.0.0
2023-12-13 17:52:23,928 [INFO] AnalyticsPlugin:257 - Accepted Firmware Licenses: FW.F7.1.17.0
2023-12-13 17:52:23,938 [INFO] PluginManage:359 - Loaded plugin analytics (category:tool,tabindex:-1)
2023-12-13 17:52:23,938 [INFO] PluginManage:310 - Check plugin cadmodel
2023-12-13 17:52:24,482 [INFO] CADModel:105 - Init CAD model plugin
2023-12-13 17:52:24,482 [INFO] PluginManage:359 - Loaded plugin cadmodel (category:power,tabindex:5)
2023-12-13 17:52:24,483 [INFO] PluginManage:310 - Check plugin clock
2023-12-13 17:52:24,513 [INFO] PluginManage:359 - Loaded plugin clock (category:base,tabindex:2)
2023-12-13 17:52:24,513 [INFO] PluginManage:310 - Check plugin ddr
2023-12-13 17:52:24,522 [INFO] PluginManage:359 - Loaded plugin ddr (category:tool,tabindex:6)
2023-12-13 17:52:24,522 [INFO] PluginManage:310 - Check plugin filemanager
2023-12-13 17:52:24,821 [INFO] PluginManage:359 - Loaded plugin filemanager (category:base,tabindex:10)
2023-12-13 17:52:24,821 [INFO] PluginManage:310 - Check plugin ipmanager
2023-12-13 17:52:24,839 [INFO] PluginManage:359 - Loaded plugin ipmanager (category:base,tabindex:5)
2023-12-13 17:52:24,839 [INFO] PluginManage:310 - Check plugin lpbam
2023-12-13 17:52:24,867 [INFO] PluginManage:359 - Loaded plugin lpbam (category:base,tabindex:0)
2023-12-13 17:52:24,867 [INFO] PluginManage:310 - Check plugin memorymap
2023-12-13 17:52:24,913 [INFO] PluginManage:359 - Loaded plugin memorymap (category:base,tabindex:4)
2023-12-13 17:52:24,913 [INFO] PluginManage:310 - Check plugin pinoutandconfiguration
2023-12-13 17:52:24,934 [INFO] PluginManage:359 - Loaded plugin pinoutandconfiguration (category:base,tabindex:1)
2023-12-13 17:52:24,934 [INFO] PluginManage:310 - Check plugin pinoutconfig
2023-12-13 17:52:25,162 [WARN] SupportedApi:132 - Cannot load RTOS API schema: s4s-elt-must-match.1: The content of 'definitions' must match (annotation?, (simpleType | complexType)?, (unique | key | keyref)*)). A problem was found starting at: attribute.
2023-12-13 17:52:25,597 [INFO] PluginManage:359 - Loaded plugin pinoutconfig (category:base,tabindex:0)
2023-12-13 17:52:25,597 [INFO] PluginManage:310 - Check plugin power
2023-12-13 17:52:25,637 [INFO] PluginManage:359 - Loaded plugin power (category:power,tabindex:4)
2023-12-13 17:52:25,637 [INFO] PluginManage:310 - Check plugin projectmanager
2023-12-13 17:52:25,677 [INFO] PluginManage:359 - Loaded plugin projectmanager (category:projectmanager,tabindex:3)
2023-12-13 17:52:25,677 [INFO] PluginManage:310 - Check plugin thirdparty
2023-12-13 17:52:26,070 [WARN] IntegrityCheckThread:84 - waiting for thirdparty lock release [integrity check]
2023-12-13 17:52:26,071 [INFO] PluginManage:359 - Loaded plugin thirdparty (category:base,tabindex:-1)
2023-12-13 17:52:26,071 [INFO] PluginManage:310 - Check plugin tools
2023-12-13 17:52:26,071 [INFO] IntegrityCheckThread:86 - entering critical section [integrity check]
2023-12-13 17:52:26,073 [INFO] ThirdPartyUpdaterWithRetryManager:70 - Updater plugin not ready yet. [1/15]
2023-12-13 17:52:26,078 [INFO] PluginManage:359 - Loaded plugin tools (category:base,tabindex:7)
2023-12-13 17:52:26,079 [INFO] PluginManage:310 - Check plugin tutovideos
2023-12-13 17:52:26,653 [INFO] PluginManage:359 - Loaded plugin tutovideos (category:base,tabindex:-1)
2023-12-13 17:52:26,653 [INFO] PluginManage:310 - Check plugin updater
2023-12-13 17:52:26,679 [INFO] PluginManage:359 - Loaded plugin updater (category:base,tabindex:12)
2023-12-13 17:52:26,679 [INFO] PluginManage:310 - Check plugin userauth
2023-12-13 17:52:26,688 [INFO] UserAuth:113 - Init User Auth plugin
2023-12-13 17:52:26,689 [INFO] PluginManage:359 - Loaded plugin userauth (category:base,tabindex:14)
2023-12-13 17:52:26,689 [INFO] PluginManage:283 - PluginManage : Loaded plugins [17]
2023-12-13 17:52:27,130 [INFO] PinOutPanel:1499 - setPackage(No Configuration,No Configuration)
2023-12-13 17:52:27,357 [INFO] CADModel:165 - CPN selected for project level
2023-12-13 17:52:27,357 [INFO] CADModel:114 - Register for checkConnection events
2023-12-13 17:52:27,387 [INFO] IPUIPlugin:80 - create IPUIPlugin
2023-12-13 17:52:27,388 [INFO] PluginManager:220 - loadIPPluginJar : add mdma
2023-12-13 17:52:27,403 [INFO] IPUIPlugin:80 - create IPUIPlugin
2023-12-13 17:52:27,404 [INFO] PluginManager:220 - loadIPPluginJar : add freertos
2023-12-13 17:52:27,419 [INFO] IPUIPlugin:80 - create IPUIPlugin
2023-12-13 17:52:27,419 [INFO] PluginManager:220 - loadIPPluginJar : add gic
2023-12-13 17:52:27,443 [INFO] IPUIPlugin:80 - create IPUIPlugin
2023-12-13 17:52:27,443 [INFO] PluginManager:220 - loadIPPluginJar : add adc
2023-12-13 17:52:27,451 [INFO] IPUIPlugin:80 - create IPUIPlugin
2023-12-13 17:52:27,451 [INFO] PluginManager:220 - loadIPPluginJar : add gtzc
2023-12-13 17:52:27,455 [INFO] IPUIPlugin:80 - create IPUIPlugin
2023-12-13 17:52:27,455 [INFO] PluginManager:220 - loadIPPluginJar : add quadspi
2023-12-13 17:52:27,462 [INFO] IPUIPlugin:80 - create IPUIPlugin
2023-12-13 17:52:27,462 [INFO] PluginManager:220 - loadIPPluginJar : add aes
2023-12-13 17:52:27,469 [INFO] IPUIPlugin:80 - create IPUIPlugin
2023-12-13 17:52:27,470 [INFO] PluginManager:220 - loadIPPluginJar : add pdm2pcm
2023-12-13 17:52:27,474 [INFO] IPUIPlugin:80 - create IPUIPlugin
2023-12-13 17:52:27,474 [INFO] PluginManager:220 - loadIPPluginJar : add hash
2023-12-13 17:52:27,478 [INFO] IPUIPlugin:80 - create IPUIPlugin
2023-12-13 17:52:27,479 [INFO] PluginManager:220 - loadIPPluginJar : add tim
2023-12-13 17:52:27,482 [INFO] IPUIPlugin:80 - create IPUIPlugin
2023-12-13 17:52:27,483 [INFO] PluginManager:220 - loadIPPluginJar : add tsc
2023-12-13 17:52:27,486 [INFO] IPUIPlugin:80 - create IPUIPlugin
2023-12-13 17:52:27,486 [INFO] PluginManager:220 - loadIPPluginJar : add ts
2023-12-13 17:52:27,492 [INFO] IPUIPlugin:80 - create IPUIPlugin
2023-12-13 17:52:27,492 [INFO] PluginManager:220 - loadIPPluginJar : add can
2023-12-13 17:52:27,516 [INFO] IPUIPlugin:80 - create IPUIPlugin
2023-12-13 17:52:27,516 [INFO] PluginManager:220 - loadIPPluginJar : add dma3
2023-12-13 17:52:27,522 [INFO] IPUIPlugin:80 - create IPUIPlugin
2023-12-13 17:52:27,522 [INFO] PluginManager:220 - loadIPPluginJar : add dfsdm
2023-12-13 17:52:27,528 [INFO] IPUIPlugin:80 - create IPUIPlugin
2023-12-13 17:52:27,529 [INFO] PluginManager:220 - loadIPPluginJar : add spi
2023-12-13 17:52:27,535 [INFO] IPUIPlugin:80 - create IPUIPlugin
2023-12-13 17:52:27,535 [INFO] PluginManager:220 - loadIPPluginJar : add gfxmmu
2023-12-13 17:52:27,538 [INFO] IPUIPlugin:80 - create IPUIPlugin
2023-12-13 17:52:27,538 [INFO] PluginManager:220 - loadIPPluginJar : add genericplugin
2023-12-13 17:52:27,545 [INFO] IPUIPlugin:80 - create IPUIPlugin
2023-12-13 17:52:27,545 [INFO] PluginManager:220 - loadIPPluginJar : add cryp
2023-12-13 17:52:27,556 [INFO] IPUIPlugin:80 - create IPUIPlugin
2023-12-13 17:52:27,556 [INFO] PluginManager:220 - loadIPPluginJar : add gpio
2023-12-13 17:52:27,560 [INFO] IPUIPlugin:80 - create IPUIPlugin
2023-12-13 17:52:27,561 [INFO] PluginManager:220 - loadIPPluginJar : add comp
2023-12-13 17:52:27,564 [INFO] IPUIPlugin:80 - create IPUIPlugin
2023-12-13 17:52:27,564 [INFO] PluginManager:220 - loadIPPluginJar : add tracer_emb
2023-12-13 17:52:27,570 [INFO] IPUIPlugin:80 - create IPUIPlugin
2023-12-13 17:52:27,571 [INFO] PluginManager:220 - loadIPPluginJar : add openamp
2023-12-13 17:52:27,582 [INFO] IPUIPlugin:80 - create IPUIPlugin
2023-12-13 17:52:27,582 [INFO] PluginManager:220 - loadIPPluginJar : add stm32_wpan
2023-12-13 17:52:27,603 [INFO] IPUIPlugin:80 - create IPUIPlugin
2023-12-13 17:52:27,607 [INFO] PluginManager:220 - loadIPPluginJar : add plateformsettings
2023-12-13 17:52:27,616 [INFO] IPUIPlugin:80 - create IPUIPlugin
2023-12-13 17:52:27,617 [INFO] PluginManager:220 - loadIPPluginJar : add ipddr
2023-12-13 17:52:27,622 [INFO] IPUIPlugin:80 - create IPUIPlugin
2023-12-13 17:52:27,623 [INFO] PluginManager:220 - loadIPPluginJar : add usart
2023-12-13 17:52:27,626 [INFO] IPUIPlugin:80 - create IPUIPlugin
2023-12-13 17:52:27,626 [INFO] PluginManager:220 - loadIPPluginJar : add ltdc
2023-12-13 17:52:27,638 [INFO] IPUIPlugin:80 - create IPUIPlugin
2023-12-13 17:52:27,638 [INFO] PluginManager:220 - loadIPPluginJar : add nvic
2023-12-13 17:52:27,642 [INFO] IPUIPlugin:80 - create IPUIPlugin
2023-12-13 17:52:27,642 [INFO] PluginManager:220 - loadIPPluginJar : add fatfs
2023-12-13 17:52:27,657 [INFO] IPUIPlugin:80 - create IPUIPlugin
2023-12-13 17:52:27,657 [INFO] PluginManager:220 - loadIPPluginJar : add linkedlist
2023-12-13 17:52:27,671 [INFO] IPUIPlugin:80 - create IPUIPlugin
2023-12-13 17:52:27,671 [INFO] PluginManager:220 - loadIPPluginJar : add dma
2023-12-13 17:52:27,685 [INFO] IPUIPlugin:80 - create IPUIPlugin
2023-12-13 17:52:27,685 [INFO] PluginManager:220 - loadIPPluginJar : add fmc
2023-12-13 17:52:27,692 [INFO] IPUIPlugin:80 - create IPUIPlugin
2023-12-13 17:52:27,692 [INFO] PluginManager:220 - loadIPPluginJar : add i2s
2023-12-13 17:52:27,698 [INFO] IPUIPlugin:80 - create IPUIPlugin
2023-12-13 17:52:27,699 [INFO] PluginManager:220 - loadIPPluginJar : add ucpd
2023-12-13 17:52:27,704 [INFO] IPUIPlugin:80 - create IPUIPlugin
2023-12-13 17:52:27,704 [INFO] PluginManager:220 - loadIPPluginJar : add lorawan
2023-12-13 17:52:27,711 [INFO] IPUIPlugin:80 - create IPUIPlugin
2023-12-13 17:52:27,711 [INFO] PluginManager:220 - loadIPPluginJar : add opamp
2023-12-13 17:52:27,719 [INFO] IPUIPlugin:80 - create IPUIPlugin
2023-12-13 17:52:27,719 [INFO] PluginManager:220 - loadIPPluginJar : add i3c
2023-12-13 17:52:27,728 [INFO] IPUIPlugin:80 - create IPUIPlugin
2023-12-13 17:52:27,729 [INFO] PluginManager:220 - loadIPPluginJar : add touchsensing
2023-12-13 17:52:27,736 [INFO] IPUIPlugin:80 - create IPUIPlugin
2023-12-13 17:52:27,736 [INFO] PluginManager:220 - loadIPPluginJar : add i2c
2023-12-13 17:52:27,744 [INFO] IPUIPlugin:80 - create IPUIPlugin
2023-12-13 17:52:27,744 [INFO] PluginManager:220 - loadIPPluginJar : add resmgrutility
2023-12-13 17:52:27,752 [INFO] IPUIPlugin:80 - create IPUIPlugin
2023-12-13 17:52:27,752 [INFO] PluginManager:220 - loadIPPluginJar : add sai
2023-12-13 17:52:27,759 [INFO] IPUIPlugin:80 - create IPUIPlugin
2023-12-13 17:52:27,759 [INFO] PluginManager:220 - loadIPPluginJar : add usbx
2023-12-13 17:52:27,898 [INFO] CADModel:165 - CPN selected for project level
2023-12-13 17:52:27,898 [INFO] CADModel:114 - Register for checkConnection events
2023-12-13 17:52:27,899 [FATAL] Updater:308 - Updater called before beeing initialized
2023-12-13 17:52:27,900 [ERROR] CADModel:125 - Updater not yet initialized, retry later 
2023-12-13 17:52:28,251 [INFO] CADModel:165 - CPN selected for project level
2023-12-13 17:52:28,251 [INFO] CADModel:114 - Register for checkConnection events
2023-12-13 17:52:28,251 [FATAL] Updater:308 - Updater called before beeing initialized
2023-12-13 17:52:28,252 [ERROR] CADModel:125 - Updater not yet initialized, retry later 
2023-12-13 17:52:28,261 [FATAL] Updater:308 - Updater called before beeing initialized
2023-12-13 17:52:28,460 [FATAL] Updater:308 - Updater called before beeing initialized
2023-12-13 17:52:28,472 [INFO] DbMcusAds:53 - JSON generation date=Wed Nov 29 12:52:27 EET 2023 (1701255147349)
2023-12-13 17:52:28,472 [FATAL] Updater:308 - Updater called before beeing initialized
2023-12-13 17:52:28,626 [WARN] DetailPanel:346 - Failed to get advertising image, set to default
2023-12-13 17:52:28,752 [FATAL] Updater:308 - Updater called before beeing initialized
2023-12-13 17:52:28,756 [FATAL] Updater:308 - Updater called before beeing initialized
2023-12-13 17:52:28,756 [FATAL] Updater:308 - Updater called before beeing initialized
2023-12-13 17:52:28,756 [WARN] DetailPanel:346 - Failed to get advertising image, set to default
2023-12-13 17:52:28,757 [FATAL] Updater:308 - Updater called before beeing initialized
2023-12-13 17:52:28,822 [ERROR] Updater:1120 - MainUpdater not yet initialized. External WinMGr cannot be set.
2023-12-13 17:52:28,886 [INFO] Updater:1056 - Updater Version found : 6.9.2
2023-12-13 17:52:28,937 [INFO] ApplicationProperties:184 - Using Application install path: /Applications/STMicroelectronics/STM32CubeIDE.app/Contents/Eclipse/plugins/com.st.stm32cube.common.mx_6.9.2.202309101412
2023-12-13 17:52:28,963 [INFO] MainUpdater:5280 - Software Update Detected: STM32CubeMX
2023-12-13 17:52:29,033 [INFO] UpgradeLauncher:84 - Launching upgrade utility for software upgrade type: (MX) upgradeMode ( Rel)
2023-12-13 17:52:29,075 [INFO] ThirdPartyUpdaterWithRetryManager:70 - Updater plugin not ready yet. [2/15]
2023-12-13 17:52:29,079 [INFO] UpgradeLauncher:93 - Upgrade utility launched for software upgrade
2023-12-13 17:52:45,744 [INFO] Activator:176 - 


2023-12-13 17:52:45,748 [INFO] Activator:177 - !SESSION log4j initialized
2023-12-13 17:52:55,262 [INFO] LogOutputStream:77 - [STDOUT_REDIRECT] 
2023-12-13 17:52:56,283 [ERROR] LogOutputStream:75 - [STDERR_REDIRECT] 
2023-12-13 17:52:57,319 [INFO] LogOutputStream:77 - [STDOUT_REDIRECT] 
2023-12-13 17:53:27,740 [INFO] Activator:176 - 


2023-12-13 17:53:27,743 [INFO] Activator:177 - !SESSION log4j initialized
2023-12-13 17:53:36,800 [INFO] LogOutputStream:77 - [STDOUT_REDIRECT] 
2023-12-13 17:53:37,862 [ERROR] LogOutputStream:75 - [STDERR_REDIRECT] 
2023-12-13 17:53:38,296 [INFO] LogOutputStream:77 - [STDOUT_REDIRECT] 
2023-12-13 17:53:38,822 [INFO] ApplicationProperties:184 - Using Application install path: /Applications/STMicroelectronics/STM32CubeIDE.app/Contents/Eclipse/plugins/com.st.stm32cube.common.mx_6.9.2.202309101412
2023-12-13 17:53:38,852 [INFO] DbMcusXml:78 - Set database path to: /Applications/STMicroelectronics/STM32CubeIDE.app/Contents/Eclipse/plugins/com.st.stm32cube.common.mx_6.9.2.202309101412//db//mcu/
2023-12-13 17:53:38,853 [INFO] ApiDb:274 - Set plugin database path to: /Applications/STMicroelectronics/STM32CubeIDE.app/Contents/Eclipse/plugins/com.st.stm32cube.common.mx_6.9.2.202309101412//db//plugins/boardmanager/
2023-12-13 17:53:38,854 [WARN] ApiDb:259 - Overriding images path with different value:  => /Applications/STMicroelectronics/STM32CubeIDE.app/Contents/Eclipse/plugins/com.st.stm32cube.common.mx_6.9.2.202309101412//db//plugins/mcufinder/images/
2023-12-13 17:53:38,873 [INFO] ApiDb:250 - Set database path to: /Users/romanlobach/.stmcufinder/plugins/mcufinder//mcu/
2023-12-13 17:53:38,875 [INFO] DbMcusAds:125 - Set database path to: /Users/romanlobach/.stmcufinder/plugins/mcufinder//mcu/
2023-12-13 17:53:38,879 [INFO] CrossReferenceDbSqlite:203 - Set database path to: /Users/romanlobach/.stmcufinder/plugins/mcufinder//mcu/cs/
2023-12-13 17:53:39,117 [INFO] RulesReader:64 - Compatibility file has been processed (293 Rules)
2023-12-13 17:53:39,274 [INFO] DbMcusXml:78 - Set database path to: /Applications/STMicroelectronics/STM32CubeIDE.app/Contents/Eclipse/plugins/com.st.stm32cube.common.mx_6.9.2.202309101412//db//mcu/
2023-12-13 17:53:39,274 [INFO] ApiDb:274 - Set plugin database path to: /Applications/STMicroelectronics/STM32CubeIDE.app/Contents/Eclipse/plugins/com.st.stm32cube.common.mx_6.9.2.202309101412//db//plugins/boardmanager/
2023-12-13 17:53:39,274 [INFO] ApiDb:261 - Set plugin images path to: /Applications/STMicroelectronics/STM32CubeIDE.app/Contents/Eclipse/plugins/com.st.stm32cube.common.mx_6.9.2.202309101412//db//plugins/mcufinder/images/
2023-12-13 17:53:39,275 [WARN] DbFile:41 - Overriding database path with different value: /Users/romanlobach/.stmcufinder/plugins/mcufinder/ => /Users/romanlobach/.stmcufinder/plugins/mcufinder
2023-12-13 17:53:39,275 [INFO] ApiDb:250 - Set database path to: /Users/romanlobach/.stmcufinder/plugins/mcufinder//mcu/
2023-12-13 17:53:39,275 [WARN] DbFile:41 - Overriding database path with different value: /Users/romanlobach/.stmcufinder/plugins/mcufinder/ => /Users/romanlobach/.stmcufinder/plugins/mcufinder
2023-12-13 17:53:39,275 [INFO] DbMcusAds:125 - Set database path to: /Users/romanlobach/.stmcufinder/plugins/mcufinder//mcu/
2023-12-13 17:53:39,276 [WARN] DbFile:41 - Overriding database path with different value: /Users/romanlobach/.stmcufinder/plugins/mcufinder/ => /Users/romanlobach/.stmcufinder/plugins/mcufinder
2023-12-13 17:53:39,276 [WARN] DbFile:41 - Overriding database path with different value: /Users/romanlobach/.stmcufinder/plugins/mcufinder/ => /Users/romanlobach/.stmcufinder/plugins/mcufinder
2023-12-13 17:53:39,276 [INFO] CrossReferenceDbSqlite:203 - Set database path to: /Users/romanlobach/.stmcufinder/plugins/mcufinder//mcu/cs/
2023-12-13 17:53:39,447 [INFO] MainPanel:262 - HeapMemory: 268435456
2023-12-13 17:53:39,628 [INFO] DbMcusXml:78 - Set database path to: /Applications/STMicroelectronics/STM32CubeIDE.app/Contents/Eclipse/plugins/com.st.stm32cube.common.mx_6.9.2.202309101412//db//mcu/
2023-12-13 17:53:39,628 [INFO] ApiDb:274 - Set plugin database path to: /Applications/STMicroelectronics/STM32CubeIDE.app/Contents/Eclipse/plugins/com.st.stm32cube.common.mx_6.9.2.202309101412//db//plugins/boardmanager/
2023-12-13 17:53:39,629 [INFO] ApiDb:261 - Set plugin images path to: /Applications/STMicroelectronics/STM32CubeIDE.app/Contents/Eclipse/plugins/com.st.stm32cube.common.mx_6.9.2.202309101412//db//plugins/mcufinder/images/
2023-12-13 17:53:39,629 [WARN] DbFile:41 - Overriding database path with different value: /Users/romanlobach/.stmcufinder/plugins/mcufinder/ => /Users/romanlobach/.stmcufinder/plugins/mcufinder
2023-12-13 17:53:39,630 [INFO] ApiDb:250 - Set database path to: /Users/romanlobach/.stmcufinder/plugins/mcufinder//mcu/
2023-12-13 17:53:39,630 [WARN] DbFile:41 - Overriding database path with different value: /Users/romanlobach/.stmcufinder/plugins/mcufinder/ => /Users/romanlobach/.stmcufinder/plugins/mcufinder
2023-12-13 17:53:39,630 [INFO] DbMcusAds:125 - Set database path to: /Users/romanlobach/.stmcufinder/plugins/mcufinder//mcu/
2023-12-13 17:53:39,631 [WARN] DbFile:41 - Overriding database path with different value: /Users/romanlobach/.stmcufinder/plugins/mcufinder/ => /Users/romanlobach/.stmcufinder/plugins/mcufinder
2023-12-13 17:53:39,631 [WARN] DbFile:41 - Overriding database path with different value: /Users/romanlobach/.stmcufinder/plugins/mcufinder/ => /Users/romanlobach/.stmcufinder/plugins/mcufinder
2023-12-13 17:53:39,631 [INFO] CrossReferenceDbSqlite:203 - Set database path to: /Users/romanlobach/.stmcufinder/plugins/mcufinder//mcu/cs/
2023-12-13 17:53:39,670 [INFO] ApplicationProperties:184 - Using Application install path: /Applications/STMicroelectronics/STM32CubeIDE.app/Contents/Eclipse/plugins/com.st.stm32cube.common.mx_6.9.2.202309101412
2023-12-13 17:53:39,677 [INFO] PluginManage:196 - Search for loadable plugins [exclusion list=, ]
2023-12-13 17:53:39,679 [INFO] PluginManage:310 - Check plugin analytics
2023-12-13 17:53:40,086 [INFO] AnalyticsPlugin:253 - Accepted Software Licenses: STM32CubeMX.6.9.1,STM32CubeMX.6.9.2,STM32CubeMX.6.10.0
2023-12-13 17:53:40,086 [INFO] AnalyticsPlugin:255 - Accepted CMSIS Pack Licenses: STMicroelectronics.X-CUBE-DISPLAY.3.0.0
2023-12-13 17:53:40,087 [INFO] AnalyticsPlugin:257 - Accepted Firmware Licenses: FW.F7.1.17.0
2023-12-13 17:53:40,096 [INFO] PluginManage:359 - Loaded plugin analytics (category:tool,tabindex:-1)
2023-12-13 17:53:40,097 [INFO] PluginManage:310 - Check plugin cadmodel
2023-12-13 17:53:40,852 [INFO] CADModel:105 - Init CAD model plugin
2023-12-13 17:53:40,853 [INFO] PluginManage:359 - Loaded plugin cadmodel (category:power,tabindex:5)
2023-12-13 17:53:40,853 [INFO] PluginManage:310 - Check plugin clock
2023-12-13 17:53:40,869 [INFO] PluginManage:359 - Loaded plugin clock (category:base,tabindex:2)
2023-12-13 17:53:40,870 [INFO] PluginManage:310 - Check plugin ddr
2023-12-13 17:53:40,873 [INFO] PluginManage:359 - Loaded plugin ddr (category:tool,tabindex:6)
2023-12-13 17:53:40,873 [INFO] PluginManage:310 - Check plugin filemanager
2023-12-13 17:53:41,256 [INFO] PluginManage:359 - Loaded plugin filemanager (category:base,tabindex:10)
2023-12-13 17:53:41,256 [INFO] PluginManage:310 - Check plugin ipmanager
2023-12-13 17:53:41,282 [INFO] PluginManage:359 - Loaded plugin ipmanager (category:base,tabindex:5)
2023-12-13 17:53:41,283 [INFO] PluginManage:310 - Check plugin lpbam
2023-12-13 17:53:41,299 [INFO] PluginManage:359 - Loaded plugin lpbam (category:base,tabindex:0)
2023-12-13 17:53:41,300 [INFO] PluginManage:310 - Check plugin memorymap
2023-12-13 17:53:41,332 [INFO] PluginManage:359 - Loaded plugin memorymap (category:base,tabindex:4)
2023-12-13 17:53:41,332 [INFO] PluginManage:310 - Check plugin pinoutandconfiguration
2023-12-13 17:53:41,350 [INFO] PluginManage:359 - Loaded plugin pinoutandconfiguration (category:base,tabindex:1)
2023-12-13 17:53:41,351 [INFO] PluginManage:310 - Check plugin pinoutconfig
2023-12-13 17:53:41,517 [WARN] SupportedApi:132 - Cannot load RTOS API schema: s4s-elt-must-match.1: The content of 'definitions' must match (annotation?, (simpleType | complexType)?, (unique | key | keyref)*)). A problem was found starting at: attribute.
2023-12-13 17:53:41,738 [INFO] PluginManage:359 - Loaded plugin pinoutconfig (category:base,tabindex:0)
2023-12-13 17:53:41,738 [INFO] PluginManage:310 - Check plugin power
2023-12-13 17:53:41,754 [INFO] PluginManage:359 - Loaded plugin power (category:power,tabindex:4)
2023-12-13 17:53:41,755 [INFO] PluginManage:310 - Check plugin projectmanager
2023-12-13 17:53:41,789 [INFO] PluginManage:359 - Loaded plugin projectmanager (category:projectmanager,tabindex:3)
2023-12-13 17:53:41,790 [INFO] PluginManage:310 - Check plugin thirdparty
2023-12-13 17:53:41,999 [WARN] IntegrityCheckThread:84 - waiting for thirdparty lock release [integrity check]
2023-12-13 17:53:42,000 [INFO] IntegrityCheckThread:86 - entering critical section [integrity check]
2023-12-13 17:53:42,001 [INFO] PluginManage:359 - Loaded plugin thirdparty (category:base,tabindex:-1)
2023-12-13 17:53:42,001 [INFO] PluginManage:310 - Check plugin tools
2023-12-13 17:53:42,001 [INFO] ThirdPartyUpdaterWithRetryManager:70 - Updater plugin not ready yet. [1/15]
2023-12-13 17:53:42,004 [INFO] PluginManage:359 - Loaded plugin tools (category:base,tabindex:7)
2023-12-13 17:53:42,005 [INFO] PluginManage:310 - Check plugin tutovideos
2023-12-13 17:53:42,334 [INFO] PluginManage:359 - Loaded plugin tutovideos (category:base,tabindex:-1)
2023-12-13 17:53:42,334 [INFO] PluginManage:310 - Check plugin updater
2023-12-13 17:53:42,351 [INFO] PluginManage:359 - Loaded plugin updater (category:base,tabindex:12)
2023-12-13 17:53:42,351 [INFO] PluginManage:310 - Check plugin userauth
2023-12-13 17:53:42,358 [INFO] UserAuth:113 - Init User Auth plugin
2023-12-13 17:53:42,358 [INFO] PluginManage:359 - Loaded plugin userauth (category:base,tabindex:14)
2023-12-13 17:53:42,359 [INFO] PluginManage:283 - PluginManage : Loaded plugins [17]
2023-12-13 17:53:42,692 [INFO] PinOutPanel:1499 - setPackage(No Configuration,No Configuration)
2023-12-13 17:53:42,859 [INFO] CADModel:165 - CPN selected for project level
2023-12-13 17:53:42,859 [INFO] CADModel:114 - Register for checkConnection events
2023-12-13 17:53:42,873 [INFO] IPUIPlugin:80 - create IPUIPlugin
2023-12-13 17:53:42,874 [INFO] PluginManager:220 - loadIPPluginJar : add mdma
2023-12-13 17:53:42,883 [INFO] IPUIPlugin:80 - create IPUIPlugin
2023-12-13 17:53:42,884 [INFO] PluginManager:220 - loadIPPluginJar : add freertos
2023-12-13 17:53:42,891 [INFO] IPUIPlugin:80 - create IPUIPlugin
2023-12-13 17:53:42,892 [INFO] PluginManager:220 - loadIPPluginJar : add gic
2023-12-13 17:53:42,904 [INFO] IPUIPlugin:80 - create IPUIPlugin
2023-12-13 17:53:42,904 [INFO] PluginManager:220 - loadIPPluginJar : add adc
2023-12-13 17:53:42,907 [INFO] IPUIPlugin:80 - create IPUIPlugin
2023-12-13 17:53:42,908 [INFO] PluginManager:220 - loadIPPluginJar : add gtzc
2023-12-13 17:53:42,909 [INFO] IPUIPlugin:80 - create IPUIPlugin
2023-12-13 17:53:42,909 [INFO] PluginManager:220 - loadIPPluginJar : add quadspi
2023-12-13 17:53:42,912 [INFO] IPUIPlugin:80 - create IPUIPlugin
2023-12-13 17:53:42,912 [INFO] PluginManager:220 - loadIPPluginJar : add aes
2023-12-13 17:53:42,915 [INFO] IPUIPlugin:80 - create IPUIPlugin
2023-12-13 17:53:42,916 [INFO] PluginManager:220 - loadIPPluginJar : add pdm2pcm
2023-12-13 17:53:42,918 [INFO] IPUIPlugin:80 - create IPUIPlugin
2023-12-13 17:53:42,919 [INFO] PluginManager:220 - loadIPPluginJar : add hash
2023-12-13 17:53:42,920 [INFO] IPUIPlugin:80 - create IPUIPlugin
2023-12-13 17:53:42,921 [INFO] PluginManager:220 - loadIPPluginJar : add tim
2023-12-13 17:53:42,922 [INFO] IPUIPlugin:80 - create IPUIPlugin
2023-12-13 17:53:42,922 [INFO] PluginManager:220 - loadIPPluginJar : add tsc
2023-12-13 17:53:42,924 [INFO] IPUIPlugin:80 - create IPUIPlugin
2023-12-13 17:53:42,924 [INFO] PluginManager:220 - loadIPPluginJar : add ts
2023-12-13 17:53:42,927 [INFO] IPUIPlugin:80 - create IPUIPlugin
2023-12-13 17:53:42,927 [INFO] PluginManager:220 - loadIPPluginJar : add can
2023-12-13 17:53:42,930 [INFO] IPUIPlugin:80 - create IPUIPlugin
2023-12-13 17:53:42,931 [INFO] PluginManager:220 - loadIPPluginJar : add dma3
2023-12-13 17:53:42,933 [INFO] IPUIPlugin:80 - create IPUIPlugin
2023-12-13 17:53:42,934 [INFO] PluginManager:220 - loadIPPluginJar : add dfsdm
2023-12-13 17:53:42,936 [INFO] IPUIPlugin:80 - create IPUIPlugin
2023-12-13 17:53:42,936 [INFO] PluginManager:220 - loadIPPluginJar : add spi
2023-12-13 17:53:42,938 [INFO] IPUIPlugin:80 - create IPUIPlugin
2023-12-13 17:53:42,938 [INFO] PluginManager:220 - loadIPPluginJar : add gfxmmu
2023-12-13 17:53:42,939 [INFO] IPUIPlugin:80 - create IPUIPlugin
2023-12-13 17:53:42,940 [INFO] PluginManager:220 - loadIPPluginJar : add genericplugin
2023-12-13 17:53:42,942 [INFO] IPUIPlugin:80 - create IPUIPlugin
2023-12-13 17:53:42,942 [INFO] PluginManager:220 - loadIPPluginJar : add cryp
2023-12-13 17:53:42,946 [INFO] IPUIPlugin:80 - create IPUIPlugin
2023-12-13 17:53:42,947 [INFO] PluginManager:220 - loadIPPluginJar : add gpio
2023-12-13 17:53:42,950 [INFO] IPUIPlugin:80 - create IPUIPlugin
2023-12-13 17:53:42,950 [INFO] PluginManager:220 - loadIPPluginJar : add comp
2023-12-13 17:53:42,953 [INFO] IPUIPlugin:80 - create IPUIPlugin
2023-12-13 17:53:42,953 [INFO] PluginManager:220 - loadIPPluginJar : add tracer_emb
2023-12-13 17:53:42,957 [INFO] IPUIPlugin:80 - create IPUIPlugin
2023-12-13 17:53:42,957 [INFO] PluginManager:220 - loadIPPluginJar : add openamp
2023-12-13 17:53:42,962 [INFO] IPUIPlugin:80 - create IPUIPlugin
2023-12-13 17:53:42,963 [INFO] PluginManager:220 - loadIPPluginJar : add stm32_wpan
2023-12-13 17:53:42,970 [INFO] IPUIPlugin:80 - create IPUIPlugin
2023-12-13 17:53:42,974 [INFO] PluginManager:220 - loadIPPluginJar : add plateformsettings
2023-12-13 17:53:42,977 [INFO] IPUIPlugin:80 - create IPUIPlugin
2023-12-13 17:53:42,977 [INFO] PluginManager:220 - loadIPPluginJar : add ipddr
2023-12-13 17:53:42,981 [INFO] IPUIPlugin:80 - create IPUIPlugin
2023-12-13 17:53:42,982 [INFO] PluginManager:220 - loadIPPluginJar : add usart
2023-12-13 17:53:42,985 [INFO] IPUIPlugin:80 - create IPUIPlugin
2023-12-13 17:53:42,986 [INFO] PluginManager:220 - loadIPPluginJar : add ltdc
2023-12-13 17:53:42,991 [INFO] IPUIPlugin:80 - create IPUIPlugin
2023-12-13 17:53:42,991 [INFO] PluginManager:220 - loadIPPluginJar : add nvic
2023-12-13 17:53:42,993 [INFO] IPUIPlugin:80 - create IPUIPlugin
2023-12-13 17:53:42,994 [INFO] PluginManager:220 - loadIPPluginJar : add fatfs
2023-12-13 17:53:43,002 [INFO] IPUIPlugin:80 - create IPUIPlugin
2023-12-13 17:53:43,003 [INFO] PluginManager:220 - loadIPPluginJar : add linkedlist
2023-12-13 17:53:43,009 [INFO] IPUIPlugin:80 - create IPUIPlugin
2023-12-13 17:53:43,009 [INFO] PluginManager:220 - loadIPPluginJar : add dma
2023-12-13 17:53:43,013 [INFO] IPUIPlugin:80 - create IPUIPlugin
2023-12-13 17:53:43,013 [INFO] PluginManager:220 - loadIPPluginJar : add fmc
2023-12-13 17:53:43,016 [INFO] IPUIPlugin:80 - create IPUIPlugin
2023-12-13 17:53:43,017 [INFO] PluginManager:220 - loadIPPluginJar : add i2s
2023-12-13 17:53:43,019 [INFO] IPUIPlugin:80 - create IPUIPlugin
2023-12-13 17:53:43,019 [INFO] PluginManager:220 - loadIPPluginJar : add ucpd
2023-12-13 17:53:43,023 [INFO] IPUIPlugin:80 - create IPUIPlugin
2023-12-13 17:53:43,023 [INFO] PluginManager:220 - loadIPPluginJar : add lorawan
2023-12-13 17:53:43,026 [INFO] IPUIPlugin:80 - create IPUIPlugin
2023-12-13 17:53:43,026 [INFO] PluginManager:220 - loadIPPluginJar : add opamp
2023-12-13 17:53:43,030 [INFO] IPUIPlugin:80 - create IPUIPlugin
2023-12-13 17:53:43,030 [INFO] PluginManager:220 - loadIPPluginJar : add i3c
2023-12-13 17:53:43,034 [INFO] IPUIPlugin:80 - create IPUIPlugin
2023-12-13 17:53:43,035 [INFO] PluginManager:220 - loadIPPluginJar : add touchsensing
2023-12-13 17:53:43,038 [INFO] IPUIPlugin:80 - create IPUIPlugin
2023-12-13 17:53:43,039 [INFO] PluginManager:220 - loadIPPluginJar : add i2c
2023-12-13 17:53:43,043 [INFO] IPUIPlugin:80 - create IPUIPlugin
2023-12-13 17:53:43,043 [INFO] PluginManager:220 - loadIPPluginJar : add resmgrutility
2023-12-13 17:53:43,049 [INFO] IPUIPlugin:80 - create IPUIPlugin
2023-12-13 17:53:43,050 [INFO] PluginManager:220 - loadIPPluginJar : add sai
2023-12-13 17:53:43,053 [INFO] IPUIPlugin:80 - create IPUIPlugin
2023-12-13 17:53:43,053 [INFO] PluginManager:220 - loadIPPluginJar : add usbx
2023-12-13 17:53:43,181 [INFO] CADModel:165 - CPN selected for project level
2023-12-13 17:53:43,181 [INFO] CADModel:114 - Register for checkConnection events
2023-12-13 17:53:43,182 [FATAL] Updater:308 - Updater called before beeing initialized
2023-12-13 17:53:43,182 [ERROR] CADModel:125 - Updater not yet initialized, retry later 
2023-12-13 17:53:43,414 [INFO] CADModel:165 - CPN selected for project level
2023-12-13 17:53:43,414 [INFO] CADModel:114 - Register for checkConnection events
2023-12-13 17:53:43,414 [FATAL] Updater:308 - Updater called before beeing initialized
2023-12-13 17:53:43,415 [ERROR] CADModel:125 - Updater not yet initialized, retry later 
2023-12-13 17:53:43,422 [FATAL] Updater:308 - Updater called before beeing initialized
2023-12-13 17:53:43,562 [FATAL] Updater:308 - Updater called before beeing initialized
2023-12-13 17:53:43,571 [INFO] DbMcusAds:53 - JSON generation date=Wed Nov 29 12:52:27 EET 2023 (1701255147349)
2023-12-13 17:53:43,571 [FATAL] Updater:308 - Updater called before beeing initialized
2023-12-13 17:53:43,681 [WARN] DetailPanel:346 - Failed to get advertising image, set to default
2023-12-13 17:53:43,831 [FATAL] Updater:308 - Updater called before beeing initialized
2023-12-13 17:53:43,833 [FATAL] Updater:308 - Updater called before beeing initialized
2023-12-13 17:53:43,833 [FATAL] Updater:308 - Updater called before beeing initialized
2023-12-13 17:53:43,833 [WARN] DetailPanel:346 - Failed to get advertising image, set to default
2023-12-13 17:53:43,835 [FATAL] Updater:308 - Updater called before beeing initialized
2023-12-13 17:53:43,875 [ERROR] Updater:1120 - MainUpdater not yet initialized. External WinMGr cannot be set.
2023-12-13 17:53:43,903 [INFO] Updater:1056 - Updater Version found : 6.9.2
2023-12-13 17:53:43,924 [INFO] ApplicationProperties:184 - Using Application install path: /Applications/STMicroelectronics/STM32CubeIDE.app/Contents/Eclipse/plugins/com.st.stm32cube.common.mx_6.9.2.202309101412
2023-12-13 17:53:43,936 [INFO] MainUpdater:5280 - Software Update Detected: STM32CubeMX
2023-12-13 17:53:43,988 [INFO] UpgradeLauncher:84 - Launching upgrade utility for software upgrade type: (MX) upgradeMode ( Rel)
2023-12-13 17:53:44,002 [INFO] UpgradeLauncher:93 - Upgrade utility launched for software upgrade
2023-12-13 17:54:56,066 [INFO] Activator:176 - 


2023-12-13 17:54:56,071 [INFO] Activator:177 - !SESSION log4j initialized
2023-12-13 17:55:10,221 [INFO] LogOutputStream:77 - [STDOUT_REDIRECT] 
2023-12-13 17:55:12,123 [ERROR] LogOutputStream:75 - [STDERR_REDIRECT] 
2023-12-13 17:55:13,363 [INFO] LogOutputStream:77 - [STDOUT_REDIRECT] 
2023-12-13 17:55:13,755 [INFO] ApplicationProperties:184 - Using Application install path: /Applications/STMicroelectronics/STM32CubeIDE.app/Contents/Eclipse/plugins/com.st.stm32cube.common.mx_6.9.2.202309101412
2023-12-13 17:55:13,793 [INFO] DbMcusXml:78 - Set database path to: /Applications/STMicroelectronics/STM32CubeIDE.app/Contents/Eclipse/plugins/com.st.stm32cube.common.mx_6.9.2.202309101412//db//mcu/
2023-12-13 17:55:13,794 [INFO] ApiDb:274 - Set plugin database path to: /Applications/STMicroelectronics/STM32CubeIDE.app/Contents/Eclipse/plugins/com.st.stm32cube.common.mx_6.9.2.202309101412//db//plugins/boardmanager/
2023-12-13 17:55:13,794 [WARN] ApiDb:259 - Overriding images path with different value:  => /Applications/STMicroelectronics/STM32CubeIDE.app/Contents/Eclipse/plugins/com.st.stm32cube.common.mx_6.9.2.202309101412//db//plugins/mcufinder/images/
2023-12-13 17:55:13,814 [INFO] ApiDb:250 - Set database path to: /Users/romanlobach/.stmcufinder/plugins/mcufinder//mcu/
2023-12-13 17:55:13,817 [INFO] DbMcusAds:125 - Set database path to: /Users/romanlobach/.stmcufinder/plugins/mcufinder//mcu/
2023-12-13 17:55:13,825 [INFO] CrossReferenceDbSqlite:203 - Set database path to: /Users/romanlobach/.stmcufinder/plugins/mcufinder//mcu/cs/
2023-12-13 17:55:14,078 [INFO] RulesReader:64 - Compatibility file has been processed (293 Rules)
2023-12-13 17:55:14,267 [INFO] DbMcusXml:78 - Set database path to: /Applications/STMicroelectronics/STM32CubeIDE.app/Contents/Eclipse/plugins/com.st.stm32cube.common.mx_6.9.2.202309101412//db//mcu/
2023-12-13 17:55:14,268 [INFO] ApiDb:274 - Set plugin database path to: /Applications/STMicroelectronics/STM32CubeIDE.app/Contents/Eclipse/plugins/com.st.stm32cube.common.mx_6.9.2.202309101412//db//plugins/boardmanager/
2023-12-13 17:55:14,268 [INFO] ApiDb:261 - Set plugin images path to: /Applications/STMicroelectronics/STM32CubeIDE.app/Contents/Eclipse/plugins/com.st.stm32cube.common.mx_6.9.2.202309101412//db//plugins/mcufinder/images/
2023-12-13 17:55:14,269 [WARN] DbFile:41 - Overriding database path with different value: /Users/romanlobach/.stmcufinder/plugins/mcufinder/ => /Users/romanlobach/.stmcufinder/plugins/mcufinder
2023-12-13 17:55:14,270 [INFO] ApiDb:250 - Set database path to: /Users/romanlobach/.stmcufinder/plugins/mcufinder//mcu/
2023-12-13 17:55:14,270 [WARN] DbFile:41 - Overriding database path with different value: /Users/romanlobach/.stmcufinder/plugins/mcufinder/ => /Users/romanlobach/.stmcufinder/plugins/mcufinder
2023-12-13 17:55:14,271 [INFO] DbMcusAds:125 - Set database path to: /Users/romanlobach/.stmcufinder/plugins/mcufinder//mcu/
2023-12-13 17:55:14,271 [WARN] DbFile:41 - Overriding database path with different value: /Users/romanlobach/.stmcufinder/plugins/mcufinder/ => /Users/romanlobach/.stmcufinder/plugins/mcufinder
2023-12-13 17:55:14,271 [WARN] DbFile:41 - Overriding database path with different value: /Users/romanlobach/.stmcufinder/plugins/mcufinder/ => /Users/romanlobach/.stmcufinder/plugins/mcufinder
2023-12-13 17:55:14,272 [INFO] CrossReferenceDbSqlite:203 - Set database path to: /Users/romanlobach/.stmcufinder/plugins/mcufinder//mcu/cs/
2023-12-13 17:55:14,418 [INFO] MainPanel:262 - HeapMemory: 268435456
2023-12-13 17:55:14,580 [INFO] DbMcusXml:78 - Set database path to: /Applications/STMicroelectronics/STM32CubeIDE.app/Contents/Eclipse/plugins/com.st.stm32cube.common.mx_6.9.2.202309101412//db//mcu/
2023-12-13 17:55:14,580 [INFO] ApiDb:274 - Set plugin database path to: /Applications/STMicroelectronics/STM32CubeIDE.app/Contents/Eclipse/plugins/com.st.stm32cube.common.mx_6.9.2.202309101412//db//plugins/boardmanager/
2023-12-13 17:55:14,580 [INFO] ApiDb:261 - Set plugin images path to: /Applications/STMicroelectronics/STM32CubeIDE.app/Contents/Eclipse/plugins/com.st.stm32cube.common.mx_6.9.2.202309101412//db//plugins/mcufinder/images/
2023-12-13 17:55:14,582 [WARN] DbFile:41 - Overriding database path with different value: /Users/romanlobach/.stmcufinder/plugins/mcufinder/ => /Users/romanlobach/.stmcufinder/plugins/mcufinder
2023-12-13 17:55:14,582 [INFO] ApiDb:250 - Set database path to: /Users/romanlobach/.stmcufinder/plugins/mcufinder//mcu/
2023-12-13 17:55:14,583 [WARN] DbFile:41 - Overriding database path with different value: /Users/romanlobach/.stmcufinder/plugins/mcufinder/ => /Users/romanlobach/.stmcufinder/plugins/mcufinder
2023-12-13 17:55:14,583 [INFO] DbMcusAds:125 - Set database path to: /Users/romanlobach/.stmcufinder/plugins/mcufinder//mcu/
2023-12-13 17:55:14,583 [WARN] DbFile:41 - Overriding database path with different value: /Users/romanlobach/.stmcufinder/plugins/mcufinder/ => /Users/romanlobach/.stmcufinder/plugins/mcufinder
2023-12-13 17:55:14,584 [WARN] DbFile:41 - Overriding database path with different value: /Users/romanlobach/.stmcufinder/plugins/mcufinder/ => /Users/romanlobach/.stmcufinder/plugins/mcufinder
2023-12-13 17:55:14,584 [INFO] CrossReferenceDbSqlite:203 - Set database path to: /Users/romanlobach/.stmcufinder/plugins/mcufinder//mcu/cs/
2023-12-13 17:55:14,622 [INFO] ApplicationProperties:184 - Using Application install path: /Applications/STMicroelectronics/STM32CubeIDE.app/Contents/Eclipse/plugins/com.st.stm32cube.common.mx_6.9.2.202309101412
2023-12-13 17:55:14,624 [INFO] PluginManage:196 - Search for loadable plugins [exclusion list=, ]
2023-12-13 17:55:14,628 [INFO] PluginManage:310 - Check plugin analytics
2023-12-13 17:55:14,924 [INFO] AnalyticsPlugin:253 - Accepted Software Licenses: STM32CubeMX.6.9.1,STM32CubeMX.6.9.2,STM32CubeMX.6.10.0
2023-12-13 17:55:14,925 [INFO] AnalyticsPlugin:255 - Accepted CMSIS Pack Licenses: STMicroelectronics.X-CUBE-DISPLAY.3.0.0
2023-12-13 17:55:14,925 [INFO] AnalyticsPlugin:257 - Accepted Firmware Licenses: FW.F7.1.17.0
2023-12-13 17:55:14,932 [INFO] PluginManage:359 - Loaded plugin analytics (category:tool,tabindex:-1)
2023-12-13 17:55:14,932 [INFO] PluginManage:310 - Check plugin cadmodel
2023-12-13 17:55:15,814 [INFO] CADModel:105 - Init CAD model plugin
2023-12-13 17:55:15,817 [INFO] PluginManage:359 - Loaded plugin cadmodel (category:power,tabindex:5)
2023-12-13 17:55:15,818 [INFO] PluginManage:310 - Check plugin clock
2023-12-13 17:55:15,845 [INFO] PluginManage:359 - Loaded plugin clock (category:base,tabindex:2)
2023-12-13 17:55:15,845 [INFO] PluginManage:310 - Check plugin ddr
2023-12-13 17:55:15,850 [INFO] PluginManage:359 - Loaded plugin ddr (category:tool,tabindex:6)
2023-12-13 17:55:15,851 [INFO] PluginManage:310 - Check plugin filemanager
2023-12-13 17:55:16,134 [INFO] PluginManage:359 - Loaded plugin filemanager (category:base,tabindex:10)
2023-12-13 17:55:16,135 [INFO] PluginManage:310 - Check plugin ipmanager
2023-12-13 17:55:16,147 [INFO] PluginManage:359 - Loaded plugin ipmanager (category:base,tabindex:5)
2023-12-13 17:55:16,148 [INFO] PluginManage:310 - Check plugin lpbam
2023-12-13 17:55:16,172 [INFO] PluginManage:359 - Loaded plugin lpbam (category:base,tabindex:0)
2023-12-13 17:55:16,172 [INFO] PluginManage:310 - Check plugin memorymap
2023-12-13 17:55:16,208 [INFO] PluginManage:359 - Loaded plugin memorymap (category:base,tabindex:4)
2023-12-13 17:55:16,208 [INFO] PluginManage:310 - Check plugin pinoutandconfiguration
2023-12-13 17:55:16,226 [INFO] PluginManage:359 - Loaded plugin pinoutandconfiguration (category:base,tabindex:1)
2023-12-13 17:55:16,226 [INFO] PluginManage:310 - Check plugin pinoutconfig
2023-12-13 17:55:16,416 [WARN] SupportedApi:132 - Cannot load RTOS API schema: s4s-elt-must-match.1: The content of 'definitions' must match (annotation?, (simpleType | complexType)?, (unique | key | keyref)*)). A problem was found starting at: attribute.
2023-12-13 17:55:16,738 [INFO] PluginManage:359 - Loaded plugin pinoutconfig (category:base,tabindex:0)
2023-12-13 17:55:16,739 [INFO] PluginManage:310 - Check plugin power
2023-12-13 17:55:16,761 [INFO] PluginManage:359 - Loaded plugin power (category:power,tabindex:4)
2023-12-13 17:55:16,761 [INFO] PluginManage:310 - Check plugin projectmanager
2023-12-13 17:55:16,784 [INFO] PluginManage:359 - Loaded plugin projectmanager (category:projectmanager,tabindex:3)
2023-12-13 17:55:16,784 [INFO] PluginManage:310 - Check plugin thirdparty
2023-12-13 17:55:17,053 [INFO] PluginManage:359 - Loaded plugin thirdparty (category:base,tabindex:-1)
2023-12-13 17:55:17,053 [WARN] IntegrityCheckThread:84 - waiting for thirdparty lock release [integrity check]
2023-12-13 17:55:17,054 [INFO] IntegrityCheckThread:86 - entering critical section [integrity check]
2023-12-13 17:55:17,054 [INFO] PluginManage:310 - Check plugin tools
2023-12-13 17:55:17,055 [INFO] ThirdPartyUpdaterWithRetryManager:70 - Updater plugin not ready yet. [1/15]
2023-12-13 17:55:17,059 [INFO] PluginManage:359 - Loaded plugin tools (category:base,tabindex:7)
2023-12-13 17:55:17,059 [INFO] PluginManage:310 - Check plugin tutovideos
2023-12-13 17:55:17,549 [INFO] PluginManage:359 - Loaded plugin tutovideos (category:base,tabindex:-1)
2023-12-13 17:55:17,549 [INFO] PluginManage:310 - Check plugin updater
2023-12-13 17:55:17,568 [INFO] PluginManage:359 - Loaded plugin updater (category:base,tabindex:12)
2023-12-13 17:55:17,568 [INFO] PluginManage:310 - Check plugin userauth
2023-12-13 17:55:17,577 [INFO] UserAuth:113 - Init User Auth plugin
2023-12-13 17:55:17,578 [INFO] PluginManage:359 - Loaded plugin userauth (category:base,tabindex:14)
2023-12-13 17:55:17,579 [INFO] PluginManage:283 - PluginManage : Loaded plugins [17]
2023-12-13 17:55:17,947 [INFO] PinOutPanel:1499 - setPackage(No Configuration,No Configuration)
2023-12-13 17:55:18,150 [INFO] CADModel:165 - CPN selected for project level
2023-12-13 17:55:18,150 [INFO] CADModel:114 - Register for checkConnection events
2023-12-13 17:55:18,180 [INFO] IPUIPlugin:80 - create IPUIPlugin
2023-12-13 17:55:18,181 [INFO] PluginManager:220 - loadIPPluginJar : add mdma
2023-12-13 17:55:18,202 [INFO] IPUIPlugin:80 - create IPUIPlugin
2023-12-13 17:55:18,203 [INFO] PluginManager:220 - loadIPPluginJar : add freertos
2023-12-13 17:55:18,217 [INFO] IPUIPlugin:80 - create IPUIPlugin
2023-12-13 17:55:18,218 [INFO] PluginManager:220 - loadIPPluginJar : add gic
2023-12-13 17:55:18,235 [INFO] IPUIPlugin:80 - create IPUIPlugin
2023-12-13 17:55:18,235 [INFO] PluginManager:220 - loadIPPluginJar : add adc
2023-12-13 17:55:18,243 [INFO] IPUIPlugin:80 - create IPUIPlugin
2023-12-13 17:55:18,243 [INFO] PluginManager:220 - loadIPPluginJar : add gtzc
2023-12-13 17:55:18,246 [INFO] IPUIPlugin:80 - create IPUIPlugin
2023-12-13 17:55:18,246 [INFO] PluginManager:220 - loadIPPluginJar : add quadspi
2023-12-13 17:55:18,251 [INFO] IPUIPlugin:80 - create IPUIPlugin
2023-12-13 17:55:18,252 [INFO] PluginManager:220 - loadIPPluginJar : add aes
2023-12-13 17:55:18,259 [INFO] IPUIPlugin:80 - create IPUIPlugin
2023-12-13 17:55:18,259 [INFO] PluginManager:220 - loadIPPluginJar : add pdm2pcm
2023-12-13 17:55:18,263 [INFO] IPUIPlugin:80 - create IPUIPlugin
2023-12-13 17:55:18,263 [INFO] PluginManager:220 - loadIPPluginJar : add hash
2023-12-13 17:55:18,267 [INFO] IPUIPlugin:80 - create IPUIPlugin
2023-12-13 17:55:18,267 [INFO] PluginManager:220 - loadIPPluginJar : add tim
2023-12-13 17:55:18,270 [INFO] IPUIPlugin:80 - create IPUIPlugin
2023-12-13 17:55:18,271 [INFO] PluginManager:220 - loadIPPluginJar : add tsc
2023-12-13 17:55:18,274 [INFO] IPUIPlugin:80 - create IPUIPlugin
2023-12-13 17:55:18,274 [INFO] PluginManager:220 - loadIPPluginJar : add ts
2023-12-13 17:55:18,280 [INFO] IPUIPlugin:80 - create IPUIPlugin
2023-12-13 17:55:18,280 [INFO] PluginManager:220 - loadIPPluginJar : add can
2023-12-13 17:55:18,284 [INFO] IPUIPlugin:80 - create IPUIPlugin
2023-12-13 17:55:18,285 [INFO] PluginManager:220 - loadIPPluginJar : add dma3
2023-12-13 17:55:18,289 [INFO] IPUIPlugin:80 - create IPUIPlugin
2023-12-13 17:55:18,289 [INFO] PluginManager:220 - loadIPPluginJar : add dfsdm
2023-12-13 17:55:18,294 [INFO] IPUIPlugin:80 - create IPUIPlugin
2023-12-13 17:55:18,294 [INFO] PluginManager:220 - loadIPPluginJar : add spi
2023-12-13 17:55:18,299 [INFO] IPUIPlugin:80 - create IPUIPlugin
2023-12-13 17:55:18,299 [INFO] PluginManager:220 - loadIPPluginJar : add gfxmmu
2023-12-13 17:55:18,302 [INFO] IPUIPlugin:80 - create IPUIPlugin
2023-12-13 17:55:18,302 [INFO] PluginManager:220 - loadIPPluginJar : add genericplugin
2023-12-13 17:55:18,307 [INFO] IPUIPlugin:80 - create IPUIPlugin
2023-12-13 17:55:18,307 [INFO] PluginManager:220 - loadIPPluginJar : add cryp
2023-12-13 17:55:18,318 [INFO] IPUIPlugin:80 - create IPUIPlugin
2023-12-13 17:55:18,318 [INFO] PluginManager:220 - loadIPPluginJar : add gpio
2023-12-13 17:55:18,321 [INFO] IPUIPlugin:80 - create IPUIPlugin
2023-12-13 17:55:18,321 [INFO] PluginManager:220 - loadIPPluginJar : add comp
2023-12-13 17:55:18,324 [INFO] IPUIPlugin:80 - create IPUIPlugin
2023-12-13 17:55:18,325 [INFO] PluginManager:220 - loadIPPluginJar : add tracer_emb
2023-12-13 17:55:18,331 [INFO] IPUIPlugin:80 - create IPUIPlugin
2023-12-13 17:55:18,331 [INFO] PluginManager:220 - loadIPPluginJar : add openamp
2023-12-13 17:55:18,340 [INFO] IPUIPlugin:80 - create IPUIPlugin
2023-12-13 17:55:18,340 [INFO] PluginManager:220 - loadIPPluginJar : add stm32_wpan
2023-12-13 17:55:18,355 [INFO] IPUIPlugin:80 - create IPUIPlugin
2023-12-13 17:55:18,360 [INFO] PluginManager:220 - loadIPPluginJar : add plateformsettings
2023-12-13 17:55:18,365 [INFO] IPUIPlugin:80 - create IPUIPlugin
2023-12-13 17:55:18,365 [INFO] PluginManager:220 - loadIPPluginJar : add ipddr
2023-12-13 17:55:18,371 [INFO] IPUIPlugin:80 - create IPUIPlugin
2023-12-13 17:55:18,371 [INFO] PluginManager:220 - loadIPPluginJar : add usart
2023-12-13 17:55:18,374 [INFO] IPUIPlugin:80 - create IPUIPlugin
2023-12-13 17:55:18,374 [INFO] PluginManager:220 - loadIPPluginJar : add ltdc
2023-12-13 17:55:18,384 [INFO] IPUIPlugin:80 - create IPUIPlugin
2023-12-13 17:55:18,385 [INFO] PluginManager:220 - loadIPPluginJar : add nvic
2023-12-13 17:55:18,387 [INFO] IPUIPlugin:80 - create IPUIPlugin
2023-12-13 17:55:18,388 [INFO] PluginManager:220 - loadIPPluginJar : add fatfs
2023-12-13 17:55:18,402 [INFO] IPUIPlugin:80 - create IPUIPlugin
2023-12-13 17:55:18,402 [INFO] PluginManager:220 - loadIPPluginJar : add linkedlist
2023-12-13 17:55:18,412 [INFO] IPUIPlugin:80 - create IPUIPlugin
2023-12-13 17:55:18,413 [INFO] PluginManager:220 - loadIPPluginJar : add dma
2023-12-13 17:55:18,423 [INFO] IPUIPlugin:80 - create IPUIPlugin
2023-12-13 17:55:18,423 [INFO] PluginManager:220 - loadIPPluginJar : add fmc
2023-12-13 17:55:18,428 [INFO] IPUIPlugin:80 - create IPUIPlugin
2023-12-13 17:55:18,428 [INFO] PluginManager:220 - loadIPPluginJar : add i2s
2023-12-13 17:55:18,432 [INFO] IPUIPlugin:80 - create IPUIPlugin
2023-12-13 17:55:18,432 [INFO] PluginManager:220 - loadIPPluginJar : add ucpd
2023-12-13 17:55:18,437 [INFO] IPUIPlugin:80 - create IPUIPlugin
2023-12-13 17:55:18,437 [INFO] PluginManager:220 - loadIPPluginJar : add lorawan
2023-12-13 17:55:18,443 [INFO] IPUIPlugin:80 - create IPUIPlugin
2023-12-13 17:55:18,444 [INFO] PluginManager:220 - loadIPPluginJar : add opamp
2023-12-13 17:55:18,450 [INFO] IPUIPlugin:80 - create IPUIPlugin
2023-12-13 17:55:18,450 [INFO] PluginManager:220 - loadIPPluginJar : add i3c
2023-12-13 17:55:18,457 [INFO] IPUIPlugin:80 - create IPUIPlugin
2023-12-13 17:55:18,457 [INFO] PluginManager:220 - loadIPPluginJar : add touchsensing
2023-12-13 17:55:18,463 [INFO] IPUIPlugin:80 - create IPUIPlugin
2023-12-13 17:55:18,464 [INFO] PluginManager:220 - loadIPPluginJar : add i2c
2023-12-13 17:55:18,472 [INFO] IPUIPlugin:80 - create IPUIPlugin
2023-12-13 17:55:18,472 [INFO] PluginManager:220 - loadIPPluginJar : add resmgrutility
2023-12-13 17:55:18,478 [INFO] IPUIPlugin:80 - create IPUIPlugin
2023-12-13 17:55:18,479 [INFO] PluginManager:220 - loadIPPluginJar : add sai
2023-12-13 17:55:18,484 [INFO] IPUIPlugin:80 - create IPUIPlugin
2023-12-13 17:55:18,484 [INFO] PluginManager:220 - loadIPPluginJar : add usbx
2023-12-13 17:55:18,617 [INFO] CADModel:165 - CPN selected for project level
2023-12-13 17:55:18,618 [INFO] CADModel:114 - Register for checkConnection events
2023-12-13 17:55:18,618 [FATAL] Updater:308 - Updater called before beeing initialized
2023-12-13 17:55:18,619 [ERROR] CADModel:125 - Updater not yet initialized, retry later 
2023-12-13 17:55:18,846 [INFO] CADModel:165 - CPN selected for project level
2023-12-13 17:55:18,846 [INFO] CADModel:114 - Register for checkConnection events
2023-12-13 17:55:18,846 [FATAL] Updater:308 - Updater called before beeing initialized
2023-12-13 17:55:18,847 [ERROR] CADModel:125 - Updater not yet initialized, retry later 
2023-12-13 17:55:18,854 [FATAL] Updater:308 - Updater called before beeing initialized
2023-12-13 17:55:18,990 [FATAL] Updater:308 - Updater called before beeing initialized
2023-12-13 17:55:19,002 [INFO] DbMcusAds:53 - JSON generation date=Wed Nov 29 12:52:27 EET 2023 (1701255147349)
2023-12-13 17:55:19,002 [FATAL] Updater:308 - Updater called before beeing initialized
2023-12-13 17:55:19,120 [WARN] DetailPanel:346 - Failed to get advertising image, set to default
2023-12-13 17:55:19,277 [FATAL] Updater:308 - Updater called before beeing initialized
2023-12-13 17:55:19,282 [FATAL] Updater:308 - Updater called before beeing initialized
2023-12-13 17:55:19,282 [FATAL] Updater:308 - Updater called before beeing initialized
2023-12-13 17:55:19,282 [WARN] DetailPanel:346 - Failed to get advertising image, set to default
2023-12-13 17:55:19,284 [FATAL] Updater:308 - Updater called before beeing initialized
2023-12-13 17:55:19,360 [ERROR] Updater:1120 - MainUpdater not yet initialized. External WinMGr cannot be set.
2023-12-13 17:55:19,404 [INFO] Updater:1056 - Updater Version found : 6.9.2
2023-12-13 17:55:19,428 [INFO] ApplicationProperties:184 - Using Application install path: /Applications/STMicroelectronics/STM32CubeIDE.app/Contents/Eclipse/plugins/com.st.stm32cube.common.mx_6.9.2.202309101412
2023-12-13 17:55:19,444 [INFO] MainUpdater:5280 - Software Update Detected: STM32CubeMX
2023-12-13 17:55:19,515 [INFO] UpgradeLauncher:84 - Launching upgrade utility for software upgrade type: (MX) upgradeMode ( Rel)
2023-12-13 17:55:19,533 [INFO] UpgradeLauncher:93 - Upgrade utility launched for software upgrade
2023-12-13 17:56:13,559 [INFO] Activator:176 - 


2023-12-13 17:56:13,565 [INFO] Activator:177 - !SESSION log4j initialized
2023-12-13 17:56:26,504 [INFO] LogOutputStream:77 - [STDOUT_REDIRECT] 
2023-12-13 17:56:28,456 [ERROR] LogOutputStream:75 - [STDERR_REDIRECT] 
2023-12-13 17:56:30,891 [INFO] ApplicationProperties:184 - Using Application install path: /Applications/STMicroelectronics/STM32CubeIDE.app/Contents/Eclipse/plugins/com.st.stm32cube.common.mx_6.9.2.202309101412
2023-12-13 17:56:30,932 [INFO] DbMcusXml:78 - Set database path to: /Applications/STMicroelectronics/STM32CubeIDE.app/Contents/Eclipse/plugins/com.st.stm32cube.common.mx_6.9.2.202309101412//db//mcu/
2023-12-13 17:56:30,933 [INFO] ApiDb:274 - Set plugin database path to: /Applications/STMicroelectronics/STM32CubeIDE.app/Contents/Eclipse/plugins/com.st.stm32cube.common.mx_6.9.2.202309101412//db//plugins/boardmanager/
2023-12-13 17:56:30,936 [WARN] ApiDb:259 - Overriding images path with different value:  => /Applications/STMicroelectronics/STM32CubeIDE.app/Contents/Eclipse/plugins/com.st.stm32cube.common.mx_6.9.2.202309101412//db//plugins/mcufinder/images/
2023-12-13 17:56:30,959 [INFO] ApiDb:250 - Set database path to: /Users/romanlobach/.stmcufinder/plugins/mcufinder//mcu/
2023-12-13 17:56:30,962 [INFO] DbMcusAds:125 - Set database path to: /Users/romanlobach/.stmcufinder/plugins/mcufinder//mcu/
2023-12-13 17:56:30,972 [INFO] CrossReferenceDbSqlite:203 - Set database path to: /Users/romanlobach/.stmcufinder/plugins/mcufinder//mcu/cs/
2023-12-13 17:56:31,241 [INFO] RulesReader:64 - Compatibility file has been processed (293 Rules)
2023-12-13 17:56:31,402 [INFO] DbMcusXml:78 - Set database path to: /Applications/STMicroelectronics/STM32CubeIDE.app/Contents/Eclipse/plugins/com.st.stm32cube.common.mx_6.9.2.202309101412//db//mcu/
2023-12-13 17:56:31,402 [INFO] ApiDb:274 - Set plugin database path to: /Applications/STMicroelectronics/STM32CubeIDE.app/Contents/Eclipse/plugins/com.st.stm32cube.common.mx_6.9.2.202309101412//db//plugins/boardmanager/
2023-12-13 17:56:31,403 [INFO] ApiDb:261 - Set plugin images path to: /Applications/STMicroelectronics/STM32CubeIDE.app/Contents/Eclipse/plugins/com.st.stm32cube.common.mx_6.9.2.202309101412//db//plugins/mcufinder/images/
2023-12-13 17:56:31,403 [WARN] DbFile:41 - Overriding database path with different value: /Users/romanlobach/.stmcufinder/plugins/mcufinder/ => /Users/romanlobach/.stmcufinder/plugins/mcufinder
2023-12-13 17:56:31,403 [INFO] ApiDb:250 - Set database path to: /Users/romanlobach/.stmcufinder/plugins/mcufinder//mcu/
2023-12-13 17:56:31,404 [WARN] DbFile:41 - Overriding database path with different value: /Users/romanlobach/.stmcufinder/plugins/mcufinder/ => /Users/romanlobach/.stmcufinder/plugins/mcufinder
2023-12-13 17:56:31,404 [INFO] DbMcusAds:125 - Set database path to: /Users/romanlobach/.stmcufinder/plugins/mcufinder//mcu/
2023-12-13 17:56:31,404 [WARN] DbFile:41 - Overriding database path with different value: /Users/romanlobach/.stmcufinder/plugins/mcufinder/ => /Users/romanlobach/.stmcufinder/plugins/mcufinder
2023-12-13 17:56:31,404 [WARN] DbFile:41 - Overriding database path with different value: /Users/romanlobach/.stmcufinder/plugins/mcufinder/ => /Users/romanlobach/.stmcufinder/plugins/mcufinder
2023-12-13 17:56:31,405 [INFO] CrossReferenceDbSqlite:203 - Set database path to: /Users/romanlobach/.stmcufinder/plugins/mcufinder//mcu/cs/
2023-12-13 17:56:31,522 [INFO] MainPanel:262 - HeapMemory: 268435456
2023-12-13 17:56:31,626 [INFO] DbMcusXml:78 - Set database path to: /Applications/STMicroelectronics/STM32CubeIDE.app/Contents/Eclipse/plugins/com.st.stm32cube.common.mx_6.9.2.202309101412//db//mcu/
2023-12-13 17:56:31,626 [INFO] ApiDb:274 - Set plugin database path to: /Applications/STMicroelectronics/STM32CubeIDE.app/Contents/Eclipse/plugins/com.st.stm32cube.common.mx_6.9.2.202309101412//db//plugins/boardmanager/
2023-12-13 17:56:31,626 [INFO] ApiDb:261 - Set plugin images path to: /Applications/STMicroelectronics/STM32CubeIDE.app/Contents/Eclipse/plugins/com.st.stm32cube.common.mx_6.9.2.202309101412//db//plugins/mcufinder/images/
2023-12-13 17:56:31,628 [WARN] DbFile:41 - Overriding database path with different value: /Users/romanlobach/.stmcufinder/plugins/mcufinder/ => /Users/romanlobach/.stmcufinder/plugins/mcufinder
2023-12-13 17:56:31,628 [INFO] ApiDb:250 - Set database path to: /Users/romanlobach/.stmcufinder/plugins/mcufinder//mcu/
2023-12-13 17:56:31,628 [WARN] DbFile:41 - Overriding database path with different value: /Users/romanlobach/.stmcufinder/plugins/mcufinder/ => /Users/romanlobach/.stmcufinder/plugins/mcufinder
2023-12-13 17:56:31,628 [INFO] DbMcusAds:125 - Set database path to: /Users/romanlobach/.stmcufinder/plugins/mcufinder//mcu/
2023-12-13 17:56:31,628 [WARN] DbFile:41 - Overriding database path with different value: /Users/romanlobach/.stmcufinder/plugins/mcufinder/ => /Users/romanlobach/.stmcufinder/plugins/mcufinder
2023-12-13 17:56:31,629 [WARN] DbFile:41 - Overriding database path with different value: /Users/romanlobach/.stmcufinder/plugins/mcufinder/ => /Users/romanlobach/.stmcufinder/plugins/mcufinder
2023-12-13 17:56:31,629 [INFO] CrossReferenceDbSqlite:203 - Set database path to: /Users/romanlobach/.stmcufinder/plugins/mcufinder//mcu/cs/
2023-12-13 17:56:31,655 [INFO] ApplicationProperties:184 - Using Application install path: /Applications/STMicroelectronics/STM32CubeIDE.app/Contents/Eclipse/plugins/com.st.stm32cube.common.mx_6.9.2.202309101412
2023-12-13 17:56:31,657 [INFO] PluginManage:196 - Search for loadable plugins [exclusion list=, ]
2023-12-13 17:56:31,660 [INFO] PluginManage:310 - Check plugin analytics
2023-12-13 17:56:32,141 [INFO] AnalyticsPlugin:253 - Accepted Software Licenses: STM32CubeMX.6.9.1,STM32CubeMX.6.9.2,STM32CubeMX.6.10.0
2023-12-13 17:56:32,141 [INFO] AnalyticsPlugin:255 - Accepted CMSIS Pack Licenses: STMicroelectronics.X-CUBE-DISPLAY.3.0.0
2023-12-13 17:56:32,141 [INFO] AnalyticsPlugin:257 - Accepted Firmware Licenses: FW.F7.1.17.0
2023-12-13 17:56:32,147 [INFO] PluginManage:359 - Loaded plugin analytics (category:tool,tabindex:-1)
2023-12-13 17:56:32,148 [INFO] PluginManage:310 - Check plugin cadmodel
2023-12-13 17:56:33,011 [INFO] CADModel:105 - Init CAD model plugin
2023-12-13 17:56:33,013 [INFO] PluginManage:359 - Loaded plugin cadmodel (category:power,tabindex:5)
2023-12-13 17:56:33,013 [INFO] PluginManage:310 - Check plugin clock
2023-12-13 17:56:33,039 [INFO] PluginManage:359 - Loaded plugin clock (category:base,tabindex:2)
2023-12-13 17:56:33,040 [INFO] PluginManage:310 - Check plugin ddr
2023-12-13 17:56:33,044 [INFO] PluginManage:359 - Loaded plugin ddr (category:tool,tabindex:6)
2023-12-13 17:56:33,044 [INFO] PluginManage:310 - Check plugin filemanager
2023-12-13 17:56:33,303 [INFO] PluginManage:359 - Loaded plugin filemanager (category:base,tabindex:10)
2023-12-13 17:56:33,304 [INFO] PluginManage:310 - Check plugin ipmanager
2023-12-13 17:56:33,317 [INFO] PluginManage:359 - Loaded plugin ipmanager (category:base,tabindex:5)
2023-12-13 17:56:33,317 [INFO] PluginManage:310 - Check plugin lpbam
2023-12-13 17:56:33,341 [INFO] PluginManage:359 - Loaded plugin lpbam (category:base,tabindex:0)
2023-12-13 17:56:33,341 [INFO] PluginManage:310 - Check plugin memorymap
2023-12-13 17:56:33,373 [INFO] PluginManage:359 - Loaded plugin memorymap (category:base,tabindex:4)
2023-12-13 17:56:33,373 [INFO] PluginManage:310 - Check plugin pinoutandconfiguration
2023-12-13 17:56:33,388 [INFO] PluginManage:359 - Loaded plugin pinoutandconfiguration (category:base,tabindex:1)
2023-12-13 17:56:33,388 [INFO] PluginManage:310 - Check plugin pinoutconfig
2023-12-13 17:56:33,569 [WARN] SupportedApi:132 - Cannot load RTOS API schema: s4s-elt-must-match.1: The content of 'definitions' must match (annotation?, (simpleType | complexType)?, (unique | key | keyref)*)). A problem was found starting at: attribute.
2023-12-13 17:56:33,882 [INFO] PluginManage:359 - Loaded plugin pinoutconfig (category:base,tabindex:0)
2023-12-13 17:56:33,882 [INFO] PluginManage:310 - Check plugin power
2023-12-13 17:56:33,902 [INFO] PluginManage:359 - Loaded plugin power (category:power,tabindex:4)
2023-12-13 17:56:33,902 [INFO] PluginManage:310 - Check plugin projectmanager
2023-12-13 17:56:33,927 [INFO] PluginManage:359 - Loaded plugin projectmanager (category:projectmanager,tabindex:3)
2023-12-13 17:56:33,927 [INFO] PluginManage:310 - Check plugin thirdparty
2023-12-13 17:56:34,173 [WARN] IntegrityCheckThread:84 - waiting for thirdparty lock release [integrity check]
2023-12-13 17:56:34,174 [INFO] IntegrityCheckThread:86 - entering critical section [integrity check]
2023-12-13 17:56:34,174 [INFO] ThirdPartyUpdaterWithRetryManager:70 - Updater plugin not ready yet. [1/15]
2023-12-13 17:56:34,175 [INFO] PluginManage:359 - Loaded plugin thirdparty (category:base,tabindex:-1)
2023-12-13 17:56:34,175 [INFO] PluginManage:310 - Check plugin tools
2023-12-13 17:56:34,179 [INFO] PluginManage:359 - Loaded plugin tools (category:base,tabindex:7)
2023-12-13 17:56:34,180 [INFO] PluginManage:310 - Check plugin tutovideos
2023-12-13 17:56:34,719 [INFO] PluginManage:359 - Loaded plugin tutovideos (category:base,tabindex:-1)
2023-12-13 17:56:34,719 [INFO] PluginManage:310 - Check plugin updater
2023-12-13 17:56:34,745 [INFO] PluginManage:359 - Loaded plugin updater (category:base,tabindex:12)
2023-12-13 17:56:34,746 [INFO] PluginManage:310 - Check plugin userauth
2023-12-13 17:56:34,757 [INFO] UserAuth:113 - Init User Auth plugin
2023-12-13 17:56:34,757 [INFO] PluginManage:359 - Loaded plugin userauth (category:base,tabindex:14)
2023-12-13 17:56:34,758 [INFO] PluginManage:283 - PluginManage : Loaded plugins [17]
2023-12-13 17:56:35,095 [INFO] PinOutPanel:1499 - setPackage(No Configuration,No Configuration)
2023-12-13 17:56:35,279 [INFO] CADModel:165 - CPN selected for project level
2023-12-13 17:56:35,280 [INFO] CADModel:114 - Register for checkConnection events
2023-12-13 17:56:35,306 [INFO] IPUIPlugin:80 - create IPUIPlugin
2023-12-13 17:56:35,307 [INFO] PluginManager:220 - loadIPPluginJar : add mdma
2023-12-13 17:56:35,325 [INFO] IPUIPlugin:80 - create IPUIPlugin
2023-12-13 17:56:35,325 [INFO] PluginManager:220 - loadIPPluginJar : add freertos
2023-12-13 17:56:35,340 [INFO] IPUIPlugin:80 - create IPUIPlugin
2023-12-13 17:56:35,340 [INFO] PluginManager:220 - loadIPPluginJar : add gic
2023-12-13 17:56:35,359 [INFO] IPUIPlugin:80 - create IPUIPlugin
2023-12-13 17:56:35,360 [INFO] PluginManager:220 - loadIPPluginJar : add adc
2023-12-13 17:56:35,366 [INFO] IPUIPlugin:80 - create IPUIPlugin
2023-12-13 17:56:35,366 [INFO] PluginManager:220 - loadIPPluginJar : add gtzc
2023-12-13 17:56:35,369 [INFO] IPUIPlugin:80 - create IPUIPlugin
2023-12-13 17:56:35,369 [INFO] PluginManager:220 - loadIPPluginJar : add quadspi
2023-12-13 17:56:35,374 [INFO] IPUIPlugin:80 - create IPUIPlugin
2023-12-13 17:56:35,374 [INFO] PluginManager:220 - loadIPPluginJar : add aes
2023-12-13 17:56:35,381 [INFO] IPUIPlugin:80 - create IPUIPlugin
2023-12-13 17:56:35,381 [INFO] PluginManager:220 - loadIPPluginJar : add pdm2pcm
2023-12-13 17:56:35,384 [INFO] IPUIPlugin:80 - create IPUIPlugin
2023-12-13 17:56:35,384 [INFO] PluginManager:220 - loadIPPluginJar : add hash
2023-12-13 17:56:35,387 [INFO] IPUIPlugin:80 - create IPUIPlugin
2023-12-13 17:56:35,388 [INFO] PluginManager:220 - loadIPPluginJar : add tim
2023-12-13 17:56:35,390 [INFO] IPUIPlugin:80 - create IPUIPlugin
2023-12-13 17:56:35,390 [INFO] PluginManager:220 - loadIPPluginJar : add tsc
2023-12-13 17:56:35,393 [INFO] IPUIPlugin:80 - create IPUIPlugin
2023-12-13 17:56:35,393 [INFO] PluginManager:220 - loadIPPluginJar : add ts
2023-12-13 17:56:35,398 [INFO] IPUIPlugin:80 - create IPUIPlugin
2023-12-13 17:56:35,398 [INFO] PluginManager:220 - loadIPPluginJar : add can
2023-12-13 17:56:35,402 [INFO] IPUIPlugin:80 - create IPUIPlugin
2023-12-13 17:56:35,402 [INFO] PluginManager:220 - loadIPPluginJar : add dma3
2023-12-13 17:56:35,406 [INFO] IPUIPlugin:80 - create IPUIPlugin
2023-12-13 17:56:35,406 [INFO] PluginManager:220 - loadIPPluginJar : add dfsdm
2023-12-13 17:56:35,411 [INFO] IPUIPlugin:80 - create IPUIPlugin
2023-12-13 17:56:35,411 [INFO] PluginManager:220 - loadIPPluginJar : add spi
2023-12-13 17:56:35,416 [INFO] IPUIPlugin:80 - create IPUIPlugin
2023-12-13 17:56:35,416 [INFO] PluginManager:220 - loadIPPluginJar : add gfxmmu
2023-12-13 17:56:35,419 [INFO] IPUIPlugin:80 - create IPUIPlugin
2023-12-13 17:56:35,419 [INFO] PluginManager:220 - loadIPPluginJar : add genericplugin
2023-12-13 17:56:35,424 [INFO] IPUIPlugin:80 - create IPUIPlugin
2023-12-13 17:56:35,424 [INFO] PluginManager:220 - loadIPPluginJar : add cryp
2023-12-13 17:56:35,433 [INFO] IPUIPlugin:80 - create IPUIPlugin
2023-12-13 17:56:35,433 [INFO] PluginManager:220 - loadIPPluginJar : add gpio
2023-12-13 17:56:35,436 [INFO] IPUIPlugin:80 - create IPUIPlugin
2023-12-13 17:56:35,436 [INFO] PluginManager:220 - loadIPPluginJar : add comp
2023-12-13 17:56:35,439 [INFO] IPUIPlugin:80 - create IPUIPlugin
2023-12-13 17:56:35,440 [INFO] PluginManager:220 - loadIPPluginJar : add tracer_emb
2023-12-13 17:56:35,445 [INFO] IPUIPlugin:80 - create IPUIPlugin
2023-12-13 17:56:35,446 [INFO] PluginManager:220 - loadIPPluginJar : add openamp
2023-12-13 17:56:35,455 [INFO] IPUIPlugin:80 - create IPUIPlugin
2023-12-13 17:56:35,455 [INFO] PluginManager:220 - loadIPPluginJar : add stm32_wpan
2023-12-13 17:56:35,470 [INFO] IPUIPlugin:80 - create IPUIPlugin
2023-12-13 17:56:35,475 [INFO] PluginManager:220 - loadIPPluginJar : add plateformsettings
2023-12-13 17:56:35,484 [INFO] IPUIPlugin:80 - create IPUIPlugin
2023-12-13 17:56:35,484 [INFO] PluginManager:220 - loadIPPluginJar : add ipddr
2023-12-13 17:56:35,489 [INFO] IPUIPlugin:80 - create IPUIPlugin
2023-12-13 17:56:35,490 [INFO] PluginManager:220 - loadIPPluginJar : add usart
2023-12-13 17:56:35,492 [INFO] IPUIPlugin:80 - create IPUIPlugin
2023-12-13 17:56:35,492 [INFO] PluginManager:220 - loadIPPluginJar : add ltdc
2023-12-13 17:56:35,503 [INFO] IPUIPlugin:80 - create IPUIPlugin
2023-12-13 17:56:35,503 [INFO] PluginManager:220 - loadIPPluginJar : add nvic
2023-12-13 17:56:35,505 [INFO] IPUIPlugin:80 - create IPUIPlugin
2023-12-13 17:56:35,506 [INFO] PluginManager:220 - loadIPPluginJar : add fatfs
2023-12-13 17:56:35,520 [INFO] IPUIPlugin:80 - create IPUIPlugin
2023-12-13 17:56:35,520 [INFO] PluginManager:220 - loadIPPluginJar : add linkedlist
2023-12-13 17:56:35,531 [INFO] IPUIPlugin:80 - create IPUIPlugin
2023-12-13 17:56:35,531 [INFO] PluginManager:220 - loadIPPluginJar : add dma
2023-12-13 17:56:35,540 [INFO] IPUIPlugin:80 - create IPUIPlugin
2023-12-13 17:56:35,541 [INFO] PluginManager:220 - loadIPPluginJar : add fmc
2023-12-13 17:56:35,546 [INFO] IPUIPlugin:80 - create IPUIPlugin
2023-12-13 17:56:35,547 [INFO] PluginManager:220 - loadIPPluginJar : add i2s
2023-12-13 17:56:35,550 [INFO] IPUIPlugin:80 - create IPUIPlugin
2023-12-13 17:56:35,551 [INFO] PluginManager:220 - loadIPPluginJar : add ucpd
2023-12-13 17:56:35,555 [INFO] IPUIPlugin:80 - create IPUIPlugin
2023-12-13 17:56:35,555 [INFO] PluginManager:220 - loadIPPluginJar : add lorawan
2023-12-13 17:56:35,561 [INFO] IPUIPlugin:80 - create IPUIPlugin
2023-12-13 17:56:35,561 [INFO] PluginManager:220 - loadIPPluginJar : add opamp
2023-12-13 17:56:35,568 [INFO] IPUIPlugin:80 - create IPUIPlugin
2023-12-13 17:56:35,568 [INFO] PluginManager:220 - loadIPPluginJar : add i3c
2023-12-13 17:56:35,575 [INFO] IPUIPlugin:80 - create IPUIPlugin
2023-12-13 17:56:35,575 [INFO] PluginManager:220 - loadIPPluginJar : add touchsensing
2023-12-13 17:56:35,580 [INFO] IPUIPlugin:80 - create IPUIPlugin
2023-12-13 17:56:35,581 [INFO] PluginManager:220 - loadIPPluginJar : add i2c
2023-12-13 17:56:35,588 [INFO] IPUIPlugin:80 - create IPUIPlugin
2023-12-13 17:56:35,588 [INFO] PluginManager:220 - loadIPPluginJar : add resmgrutility
2023-12-13 17:56:35,595 [INFO] IPUIPlugin:80 - create IPUIPlugin
2023-12-13 17:56:35,595 [INFO] PluginManager:220 - loadIPPluginJar : add sai
2023-12-13 17:56:35,648 [INFO] IPUIPlugin:80 - create IPUIPlugin
2023-12-13 17:56:35,649 [INFO] PluginManager:220 - loadIPPluginJar : add usbx
2023-12-13 17:56:35,791 [INFO] CADModel:165 - CPN selected for project level
2023-12-13 17:56:35,791 [INFO] CADModel:114 - Register for checkConnection events
2023-12-13 17:56:35,791 [FATAL] Updater:308 - Updater called before beeing initialized
2023-12-13 17:56:35,791 [ERROR] CADModel:125 - Updater not yet initialized, retry later 
2023-12-13 17:56:36,037 [INFO] CADModel:165 - CPN selected for project level
2023-12-13 17:56:36,037 [INFO] CADModel:114 - Register for checkConnection events
2023-12-13 17:56:36,037 [FATAL] Updater:308 - Updater called before beeing initialized
2023-12-13 17:56:36,037 [ERROR] CADModel:125 - Updater not yet initialized, retry later 
2023-12-13 17:56:36,048 [FATAL] Updater:308 - Updater called before beeing initialized
2023-12-13 17:56:36,196 [FATAL] Updater:308 - Updater called before beeing initialized
2023-12-13 17:56:36,207 [INFO] DbMcusAds:53 - JSON generation date=Wed Nov 29 12:52:27 EET 2023 (1701255147349)
2023-12-13 17:56:36,207 [FATAL] Updater:308 - Updater called before beeing initialized
2023-12-13 17:56:36,289 [WARN] DetailPanel:346 - Failed to get advertising image, set to default
2023-12-13 17:56:36,413 [FATAL] Updater:308 - Updater called before beeing initialized
2023-12-13 17:56:36,417 [FATAL] Updater:308 - Updater called before beeing initialized
2023-12-13 17:56:36,417 [FATAL] Updater:308 - Updater called before beeing initialized
2023-12-13 17:56:36,417 [WARN] DetailPanel:346 - Failed to get advertising image, set to default
2023-12-13 17:56:36,418 [FATAL] Updater:308 - Updater called before beeing initialized
2023-12-13 17:56:36,478 [ERROR] Updater:1120 - MainUpdater not yet initialized. External WinMGr cannot be set.
2023-12-13 17:56:36,520 [INFO] Updater:1056 - Updater Version found : 6.9.2
2023-12-13 17:56:36,561 [INFO] ApplicationProperties:184 - Using Application install path: /Applications/STMicroelectronics/STM32CubeIDE.app/Contents/Eclipse/plugins/com.st.stm32cube.common.mx_6.9.2.202309101412
2023-12-13 17:56:36,582 [INFO] MainUpdater:5280 - Software Update Detected: STM32CubeMX
2023-12-13 17:56:36,651 [INFO] UpgradeLauncher:84 - Launching upgrade utility for software upgrade type: (MX) upgradeMode ( Rel)
2023-12-13 17:56:36,672 [INFO] UpgradeLauncher:93 - Upgrade utility launched for software upgrade
