2023-10-15 13:32:48,222 [ERROR] ConfigurationRetriever:142 - IOException on connection: Read timed out
2023-10-15 13:32:51,581 [ERROR] ConfigurationRetriever:142 - IOException on connection: Read timed out
2023-10-15 16:16:56,960 [INFO] Activator:176 - 


2023-10-15 16:16:56,965 [INFO] Activator:177 - !SESSION log4j initialized
2023-10-15 16:17:07,157 [INFO] LogOutputStream:77 - [STDOUT_REDIRECT] 
2023-10-15 16:17:08,353 [ERROR] LogOutputStream:75 - [STDERR_REDIRECT] 
2023-10-15 16:17:09,211 [INFO] LogOutputStream:77 - [STDOUT_REDIRECT] 
2023-10-15 16:17:10,315 [INFO] ApplicationProperties:184 - Using Application install path: /Applications/STMicroelectronics/STM32CubeIDE.app/Contents/Eclipse/plugins/com.st.stm32cube.common.mx_6.9.2.202309101412
2023-10-15 16:17:10,359 [INFO] DbMcusXml:78 - Set database path to: /Applications/STMicroelectronics/STM32CubeIDE.app/Contents/Eclipse/plugins/com.st.stm32cube.common.mx_6.9.2.202309101412//db//mcu/
2023-10-15 16:17:10,360 [INFO] ApiDb:274 - Set plugin database path to: /Applications/STMicroelectronics/STM32CubeIDE.app/Contents/Eclipse/plugins/com.st.stm32cube.common.mx_6.9.2.202309101412//db//plugins/boardmanager/
2023-10-15 16:17:10,361 [WARN] ApiDb:259 - Overriding images path with different value:  => /Applications/STMicroelectronics/STM32CubeIDE.app/Contents/Eclipse/plugins/com.st.stm32cube.common.mx_6.9.2.202309101412//db//plugins/mcufinder/images/
2023-10-15 16:17:10,388 [INFO] ApiDb:250 - Set database path to: /Users/romanlobach/.stmcufinder/plugins/mcufinder//mcu/
2023-10-15 16:17:10,395 [INFO] DbMcusAds:125 - Set database path to: /Users/romanlobach/.stmcufinder/plugins/mcufinder//mcu/
2023-10-15 16:17:10,405 [INFO] CrossReferenceDbSqlite:203 - Set database path to: /Users/romanlobach/.stmcufinder/plugins/mcufinder//mcu/cs/
2023-10-15 16:17:10,696 [INFO] RulesReader:64 - Compatibility file has been processed (293 Rules)
2023-10-15 16:17:10,879 [INFO] DbMcusXml:78 - Set database path to: /Applications/STMicroelectronics/STM32CubeIDE.app/Contents/Eclipse/plugins/com.st.stm32cube.common.mx_6.9.2.202309101412//db//mcu/
2023-10-15 16:17:10,879 [INFO] ApiDb:274 - Set plugin database path to: /Applications/STMicroelectronics/STM32CubeIDE.app/Contents/Eclipse/plugins/com.st.stm32cube.common.mx_6.9.2.202309101412//db//plugins/boardmanager/
2023-10-15 16:17:10,880 [INFO] ApiDb:261 - Set plugin images path to: /Applications/STMicroelectronics/STM32CubeIDE.app/Contents/Eclipse/plugins/com.st.stm32cube.common.mx_6.9.2.202309101412//db//plugins/mcufinder/images/
2023-10-15 16:17:10,880 [WARN] DbFile:41 - Overriding database path with different value: /Users/romanlobach/.stmcufinder/plugins/mcufinder/ => /Users/romanlobach/.stmcufinder/plugins/mcufinder
2023-10-15 16:17:10,880 [INFO] ApiDb:250 - Set database path to: /Users/romanlobach/.stmcufinder/plugins/mcufinder//mcu/
2023-10-15 16:17:10,880 [WARN] DbFile:41 - Overriding database path with different value: /Users/romanlobach/.stmcufinder/plugins/mcufinder/ => /Users/romanlobach/.stmcufinder/plugins/mcufinder
2023-10-15 16:17:10,881 [INFO] DbMcusAds:125 - Set database path to: /Users/romanlobach/.stmcufinder/plugins/mcufinder//mcu/
2023-10-15 16:17:10,881 [WARN] DbFile:41 - Overriding database path with different value: /Users/romanlobach/.stmcufinder/plugins/mcufinder/ => /Users/romanlobach/.stmcufinder/plugins/mcufinder
2023-10-15 16:17:10,881 [WARN] DbFile:41 - Overriding database path with different value: /Users/romanlobach/.stmcufinder/plugins/mcufinder/ => /Users/romanlobach/.stmcufinder/plugins/mcufinder
2023-10-15 16:17:10,881 [INFO] CrossReferenceDbSqlite:203 - Set database path to: /Users/romanlobach/.stmcufinder/plugins/mcufinder//mcu/cs/
2023-10-15 16:17:11,046 [INFO] MainPanel:262 - HeapMemory: 268435456
2023-10-15 16:17:11,234 [INFO] DbMcusXml:78 - Set database path to: /Applications/STMicroelectronics/STM32CubeIDE.app/Contents/Eclipse/plugins/com.st.stm32cube.common.mx_6.9.2.202309101412//db//mcu/
2023-10-15 16:17:11,235 [INFO] ApiDb:274 - Set plugin database path to: /Applications/STMicroelectronics/STM32CubeIDE.app/Contents/Eclipse/plugins/com.st.stm32cube.common.mx_6.9.2.202309101412//db//plugins/boardmanager/
2023-10-15 16:17:11,235 [INFO] ApiDb:261 - Set plugin images path to: /Applications/STMicroelectronics/STM32CubeIDE.app/Contents/Eclipse/plugins/com.st.stm32cube.common.mx_6.9.2.202309101412//db//plugins/mcufinder/images/
2023-10-15 16:17:11,236 [WARN] DbFile:41 - Overriding database path with different value: /Users/romanlobach/.stmcufinder/plugins/mcufinder/ => /Users/romanlobach/.stmcufinder/plugins/mcufinder
2023-10-15 16:17:11,237 [INFO] ApiDb:250 - Set database path to: /Users/romanlobach/.stmcufinder/plugins/mcufinder//mcu/
2023-10-15 16:17:11,237 [WARN] DbFile:41 - Overriding database path with different value: /Users/romanlobach/.stmcufinder/plugins/mcufinder/ => /Users/romanlobach/.stmcufinder/plugins/mcufinder
2023-10-15 16:17:11,237 [INFO] DbMcusAds:125 - Set database path to: /Users/romanlobach/.stmcufinder/plugins/mcufinder//mcu/
2023-10-15 16:17:11,237 [WARN] DbFile:41 - Overriding database path with different value: /Users/romanlobach/.stmcufinder/plugins/mcufinder/ => /Users/romanlobach/.stmcufinder/plugins/mcufinder
2023-10-15 16:17:11,237 [WARN] DbFile:41 - Overriding database path with different value: /Users/romanlobach/.stmcufinder/plugins/mcufinder/ => /Users/romanlobach/.stmcufinder/plugins/mcufinder
2023-10-15 16:17:11,237 [INFO] CrossReferenceDbSqlite:203 - Set database path to: /Users/romanlobach/.stmcufinder/plugins/mcufinder//mcu/cs/
2023-10-15 16:17:11,280 [INFO] ApplicationProperties:184 - Using Application install path: /Applications/STMicroelectronics/STM32CubeIDE.app/Contents/Eclipse/plugins/com.st.stm32cube.common.mx_6.9.2.202309101412
2023-10-15 16:17:11,283 [INFO] PluginManage:196 - Search for loadable plugins [exclusion list=, ]
2023-10-15 16:17:11,286 [INFO] PluginManage:310 - Check plugin analytics
2023-10-15 16:17:11,764 [INFO] AnalyticsPlugin:253 - Accepted Software Licenses: STM32CubeMX.6.9.1
2023-10-15 16:17:11,765 [INFO] AnalyticsPlugin:255 - Accepted CMSIS Pack Licenses: 
2023-10-15 16:17:11,765 [INFO] AnalyticsPlugin:257 - Accepted Firmware Licenses: FW.F7.1.17.0
2023-10-15 16:17:11,774 [INFO] PluginManage:359 - Loaded plugin analytics (category:tool,tabindex:-1)
2023-10-15 16:17:11,774 [INFO] PluginManage:310 - Check plugin cadmodel
2023-10-15 16:17:12,274 [INFO] CADModel:105 - Init CAD model plugin
2023-10-15 16:17:12,274 [INFO] PluginManage:359 - Loaded plugin cadmodel (category:power,tabindex:5)
2023-10-15 16:17:12,274 [INFO] PluginManage:310 - Check plugin clock
2023-10-15 16:17:12,296 [INFO] PluginManage:359 - Loaded plugin clock (category:base,tabindex:2)
2023-10-15 16:17:12,296 [INFO] PluginManage:310 - Check plugin ddr
2023-10-15 16:17:12,301 [INFO] PluginManage:359 - Loaded plugin ddr (category:tool,tabindex:6)
2023-10-15 16:17:12,302 [INFO] PluginManage:310 - Check plugin filemanager
2023-10-15 16:17:12,613 [INFO] PluginManage:359 - Loaded plugin filemanager (category:base,tabindex:10)
2023-10-15 16:17:12,613 [INFO] PluginManage:310 - Check plugin ipmanager
2023-10-15 16:17:12,634 [INFO] PluginManage:359 - Loaded plugin ipmanager (category:base,tabindex:5)
2023-10-15 16:17:12,635 [INFO] PluginManage:310 - Check plugin lpbam
2023-10-15 16:17:12,680 [INFO] PluginManage:359 - Loaded plugin lpbam (category:base,tabindex:0)
2023-10-15 16:17:12,680 [INFO] PluginManage:310 - Check plugin memorymap
2023-10-15 16:17:12,722 [INFO] PluginManage:359 - Loaded plugin memorymap (category:base,tabindex:4)
2023-10-15 16:17:12,723 [INFO] PluginManage:310 - Check plugin pinoutandconfiguration
2023-10-15 16:17:12,743 [INFO] PluginManage:359 - Loaded plugin pinoutandconfiguration (category:base,tabindex:1)
2023-10-15 16:17:12,744 [INFO] PluginManage:310 - Check plugin pinoutconfig
2023-10-15 16:17:13,137 [WARN] SupportedApi:132 - Cannot load RTOS API schema: s4s-elt-must-match.1: The content of 'definitions' must match (annotation?, (simpleType | complexType)?, (unique | key | keyref)*)). A problem was found starting at: attribute.
2023-10-15 16:17:13,988 [INFO] PluginManage:359 - Loaded plugin pinoutconfig (category:base,tabindex:0)
2023-10-15 16:17:13,988 [INFO] PluginManage:310 - Check plugin power
2023-10-15 16:17:14,012 [INFO] PluginManage:359 - Loaded plugin power (category:power,tabindex:4)
2023-10-15 16:17:14,012 [INFO] PluginManage:310 - Check plugin projectmanager
2023-10-15 16:17:14,043 [INFO] PluginManage:359 - Loaded plugin projectmanager (category:projectmanager,tabindex:3)
2023-10-15 16:17:14,043 [INFO] PluginManage:310 - Check plugin thirdparty
2023-10-15 16:17:14,385 [INFO] PluginManage:359 - Loaded plugin thirdparty (category:base,tabindex:-1)
2023-10-15 16:17:14,384 [WARN] IntegrityCheckThread:84 - waiting for thirdparty lock release [integrity check]
2023-10-15 16:17:14,386 [INFO] IntegrityCheckThread:86 - entering critical section [integrity check]
2023-10-15 16:17:14,387 [INFO] ThirdPartyUpdaterWithRetryManager:70 - Updater plugin not ready yet. [1/15]
2023-10-15 16:17:14,386 [INFO] PluginManage:310 - Check plugin tools
2023-10-15 16:17:14,392 [INFO] PluginManage:359 - Loaded plugin tools (category:base,tabindex:7)
2023-10-15 16:17:14,392 [INFO] PluginManage:310 - Check plugin tutovideos
2023-10-15 16:17:15,149 [INFO] PluginManage:359 - Loaded plugin tutovideos (category:base,tabindex:-1)
2023-10-15 16:17:15,150 [INFO] PluginManage:310 - Check plugin updater
2023-10-15 16:17:15,192 [INFO] PluginManage:359 - Loaded plugin updater (category:base,tabindex:12)
2023-10-15 16:17:15,193 [INFO] PluginManage:310 - Check plugin userauth
2023-10-15 16:17:15,207 [INFO] UserAuth:113 - Init User Auth plugin
2023-10-15 16:17:15,208 [INFO] PluginManage:359 - Loaded plugin userauth (category:base,tabindex:14)
2023-10-15 16:17:15,209 [INFO] PluginManage:283 - PluginManage : Loaded plugins [17]
2023-10-15 16:17:15,659 [INFO] PinOutPanel:1499 - setPackage(No Configuration,No Configuration)
2023-10-15 16:17:15,940 [INFO] CADModel:165 - CPN selected for project level
2023-10-15 16:17:15,941 [INFO] CADModel:114 - Register for checkConnection events
2023-10-15 16:17:15,975 [INFO] IPUIPlugin:80 - create IPUIPlugin
2023-10-15 16:17:15,976 [INFO] PluginManager:220 - loadIPPluginJar : add mdma
2023-10-15 16:17:15,995 [INFO] IPUIPlugin:80 - create IPUIPlugin
2023-10-15 16:17:15,996 [INFO] PluginManager:220 - loadIPPluginJar : add freertos
2023-10-15 16:17:16,014 [INFO] IPUIPlugin:80 - create IPUIPlugin
2023-10-15 16:17:16,014 [INFO] PluginManager:220 - loadIPPluginJar : add gic
2023-10-15 16:17:16,037 [INFO] IPUIPlugin:80 - create IPUIPlugin
2023-10-15 16:17:16,038 [INFO] PluginManager:220 - loadIPPluginJar : add adc
2023-10-15 16:17:16,045 [INFO] IPUIPlugin:80 - create IPUIPlugin
2023-10-15 16:17:16,046 [INFO] PluginManager:220 - loadIPPluginJar : add gtzc
2023-10-15 16:17:16,049 [INFO] IPUIPlugin:80 - create IPUIPlugin
2023-10-15 16:17:16,049 [INFO] PluginManager:220 - loadIPPluginJar : add quadspi
2023-10-15 16:17:16,055 [INFO] IPUIPlugin:80 - create IPUIPlugin
2023-10-15 16:17:16,056 [INFO] PluginManager:220 - loadIPPluginJar : add aes
2023-10-15 16:17:16,064 [INFO] IPUIPlugin:80 - create IPUIPlugin
2023-10-15 16:17:16,064 [INFO] PluginManager:220 - loadIPPluginJar : add pdm2pcm
2023-10-15 16:17:16,069 [INFO] IPUIPlugin:80 - create IPUIPlugin
2023-10-15 16:17:16,069 [INFO] PluginManager:220 - loadIPPluginJar : add hash
2023-10-15 16:17:16,074 [INFO] IPUIPlugin:80 - create IPUIPlugin
2023-10-15 16:17:16,075 [INFO] PluginManager:220 - loadIPPluginJar : add tim
2023-10-15 16:17:16,079 [INFO] IPUIPlugin:80 - create IPUIPlugin
2023-10-15 16:17:16,079 [INFO] PluginManager:220 - loadIPPluginJar : add tsc
2023-10-15 16:17:16,085 [INFO] IPUIPlugin:80 - create IPUIPlugin
2023-10-15 16:17:16,085 [INFO] PluginManager:220 - loadIPPluginJar : add ts
2023-10-15 16:17:16,092 [INFO] IPUIPlugin:80 - create IPUIPlugin
2023-10-15 16:17:16,092 [INFO] PluginManager:220 - loadIPPluginJar : add can
2023-10-15 16:17:16,099 [INFO] IPUIPlugin:80 - create IPUIPlugin
2023-10-15 16:17:16,100 [INFO] PluginManager:220 - loadIPPluginJar : add dma3
2023-10-15 16:17:16,104 [INFO] IPUIPlugin:80 - create IPUIPlugin
2023-10-15 16:17:16,105 [INFO] PluginManager:220 - loadIPPluginJar : add dfsdm
2023-10-15 16:17:16,112 [INFO] IPUIPlugin:80 - create IPUIPlugin
2023-10-15 16:17:16,112 [INFO] PluginManager:220 - loadIPPluginJar : add spi
2023-10-15 16:17:16,117 [INFO] IPUIPlugin:80 - create IPUIPlugin
2023-10-15 16:17:16,117 [INFO] PluginManager:220 - loadIPPluginJar : add gfxmmu
2023-10-15 16:17:16,120 [INFO] IPUIPlugin:80 - create IPUIPlugin
2023-10-15 16:17:16,121 [INFO] PluginManager:220 - loadIPPluginJar : add genericplugin
2023-10-15 16:17:16,128 [INFO] IPUIPlugin:80 - create IPUIPlugin
2023-10-15 16:17:16,129 [INFO] PluginManager:220 - loadIPPluginJar : add cryp
2023-10-15 16:17:16,139 [INFO] IPUIPlugin:80 - create IPUIPlugin
2023-10-15 16:17:16,139 [INFO] PluginManager:220 - loadIPPluginJar : add gpio
2023-10-15 16:17:16,143 [INFO] IPUIPlugin:80 - create IPUIPlugin
2023-10-15 16:17:16,143 [INFO] PluginManager:220 - loadIPPluginJar : add comp
2023-10-15 16:17:16,149 [INFO] IPUIPlugin:80 - create IPUIPlugin
2023-10-15 16:17:16,149 [INFO] PluginManager:220 - loadIPPluginJar : add tracer_emb
2023-10-15 16:17:16,156 [INFO] IPUIPlugin:80 - create IPUIPlugin
2023-10-15 16:17:16,156 [INFO] PluginManager:220 - loadIPPluginJar : add openamp
2023-10-15 16:17:16,168 [INFO] IPUIPlugin:80 - create IPUIPlugin
2023-10-15 16:17:16,169 [INFO] PluginManager:220 - loadIPPluginJar : add stm32_wpan
2023-10-15 16:17:16,186 [INFO] IPUIPlugin:80 - create IPUIPlugin
2023-10-15 16:17:16,193 [INFO] PluginManager:220 - loadIPPluginJar : add plateformsettings
2023-10-15 16:17:16,203 [INFO] IPUIPlugin:80 - create IPUIPlugin
2023-10-15 16:17:16,203 [INFO] PluginManager:220 - loadIPPluginJar : add ipddr
2023-10-15 16:17:16,211 [INFO] IPUIPlugin:80 - create IPUIPlugin
2023-10-15 16:17:16,211 [INFO] PluginManager:220 - loadIPPluginJar : add usart
2023-10-15 16:17:16,214 [INFO] IPUIPlugin:80 - create IPUIPlugin
2023-10-15 16:17:16,214 [INFO] PluginManager:220 - loadIPPluginJar : add ltdc
2023-10-15 16:17:16,225 [INFO] IPUIPlugin:80 - create IPUIPlugin
2023-10-15 16:17:16,226 [INFO] PluginManager:220 - loadIPPluginJar : add nvic
2023-10-15 16:17:16,230 [INFO] IPUIPlugin:80 - create IPUIPlugin
2023-10-15 16:17:16,230 [INFO] PluginManager:220 - loadIPPluginJar : add fatfs
2023-10-15 16:17:16,246 [INFO] IPUIPlugin:80 - create IPUIPlugin
2023-10-15 16:17:16,247 [INFO] PluginManager:220 - loadIPPluginJar : add linkedlist
2023-10-15 16:17:16,259 [INFO] IPUIPlugin:80 - create IPUIPlugin
2023-10-15 16:17:16,260 [INFO] PluginManager:220 - loadIPPluginJar : add dma
2023-10-15 16:17:16,271 [INFO] IPUIPlugin:80 - create IPUIPlugin
2023-10-15 16:17:16,271 [INFO] PluginManager:220 - loadIPPluginJar : add fmc
2023-10-15 16:17:16,278 [INFO] IPUIPlugin:80 - create IPUIPlugin
2023-10-15 16:17:16,278 [INFO] PluginManager:220 - loadIPPluginJar : add i2s
2023-10-15 16:17:16,281 [INFO] IPUIPlugin:80 - create IPUIPlugin
2023-10-15 16:17:16,282 [INFO] PluginManager:220 - loadIPPluginJar : add ucpd
2023-10-15 16:17:16,286 [INFO] IPUIPlugin:80 - create IPUIPlugin
2023-10-15 16:17:16,286 [INFO] PluginManager:220 - loadIPPluginJar : add lorawan
2023-10-15 16:17:16,296 [INFO] IPUIPlugin:80 - create IPUIPlugin
2023-10-15 16:17:16,296 [INFO] PluginManager:220 - loadIPPluginJar : add opamp
2023-10-15 16:17:16,305 [INFO] IPUIPlugin:80 - create IPUIPlugin
2023-10-15 16:17:16,305 [INFO] PluginManager:220 - loadIPPluginJar : add i3c
2023-10-15 16:17:16,315 [INFO] IPUIPlugin:80 - create IPUIPlugin
2023-10-15 16:17:16,315 [INFO] PluginManager:220 - loadIPPluginJar : add touchsensing
2023-10-15 16:17:16,321 [INFO] IPUIPlugin:80 - create IPUIPlugin
2023-10-15 16:17:16,322 [INFO] PluginManager:220 - loadIPPluginJar : add i2c
2023-10-15 16:17:16,330 [INFO] IPUIPlugin:80 - create IPUIPlugin
2023-10-15 16:17:16,330 [INFO] PluginManager:220 - loadIPPluginJar : add resmgrutility
2023-10-15 16:17:16,337 [INFO] IPUIPlugin:80 - create IPUIPlugin
2023-10-15 16:17:16,337 [INFO] PluginManager:220 - loadIPPluginJar : add sai
2023-10-15 16:17:16,345 [INFO] IPUIPlugin:80 - create IPUIPlugin
2023-10-15 16:17:16,345 [INFO] PluginManager:220 - loadIPPluginJar : add usbx
2023-10-15 16:17:16,479 [INFO] CADModel:165 - CPN selected for project level
2023-10-15 16:17:16,480 [INFO] CADModel:114 - Register for checkConnection events
2023-10-15 16:17:16,480 [FATAL] Updater:308 - Updater called before beeing initialized
2023-10-15 16:17:16,481 [ERROR] CADModel:125 - Updater not yet initialized, retry later 
2023-10-15 16:17:16,795 [INFO] CADModel:165 - CPN selected for project level
2023-10-15 16:17:16,795 [INFO] CADModel:114 - Register for checkConnection events
2023-10-15 16:17:16,795 [FATAL] Updater:308 - Updater called before beeing initialized
2023-10-15 16:17:16,795 [ERROR] CADModel:125 - Updater not yet initialized, retry later 
2023-10-15 16:17:16,806 [FATAL] Updater:308 - Updater called before beeing initialized
2023-10-15 16:17:16,980 [FATAL] Updater:308 - Updater called before beeing initialized
2023-10-15 16:17:16,996 [INFO] DbMcusAds:53 - JSON generation date=Thu Sep 30 09:55:09 EEST 2021 (1632984909247)
2023-10-15 16:17:16,996 [FATAL] Updater:308 - Updater called before beeing initialized
2023-10-15 16:17:17,107 [WARN] DetailPanel:346 - Failed to get advertising image, set to default
2023-10-15 16:17:17,273 [FATAL] Updater:308 - Updater called before beeing initialized
2023-10-15 16:17:17,286 [FATAL] Updater:308 - Updater called before beeing initialized
2023-10-15 16:17:17,286 [FATAL] Updater:308 - Updater called before beeing initialized
2023-10-15 16:17:17,286 [WARN] DetailPanel:346 - Failed to get advertising image, set to default
2023-10-15 16:17:17,288 [FATAL] Updater:308 - Updater called before beeing initialized
2023-10-15 16:17:17,372 [ERROR] Updater:1120 - MainUpdater not yet initialized. External WinMGr cannot be set.
2023-10-15 16:17:17,391 [INFO] ThirdPartyUpdaterWithRetryManager:70 - Updater plugin not ready yet. [2/15]
2023-10-15 16:17:17,432 [INFO] Updater:1056 - Updater Version found : 6.9.2
2023-10-15 16:17:17,472 [INFO] ApplicationProperties:184 - Using Application install path: /Applications/STMicroelectronics/STM32CubeIDE.app/Contents/Eclipse/plugins/com.st.stm32cube.common.mx_6.9.2.202309101412
2023-10-15 16:17:18,288 [INFO] MainUpdater:2868 - connection check result : 10
2023-10-15 16:17:18,289 [INFO] MainUpdater:285 - Updater Check For Update Now.
2023-10-15 16:17:18,290 [INFO] MicroXplorer:498 - Change Database Version : DB.6.0.92
2023-10-15 16:17:18,303 [INFO] McuFinderGlobals:63 - Set McuFinder mode to 2 (CubeIDE integrated)
2023-10-15 16:17:18,523 [INFO] CheckServerUpdateThread:120 - End of CheckServer Thread
2023-10-15 16:17:20,603 [WARN] PackLoader:240 - Cannot read IP mode file for STMicroelectronics.X-CUBE-SMBUS.2.1.0
2023-10-15 16:17:20,681 [WARN] PackLoader:240 - Cannot read IP mode file for STMicroelectronics.X-CUBE-AZRTOS-F7.1.1.0
2023-10-15 16:17:20,708 [WARN] PackLoader:240 - Cannot read IP mode file for STMicroelectronics.FP-SNS-MOTENV1.4.3.2
2023-10-15 16:17:20,720 [WARN] PackLoader:240 - Cannot read IP mode file for STMicroelectronics.FP-SNS-FLIGHT1.5.0.2
2023-10-15 16:17:20,740 [WARN] PackLoader:240 - Cannot read IP mode file for STMicroelectronics.X-CUBE-DISPLAY.3.0.0
2023-10-15 16:17:20,763 [WARN] PackLoader:240 - Cannot read IP mode file for STMicroelectronics.X-CUBE-BLE1.7.0.0
2023-10-15 16:17:20,773 [WARN] PackLoader:240 - Cannot read IP mode file for emotas.I-CUBE-CANOPEN.1.3.0
2023-10-15 16:17:20,781 [WARN] PackLoader:240 - Cannot read IP mode file for STMicroelectronics.X-CUBE-TOUCHGFX.4.22.0
2023-10-15 16:17:20,787 [WARN] PackLoader:240 - Cannot read IP mode file for STMicroelectronics.X-CUBE-TOUCHGFX.4.22.1
2023-10-15 16:17:20,794 [WARN] PackLoader:240 - Cannot read IP mode file for STMicroelectronics.FP-SNS-SMARTAG2.1.2.0
2023-10-15 16:17:20,819 [INFO] LogOutputStream:77 - [STDOUT_REDIRECT] 1 : Invalid condition id : UX_CORESTACK_Condition cause : null
2023-10-15 16:17:20,821 [INFO] LogOutputStream:77 - [STDOUT_REDIRECT] 1 : Invalid condition id : UX_CORESTACK_Condition cause : null
2023-10-15 16:17:20,822 [INFO] LogOutputStream:77 - [STDOUT_REDIRECT] 1 : Invalid condition id : UX_CORESTACK_Condition cause : null
2023-10-15 16:17:20,822 [INFO] LogOutputStream:77 - [STDOUT_REDIRECT] 1 : Invalid condition id : UX_CORESTACK_Condition cause : null
2023-10-15 16:17:20,823 [INFO] LogOutputStream:77 - [STDOUT_REDIRECT] 1 : Invalid condition id : UX_CORESTACK_Condition cause : null
2023-10-15 16:17:20,832 [WARN] PackLoader:240 - Cannot read IP mode file for STMicroelectronics.X-CUBE-AZRTOS-WL.2.0.0
2023-10-15 16:17:20,850 [WARN] PackLoader:240 - Cannot read IP mode file for WES.I-CUBE-Cesium.1.3.0
2023-10-15 16:17:20,860 [WARN] PackLoader:240 - Cannot read IP mode file for STMicroelectronics.X-CUBE-BLE2.3.3.0
2023-10-15 16:17:20,875 [WARN] PackLoader:240 - Cannot read IP mode file for STMicroelectronics.X-CUBE-ALGOBUILD.1.3.0
2023-10-15 16:17:20,922 [WARN] PackLoader:240 - Cannot read IP mode file for STMicroelectronics.X-CUBE-AZRTOS-G0.1.1.0
2023-10-15 16:17:20,938 [WARN] PackLoader:240 - Cannot read IP mode file for STMicroelectronics.X-CUBE-NFC4.3.0.0
2023-10-15 16:17:20,944 [WARN] PackLoader:240 - Cannot read IP mode file for STMicroelectronics.FP-ATR-SIGFOX1.3.2.0
2023-10-15 16:17:21,010 [WARN] PackLoader:240 - Cannot read IP mode file for SEGGER.I-CUBE-embOS.1.3.1
2023-10-15 16:17:21,119 [WARN] PackLoader:240 - Cannot read IP mode file for STMicroelectronics.X-CUBE-GNSS1.6.0.0
2023-10-15 16:17:21,160 [WARN] PackLoader:240 - Cannot read IP mode file for STMicroelectronics.X-CUBE-AZRTOS-F4.1.1.0
2023-10-15 16:17:21,171 [WARN] PackLoader:240 - Cannot read IP mode file for wolfSSL.I-CUBE-wolfSSL.5.6.3
2023-10-15 16:17:21,224 [WARN] PackLoader:240 - Cannot read IP mode file for STMicroelectronics.X-CUBE-AZRTOS-L5.2.0.0
2023-10-15 16:17:21,322 [WARN] PackLoader:240 - Cannot read IP mode file for STMicroelectronics.X-CUBE-MEMS1.9.6.0
2023-10-15 16:17:21,730 [WARN] PackLoader:240 - Cannot read IP mode file for ITTIA_DB.I-CUBE-ITTIADB.8.8.0
2023-10-15 16:17:21,748 [WARN] PackLoader:240 - Cannot read IP mode file for STMicroelectronics.X-CUBE-BLEMGR.2.0.0
2023-10-15 16:17:21,790 [WARN] ConditionMgr:438 - getConditionDescription Invalid condition id : UX DEVICE CLASS RTOS Condition cause : null
2023-10-15 16:17:21,791 [WARN] ConditionMgr:438 - getConditionDescription Invalid condition id : UX DEVICE CLASS RTOS Condition cause : null
2023-10-15 16:17:21,797 [WARN] PackLoader:240 - Cannot read IP mode file for STMicroelectronics.X-CUBE-AZRTOS-H7.3.1.0
2023-10-15 16:17:21,800 [WARN] ConditionMgr:1039 - genDependencies : Invalid condition id : UX DEVICE CLASS RTOS Condition cause : null
2023-10-15 16:17:21,800 [WARN] ConditionMgr:1039 - genDependencies : Invalid condition id : UX DEVICE CLASS RTOS Condition cause : null
2023-10-15 16:17:21,801 [WARN] ConditionMgr:1039 - genDependencies : Invalid condition id : UX DEVICE CLASS RTOS Condition cause : null
2023-10-15 16:17:21,802 [WARN] ConditionMgr:1039 - genDependencies : Invalid condition id : UX DEVICE CLASS RTOS Condition cause : null
2023-10-15 16:17:21,803 [WARN] ConditionMgr:1039 - genDependencies : Invalid condition id : UX DEVICE CLASS RTOS Condition cause : null
2023-10-15 16:17:21,815 [WARN] PackLoader:240 - Cannot read IP mode file for STMicroelectronics.X-CUBE-NFC7.1.0.1
2023-10-15 16:17:21,831 [WARN] PackLoader:240 - Cannot read IP mode file for STMicroelectronics.X-CUBE-NFC6.3.0.0
2023-10-15 16:17:21,842 [WARN] PackLoader:240 - Cannot read IP mode file for STMicroelectronics.X-CUBE-EEPRMA1.4.1.0
2023-10-15 16:17:21,850 [WARN] PackLoader:240 - Cannot read IP mode file for STMicroelectronics.X-CUBE-AI.8.1.0
2023-10-15 16:17:21,895 [WARN] ConditionMgr:438 - getConditionDescription Invalid condition id : LAN8742 Phy interface Condition cause : null
2023-10-15 16:17:21,896 [WARN] PackLoader:240 - Cannot read IP mode file for STMicroelectronics.X-CUBE-AZRTOS-L4.2.0.0
2023-10-15 16:17:21,901 [WARN] ConditionMgr:1039 - genDependencies : Invalid condition id : LAN8742 Phy interface Condition cause : null
2023-10-15 16:17:21,901 [WARN] ConditionMgr:1039 - genDependencies : Invalid condition id : LAN8742 Phy interface Condition cause : null
2023-10-15 16:17:21,909 [WARN] ConditionMgr:1039 - genDependencies : Invalid condition id : LAN8742 Phy interface Condition cause : null
2023-10-15 16:17:21,936 [WARN] PackLoader:240 - Cannot read IP mode file for STMicroelectronics.X-CUBE-SFXS2LP1.4.0.0
2023-10-15 16:17:21,980 [WARN] PackLoader:240 - Cannot read IP mode file for STMicroelectronics.X-CUBE-ISPU.1.1.0
2023-10-15 16:17:22,044 [WARN] ConditionMgr:438 - getConditionDescription Invalid condition id : UX DEVICE CLASS RTOS Condition cause : null
2023-10-15 16:17:22,045 [WARN] ConditionMgr:438 - getConditionDescription Invalid condition id : UX DEVICE CLASS RTOS Condition cause : null
2023-10-15 16:17:22,052 [WARN] PackLoader:240 - Cannot read IP mode file for STMicroelectronics.X-CUBE-AZRTOS-WB.2.0.0
2023-10-15 16:17:22,053 [WARN] ConditionMgr:1039 - genDependencies : Invalid condition id : UX DEVICE CLASS RTOS Condition cause : null
2023-10-15 16:17:22,054 [WARN] ConditionMgr:1039 - genDependencies : Invalid condition id : UX DEVICE CLASS RTOS Condition cause : null
2023-10-15 16:17:22,055 [WARN] ConditionMgr:1039 - genDependencies : Invalid condition id : UX DEVICE CLASS RTOS Condition cause : null
2023-10-15 16:17:22,056 [WARN] ConditionMgr:1039 - genDependencies : Invalid condition id : UX DEVICE CLASS RTOS Condition cause : null
2023-10-15 16:17:22,056 [WARN] ConditionMgr:1039 - genDependencies : Invalid condition id : UX DEVICE CLASS RTOS Condition cause : null
2023-10-15 16:17:22,100 [WARN] PackLoader:240 - Cannot read IP mode file for STMicroelectronics.X-CUBE-SUBG2.5.0.0
2023-10-15 16:17:22,142 [WARN] PackLoader:240 - Cannot read IP mode file for STMicroelectronics.X-CUBE-TOF1.3.3.1
2023-10-15 16:17:22,211 [WARN] PackLoader:240 - Cannot read IP mode file for STMicroelectronics.X-CUBE-AZRTOS-G4.2.0.0
2023-10-15 16:17:22,231 [WARN] PackLoader:240 - Cannot read IP mode file for Infineon.AIROC-Wi-Fi-Bluetooth-STM32.1.5.1
2023-10-15 16:17:22,244 [WARN] PackLoader:240 - Cannot read IP mode file for STMicroelectronics.X-CUBE-FREERTOS.1.1.0
2023-10-15 16:17:22,256 [WARN] PackLoader:240 - Cannot read IP mode file for portGmbH.I-Cube-SoM-uGOAL.1.1.0
2023-10-15 16:17:22,448 [WARN] PackLoader:240 - Cannot read IP mode file for STMicroelectronics.X-CUBE-ALS.1.0.1
2023-10-15 16:17:22,455 [WARN] PackLoader:240 - Cannot read IP mode file for STMicroelectronics.FP-ATR-ASTRA1.2.0.0
2023-10-15 16:17:22,456 [INFO] ThirdParty:978 - Integrity check success = true
2023-10-15 16:17:22,456 [INFO] IntegrityCheckThread:100 - exiting critical section [integrity check]
2023-10-15 16:17:22,456 [INFO] IntegrityCheckThread:103 - End integrity checks thread
2023-10-15 16:17:29,169 [ERROR] LogOutputStream:75 - [STDERR_REDIRECT] SLF4J: Failed to load class "org.slf4j.impl.StaticLoggerBinder".
2023-10-15 16:17:29,169 [ERROR] LogOutputStream:75 - [STDERR_REDIRECT] SLF4J: Defaulting to no-operation (NOP) logger implementation
2023-10-15 16:17:29,170 [ERROR] LogOutputStream:75 - [STDERR_REDIRECT] SLF4J: See http://www.slf4j.org/codes.html#StaticLoggerBinder for further details.
2023-10-15 16:26:36,236 [INFO] Activator:176 - 


2023-10-15 16:26:36,241 [INFO] Activator:177 - !SESSION log4j initialized
2023-10-15 16:26:45,109 [INFO] LogOutputStream:77 - [STDOUT_REDIRECT] 
2023-10-15 16:26:46,077 [ERROR] LogOutputStream:75 - [STDERR_REDIRECT] 
2023-10-15 16:26:46,847 [INFO] LogOutputStream:77 - [STDOUT_REDIRECT] 
2023-10-15 16:26:48,299 [INFO] ApplicationProperties:184 - Using Application install path: /Applications/STMicroelectronics/STM32CubeIDE.app/Contents/Eclipse/plugins/com.st.stm32cube.common.mx_6.9.2.202309101412
2023-10-15 16:26:48,340 [INFO] DbMcusXml:78 - Set database path to: /Applications/STMicroelectronics/STM32CubeIDE.app/Contents/Eclipse/plugins/com.st.stm32cube.common.mx_6.9.2.202309101412//db//mcu/
2023-10-15 16:26:48,341 [INFO] ApiDb:274 - Set plugin database path to: /Applications/STMicroelectronics/STM32CubeIDE.app/Contents/Eclipse/plugins/com.st.stm32cube.common.mx_6.9.2.202309101412//db//plugins/boardmanager/
2023-10-15 16:26:48,354 [WARN] ApiDb:259 - Overriding images path with different value:  => /Applications/STMicroelectronics/STM32CubeIDE.app/Contents/Eclipse/plugins/com.st.stm32cube.common.mx_6.9.2.202309101412//db//plugins/mcufinder/images/
2023-10-15 16:26:48,398 [INFO] ApiDb:250 - Set database path to: /Users/romanlobach/.stmcufinder/plugins/mcufinder//mcu/
2023-10-15 16:26:48,405 [INFO] DbMcusAds:125 - Set database path to: /Users/romanlobach/.stmcufinder/plugins/mcufinder//mcu/
2023-10-15 16:26:48,415 [INFO] CrossReferenceDbSqlite:203 - Set database path to: /Users/romanlobach/.stmcufinder/plugins/mcufinder//mcu/cs/
2023-10-15 16:26:48,708 [INFO] RulesReader:64 - Compatibility file has been processed (293 Rules)
2023-10-15 16:26:48,970 [INFO] DbMcusXml:78 - Set database path to: /Applications/STMicroelectronics/STM32CubeIDE.app/Contents/Eclipse/plugins/com.st.stm32cube.common.mx_6.9.2.202309101412//db//mcu/
2023-10-15 16:26:48,971 [INFO] ApiDb:274 - Set plugin database path to: /Applications/STMicroelectronics/STM32CubeIDE.app/Contents/Eclipse/plugins/com.st.stm32cube.common.mx_6.9.2.202309101412//db//plugins/boardmanager/
2023-10-15 16:26:48,972 [INFO] ApiDb:261 - Set plugin images path to: /Applications/STMicroelectronics/STM32CubeIDE.app/Contents/Eclipse/plugins/com.st.stm32cube.common.mx_6.9.2.202309101412//db//plugins/mcufinder/images/
2023-10-15 16:26:48,973 [WARN] DbFile:41 - Overriding database path with different value: /Users/romanlobach/.stmcufinder/plugins/mcufinder/ => /Users/romanlobach/.stmcufinder/plugins/mcufinder
2023-10-15 16:26:48,973 [INFO] ApiDb:250 - Set database path to: /Users/romanlobach/.stmcufinder/plugins/mcufinder//mcu/
2023-10-15 16:26:48,974 [WARN] DbFile:41 - Overriding database path with different value: /Users/romanlobach/.stmcufinder/plugins/mcufinder/ => /Users/romanlobach/.stmcufinder/plugins/mcufinder
2023-10-15 16:26:48,974 [INFO] DbMcusAds:125 - Set database path to: /Users/romanlobach/.stmcufinder/plugins/mcufinder//mcu/
2023-10-15 16:26:48,974 [WARN] DbFile:41 - Overriding database path with different value: /Users/romanlobach/.stmcufinder/plugins/mcufinder/ => /Users/romanlobach/.stmcufinder/plugins/mcufinder
2023-10-15 16:26:48,975 [WARN] DbFile:41 - Overriding database path with different value: /Users/romanlobach/.stmcufinder/plugins/mcufinder/ => /Users/romanlobach/.stmcufinder/plugins/mcufinder
2023-10-15 16:26:48,975 [INFO] CrossReferenceDbSqlite:203 - Set database path to: /Users/romanlobach/.stmcufinder/plugins/mcufinder//mcu/cs/
2023-10-15 16:26:49,145 [INFO] MainPanel:262 - HeapMemory: 268435456
2023-10-15 16:26:49,343 [INFO] DbMcusXml:78 - Set database path to: /Applications/STMicroelectronics/STM32CubeIDE.app/Contents/Eclipse/plugins/com.st.stm32cube.common.mx_6.9.2.202309101412//db//mcu/
2023-10-15 16:26:49,343 [INFO] ApiDb:274 - Set plugin database path to: /Applications/STMicroelectronics/STM32CubeIDE.app/Contents/Eclipse/plugins/com.st.stm32cube.common.mx_6.9.2.202309101412//db//plugins/boardmanager/
2023-10-15 16:26:49,343 [INFO] ApiDb:261 - Set plugin images path to: /Applications/STMicroelectronics/STM32CubeIDE.app/Contents/Eclipse/plugins/com.st.stm32cube.common.mx_6.9.2.202309101412//db//plugins/mcufinder/images/
2023-10-15 16:26:49,344 [WARN] DbFile:41 - Overriding database path with different value: /Users/romanlobach/.stmcufinder/plugins/mcufinder/ => /Users/romanlobach/.stmcufinder/plugins/mcufinder
2023-10-15 16:26:49,344 [INFO] ApiDb:250 - Set database path to: /Users/romanlobach/.stmcufinder/plugins/mcufinder//mcu/
2023-10-15 16:26:49,344 [WARN] DbFile:41 - Overriding database path with different value: /Users/romanlobach/.stmcufinder/plugins/mcufinder/ => /Users/romanlobach/.stmcufinder/plugins/mcufinder
2023-10-15 16:26:49,344 [INFO] DbMcusAds:125 - Set database path to: /Users/romanlobach/.stmcufinder/plugins/mcufinder//mcu/
2023-10-15 16:26:49,344 [WARN] DbFile:41 - Overriding database path with different value: /Users/romanlobach/.stmcufinder/plugins/mcufinder/ => /Users/romanlobach/.stmcufinder/plugins/mcufinder
2023-10-15 16:26:49,345 [WARN] DbFile:41 - Overriding database path with different value: /Users/romanlobach/.stmcufinder/plugins/mcufinder/ => /Users/romanlobach/.stmcufinder/plugins/mcufinder
2023-10-15 16:26:49,345 [INFO] CrossReferenceDbSqlite:203 - Set database path to: /Users/romanlobach/.stmcufinder/plugins/mcufinder//mcu/cs/
2023-10-15 16:26:49,377 [INFO] ApplicationProperties:184 - Using Application install path: /Applications/STMicroelectronics/STM32CubeIDE.app/Contents/Eclipse/plugins/com.st.stm32cube.common.mx_6.9.2.202309101412
2023-10-15 16:26:49,380 [INFO] PluginManage:196 - Search for loadable plugins [exclusion list=, ]
2023-10-15 16:26:49,384 [INFO] PluginManage:310 - Check plugin analytics
2023-10-15 16:26:49,864 [INFO] AnalyticsPlugin:253 - Accepted Software Licenses: STM32CubeMX.6.9.1
2023-10-15 16:26:49,864 [INFO] AnalyticsPlugin:255 - Accepted CMSIS Pack Licenses: 
2023-10-15 16:26:49,865 [INFO] AnalyticsPlugin:257 - Accepted Firmware Licenses: FW.F7.1.17.0
2023-10-15 16:26:49,873 [INFO] PluginManage:359 - Loaded plugin analytics (category:tool,tabindex:-1)
2023-10-15 16:26:49,873 [INFO] PluginManage:310 - Check plugin cadmodel
2023-10-15 16:26:50,615 [INFO] CADModel:105 - Init CAD model plugin
2023-10-15 16:26:50,616 [INFO] PluginManage:359 - Loaded plugin cadmodel (category:power,tabindex:5)
2023-10-15 16:26:50,616 [INFO] PluginManage:310 - Check plugin clock
2023-10-15 16:26:50,639 [INFO] PluginManage:359 - Loaded plugin clock (category:base,tabindex:2)
2023-10-15 16:26:50,640 [INFO] PluginManage:310 - Check plugin ddr
2023-10-15 16:26:50,649 [INFO] PluginManage:359 - Loaded plugin ddr (category:tool,tabindex:6)
2023-10-15 16:26:50,649 [INFO] PluginManage:310 - Check plugin filemanager
2023-10-15 16:26:50,987 [INFO] PluginManage:359 - Loaded plugin filemanager (category:base,tabindex:10)
2023-10-15 16:26:50,987 [INFO] PluginManage:310 - Check plugin ipmanager
2023-10-15 16:26:51,005 [INFO] PluginManage:359 - Loaded plugin ipmanager (category:base,tabindex:5)
2023-10-15 16:26:51,005 [INFO] PluginManage:310 - Check plugin lpbam
2023-10-15 16:26:51,029 [INFO] PluginManage:359 - Loaded plugin lpbam (category:base,tabindex:0)
2023-10-15 16:26:51,029 [INFO] PluginManage:310 - Check plugin memorymap
2023-10-15 16:26:51,066 [INFO] PluginManage:359 - Loaded plugin memorymap (category:base,tabindex:4)
2023-10-15 16:26:51,066 [INFO] PluginManage:310 - Check plugin pinoutandconfiguration
2023-10-15 16:26:51,085 [INFO] PluginManage:359 - Loaded plugin pinoutandconfiguration (category:base,tabindex:1)
2023-10-15 16:26:51,085 [INFO] PluginManage:310 - Check plugin pinoutconfig
2023-10-15 16:26:51,301 [WARN] SupportedApi:132 - Cannot load RTOS API schema: s4s-elt-must-match.1: The content of 'definitions' must match (annotation?, (simpleType | complexType)?, (unique | key | keyref)*)). A problem was found starting at: attribute.
2023-10-15 16:26:52,069 [INFO] PluginManage:359 - Loaded plugin pinoutconfig (category:base,tabindex:0)
2023-10-15 16:26:52,074 [INFO] PluginManage:310 - Check plugin power
2023-10-15 16:26:52,125 [INFO] PluginManage:359 - Loaded plugin power (category:power,tabindex:4)
2023-10-15 16:26:52,126 [INFO] PluginManage:310 - Check plugin projectmanager
2023-10-15 16:26:52,213 [INFO] PluginManage:359 - Loaded plugin projectmanager (category:projectmanager,tabindex:3)
2023-10-15 16:26:52,215 [INFO] PluginManage:310 - Check plugin thirdparty
2023-10-15 16:26:52,579 [WARN] IntegrityCheckThread:84 - waiting for thirdparty lock release [integrity check]
2023-10-15 16:26:52,580 [INFO] IntegrityCheckThread:86 - entering critical section [integrity check]
2023-10-15 16:26:52,580 [INFO] PluginManage:359 - Loaded plugin thirdparty (category:base,tabindex:-1)
2023-10-15 16:26:52,580 [INFO] PluginManage:310 - Check plugin tools
2023-10-15 16:26:52,580 [INFO] ThirdPartyUpdaterWithRetryManager:70 - Updater plugin not ready yet. [1/15]
2023-10-15 16:26:52,585 [INFO] PluginManage:359 - Loaded plugin tools (category:base,tabindex:7)
2023-10-15 16:26:52,585 [INFO] PluginManage:310 - Check plugin tutovideos
2023-10-15 16:26:53,113 [INFO] PluginManage:359 - Loaded plugin tutovideos (category:base,tabindex:-1)
2023-10-15 16:26:53,113 [INFO] PluginManage:310 - Check plugin updater
2023-10-15 16:26:53,141 [INFO] PluginManage:359 - Loaded plugin updater (category:base,tabindex:12)
2023-10-15 16:26:53,141 [INFO] PluginManage:310 - Check plugin userauth
2023-10-15 16:26:53,159 [INFO] UserAuth:113 - Init User Auth plugin
2023-10-15 16:26:53,160 [INFO] PluginManage:359 - Loaded plugin userauth (category:base,tabindex:14)
2023-10-15 16:26:53,161 [INFO] PluginManage:283 - PluginManage : Loaded plugins [17]
2023-10-15 16:26:53,664 [INFO] PinOutPanel:1499 - setPackage(No Configuration,No Configuration)
2023-10-15 16:26:54,166 [INFO] CADModel:165 - CPN selected for project level
2023-10-15 16:26:54,166 [INFO] CADModel:114 - Register for checkConnection events
2023-10-15 16:26:54,195 [INFO] IPUIPlugin:80 - create IPUIPlugin
2023-10-15 16:26:54,196 [INFO] PluginManager:220 - loadIPPluginJar : add mdma
2023-10-15 16:26:54,211 [INFO] IPUIPlugin:80 - create IPUIPlugin
2023-10-15 16:26:54,212 [INFO] PluginManager:220 - loadIPPluginJar : add freertos
2023-10-15 16:26:54,224 [INFO] IPUIPlugin:80 - create IPUIPlugin
2023-10-15 16:26:54,225 [INFO] PluginManager:220 - loadIPPluginJar : add gic
2023-10-15 16:26:54,246 [INFO] IPUIPlugin:80 - create IPUIPlugin
2023-10-15 16:26:54,246 [INFO] PluginManager:220 - loadIPPluginJar : add adc
2023-10-15 16:26:54,254 [INFO] IPUIPlugin:80 - create IPUIPlugin
2023-10-15 16:26:54,255 [INFO] PluginManager:220 - loadIPPluginJar : add gtzc
2023-10-15 16:26:54,257 [INFO] IPUIPlugin:80 - create IPUIPlugin
2023-10-15 16:26:54,257 [INFO] PluginManager:220 - loadIPPluginJar : add quadspi
2023-10-15 16:26:54,262 [INFO] IPUIPlugin:80 - create IPUIPlugin
2023-10-15 16:26:54,262 [INFO] PluginManager:220 - loadIPPluginJar : add aes
2023-10-15 16:26:54,268 [INFO] IPUIPlugin:80 - create IPUIPlugin
2023-10-15 16:26:54,268 [INFO] PluginManager:220 - loadIPPluginJar : add pdm2pcm
2023-10-15 16:26:54,272 [INFO] IPUIPlugin:80 - create IPUIPlugin
2023-10-15 16:26:54,272 [INFO] PluginManager:220 - loadIPPluginJar : add hash
2023-10-15 16:26:54,274 [INFO] IPUIPlugin:80 - create IPUIPlugin
2023-10-15 16:26:54,275 [INFO] PluginManager:220 - loadIPPluginJar : add tim
2023-10-15 16:26:54,279 [INFO] IPUIPlugin:80 - create IPUIPlugin
2023-10-15 16:26:54,279 [INFO] PluginManager:220 - loadIPPluginJar : add tsc
2023-10-15 16:26:54,282 [INFO] IPUIPlugin:80 - create IPUIPlugin
2023-10-15 16:26:54,282 [INFO] PluginManager:220 - loadIPPluginJar : add ts
2023-10-15 16:26:54,288 [INFO] IPUIPlugin:80 - create IPUIPlugin
2023-10-15 16:26:54,288 [INFO] PluginManager:220 - loadIPPluginJar : add can
2023-10-15 16:26:54,293 [INFO] IPUIPlugin:80 - create IPUIPlugin
2023-10-15 16:26:54,294 [INFO] PluginManager:220 - loadIPPluginJar : add dma3
2023-10-15 16:26:54,301 [INFO] IPUIPlugin:80 - create IPUIPlugin
2023-10-15 16:26:54,302 [INFO] PluginManager:220 - loadIPPluginJar : add dfsdm
2023-10-15 16:26:54,308 [INFO] IPUIPlugin:80 - create IPUIPlugin
2023-10-15 16:26:54,308 [INFO] PluginManager:220 - loadIPPluginJar : add spi
2023-10-15 16:26:54,313 [INFO] IPUIPlugin:80 - create IPUIPlugin
2023-10-15 16:26:54,313 [INFO] PluginManager:220 - loadIPPluginJar : add gfxmmu
2023-10-15 16:26:54,315 [INFO] IPUIPlugin:80 - create IPUIPlugin
2023-10-15 16:26:54,316 [INFO] PluginManager:220 - loadIPPluginJar : add genericplugin
2023-10-15 16:26:54,321 [INFO] IPUIPlugin:80 - create IPUIPlugin
2023-10-15 16:26:54,322 [INFO] PluginManager:220 - loadIPPluginJar : add cryp
2023-10-15 16:26:54,333 [INFO] IPUIPlugin:80 - create IPUIPlugin
2023-10-15 16:26:54,333 [INFO] PluginManager:220 - loadIPPluginJar : add gpio
2023-10-15 16:26:54,336 [INFO] IPUIPlugin:80 - create IPUIPlugin
2023-10-15 16:26:54,336 [INFO] PluginManager:220 - loadIPPluginJar : add comp
2023-10-15 16:26:54,339 [INFO] IPUIPlugin:80 - create IPUIPlugin
2023-10-15 16:26:54,340 [INFO] PluginManager:220 - loadIPPluginJar : add tracer_emb
2023-10-15 16:26:54,346 [INFO] IPUIPlugin:80 - create IPUIPlugin
2023-10-15 16:26:54,347 [INFO] PluginManager:220 - loadIPPluginJar : add openamp
2023-10-15 16:26:54,358 [INFO] IPUIPlugin:80 - create IPUIPlugin
2023-10-15 16:26:54,359 [INFO] PluginManager:220 - loadIPPluginJar : add stm32_wpan
2023-10-15 16:26:54,375 [INFO] IPUIPlugin:80 - create IPUIPlugin
2023-10-15 16:26:54,380 [INFO] PluginManager:220 - loadIPPluginJar : add plateformsettings
2023-10-15 16:26:54,391 [INFO] IPUIPlugin:80 - create IPUIPlugin
2023-10-15 16:26:54,391 [INFO] PluginManager:220 - loadIPPluginJar : add ipddr
2023-10-15 16:26:54,400 [INFO] IPUIPlugin:80 - create IPUIPlugin
2023-10-15 16:26:54,400 [INFO] PluginManager:220 - loadIPPluginJar : add usart
2023-10-15 16:26:54,404 [INFO] IPUIPlugin:80 - create IPUIPlugin
2023-10-15 16:26:54,404 [INFO] PluginManager:220 - loadIPPluginJar : add ltdc
2023-10-15 16:26:54,419 [INFO] IPUIPlugin:80 - create IPUIPlugin
2023-10-15 16:26:54,419 [INFO] PluginManager:220 - loadIPPluginJar : add nvic
2023-10-15 16:26:54,427 [INFO] IPUIPlugin:80 - create IPUIPlugin
2023-10-15 16:26:54,428 [INFO] PluginManager:220 - loadIPPluginJar : add fatfs
2023-10-15 16:26:54,452 [INFO] IPUIPlugin:80 - create IPUIPlugin
2023-10-15 16:26:54,453 [INFO] PluginManager:220 - loadIPPluginJar : add linkedlist
2023-10-15 16:26:54,465 [INFO] IPUIPlugin:80 - create IPUIPlugin
2023-10-15 16:26:54,465 [INFO] PluginManager:220 - loadIPPluginJar : add dma
2023-10-15 16:26:54,474 [INFO] IPUIPlugin:80 - create IPUIPlugin
2023-10-15 16:26:54,474 [INFO] PluginManager:220 - loadIPPluginJar : add fmc
2023-10-15 16:26:54,479 [INFO] IPUIPlugin:80 - create IPUIPlugin
2023-10-15 16:26:54,480 [INFO] PluginManager:220 - loadIPPluginJar : add i2s
2023-10-15 16:26:54,482 [INFO] IPUIPlugin:80 - create IPUIPlugin
2023-10-15 16:26:54,483 [INFO] PluginManager:220 - loadIPPluginJar : add ucpd
2023-10-15 16:26:54,488 [INFO] IPUIPlugin:80 - create IPUIPlugin
2023-10-15 16:26:54,488 [INFO] PluginManager:220 - loadIPPluginJar : add lorawan
2023-10-15 16:26:54,494 [INFO] IPUIPlugin:80 - create IPUIPlugin
2023-10-15 16:26:54,494 [INFO] PluginManager:220 - loadIPPluginJar : add opamp
2023-10-15 16:26:54,500 [INFO] IPUIPlugin:80 - create IPUIPlugin
2023-10-15 16:26:54,500 [INFO] PluginManager:220 - loadIPPluginJar : add i3c
2023-10-15 16:26:54,508 [INFO] IPUIPlugin:80 - create IPUIPlugin
2023-10-15 16:26:54,509 [INFO] PluginManager:220 - loadIPPluginJar : add touchsensing
2023-10-15 16:26:54,516 [INFO] IPUIPlugin:80 - create IPUIPlugin
2023-10-15 16:26:54,516 [INFO] PluginManager:220 - loadIPPluginJar : add i2c
2023-10-15 16:26:54,525 [INFO] IPUIPlugin:80 - create IPUIPlugin
2023-10-15 16:26:54,525 [INFO] PluginManager:220 - loadIPPluginJar : add resmgrutility
2023-10-15 16:26:54,535 [INFO] IPUIPlugin:80 - create IPUIPlugin
2023-10-15 16:26:54,535 [INFO] PluginManager:220 - loadIPPluginJar : add sai
2023-10-15 16:26:54,541 [INFO] IPUIPlugin:80 - create IPUIPlugin
2023-10-15 16:26:54,541 [INFO] PluginManager:220 - loadIPPluginJar : add usbx
2023-10-15 16:26:54,695 [INFO] CADModel:165 - CPN selected for project level
2023-10-15 16:26:54,696 [INFO] CADModel:114 - Register for checkConnection events
2023-10-15 16:26:54,696 [FATAL] Updater:308 - Updater called before beeing initialized
2023-10-15 16:26:54,697 [ERROR] CADModel:125 - Updater not yet initialized, retry later 
2023-10-15 16:26:55,035 [INFO] CADModel:165 - CPN selected for project level
2023-10-15 16:26:55,035 [INFO] CADModel:114 - Register for checkConnection events
2023-10-15 16:26:55,036 [FATAL] Updater:308 - Updater called before beeing initialized
2023-10-15 16:26:55,036 [ERROR] CADModel:125 - Updater not yet initialized, retry later 
2023-10-15 16:26:55,045 [FATAL] Updater:308 - Updater called before beeing initialized
2023-10-15 16:26:55,237 [FATAL] Updater:308 - Updater called before beeing initialized
2023-10-15 16:26:55,251 [INFO] DbMcusAds:53 - JSON generation date=Thu Sep 30 09:55:09 EEST 2021 (1632984909247)
2023-10-15 16:26:55,251 [FATAL] Updater:308 - Updater called before beeing initialized
2023-10-15 16:26:55,374 [WARN] DetailPanel:346 - Failed to get advertising image, set to default
2023-10-15 16:26:55,585 [INFO] ThirdPartyUpdaterWithRetryManager:70 - Updater plugin not ready yet. [2/15]
2023-10-15 16:26:55,647 [FATAL] Updater:308 - Updater called before beeing initialized
2023-10-15 16:26:55,654 [FATAL] Updater:308 - Updater called before beeing initialized
2023-10-15 16:26:55,655 [FATAL] Updater:308 - Updater called before beeing initialized
2023-10-15 16:26:55,655 [WARN] DetailPanel:346 - Failed to get advertising image, set to default
2023-10-15 16:26:55,657 [FATAL] Updater:308 - Updater called before beeing initialized
2023-10-15 16:26:55,738 [ERROR] Updater:1120 - MainUpdater not yet initialized. External WinMGr cannot be set.
2023-10-15 16:26:55,807 [INFO] Updater:1056 - Updater Version found : 6.9.2
2023-10-15 16:26:55,854 [INFO] ApplicationProperties:184 - Using Application install path: /Applications/STMicroelectronics/STM32CubeIDE.app/Contents/Eclipse/plugins/com.st.stm32cube.common.mx_6.9.2.202309101412
2023-10-15 16:26:56,522 [INFO] MainUpdater:2868 - connection check result : 10
2023-10-15 16:26:56,524 [INFO] MainUpdater:285 - Updater Check For Update Now.
2023-10-15 16:26:56,525 [INFO] MicroXplorer:498 - Change Database Version : DB.6.0.92
2023-10-15 16:26:56,538 [INFO] McuFinderGlobals:63 - Set McuFinder mode to 2 (CubeIDE integrated)
2023-10-15 16:26:56,824 [INFO] CheckServerUpdateThread:120 - End of CheckServer Thread
2023-10-15 16:26:58,807 [WARN] PackLoader:240 - Cannot read IP mode file for STMicroelectronics.X-CUBE-SMBUS.2.1.0
2023-10-15 16:26:58,923 [WARN] PackLoader:240 - Cannot read IP mode file for STMicroelectronics.X-CUBE-AZRTOS-F7.1.1.0
2023-10-15 16:26:58,954 [WARN] PackLoader:240 - Cannot read IP mode file for STMicroelectronics.FP-SNS-MOTENV1.4.3.2
2023-10-15 16:26:58,968 [WARN] PackLoader:240 - Cannot read IP mode file for STMicroelectronics.FP-SNS-FLIGHT1.5.0.2
2023-10-15 16:26:58,987 [WARN] PackLoader:240 - Cannot read IP mode file for STMicroelectronics.X-CUBE-DISPLAY.3.0.0
2023-10-15 16:26:59,013 [WARN] PackLoader:240 - Cannot read IP mode file for STMicroelectronics.X-CUBE-BLE1.7.0.0
2023-10-15 16:26:59,024 [WARN] PackLoader:240 - Cannot read IP mode file for emotas.I-CUBE-CANOPEN.1.3.0
2023-10-15 16:26:59,032 [WARN] PackLoader:240 - Cannot read IP mode file for STMicroelectronics.X-CUBE-TOUCHGFX.4.22.0
2023-10-15 16:26:59,039 [WARN] PackLoader:240 - Cannot read IP mode file for STMicroelectronics.X-CUBE-TOUCHGFX.4.22.1
2023-10-15 16:26:59,048 [WARN] PackLoader:240 - Cannot read IP mode file for STMicroelectronics.FP-SNS-SMARTAG2.1.2.0
2023-10-15 16:26:59,076 [INFO] LogOutputStream:77 - [STDOUT_REDIRECT] 1 : Invalid condition id : UX_CORESTACK_Condition cause : null
2023-10-15 16:26:59,077 [INFO] LogOutputStream:77 - [STDOUT_REDIRECT] 1 : Invalid condition id : UX_CORESTACK_Condition cause : null
2023-10-15 16:26:59,077 [INFO] LogOutputStream:77 - [STDOUT_REDIRECT] 1 : Invalid condition id : UX_CORESTACK_Condition cause : null
2023-10-15 16:26:59,078 [INFO] LogOutputStream:77 - [STDOUT_REDIRECT] 1 : Invalid condition id : UX_CORESTACK_Condition cause : null
2023-10-15 16:26:59,078 [INFO] LogOutputStream:77 - [STDOUT_REDIRECT] 1 : Invalid condition id : UX_CORESTACK_Condition cause : null
2023-10-15 16:26:59,089 [WARN] PackLoader:240 - Cannot read IP mode file for STMicroelectronics.X-CUBE-AZRTOS-WL.2.0.0
2023-10-15 16:26:59,112 [WARN] PackLoader:240 - Cannot read IP mode file for WES.I-CUBE-Cesium.1.3.0
2023-10-15 16:26:59,126 [WARN] PackLoader:240 - Cannot read IP mode file for STMicroelectronics.X-CUBE-BLE2.3.3.0
2023-10-15 16:26:59,141 [WARN] PackLoader:240 - Cannot read IP mode file for STMicroelectronics.X-CUBE-ALGOBUILD.1.3.0
2023-10-15 16:26:59,195 [WARN] PackLoader:240 - Cannot read IP mode file for STMicroelectronics.X-CUBE-AZRTOS-G0.1.1.0
2023-10-15 16:26:59,216 [WARN] PackLoader:240 - Cannot read IP mode file for STMicroelectronics.X-CUBE-NFC4.3.0.0
2023-10-15 16:26:59,229 [WARN] PackLoader:240 - Cannot read IP mode file for STMicroelectronics.FP-ATR-SIGFOX1.3.2.0
2023-10-15 16:26:59,297 [WARN] PackLoader:240 - Cannot read IP mode file for SEGGER.I-CUBE-embOS.1.3.1
2023-10-15 16:26:59,424 [WARN] PackLoader:240 - Cannot read IP mode file for STMicroelectronics.X-CUBE-GNSS1.6.0.0
2023-10-15 16:26:59,479 [WARN] PackLoader:240 - Cannot read IP mode file for STMicroelectronics.X-CUBE-AZRTOS-F4.1.1.0
2023-10-15 16:26:59,495 [WARN] PackLoader:240 - Cannot read IP mode file for wolfSSL.I-CUBE-wolfSSL.5.6.3
2023-10-15 16:26:59,546 [WARN] PackLoader:240 - Cannot read IP mode file for STMicroelectronics.X-CUBE-AZRTOS-L5.2.0.0
2023-10-15 16:26:59,680 [WARN] PackLoader:240 - Cannot read IP mode file for STMicroelectronics.X-CUBE-MEMS1.9.6.0
2023-10-15 16:27:00,088 [WARN] PackLoader:240 - Cannot read IP mode file for ITTIA_DB.I-CUBE-ITTIADB.8.8.0
2023-10-15 16:27:00,101 [WARN] PackLoader:240 - Cannot read IP mode file for STMicroelectronics.X-CUBE-BLEMGR.2.0.0
2023-10-15 16:27:00,146 [WARN] ConditionMgr:438 - getConditionDescription Invalid condition id : UX DEVICE CLASS RTOS Condition cause : null
2023-10-15 16:27:00,147 [WARN] ConditionMgr:438 - getConditionDescription Invalid condition id : UX DEVICE CLASS RTOS Condition cause : null
2023-10-15 16:27:00,155 [WARN] PackLoader:240 - Cannot read IP mode file for STMicroelectronics.X-CUBE-AZRTOS-H7.3.1.0
2023-10-15 16:27:00,157 [WARN] ConditionMgr:1039 - genDependencies : Invalid condition id : UX DEVICE CLASS RTOS Condition cause : null
2023-10-15 16:27:00,158 [WARN] ConditionMgr:1039 - genDependencies : Invalid condition id : UX DEVICE CLASS RTOS Condition cause : null
2023-10-15 16:27:00,159 [WARN] ConditionMgr:1039 - genDependencies : Invalid condition id : UX DEVICE CLASS RTOS Condition cause : null
2023-10-15 16:27:00,160 [WARN] ConditionMgr:1039 - genDependencies : Invalid condition id : UX DEVICE CLASS RTOS Condition cause : null
2023-10-15 16:27:00,160 [WARN] ConditionMgr:1039 - genDependencies : Invalid condition id : UX DEVICE CLASS RTOS Condition cause : null
2023-10-15 16:27:00,172 [WARN] PackLoader:240 - Cannot read IP mode file for STMicroelectronics.X-CUBE-NFC7.1.0.1
2023-10-15 16:27:00,190 [WARN] PackLoader:240 - Cannot read IP mode file for STMicroelectronics.X-CUBE-NFC6.3.0.0
2023-10-15 16:27:00,205 [WARN] PackLoader:240 - Cannot read IP mode file for STMicroelectronics.X-CUBE-EEPRMA1.4.1.0
2023-10-15 16:27:00,215 [WARN] PackLoader:240 - Cannot read IP mode file for STMicroelectronics.X-CUBE-AI.8.1.0
2023-10-15 16:27:00,259 [WARN] ConditionMgr:438 - getConditionDescription Invalid condition id : LAN8742 Phy interface Condition cause : null
2023-10-15 16:27:00,261 [WARN] PackLoader:240 - Cannot read IP mode file for STMicroelectronics.X-CUBE-AZRTOS-L4.2.0.0
2023-10-15 16:27:00,263 [WARN] ConditionMgr:1039 - genDependencies : Invalid condition id : LAN8742 Phy interface Condition cause : null
2023-10-15 16:27:00,263 [WARN] ConditionMgr:1039 - genDependencies : Invalid condition id : LAN8742 Phy interface Condition cause : null
2023-10-15 16:27:00,265 [WARN] ConditionMgr:1039 - genDependencies : Invalid condition id : LAN8742 Phy interface Condition cause : null
2023-10-15 16:27:00,282 [WARN] PackLoader:240 - Cannot read IP mode file for STMicroelectronics.X-CUBE-SFXS2LP1.4.0.0
2023-10-15 16:27:00,292 [WARN] PackLoader:240 - Cannot read IP mode file for STMicroelectronics.X-CUBE-ISPU.1.1.0
2023-10-15 16:27:00,322 [WARN] ConditionMgr:438 - getConditionDescription Invalid condition id : UX DEVICE CLASS RTOS Condition cause : null
2023-10-15 16:27:00,322 [WARN] ConditionMgr:438 - getConditionDescription Invalid condition id : UX DEVICE CLASS RTOS Condition cause : null
2023-10-15 16:27:00,327 [WARN] PackLoader:240 - Cannot read IP mode file for STMicroelectronics.X-CUBE-AZRTOS-WB.2.0.0
2023-10-15 16:27:00,328 [WARN] ConditionMgr:1039 - genDependencies : Invalid condition id : UX DEVICE CLASS RTOS Condition cause : null
2023-10-15 16:27:00,329 [WARN] ConditionMgr:1039 - genDependencies : Invalid condition id : UX DEVICE CLASS RTOS Condition cause : null
2023-10-15 16:27:00,330 [WARN] ConditionMgr:1039 - genDependencies : Invalid condition id : UX DEVICE CLASS RTOS Condition cause : null
2023-10-15 16:27:00,330 [WARN] ConditionMgr:1039 - genDependencies : Invalid condition id : UX DEVICE CLASS RTOS Condition cause : null
2023-10-15 16:27:00,331 [WARN] ConditionMgr:1039 - genDependencies : Invalid condition id : UX DEVICE CLASS RTOS Condition cause : null
2023-10-15 16:27:00,356 [WARN] PackLoader:240 - Cannot read IP mode file for STMicroelectronics.X-CUBE-SUBG2.5.0.0
2023-10-15 16:27:00,389 [WARN] PackLoader:240 - Cannot read IP mode file for STMicroelectronics.X-CUBE-TOF1.3.3.1
2023-10-15 16:27:00,429 [WARN] PackLoader:240 - Cannot read IP mode file for STMicroelectronics.X-CUBE-AZRTOS-G4.2.0.0
2023-10-15 16:27:00,471 [WARN] PackLoader:240 - Cannot read IP mode file for Infineon.AIROC-Wi-Fi-Bluetooth-STM32.1.5.1
2023-10-15 16:27:00,500 [WARN] PackLoader:240 - Cannot read IP mode file for STMicroelectronics.X-CUBE-FREERTOS.1.1.0
2023-10-15 16:27:00,517 [WARN] PackLoader:240 - Cannot read IP mode file for portGmbH.I-Cube-SoM-uGOAL.1.1.0
2023-10-15 16:27:00,697 [WARN] PackLoader:240 - Cannot read IP mode file for STMicroelectronics.X-CUBE-ALS.1.0.1
2023-10-15 16:27:00,703 [WARN] PackLoader:240 - Cannot read IP mode file for STMicroelectronics.FP-ATR-ASTRA1.2.0.0
2023-10-15 16:27:00,705 [INFO] ThirdParty:978 - Integrity check success = true
2023-10-15 16:27:00,705 [INFO] IntegrityCheckThread:100 - exiting critical section [integrity check]
2023-10-15 16:27:00,705 [INFO] IntegrityCheckThread:103 - End integrity checks thread
2023-10-15 16:27:07,780 [ERROR] LogOutputStream:75 - [STDERR_REDIRECT] SLF4J: Failed to load class "org.slf4j.impl.StaticLoggerBinder".
2023-10-15 16:27:07,782 [ERROR] LogOutputStream:75 - [STDERR_REDIRECT] SLF4J: Defaulting to no-operation (NOP) logger implementation
2023-10-15 16:27:07,783 [ERROR] LogOutputStream:75 - [STDERR_REDIRECT] SLF4J: See http://www.slf4j.org/codes.html#StaticLoggerBinder for further details.
