2023-10-26 13:51:45,326 [INFO] Activator:176 - 


2023-10-26 13:51:45,343 [INFO] Activator:177 - !SESSION log4j initialized
2023-10-26 13:51:58,399 [INFO] LogOutputStream:77 - [STDOUT_REDIRECT] 
2023-10-26 13:52:00,372 [ERROR] LogOutputStream:75 - [STDERR_REDIRECT] 
2023-10-26 13:52:01,948 [INFO] LogOutputStream:77 - [STDOUT_REDIRECT] 
2023-10-26 13:52:02,550 [INFO] ApplicationProperties:184 - Using Application install path: /Applications/STMicroelectronics/STM32CubeIDE.app/Contents/Eclipse/plugins/com.st.stm32cube.common.mx_6.9.2.202309101412
2023-10-26 13:52:02,636 [INFO] DbMcusXml:78 - Set database path to: /Applications/STMicroelectronics/STM32CubeIDE.app/Contents/Eclipse/plugins/com.st.stm32cube.common.mx_6.9.2.202309101412//db//mcu/
2023-10-26 13:52:02,650 [INFO] ApiDb:274 - Set plugin database path to: /Applications/STMicroelectronics/STM32CubeIDE.app/Contents/Eclipse/plugins/com.st.stm32cube.common.mx_6.9.2.202309101412//db//plugins/boardmanager/
2023-10-26 13:52:02,665 [WARN] ApiDb:259 - Overriding images path with different value:  => /Applications/STMicroelectronics/STM32CubeIDE.app/Contents/Eclipse/plugins/com.st.stm32cube.common.mx_6.9.2.202309101412//db//plugins/mcufinder/images/
2023-10-26 13:52:02,732 [INFO] ApiDb:250 - Set database path to: /Users/romanlobach/.stmcufinder/plugins/mcufinder//mcu/
2023-10-26 13:52:02,738 [INFO] DbMcusAds:125 - Set database path to: /Users/romanlobach/.stmcufinder/plugins/mcufinder//mcu/
2023-10-26 13:52:02,750 [INFO] CrossReferenceDbSqlite:203 - Set database path to: /Users/romanlobach/.stmcufinder/plugins/mcufinder//mcu/cs/
2023-10-26 13:52:03,202 [INFO] RulesReader:64 - Compatibility file has been processed (293 Rules)
2023-10-26 13:52:03,466 [INFO] DbMcusXml:78 - Set database path to: /Applications/STMicroelectronics/STM32CubeIDE.app/Contents/Eclipse/plugins/com.st.stm32cube.common.mx_6.9.2.202309101412//db//mcu/
2023-10-26 13:52:03,466 [INFO] ApiDb:274 - Set plugin database path to: /Applications/STMicroelectronics/STM32CubeIDE.app/Contents/Eclipse/plugins/com.st.stm32cube.common.mx_6.9.2.202309101412//db//plugins/boardmanager/
2023-10-26 13:52:03,467 [INFO] ApiDb:261 - Set plugin images path to: /Applications/STMicroelectronics/STM32CubeIDE.app/Contents/Eclipse/plugins/com.st.stm32cube.common.mx_6.9.2.202309101412//db//plugins/mcufinder/images/
2023-10-26 13:52:03,467 [WARN] DbFile:41 - Overriding database path with different value: /Users/romanlobach/.stmcufinder/plugins/mcufinder/ => /Users/romanlobach/.stmcufinder/plugins/mcufinder
2023-10-26 13:52:03,468 [INFO] ApiDb:250 - Set database path to: /Users/romanlobach/.stmcufinder/plugins/mcufinder//mcu/
2023-10-26 13:52:03,468 [WARN] DbFile:41 - Overriding database path with different value: /Users/romanlobach/.stmcufinder/plugins/mcufinder/ => /Users/romanlobach/.stmcufinder/plugins/mcufinder
2023-10-26 13:52:03,468 [INFO] DbMcusAds:125 - Set database path to: /Users/romanlobach/.stmcufinder/plugins/mcufinder//mcu/
2023-10-26 13:52:03,468 [WARN] DbFile:41 - Overriding database path with different value: /Users/romanlobach/.stmcufinder/plugins/mcufinder/ => /Users/romanlobach/.stmcufinder/plugins/mcufinder
2023-10-26 13:52:03,469 [WARN] DbFile:41 - Overriding database path with different value: /Users/romanlobach/.stmcufinder/plugins/mcufinder/ => /Users/romanlobach/.stmcufinder/plugins/mcufinder
2023-10-26 13:52:03,470 [INFO] CrossReferenceDbSqlite:203 - Set database path to: /Users/romanlobach/.stmcufinder/plugins/mcufinder//mcu/cs/
2023-10-26 13:52:03,661 [INFO] MainPanel:262 - HeapMemory: 268435456
2023-10-26 13:52:03,876 [INFO] DbMcusXml:78 - Set database path to: /Applications/STMicroelectronics/STM32CubeIDE.app/Contents/Eclipse/plugins/com.st.stm32cube.common.mx_6.9.2.202309101412//db//mcu/
2023-10-26 13:52:03,876 [INFO] ApiDb:274 - Set plugin database path to: /Applications/STMicroelectronics/STM32CubeIDE.app/Contents/Eclipse/plugins/com.st.stm32cube.common.mx_6.9.2.202309101412//db//plugins/boardmanager/
2023-10-26 13:52:03,876 [INFO] ApiDb:261 - Set plugin images path to: /Applications/STMicroelectronics/STM32CubeIDE.app/Contents/Eclipse/plugins/com.st.stm32cube.common.mx_6.9.2.202309101412//db//plugins/mcufinder/images/
2023-10-26 13:52:03,878 [WARN] DbFile:41 - Overriding database path with different value: /Users/romanlobach/.stmcufinder/plugins/mcufinder/ => /Users/romanlobach/.stmcufinder/plugins/mcufinder
2023-10-26 13:52:03,878 [INFO] ApiDb:250 - Set database path to: /Users/romanlobach/.stmcufinder/plugins/mcufinder//mcu/
2023-10-26 13:52:03,879 [WARN] DbFile:41 - Overriding database path with different value: /Users/romanlobach/.stmcufinder/plugins/mcufinder/ => /Users/romanlobach/.stmcufinder/plugins/mcufinder
2023-10-26 13:52:03,879 [INFO] DbMcusAds:125 - Set database path to: /Users/romanlobach/.stmcufinder/plugins/mcufinder//mcu/
2023-10-26 13:52:03,879 [WARN] DbFile:41 - Overriding database path with different value: /Users/romanlobach/.stmcufinder/plugins/mcufinder/ => /Users/romanlobach/.stmcufinder/plugins/mcufinder
2023-10-26 13:52:03,879 [WARN] DbFile:41 - Overriding database path with different value: /Users/romanlobach/.stmcufinder/plugins/mcufinder/ => /Users/romanlobach/.stmcufinder/plugins/mcufinder
2023-10-26 13:52:03,880 [INFO] CrossReferenceDbSqlite:203 - Set database path to: /Users/romanlobach/.stmcufinder/plugins/mcufinder//mcu/cs/
2023-10-26 13:52:03,913 [INFO] ApplicationProperties:184 - Using Application install path: /Applications/STMicroelectronics/STM32CubeIDE.app/Contents/Eclipse/plugins/com.st.stm32cube.common.mx_6.9.2.202309101412
2023-10-26 13:52:03,916 [INFO] PluginManage:196 - Search for loadable plugins [exclusion list=, ]
2023-10-26 13:52:03,920 [INFO] PluginManage:310 - Check plugin analytics
2023-10-26 13:52:04,457 [INFO] AnalyticsPlugin:253 - Accepted Software Licenses: STM32CubeMX.6.9.1,STM32CubeMX.6.9.2
2023-10-26 13:52:04,458 [INFO] AnalyticsPlugin:255 - Accepted CMSIS Pack Licenses: 
2023-10-26 13:52:04,459 [INFO] AnalyticsPlugin:257 - Accepted Firmware Licenses: FW.F7.1.17.0
2023-10-26 13:52:04,468 [INFO] PluginManage:359 - Loaded plugin analytics (category:tool,tabindex:-1)
2023-10-26 13:52:04,469 [INFO] PluginManage:310 - Check plugin cadmodel
2023-10-26 13:52:05,249 [INFO] CADModel:105 - Init CAD model plugin
2023-10-26 13:52:05,250 [INFO] PluginManage:359 - Loaded plugin cadmodel (category:power,tabindex:5)
2023-10-26 13:52:05,251 [INFO] PluginManage:310 - Check plugin clock
2023-10-26 13:52:05,273 [INFO] PluginManage:359 - Loaded plugin clock (category:base,tabindex:2)
2023-10-26 13:52:05,274 [INFO] PluginManage:310 - Check plugin ddr
2023-10-26 13:52:05,283 [INFO] PluginManage:359 - Loaded plugin ddr (category:tool,tabindex:6)
2023-10-26 13:52:05,283 [INFO] PluginManage:310 - Check plugin filemanager
2023-10-26 13:52:05,670 [INFO] PluginManage:359 - Loaded plugin filemanager (category:base,tabindex:10)
2023-10-26 13:52:05,671 [INFO] PluginManage:310 - Check plugin ipmanager
2023-10-26 13:52:05,682 [INFO] PluginManage:359 - Loaded plugin ipmanager (category:base,tabindex:5)
2023-10-26 13:52:05,683 [INFO] PluginManage:310 - Check plugin lpbam
2023-10-26 13:52:05,706 [INFO] PluginManage:359 - Loaded plugin lpbam (category:base,tabindex:0)
2023-10-26 13:52:05,706 [INFO] PluginManage:310 - Check plugin memorymap
2023-10-26 13:52:05,742 [INFO] PluginManage:359 - Loaded plugin memorymap (category:base,tabindex:4)
2023-10-26 13:52:05,743 [INFO] PluginManage:310 - Check plugin pinoutandconfiguration
2023-10-26 13:52:05,758 [INFO] PluginManage:359 - Loaded plugin pinoutandconfiguration (category:base,tabindex:1)
2023-10-26 13:52:05,759 [INFO] PluginManage:310 - Check plugin pinoutconfig
2023-10-26 13:52:05,980 [WARN] SupportedApi:132 - Cannot load RTOS API schema: s4s-elt-must-match.1: The content of 'definitions' must match (annotation?, (simpleType | complexType)?, (unique | key | keyref)*)). A problem was found starting at: attribute.
2023-10-26 13:52:06,381 [INFO] PluginManage:359 - Loaded plugin pinoutconfig (category:base,tabindex:0)
2023-10-26 13:52:06,381 [INFO] PluginManage:310 - Check plugin power
2023-10-26 13:52:06,416 [INFO] PluginManage:359 - Loaded plugin power (category:power,tabindex:4)
2023-10-26 13:52:06,417 [INFO] PluginManage:310 - Check plugin projectmanager
2023-10-26 13:52:06,458 [INFO] PluginManage:359 - Loaded plugin projectmanager (category:projectmanager,tabindex:3)
2023-10-26 13:52:06,458 [INFO] PluginManage:310 - Check plugin thirdparty
2023-10-26 13:52:06,862 [WARN] IntegrityCheckThread:84 - waiting for thirdparty lock release [integrity check]
2023-10-26 13:52:06,862 [INFO] IntegrityCheckThread:86 - entering critical section [integrity check]
2023-10-26 13:52:06,863 [INFO] ThirdPartyUpdaterWithRetryManager:70 - Updater plugin not ready yet. [1/15]
2023-10-26 13:52:06,862 [INFO] PluginManage:359 - Loaded plugin thirdparty (category:base,tabindex:-1)
2023-10-26 13:52:06,865 [INFO] PluginManage:310 - Check plugin tools
2023-10-26 13:52:06,870 [INFO] PluginManage:359 - Loaded plugin tools (category:base,tabindex:7)
2023-10-26 13:52:06,870 [INFO] PluginManage:310 - Check plugin tutovideos
2023-10-26 13:52:07,792 [INFO] PluginManage:359 - Loaded plugin tutovideos (category:base,tabindex:-1)
2023-10-26 13:52:07,793 [INFO] PluginManage:310 - Check plugin updater
2023-10-26 13:52:07,833 [INFO] PluginManage:359 - Loaded plugin updater (category:base,tabindex:12)
2023-10-26 13:52:07,833 [INFO] PluginManage:310 - Check plugin userauth
2023-10-26 13:52:07,846 [INFO] UserAuth:113 - Init User Auth plugin
2023-10-26 13:52:07,846 [INFO] PluginManage:359 - Loaded plugin userauth (category:base,tabindex:14)
2023-10-26 13:52:07,847 [INFO] PluginManage:283 - PluginManage : Loaded plugins [17]
2023-10-26 13:52:08,448 [INFO] PinOutPanel:1499 - setPackage(No Configuration,No Configuration)
2023-10-26 13:52:08,744 [INFO] CADModel:165 - CPN selected for project level
2023-10-26 13:52:08,744 [INFO] CADModel:114 - Register for checkConnection events
2023-10-26 13:52:08,802 [INFO] IPUIPlugin:80 - create IPUIPlugin
2023-10-26 13:52:08,803 [INFO] PluginManager:220 - loadIPPluginJar : add mdma
2023-10-26 13:52:08,818 [INFO] IPUIPlugin:80 - create IPUIPlugin
2023-10-26 13:52:08,819 [INFO] PluginManager:220 - loadIPPluginJar : add freertos
2023-10-26 13:52:08,840 [INFO] IPUIPlugin:80 - create IPUIPlugin
2023-10-26 13:52:08,840 [INFO] PluginManager:220 - loadIPPluginJar : add gic
2023-10-26 13:52:08,869 [INFO] IPUIPlugin:80 - create IPUIPlugin
2023-10-26 13:52:08,869 [INFO] PluginManager:220 - loadIPPluginJar : add adc
2023-10-26 13:52:08,877 [INFO] IPUIPlugin:80 - create IPUIPlugin
2023-10-26 13:52:08,878 [INFO] PluginManager:220 - loadIPPluginJar : add gtzc
2023-10-26 13:52:08,884 [INFO] IPUIPlugin:80 - create IPUIPlugin
2023-10-26 13:52:08,884 [INFO] PluginManager:220 - loadIPPluginJar : add quadspi
2023-10-26 13:52:08,890 [INFO] IPUIPlugin:80 - create IPUIPlugin
2023-10-26 13:52:08,891 [INFO] PluginManager:220 - loadIPPluginJar : add aes
2023-10-26 13:52:08,903 [INFO] IPUIPlugin:80 - create IPUIPlugin
2023-10-26 13:52:08,904 [INFO] PluginManager:220 - loadIPPluginJar : add pdm2pcm
2023-10-26 13:52:08,908 [INFO] IPUIPlugin:80 - create IPUIPlugin
2023-10-26 13:52:08,909 [INFO] PluginManager:220 - loadIPPluginJar : add hash
2023-10-26 13:52:08,913 [INFO] IPUIPlugin:80 - create IPUIPlugin
2023-10-26 13:52:08,913 [INFO] PluginManager:220 - loadIPPluginJar : add tim
2023-10-26 13:52:08,918 [INFO] IPUIPlugin:80 - create IPUIPlugin
2023-10-26 13:52:08,918 [INFO] PluginManager:220 - loadIPPluginJar : add tsc
2023-10-26 13:52:08,924 [INFO] IPUIPlugin:80 - create IPUIPlugin
2023-10-26 13:52:08,924 [INFO] PluginManager:220 - loadIPPluginJar : add ts
2023-10-26 13:52:08,931 [INFO] IPUIPlugin:80 - create IPUIPlugin
2023-10-26 13:52:08,931 [INFO] PluginManager:220 - loadIPPluginJar : add can
2023-10-26 13:52:08,936 [INFO] IPUIPlugin:80 - create IPUIPlugin
2023-10-26 13:52:08,936 [INFO] PluginManager:220 - loadIPPluginJar : add dma3
2023-10-26 13:52:08,943 [INFO] IPUIPlugin:80 - create IPUIPlugin
2023-10-26 13:52:08,943 [INFO] PluginManager:220 - loadIPPluginJar : add dfsdm
2023-10-26 13:52:08,950 [INFO] IPUIPlugin:80 - create IPUIPlugin
2023-10-26 13:52:08,951 [INFO] PluginManager:220 - loadIPPluginJar : add spi
2023-10-26 13:52:08,956 [INFO] IPUIPlugin:80 - create IPUIPlugin
2023-10-26 13:52:08,956 [INFO] PluginManager:220 - loadIPPluginJar : add gfxmmu
2023-10-26 13:52:08,959 [INFO] IPUIPlugin:80 - create IPUIPlugin
2023-10-26 13:52:08,960 [INFO] PluginManager:220 - loadIPPluginJar : add genericplugin
2023-10-26 13:52:08,967 [INFO] IPUIPlugin:80 - create IPUIPlugin
2023-10-26 13:52:08,968 [INFO] PluginManager:220 - loadIPPluginJar : add cryp
2023-10-26 13:52:08,981 [INFO] IPUIPlugin:80 - create IPUIPlugin
2023-10-26 13:52:08,981 [INFO] PluginManager:220 - loadIPPluginJar : add gpio
2023-10-26 13:52:08,984 [INFO] IPUIPlugin:80 - create IPUIPlugin
2023-10-26 13:52:08,986 [INFO] PluginManager:220 - loadIPPluginJar : add comp
2023-10-26 13:52:08,990 [INFO] IPUIPlugin:80 - create IPUIPlugin
2023-10-26 13:52:08,990 [INFO] PluginManager:220 - loadIPPluginJar : add tracer_emb
2023-10-26 13:52:08,998 [INFO] IPUIPlugin:80 - create IPUIPlugin
2023-10-26 13:52:08,999 [INFO] PluginManager:220 - loadIPPluginJar : add openamp
2023-10-26 13:52:09,042 [INFO] IPUIPlugin:80 - create IPUIPlugin
2023-10-26 13:52:09,042 [INFO] PluginManager:220 - loadIPPluginJar : add stm32_wpan
2023-10-26 13:52:09,068 [INFO] IPUIPlugin:80 - create IPUIPlugin
2023-10-26 13:52:09,074 [INFO] PluginManager:220 - loadIPPluginJar : add plateformsettings
2023-10-26 13:52:09,084 [INFO] IPUIPlugin:80 - create IPUIPlugin
2023-10-26 13:52:09,084 [INFO] PluginManager:220 - loadIPPluginJar : add ipddr
2023-10-26 13:52:09,091 [INFO] IPUIPlugin:80 - create IPUIPlugin
2023-10-26 13:52:09,091 [INFO] PluginManager:220 - loadIPPluginJar : add usart
2023-10-26 13:52:09,094 [INFO] IPUIPlugin:80 - create IPUIPlugin
2023-10-26 13:52:09,095 [INFO] PluginManager:220 - loadIPPluginJar : add ltdc
2023-10-26 13:52:09,106 [INFO] IPUIPlugin:80 - create IPUIPlugin
2023-10-26 13:52:09,107 [INFO] PluginManager:220 - loadIPPluginJar : add nvic
2023-10-26 13:52:09,110 [INFO] IPUIPlugin:80 - create IPUIPlugin
2023-10-26 13:52:09,110 [INFO] PluginManager:220 - loadIPPluginJar : add fatfs
2023-10-26 13:52:09,126 [INFO] IPUIPlugin:80 - create IPUIPlugin
2023-10-26 13:52:09,127 [INFO] PluginManager:220 - loadIPPluginJar : add linkedlist
2023-10-26 13:52:09,139 [INFO] IPUIPlugin:80 - create IPUIPlugin
2023-10-26 13:52:09,139 [INFO] PluginManager:220 - loadIPPluginJar : add dma
2023-10-26 13:52:09,151 [INFO] IPUIPlugin:80 - create IPUIPlugin
2023-10-26 13:52:09,151 [INFO] PluginManager:220 - loadIPPluginJar : add fmc
2023-10-26 13:52:09,157 [INFO] IPUIPlugin:80 - create IPUIPlugin
2023-10-26 13:52:09,157 [INFO] PluginManager:220 - loadIPPluginJar : add i2s
2023-10-26 13:52:09,161 [INFO] IPUIPlugin:80 - create IPUIPlugin
2023-10-26 13:52:09,162 [INFO] PluginManager:220 - loadIPPluginJar : add ucpd
2023-10-26 13:52:09,167 [INFO] IPUIPlugin:80 - create IPUIPlugin
2023-10-26 13:52:09,167 [INFO] PluginManager:220 - loadIPPluginJar : add lorawan
2023-10-26 13:52:09,174 [INFO] IPUIPlugin:80 - create IPUIPlugin
2023-10-26 13:52:09,175 [INFO] PluginManager:220 - loadIPPluginJar : add opamp
2023-10-26 13:52:09,186 [INFO] IPUIPlugin:80 - create IPUIPlugin
2023-10-26 13:52:09,187 [INFO] PluginManager:220 - loadIPPluginJar : add i3c
2023-10-26 13:52:09,194 [INFO] IPUIPlugin:80 - create IPUIPlugin
2023-10-26 13:52:09,195 [INFO] PluginManager:220 - loadIPPluginJar : add touchsensing
2023-10-26 13:52:09,201 [INFO] IPUIPlugin:80 - create IPUIPlugin
2023-10-26 13:52:09,205 [INFO] PluginManager:220 - loadIPPluginJar : add i2c
2023-10-26 13:52:09,214 [INFO] IPUIPlugin:80 - create IPUIPlugin
2023-10-26 13:52:09,214 [INFO] PluginManager:220 - loadIPPluginJar : add resmgrutility
2023-10-26 13:52:09,224 [INFO] IPUIPlugin:80 - create IPUIPlugin
2023-10-26 13:52:09,224 [INFO] PluginManager:220 - loadIPPluginJar : add sai
2023-10-26 13:52:09,231 [INFO] IPUIPlugin:80 - create IPUIPlugin
2023-10-26 13:52:09,232 [INFO] PluginManager:220 - loadIPPluginJar : add usbx
2023-10-26 13:52:09,406 [INFO] CADModel:165 - CPN selected for project level
2023-10-26 13:52:09,407 [INFO] CADModel:114 - Register for checkConnection events
2023-10-26 13:52:09,407 [FATAL] Updater:308 - Updater called before beeing initialized
2023-10-26 13:52:09,408 [ERROR] CADModel:125 - Updater not yet initialized, retry later 
2023-10-26 13:52:09,833 [INFO] CADModel:165 - CPN selected for project level
2023-10-26 13:52:09,833 [INFO] CADModel:114 - Register for checkConnection events
2023-10-26 13:52:09,834 [FATAL] Updater:308 - Updater called before beeing initialized
2023-10-26 13:52:09,834 [ERROR] CADModel:125 - Updater not yet initialized, retry later 
2023-10-26 13:52:09,844 [FATAL] Updater:308 - Updater called before beeing initialized
2023-10-26 13:52:09,866 [INFO] ThirdPartyUpdaterWithRetryManager:70 - Updater plugin not ready yet. [2/15]
2023-10-26 13:52:10,122 [FATAL] Updater:308 - Updater called before beeing initialized
2023-10-26 13:52:10,137 [INFO] DbMcusAds:53 - JSON generation date=Tue Mar 07 10:50:55 EET 2023 (1678179055114)
2023-10-26 13:52:10,137 [FATAL] Updater:308 - Updater called before beeing initialized
2023-10-26 13:52:10,310 [WARN] DetailPanel:346 - Failed to get advertising image, set to default
2023-10-26 13:52:10,485 [FATAL] Updater:308 - Updater called before beeing initialized
2023-10-26 13:52:10,489 [FATAL] Updater:308 - Updater called before beeing initialized
2023-10-26 13:52:10,490 [FATAL] Updater:308 - Updater called before beeing initialized
2023-10-26 13:52:10,490 [WARN] DetailPanel:346 - Failed to get advertising image, set to default
2023-10-26 13:52:10,492 [FATAL] Updater:308 - Updater called before beeing initialized
2023-10-26 13:52:10,598 [ERROR] Updater:1120 - MainUpdater not yet initialized. External WinMGr cannot be set.
2023-10-26 13:52:10,703 [INFO] Updater:1056 - Updater Version found : 6.9.2
2023-10-26 13:52:10,750 [INFO] ApplicationProperties:184 - Using Application install path: /Applications/STMicroelectronics/STM32CubeIDE.app/Contents/Eclipse/plugins/com.st.stm32cube.common.mx_6.9.2.202309101412
2023-10-26 13:52:11,517 [INFO] MainUpdater:2868 - connection check result : 10
2023-10-26 13:52:11,518 [INFO] MainUpdater:285 - Updater Check For Update Now.
2023-10-26 13:52:11,519 [INFO] MicroXplorer:498 - Change Database Version : DB.6.0.92
2023-10-26 13:52:11,529 [INFO] McuFinderGlobals:63 - Set McuFinder mode to 2 (CubeIDE integrated)
2023-10-26 13:52:11,802 [INFO] CheckServerUpdateThread:120 - End of CheckServer Thread
2023-10-26 13:52:13,262 [WARN] PackLoader:240 - Cannot read IP mode file for STMicroelectronics.X-CUBE-SMBUS.2.1.0
2023-10-26 13:52:13,418 [WARN] PackLoader:240 - Cannot read IP mode file for STMicroelectronics.X-CUBE-AZRTOS-F7.1.1.0
2023-10-26 13:52:13,462 [WARN] PackLoader:240 - Cannot read IP mode file for STMicroelectronics.FP-SNS-MOTENV1.4.3.2
2023-10-26 13:52:13,507 [WARN] PackLoader:240 - Cannot read IP mode file for STMicroelectronics.FP-SNS-FLIGHT1.5.0.2
2023-10-26 13:52:13,538 [WARN] PackLoader:240 - Cannot read IP mode file for STMicroelectronics.X-CUBE-DISPLAY.3.0.0
2023-10-26 13:52:13,595 [WARN] PackLoader:240 - Cannot read IP mode file for STMicroelectronics.X-CUBE-BLE1.7.0.0
2023-10-26 13:52:13,609 [WARN] PackLoader:240 - Cannot read IP mode file for emotas.I-CUBE-CANOPEN.1.3.0
2023-10-26 13:52:13,621 [WARN] PackLoader:240 - Cannot read IP mode file for STMicroelectronics.X-CUBE-TOUCHGFX.4.22.0
2023-10-26 13:52:13,629 [WARN] PackLoader:240 - Cannot read IP mode file for STMicroelectronics.X-CUBE-TOUCHGFX.4.22.1
2023-10-26 13:52:13,638 [WARN] PackLoader:240 - Cannot read IP mode file for STMicroelectronics.FP-SNS-SMARTAG2.1.2.0
2023-10-26 13:52:13,687 [INFO] LogOutputStream:77 - [STDOUT_REDIRECT] 1 : Invalid condition id : UX_CORESTACK_Condition cause : null
2023-10-26 13:52:13,687 [INFO] LogOutputStream:77 - [STDOUT_REDIRECT] 1 : Invalid condition id : UX_CORESTACK_Condition cause : null
2023-10-26 13:52:13,688 [INFO] LogOutputStream:77 - [STDOUT_REDIRECT] 1 : Invalid condition id : UX_CORESTACK_Condition cause : null
2023-10-26 13:52:13,689 [INFO] LogOutputStream:77 - [STDOUT_REDIRECT] 1 : Invalid condition id : UX_CORESTACK_Condition cause : null
2023-10-26 13:52:13,689 [INFO] LogOutputStream:77 - [STDOUT_REDIRECT] 1 : Invalid condition id : UX_CORESTACK_Condition cause : null
2023-10-26 13:52:13,722 [WARN] PackLoader:240 - Cannot read IP mode file for STMicroelectronics.X-CUBE-AZRTOS-WL.2.0.0
2023-10-26 13:52:13,757 [WARN] PackLoader:240 - Cannot read IP mode file for WES.I-CUBE-Cesium.1.3.0
2023-10-26 13:52:13,768 [WARN] PackLoader:240 - Cannot read IP mode file for STMicroelectronics.X-CUBE-BLE2.3.3.0
2023-10-26 13:52:13,805 [WARN] PackLoader:240 - Cannot read IP mode file for STMicroelectronics.X-CUBE-ALGOBUILD.1.3.0
2023-10-26 13:52:13,936 [WARN] PackLoader:240 - Cannot read IP mode file for STMicroelectronics.X-CUBE-AZRTOS-G0.1.1.0
2023-10-26 13:52:13,955 [WARN] PackLoader:240 - Cannot read IP mode file for STMicroelectronics.X-CUBE-NFC4.3.0.0
2023-10-26 13:52:13,981 [WARN] PackLoader:240 - Cannot read IP mode file for STMicroelectronics.FP-ATR-SIGFOX1.3.2.0
2023-10-26 13:52:14,105 [WARN] PackLoader:240 - Cannot read IP mode file for SEGGER.I-CUBE-embOS.1.3.1
2023-10-26 13:52:14,305 [WARN] PackLoader:240 - Cannot read IP mode file for STMicroelectronics.X-CUBE-GNSS1.6.0.0
2023-10-26 13:52:14,367 [WARN] PackLoader:240 - Cannot read IP mode file for STMicroelectronics.X-CUBE-AZRTOS-F4.1.1.0
2023-10-26 13:52:14,390 [WARN] PackLoader:240 - Cannot read IP mode file for wolfSSL.I-CUBE-wolfSSL.5.6.3
2023-10-26 13:52:14,469 [WARN] PackLoader:240 - Cannot read IP mode file for STMicroelectronics.X-CUBE-AZRTOS-L5.2.0.0
2023-10-26 13:52:14,704 [WARN] PackLoader:240 - Cannot read IP mode file for STMicroelectronics.X-CUBE-MEMS1.9.6.0
2023-10-26 13:52:15,569 [WARN] PackLoader:240 - Cannot read IP mode file for STMicroelectronics.X-CUBE-EEPRMA1.4.2.0
2023-10-26 13:52:15,580 [WARN] PackLoader:240 - Cannot read IP mode file for ITTIA_DB.I-CUBE-ITTIADB.8.8.0
2023-10-26 13:52:15,594 [WARN] PackLoader:240 - Cannot read IP mode file for STMicroelectronics.X-CUBE-BLEMGR.2.0.0
2023-10-26 13:52:15,651 [WARN] ConditionMgr:438 - getConditionDescription Invalid condition id : UX DEVICE CLASS RTOS Condition cause : null
2023-10-26 13:52:15,652 [WARN] ConditionMgr:438 - getConditionDescription Invalid condition id : UX DEVICE CLASS RTOS Condition cause : null
2023-10-26 13:52:15,658 [WARN] PackLoader:240 - Cannot read IP mode file for STMicroelectronics.X-CUBE-AZRTOS-H7.3.1.0
2023-10-26 13:52:15,697 [WARN] ConditionMgr:1039 - genDependencies : Invalid condition id : UX DEVICE CLASS RTOS Condition cause : null
2023-10-26 13:52:15,697 [WARN] ConditionMgr:1039 - genDependencies : Invalid condition id : UX DEVICE CLASS RTOS Condition cause : null
2023-10-26 13:52:15,699 [WARN] ConditionMgr:1039 - genDependencies : Invalid condition id : UX DEVICE CLASS RTOS Condition cause : null
2023-10-26 13:52:15,700 [WARN] ConditionMgr:1039 - genDependencies : Invalid condition id : UX DEVICE CLASS RTOS Condition cause : null
2023-10-26 13:52:15,700 [WARN] ConditionMgr:1039 - genDependencies : Invalid condition id : UX DEVICE CLASS RTOS Condition cause : null
2023-10-26 13:52:15,714 [WARN] PackLoader:240 - Cannot read IP mode file for STMicroelectronics.X-CUBE-NFC7.1.0.1
2023-10-26 13:52:15,727 [WARN] PackLoader:240 - Cannot read IP mode file for STMicroelectronics.X-CUBE-NFC6.3.0.0
2023-10-26 13:52:15,752 [WARN] PackLoader:240 - Cannot read IP mode file for STMicroelectronics.X-CUBE-EEPRMA1.4.1.0
2023-10-26 13:52:15,761 [WARN] PackLoader:240 - Cannot read IP mode file for STMicroelectronics.X-CUBE-AI.8.1.0
2023-10-26 13:52:15,830 [WARN] ConditionMgr:438 - getConditionDescription Invalid condition id : LAN8742 Phy interface Condition cause : null
2023-10-26 13:52:15,835 [WARN] PackLoader:240 - Cannot read IP mode file for STMicroelectronics.X-CUBE-AZRTOS-L4.2.0.0
2023-10-26 13:52:15,837 [WARN] ConditionMgr:1039 - genDependencies : Invalid condition id : LAN8742 Phy interface Condition cause : null
2023-10-26 13:52:15,838 [WARN] ConditionMgr:1039 - genDependencies : Invalid condition id : LAN8742 Phy interface Condition cause : null
2023-10-26 13:52:15,845 [WARN] ConditionMgr:1039 - genDependencies : Invalid condition id : LAN8742 Phy interface Condition cause : null
2023-10-26 13:52:15,875 [WARN] PackLoader:240 - Cannot read IP mode file for STMicroelectronics.X-CUBE-SFXS2LP1.4.0.0
2023-10-26 13:52:15,912 [WARN] PackLoader:240 - Cannot read IP mode file for STMicroelectronics.X-CUBE-ISPU.1.1.0
2023-10-26 13:52:15,945 [WARN] ConditionMgr:438 - getConditionDescription Invalid condition id : UX DEVICE CLASS RTOS Condition cause : null
2023-10-26 13:52:15,946 [WARN] ConditionMgr:438 - getConditionDescription Invalid condition id : UX DEVICE CLASS RTOS Condition cause : null
2023-10-26 13:52:15,954 [WARN] PackLoader:240 - Cannot read IP mode file for STMicroelectronics.X-CUBE-AZRTOS-WB.2.0.0
2023-10-26 13:52:15,955 [WARN] ConditionMgr:1039 - genDependencies : Invalid condition id : UX DEVICE CLASS RTOS Condition cause : null
2023-10-26 13:52:15,956 [WARN] ConditionMgr:1039 - genDependencies : Invalid condition id : UX DEVICE CLASS RTOS Condition cause : null
2023-10-26 13:52:15,956 [WARN] ConditionMgr:1039 - genDependencies : Invalid condition id : UX DEVICE CLASS RTOS Condition cause : null
2023-10-26 13:52:15,957 [WARN] ConditionMgr:1039 - genDependencies : Invalid condition id : UX DEVICE CLASS RTOS Condition cause : null
2023-10-26 13:52:15,957 [WARN] ConditionMgr:1039 - genDependencies : Invalid condition id : UX DEVICE CLASS RTOS Condition cause : null
2023-10-26 13:52:15,981 [WARN] PackLoader:240 - Cannot read IP mode file for STMicroelectronics.X-CUBE-SUBG2.5.0.0
2023-10-26 13:52:16,042 [WARN] PackLoader:240 - Cannot read IP mode file for STMicroelectronics.X-CUBE-TOF1.3.3.1
2023-10-26 13:52:16,134 [WARN] PackLoader:240 - Cannot read IP mode file for STMicroelectronics.X-CUBE-AZRTOS-G4.2.0.0
2023-10-26 13:52:16,176 [WARN] PackLoader:240 - Cannot read IP mode file for Infineon.AIROC-Wi-Fi-Bluetooth-STM32.1.5.1
2023-10-26 13:52:16,311 [WARN] PackLoader:240 - Cannot read IP mode file for STMicroelectronics.X-CUBE-MEMS1.10.0.0
2023-10-26 13:52:16,881 [WARN] PackLoader:240 - Cannot read IP mode file for STMicroelectronics.X-CUBE-FREERTOS.1.1.0
2023-10-26 13:52:16,920 [WARN] PackLoader:240 - Cannot read IP mode file for portGmbH.I-Cube-SoM-uGOAL.1.1.0
2023-10-26 13:52:17,167 [WARN] PackLoader:240 - Cannot read IP mode file for STMicroelectronics.X-CUBE-ALS.1.0.1
2023-10-26 13:52:17,174 [WARN] PackLoader:240 - Cannot read IP mode file for STMicroelectronics.FP-ATR-ASTRA1.2.0.0
2023-10-26 13:52:17,176 [INFO] ThirdParty:978 - Integrity check success = true
2023-10-26 13:52:17,176 [INFO] IntegrityCheckThread:100 - exiting critical section [integrity check]
2023-10-26 13:52:17,176 [INFO] IntegrityCheckThread:103 - End integrity checks thread
2023-10-26 13:52:21,461 [ERROR] LogOutputStream:75 - [STDERR_REDIRECT] SLF4J: Failed to load class "org.slf4j.impl.StaticLoggerBinder".
2023-10-26 13:52:21,462 [ERROR] LogOutputStream:75 - [STDERR_REDIRECT] SLF4J: Defaulting to no-operation (NOP) logger implementation
2023-10-26 13:52:21,462 [ERROR] LogOutputStream:75 - [STDERR_REDIRECT] SLF4J: See http://www.slf4j.org/codes.html#StaticLoggerBinder for further details.
2023-10-26 14:44:41,528 [INFO] Activator:176 - 


2023-10-26 14:44:41,533 [INFO] Activator:177 - !SESSION log4j initialized
2023-10-26 14:44:52,040 [INFO] LogOutputStream:77 - [STDOUT_REDIRECT] 
2023-10-26 14:44:53,920 [ERROR] LogOutputStream:75 - [STDERR_REDIRECT] 
2023-10-26 14:44:55,753 [INFO] LogOutputStream:77 - [STDOUT_REDIRECT] 
2023-10-26 14:44:58,596 [INFO] ApplicationProperties:184 - Using Application install path: /Applications/STMicroelectronics/STM32CubeIDE.app/Contents/Eclipse/plugins/com.st.stm32cube.common.mx_6.9.2.202309101412
2023-10-26 14:44:58,642 [INFO] DbMcusXml:78 - Set database path to: /Applications/STMicroelectronics/STM32CubeIDE.app/Contents/Eclipse/plugins/com.st.stm32cube.common.mx_6.9.2.202309101412//db//mcu/
2023-10-26 14:44:58,642 [INFO] ApiDb:274 - Set plugin database path to: /Applications/STMicroelectronics/STM32CubeIDE.app/Contents/Eclipse/plugins/com.st.stm32cube.common.mx_6.9.2.202309101412//db//plugins/boardmanager/
2023-10-26 14:44:58,643 [WARN] ApiDb:259 - Overriding images path with different value:  => /Applications/STMicroelectronics/STM32CubeIDE.app/Contents/Eclipse/plugins/com.st.stm32cube.common.mx_6.9.2.202309101412//db//plugins/mcufinder/images/
2023-10-26 14:44:58,728 [INFO] ApiDb:250 - Set database path to: /Users/romanlobach/.stmcufinder/plugins/mcufinder//mcu/
2023-10-26 14:44:58,735 [INFO] DbMcusAds:125 - Set database path to: /Users/romanlobach/.stmcufinder/plugins/mcufinder//mcu/
2023-10-26 14:44:58,761 [INFO] CrossReferenceDbSqlite:203 - Set database path to: /Users/romanlobach/.stmcufinder/plugins/mcufinder//mcu/cs/
2023-10-26 14:44:59,227 [INFO] RulesReader:64 - Compatibility file has been processed (293 Rules)
2023-10-26 14:44:59,464 [INFO] DbMcusXml:78 - Set database path to: /Applications/STMicroelectronics/STM32CubeIDE.app/Contents/Eclipse/plugins/com.st.stm32cube.common.mx_6.9.2.202309101412//db//mcu/
2023-10-26 14:44:59,465 [INFO] ApiDb:274 - Set plugin database path to: /Applications/STMicroelectronics/STM32CubeIDE.app/Contents/Eclipse/plugins/com.st.stm32cube.common.mx_6.9.2.202309101412//db//plugins/boardmanager/
2023-10-26 14:44:59,465 [INFO] ApiDb:261 - Set plugin images path to: /Applications/STMicroelectronics/STM32CubeIDE.app/Contents/Eclipse/plugins/com.st.stm32cube.common.mx_6.9.2.202309101412//db//plugins/mcufinder/images/
2023-10-26 14:44:59,466 [WARN] DbFile:41 - Overriding database path with different value: /Users/romanlobach/.stmcufinder/plugins/mcufinder/ => /Users/romanlobach/.stmcufinder/plugins/mcufinder
2023-10-26 14:44:59,466 [INFO] ApiDb:250 - Set database path to: /Users/romanlobach/.stmcufinder/plugins/mcufinder//mcu/
2023-10-26 14:44:59,467 [WARN] DbFile:41 - Overriding database path with different value: /Users/romanlobach/.stmcufinder/plugins/mcufinder/ => /Users/romanlobach/.stmcufinder/plugins/mcufinder
2023-10-26 14:44:59,467 [INFO] DbMcusAds:125 - Set database path to: /Users/romanlobach/.stmcufinder/plugins/mcufinder//mcu/
2023-10-26 14:44:59,468 [WARN] DbFile:41 - Overriding database path with different value: /Users/romanlobach/.stmcufinder/plugins/mcufinder/ => /Users/romanlobach/.stmcufinder/plugins/mcufinder
2023-10-26 14:44:59,468 [WARN] DbFile:41 - Overriding database path with different value: /Users/romanlobach/.stmcufinder/plugins/mcufinder/ => /Users/romanlobach/.stmcufinder/plugins/mcufinder
2023-10-26 14:44:59,468 [INFO] CrossReferenceDbSqlite:203 - Set database path to: /Users/romanlobach/.stmcufinder/plugins/mcufinder//mcu/cs/
2023-10-26 14:44:59,767 [INFO] MainPanel:262 - HeapMemory: 268435456
2023-10-26 14:45:00,112 [INFO] DbMcusXml:78 - Set database path to: /Applications/STMicroelectronics/STM32CubeIDE.app/Contents/Eclipse/plugins/com.st.stm32cube.common.mx_6.9.2.202309101412//db//mcu/
2023-10-26 14:45:00,118 [INFO] ApiDb:274 - Set plugin database path to: /Applications/STMicroelectronics/STM32CubeIDE.app/Contents/Eclipse/plugins/com.st.stm32cube.common.mx_6.9.2.202309101412//db//plugins/boardmanager/
2023-10-26 14:45:00,119 [INFO] ApiDb:261 - Set plugin images path to: /Applications/STMicroelectronics/STM32CubeIDE.app/Contents/Eclipse/plugins/com.st.stm32cube.common.mx_6.9.2.202309101412//db//plugins/mcufinder/images/
2023-10-26 14:45:00,121 [WARN] DbFile:41 - Overriding database path with different value: /Users/romanlobach/.stmcufinder/plugins/mcufinder/ => /Users/romanlobach/.stmcufinder/plugins/mcufinder
2023-10-26 14:45:00,121 [INFO] ApiDb:250 - Set database path to: /Users/romanlobach/.stmcufinder/plugins/mcufinder//mcu/
2023-10-26 14:45:00,121 [WARN] DbFile:41 - Overriding database path with different value: /Users/romanlobach/.stmcufinder/plugins/mcufinder/ => /Users/romanlobach/.stmcufinder/plugins/mcufinder
2023-10-26 14:45:00,121 [INFO] DbMcusAds:125 - Set database path to: /Users/romanlobach/.stmcufinder/plugins/mcufinder//mcu/
2023-10-26 14:45:00,121 [WARN] DbFile:41 - Overriding database path with different value: /Users/romanlobach/.stmcufinder/plugins/mcufinder/ => /Users/romanlobach/.stmcufinder/plugins/mcufinder
2023-10-26 14:45:00,122 [WARN] DbFile:41 - Overriding database path with different value: /Users/romanlobach/.stmcufinder/plugins/mcufinder/ => /Users/romanlobach/.stmcufinder/plugins/mcufinder
2023-10-26 14:45:00,122 [INFO] CrossReferenceDbSqlite:203 - Set database path to: /Users/romanlobach/.stmcufinder/plugins/mcufinder//mcu/cs/
2023-10-26 14:45:00,163 [INFO] ApplicationProperties:184 - Using Application install path: /Applications/STMicroelectronics/STM32CubeIDE.app/Contents/Eclipse/plugins/com.st.stm32cube.common.mx_6.9.2.202309101412
2023-10-26 14:45:00,165 [INFO] PluginManage:196 - Search for loadable plugins [exclusion list=, ]
2023-10-26 14:45:00,170 [INFO] PluginManage:310 - Check plugin analytics
2023-10-26 14:45:00,714 [INFO] AnalyticsPlugin:253 - Accepted Software Licenses: STM32CubeMX.6.9.1,STM32CubeMX.6.9.2
2023-10-26 14:45:00,715 [INFO] AnalyticsPlugin:255 - Accepted CMSIS Pack Licenses: 
2023-10-26 14:45:00,715 [INFO] AnalyticsPlugin:257 - Accepted Firmware Licenses: FW.F7.1.17.0
2023-10-26 14:45:00,722 [INFO] PluginManage:359 - Loaded plugin analytics (category:tool,tabindex:-1)
2023-10-26 14:45:00,724 [INFO] PluginManage:310 - Check plugin cadmodel
2023-10-26 14:45:02,986 [INFO] CADModel:105 - Init CAD model plugin
2023-10-26 14:45:02,986 [INFO] PluginManage:359 - Loaded plugin cadmodel (category:power,tabindex:5)
2023-10-26 14:45:02,986 [INFO] PluginManage:310 - Check plugin clock
2023-10-26 14:45:03,012 [INFO] PluginManage:359 - Loaded plugin clock (category:base,tabindex:2)
2023-10-26 14:45:03,013 [INFO] PluginManage:310 - Check plugin ddr
2023-10-26 14:45:03,023 [INFO] PluginManage:359 - Loaded plugin ddr (category:tool,tabindex:6)
2023-10-26 14:45:03,023 [INFO] PluginManage:310 - Check plugin filemanager
2023-10-26 14:45:03,382 [INFO] PluginManage:359 - Loaded plugin filemanager (category:base,tabindex:10)
2023-10-26 14:45:03,383 [INFO] PluginManage:310 - Check plugin ipmanager
2023-10-26 14:45:03,398 [INFO] PluginManage:359 - Loaded plugin ipmanager (category:base,tabindex:5)
2023-10-26 14:45:03,398 [INFO] PluginManage:310 - Check plugin lpbam
2023-10-26 14:45:03,439 [INFO] PluginManage:359 - Loaded plugin lpbam (category:base,tabindex:0)
2023-10-26 14:45:03,439 [INFO] PluginManage:310 - Check plugin memorymap
2023-10-26 14:45:03,489 [INFO] PluginManage:359 - Loaded plugin memorymap (category:base,tabindex:4)
2023-10-26 14:45:03,490 [INFO] PluginManage:310 - Check plugin pinoutandconfiguration
2023-10-26 14:45:03,513 [INFO] PluginManage:359 - Loaded plugin pinoutandconfiguration (category:base,tabindex:1)
2023-10-26 14:45:03,513 [INFO] PluginManage:310 - Check plugin pinoutconfig
2023-10-26 14:45:03,768 [WARN] SupportedApi:132 - Cannot load RTOS API schema: s4s-elt-must-match.1: The content of 'definitions' must match (annotation?, (simpleType | complexType)?, (unique | key | keyref)*)). A problem was found starting at: attribute.
2023-10-26 14:45:04,118 [INFO] PluginManage:359 - Loaded plugin pinoutconfig (category:base,tabindex:0)
2023-10-26 14:45:04,118 [INFO] PluginManage:310 - Check plugin power
2023-10-26 14:45:04,150 [INFO] PluginManage:359 - Loaded plugin power (category:power,tabindex:4)
2023-10-26 14:45:04,151 [INFO] PluginManage:310 - Check plugin projectmanager
2023-10-26 14:45:04,186 [INFO] PluginManage:359 - Loaded plugin projectmanager (category:projectmanager,tabindex:3)
2023-10-26 14:45:04,187 [INFO] PluginManage:310 - Check plugin thirdparty
2023-10-26 14:45:04,517 [WARN] IntegrityCheckThread:84 - waiting for thirdparty lock release [integrity check]
2023-10-26 14:45:04,518 [INFO] PluginManage:359 - Loaded plugin thirdparty (category:base,tabindex:-1)
2023-10-26 14:45:04,518 [INFO] IntegrityCheckThread:86 - entering critical section [integrity check]
2023-10-26 14:45:04,518 [INFO] PluginManage:310 - Check plugin tools
2023-10-26 14:45:04,519 [INFO] ThirdPartyUpdaterWithRetryManager:70 - Updater plugin not ready yet. [1/15]
2023-10-26 14:45:04,522 [INFO] PluginManage:359 - Loaded plugin tools (category:base,tabindex:7)
2023-10-26 14:45:04,522 [INFO] PluginManage:310 - Check plugin tutovideos
2023-10-26 14:45:05,187 [INFO] PluginManage:359 - Loaded plugin tutovideos (category:base,tabindex:-1)
2023-10-26 14:45:05,188 [INFO] PluginManage:310 - Check plugin updater
2023-10-26 14:45:05,231 [INFO] PluginManage:359 - Loaded plugin updater (category:base,tabindex:12)
2023-10-26 14:45:05,231 [INFO] PluginManage:310 - Check plugin userauth
2023-10-26 14:45:05,252 [INFO] UserAuth:113 - Init User Auth plugin
2023-10-26 14:45:05,252 [INFO] PluginManage:359 - Loaded plugin userauth (category:base,tabindex:14)
2023-10-26 14:45:05,256 [INFO] PluginManage:283 - PluginManage : Loaded plugins [17]
2023-10-26 14:45:05,903 [INFO] PinOutPanel:1499 - setPackage(No Configuration,No Configuration)
2023-10-26 14:45:06,290 [INFO] CADModel:165 - CPN selected for project level
2023-10-26 14:45:06,290 [INFO] CADModel:114 - Register for checkConnection events
2023-10-26 14:45:06,327 [INFO] IPUIPlugin:80 - create IPUIPlugin
2023-10-26 14:45:06,330 [INFO] PluginManager:220 - loadIPPluginJar : add mdma
2023-10-26 14:45:06,344 [INFO] IPUIPlugin:80 - create IPUIPlugin
2023-10-26 14:45:06,344 [INFO] PluginManager:220 - loadIPPluginJar : add freertos
2023-10-26 14:45:06,372 [INFO] IPUIPlugin:80 - create IPUIPlugin
2023-10-26 14:45:06,372 [INFO] PluginManager:220 - loadIPPluginJar : add gic
2023-10-26 14:45:06,399 [INFO] IPUIPlugin:80 - create IPUIPlugin
2023-10-26 14:45:06,399 [INFO] PluginManager:220 - loadIPPluginJar : add adc
2023-10-26 14:45:06,406 [INFO] IPUIPlugin:80 - create IPUIPlugin
2023-10-26 14:45:06,406 [INFO] PluginManager:220 - loadIPPluginJar : add gtzc
2023-10-26 14:45:06,409 [INFO] IPUIPlugin:80 - create IPUIPlugin
2023-10-26 14:45:06,409 [INFO] PluginManager:220 - loadIPPluginJar : add quadspi
2023-10-26 14:45:06,414 [INFO] IPUIPlugin:80 - create IPUIPlugin
2023-10-26 14:45:06,414 [INFO] PluginManager:220 - loadIPPluginJar : add aes
2023-10-26 14:45:06,422 [INFO] IPUIPlugin:80 - create IPUIPlugin
2023-10-26 14:45:06,422 [INFO] PluginManager:220 - loadIPPluginJar : add pdm2pcm
2023-10-26 14:45:06,426 [INFO] IPUIPlugin:80 - create IPUIPlugin
2023-10-26 14:45:06,426 [INFO] PluginManager:220 - loadIPPluginJar : add hash
2023-10-26 14:45:06,430 [INFO] IPUIPlugin:80 - create IPUIPlugin
2023-10-26 14:45:06,430 [INFO] PluginManager:220 - loadIPPluginJar : add tim
2023-10-26 14:45:06,433 [INFO] IPUIPlugin:80 - create IPUIPlugin
2023-10-26 14:45:06,434 [INFO] PluginManager:220 - loadIPPluginJar : add tsc
2023-10-26 14:45:06,441 [INFO] IPUIPlugin:80 - create IPUIPlugin
2023-10-26 14:45:06,441 [INFO] PluginManager:220 - loadIPPluginJar : add ts
2023-10-26 14:45:06,449 [INFO] IPUIPlugin:80 - create IPUIPlugin
2023-10-26 14:45:06,449 [INFO] PluginManager:220 - loadIPPluginJar : add can
2023-10-26 14:45:06,456 [INFO] IPUIPlugin:80 - create IPUIPlugin
2023-10-26 14:45:06,457 [INFO] PluginManager:220 - loadIPPluginJar : add dma3
2023-10-26 14:45:06,463 [INFO] IPUIPlugin:80 - create IPUIPlugin
2023-10-26 14:45:06,463 [INFO] PluginManager:220 - loadIPPluginJar : add dfsdm
2023-10-26 14:45:06,469 [INFO] IPUIPlugin:80 - create IPUIPlugin
2023-10-26 14:45:06,469 [INFO] PluginManager:220 - loadIPPluginJar : add spi
2023-10-26 14:45:06,474 [INFO] IPUIPlugin:80 - create IPUIPlugin
2023-10-26 14:45:06,474 [INFO] PluginManager:220 - loadIPPluginJar : add gfxmmu
2023-10-26 14:45:06,478 [INFO] IPUIPlugin:80 - create IPUIPlugin
2023-10-26 14:45:06,478 [INFO] PluginManager:220 - loadIPPluginJar : add genericplugin
2023-10-26 14:45:06,485 [INFO] IPUIPlugin:80 - create IPUIPlugin
2023-10-26 14:45:06,485 [INFO] PluginManager:220 - loadIPPluginJar : add cryp
2023-10-26 14:45:06,503 [INFO] IPUIPlugin:80 - create IPUIPlugin
2023-10-26 14:45:06,503 [INFO] PluginManager:220 - loadIPPluginJar : add gpio
2023-10-26 14:45:06,506 [INFO] IPUIPlugin:80 - create IPUIPlugin
2023-10-26 14:45:06,506 [INFO] PluginManager:220 - loadIPPluginJar : add comp
2023-10-26 14:45:06,510 [INFO] IPUIPlugin:80 - create IPUIPlugin
2023-10-26 14:45:06,510 [INFO] PluginManager:220 - loadIPPluginJar : add tracer_emb
2023-10-26 14:45:06,515 [INFO] IPUIPlugin:80 - create IPUIPlugin
2023-10-26 14:45:06,516 [INFO] PluginManager:220 - loadIPPluginJar : add openamp
2023-10-26 14:45:06,525 [INFO] IPUIPlugin:80 - create IPUIPlugin
2023-10-26 14:45:06,525 [INFO] PluginManager:220 - loadIPPluginJar : add stm32_wpan
2023-10-26 14:45:06,541 [INFO] IPUIPlugin:80 - create IPUIPlugin
2023-10-26 14:45:06,546 [INFO] PluginManager:220 - loadIPPluginJar : add plateformsettings
2023-10-26 14:45:06,555 [INFO] IPUIPlugin:80 - create IPUIPlugin
2023-10-26 14:45:06,555 [INFO] PluginManager:220 - loadIPPluginJar : add ipddr
2023-10-26 14:45:06,561 [INFO] IPUIPlugin:80 - create IPUIPlugin
2023-10-26 14:45:06,561 [INFO] PluginManager:220 - loadIPPluginJar : add usart
2023-10-26 14:45:06,564 [INFO] IPUIPlugin:80 - create IPUIPlugin
2023-10-26 14:45:06,564 [INFO] PluginManager:220 - loadIPPluginJar : add ltdc
2023-10-26 14:45:06,575 [INFO] IPUIPlugin:80 - create IPUIPlugin
2023-10-26 14:45:06,575 [INFO] PluginManager:220 - loadIPPluginJar : add nvic
2023-10-26 14:45:06,578 [INFO] IPUIPlugin:80 - create IPUIPlugin
2023-10-26 14:45:06,578 [INFO] PluginManager:220 - loadIPPluginJar : add fatfs
2023-10-26 14:45:06,606 [INFO] IPUIPlugin:80 - create IPUIPlugin
2023-10-26 14:45:06,606 [INFO] PluginManager:220 - loadIPPluginJar : add linkedlist
2023-10-26 14:45:06,616 [INFO] IPUIPlugin:80 - create IPUIPlugin
2023-10-26 14:45:06,616 [INFO] PluginManager:220 - loadIPPluginJar : add dma
2023-10-26 14:45:06,626 [INFO] IPUIPlugin:80 - create IPUIPlugin
2023-10-26 14:45:06,626 [INFO] PluginManager:220 - loadIPPluginJar : add fmc
2023-10-26 14:45:06,631 [INFO] IPUIPlugin:80 - create IPUIPlugin
2023-10-26 14:45:06,632 [INFO] PluginManager:220 - loadIPPluginJar : add i2s
2023-10-26 14:45:06,635 [INFO] IPUIPlugin:80 - create IPUIPlugin
2023-10-26 14:45:06,635 [INFO] PluginManager:220 - loadIPPluginJar : add ucpd
2023-10-26 14:45:06,640 [INFO] IPUIPlugin:80 - create IPUIPlugin
2023-10-26 14:45:06,640 [INFO] PluginManager:220 - loadIPPluginJar : add lorawan
2023-10-26 14:45:06,646 [INFO] IPUIPlugin:80 - create IPUIPlugin
2023-10-26 14:45:06,647 [INFO] PluginManager:220 - loadIPPluginJar : add opamp
2023-10-26 14:45:06,654 [INFO] IPUIPlugin:80 - create IPUIPlugin
2023-10-26 14:45:06,654 [INFO] PluginManager:220 - loadIPPluginJar : add i3c
2023-10-26 14:45:06,662 [INFO] IPUIPlugin:80 - create IPUIPlugin
2023-10-26 14:45:06,662 [INFO] PluginManager:220 - loadIPPluginJar : add touchsensing
2023-10-26 14:45:06,667 [INFO] IPUIPlugin:80 - create IPUIPlugin
2023-10-26 14:45:06,667 [INFO] PluginManager:220 - loadIPPluginJar : add i2c
2023-10-26 14:45:06,675 [INFO] IPUIPlugin:80 - create IPUIPlugin
2023-10-26 14:45:06,675 [INFO] PluginManager:220 - loadIPPluginJar : add resmgrutility
2023-10-26 14:45:06,682 [INFO] IPUIPlugin:80 - create IPUIPlugin
2023-10-26 14:45:06,682 [INFO] PluginManager:220 - loadIPPluginJar : add sai
2023-10-26 14:45:06,691 [INFO] IPUIPlugin:80 - create IPUIPlugin
2023-10-26 14:45:06,691 [INFO] PluginManager:220 - loadIPPluginJar : add usbx
2023-10-26 14:45:06,841 [INFO] CADModel:165 - CPN selected for project level
2023-10-26 14:45:06,841 [INFO] CADModel:114 - Register for checkConnection events
2023-10-26 14:45:06,842 [FATAL] Updater:308 - Updater called before beeing initialized
2023-10-26 14:45:06,842 [ERROR] CADModel:125 - Updater not yet initialized, retry later 
2023-10-26 14:45:07,236 [INFO] CADModel:165 - CPN selected for project level
2023-10-26 14:45:07,236 [INFO] CADModel:114 - Register for checkConnection events
2023-10-26 14:45:07,236 [FATAL] Updater:308 - Updater called before beeing initialized
2023-10-26 14:45:07,236 [ERROR] CADModel:125 - Updater not yet initialized, retry later 
2023-10-26 14:45:07,244 [FATAL] Updater:308 - Updater called before beeing initialized
2023-10-26 14:45:07,511 [FATAL] Updater:308 - Updater called before beeing initialized
2023-10-26 14:45:07,525 [INFO] ThirdPartyUpdaterWithRetryManager:70 - Updater plugin not ready yet. [2/15]
2023-10-26 14:45:07,529 [INFO] DbMcusAds:53 - JSON generation date=Tue Mar 07 10:50:55 EET 2023 (1678179055114)
2023-10-26 14:45:07,529 [FATAL] Updater:308 - Updater called before beeing initialized
2023-10-26 14:45:07,661 [WARN] DetailPanel:346 - Failed to get advertising image, set to default
2023-10-26 14:45:07,875 [FATAL] Updater:308 - Updater called before beeing initialized
2023-10-26 14:45:07,882 [FATAL] Updater:308 - Updater called before beeing initialized
2023-10-26 14:45:07,882 [FATAL] Updater:308 - Updater called before beeing initialized
2023-10-26 14:45:07,882 [WARN] DetailPanel:346 - Failed to get advertising image, set to default
2023-10-26 14:45:07,884 [FATAL] Updater:308 - Updater called before beeing initialized
2023-10-26 14:45:07,954 [ERROR] Updater:1120 - MainUpdater not yet initialized. External WinMGr cannot be set.
2023-10-26 14:45:08,036 [INFO] Updater:1056 - Updater Version found : 6.9.2
2023-10-26 14:45:08,096 [INFO] ApplicationProperties:184 - Using Application install path: /Applications/STMicroelectronics/STM32CubeIDE.app/Contents/Eclipse/plugins/com.st.stm32cube.common.mx_6.9.2.202309101412
2023-10-26 14:45:08,645 [INFO] MainUpdater:2868 - connection check result : 10
2023-10-26 14:45:08,646 [INFO] MainUpdater:285 - Updater Check For Update Now.
2023-10-26 14:45:08,646 [INFO] MicroXplorer:498 - Change Database Version : DB.6.0.92
2023-10-26 14:45:08,666 [INFO] McuFinderGlobals:63 - Set McuFinder mode to 2 (CubeIDE integrated)
2023-10-26 14:45:08,900 [INFO] CheckServerUpdateThread:120 - End of CheckServer Thread
2023-10-26 14:45:10,875 [WARN] PackLoader:240 - Cannot read IP mode file for STMicroelectronics.X-CUBE-SMBUS.2.1.0
2023-10-26 14:45:10,947 [WARN] PackLoader:240 - Cannot read IP mode file for STMicroelectronics.X-CUBE-AZRTOS-F7.1.1.0
2023-10-26 14:45:10,973 [WARN] PackLoader:240 - Cannot read IP mode file for STMicroelectronics.FP-SNS-MOTENV1.4.3.2
2023-10-26 14:45:11,017 [WARN] PackLoader:240 - Cannot read IP mode file for STMicroelectronics.FP-SNS-FLIGHT1.5.0.2
2023-10-26 14:45:11,039 [WARN] PackLoader:240 - Cannot read IP mode file for STMicroelectronics.X-CUBE-DISPLAY.3.0.0
2023-10-26 14:45:11,072 [WARN] PackLoader:240 - Cannot read IP mode file for STMicroelectronics.X-CUBE-BLE1.7.0.0
2023-10-26 14:45:11,081 [WARN] PackLoader:240 - Cannot read IP mode file for emotas.I-CUBE-CANOPEN.1.3.0
2023-10-26 14:45:11,091 [WARN] PackLoader:240 - Cannot read IP mode file for STMicroelectronics.X-CUBE-TOUCHGFX.4.22.0
2023-10-26 14:45:11,095 [WARN] PackLoader:240 - Cannot read IP mode file for STMicroelectronics.X-CUBE-TOUCHGFX.4.22.1
2023-10-26 14:45:11,117 [WARN] PackLoader:240 - Cannot read IP mode file for STMicroelectronics.FP-SNS-SMARTAG2.1.2.0
2023-10-26 14:45:11,135 [INFO] LogOutputStream:77 - [STDOUT_REDIRECT] 1 : Invalid condition id : UX_CORESTACK_Condition cause : null
2023-10-26 14:45:11,136 [INFO] LogOutputStream:77 - [STDOUT_REDIRECT] 1 : Invalid condition id : UX_CORESTACK_Condition cause : null
2023-10-26 14:45:11,137 [INFO] LogOutputStream:77 - [STDOUT_REDIRECT] 1 : Invalid condition id : UX_CORESTACK_Condition cause : null
2023-10-26 14:45:11,137 [INFO] LogOutputStream:77 - [STDOUT_REDIRECT] 1 : Invalid condition id : UX_CORESTACK_Condition cause : null
2023-10-26 14:45:11,138 [INFO] LogOutputStream:77 - [STDOUT_REDIRECT] 1 : Invalid condition id : UX_CORESTACK_Condition cause : null
2023-10-26 14:45:11,162 [WARN] PackLoader:240 - Cannot read IP mode file for STMicroelectronics.X-CUBE-AZRTOS-WL.2.0.0
2023-10-26 14:45:11,182 [WARN] PackLoader:240 - Cannot read IP mode file for WES.I-CUBE-Cesium.1.3.0
2023-10-26 14:45:11,195 [WARN] PackLoader:240 - Cannot read IP mode file for STMicroelectronics.X-CUBE-BLE2.3.3.0
2023-10-26 14:45:11,209 [WARN] PackLoader:240 - Cannot read IP mode file for STMicroelectronics.X-CUBE-ALGOBUILD.1.3.0
2023-10-26 14:45:11,255 [WARN] PackLoader:240 - Cannot read IP mode file for STMicroelectronics.X-CUBE-AZRTOS-G0.1.1.0
2023-10-26 14:45:11,308 [WARN] PackLoader:240 - Cannot read IP mode file for STMicroelectronics.X-CUBE-NFC4.3.0.0
2023-10-26 14:45:11,331 [WARN] PackLoader:240 - Cannot read IP mode file for STMicroelectronics.FP-ATR-SIGFOX1.3.2.0
2023-10-26 14:45:11,698 [WARN] PackLoader:240 - Cannot read IP mode file for SEGGER.I-CUBE-embOS.1.3.1
2023-10-26 14:45:11,880 [WARN] PackLoader:240 - Cannot read IP mode file for STMicroelectronics.X-CUBE-GNSS1.6.0.0
2023-10-26 14:45:12,040 [WARN] PackLoader:240 - Cannot read IP mode file for STMicroelectronics.X-CUBE-AZRTOS-F4.1.1.0
2023-10-26 14:45:12,070 [WARN] PackLoader:240 - Cannot read IP mode file for wolfSSL.I-CUBE-wolfSSL.5.6.3
2023-10-26 14:45:12,147 [WARN] PackLoader:240 - Cannot read IP mode file for STMicroelectronics.X-CUBE-AZRTOS-L5.2.0.0
2023-10-26 14:45:12,377 [WARN] PackLoader:240 - Cannot read IP mode file for STMicroelectronics.X-CUBE-MEMS1.9.6.0
2023-10-26 14:45:13,300 [WARN] PackLoader:240 - Cannot read IP mode file for STMicroelectronics.X-CUBE-EEPRMA1.4.2.0
2023-10-26 14:45:13,320 [WARN] PackLoader:240 - Cannot read IP mode file for ITTIA_DB.I-CUBE-ITTIADB.8.8.0
2023-10-26 14:45:13,364 [WARN] PackLoader:240 - Cannot read IP mode file for STMicroelectronics.X-CUBE-BLEMGR.2.0.0
2023-10-26 14:45:13,458 [WARN] ConditionMgr:438 - getConditionDescription Invalid condition id : UX DEVICE CLASS RTOS Condition cause : null
2023-10-26 14:45:13,459 [WARN] ConditionMgr:438 - getConditionDescription Invalid condition id : UX DEVICE CLASS RTOS Condition cause : null
2023-10-26 14:45:13,474 [WARN] PackLoader:240 - Cannot read IP mode file for STMicroelectronics.X-CUBE-AZRTOS-H7.3.1.0
2023-10-26 14:45:13,477 [WARN] ConditionMgr:1039 - genDependencies : Invalid condition id : UX DEVICE CLASS RTOS Condition cause : null
2023-10-26 14:45:13,478 [WARN] ConditionMgr:1039 - genDependencies : Invalid condition id : UX DEVICE CLASS RTOS Condition cause : null
2023-10-26 14:45:13,481 [WARN] ConditionMgr:1039 - genDependencies : Invalid condition id : UX DEVICE CLASS RTOS Condition cause : null
2023-10-26 14:45:13,483 [WARN] ConditionMgr:1039 - genDependencies : Invalid condition id : UX DEVICE CLASS RTOS Condition cause : null
2023-10-26 14:45:13,484 [WARN] ConditionMgr:1039 - genDependencies : Invalid condition id : UX DEVICE CLASS RTOS Condition cause : null
2023-10-26 14:45:13,512 [WARN] PackLoader:240 - Cannot read IP mode file for STMicroelectronics.X-CUBE-NFC7.1.0.1
2023-10-26 14:45:13,539 [WARN] PackLoader:240 - Cannot read IP mode file for STMicroelectronics.X-CUBE-NFC6.3.0.0
2023-10-26 14:45:13,581 [WARN] PackLoader:240 - Cannot read IP mode file for STMicroelectronics.X-CUBE-EEPRMA1.4.1.0
2023-10-26 14:45:13,594 [WARN] PackLoader:240 - Cannot read IP mode file for STMicroelectronics.X-CUBE-AI.8.1.0
2023-10-26 14:45:13,645 [WARN] ConditionMgr:438 - getConditionDescription Invalid condition id : LAN8742 Phy interface Condition cause : null
2023-10-26 14:45:13,681 [WARN] PackLoader:240 - Cannot read IP mode file for STMicroelectronics.X-CUBE-AZRTOS-L4.2.0.0
2023-10-26 14:45:13,682 [WARN] ConditionMgr:1039 - genDependencies : Invalid condition id : LAN8742 Phy interface Condition cause : null
2023-10-26 14:45:13,687 [WARN] ConditionMgr:1039 - genDependencies : Invalid condition id : LAN8742 Phy interface Condition cause : null
2023-10-26 14:45:13,689 [WARN] ConditionMgr:1039 - genDependencies : Invalid condition id : LAN8742 Phy interface Condition cause : null
2023-10-26 14:45:13,706 [WARN] PackLoader:240 - Cannot read IP mode file for STMicroelectronics.X-CUBE-SFXS2LP1.4.0.0
2023-10-26 14:45:13,728 [WARN] PackLoader:240 - Cannot read IP mode file for STMicroelectronics.X-CUBE-ISPU.1.1.0
2023-10-26 14:45:13,780 [WARN] ConditionMgr:438 - getConditionDescription Invalid condition id : UX DEVICE CLASS RTOS Condition cause : null
2023-10-26 14:45:13,781 [WARN] ConditionMgr:438 - getConditionDescription Invalid condition id : UX DEVICE CLASS RTOS Condition cause : null
2023-10-26 14:45:13,787 [WARN] PackLoader:240 - Cannot read IP mode file for STMicroelectronics.X-CUBE-AZRTOS-WB.2.0.0
2023-10-26 14:45:13,789 [WARN] ConditionMgr:1039 - genDependencies : Invalid condition id : UX DEVICE CLASS RTOS Condition cause : null
2023-10-26 14:45:13,789 [WARN] ConditionMgr:1039 - genDependencies : Invalid condition id : UX DEVICE CLASS RTOS Condition cause : null
2023-10-26 14:45:13,790 [WARN] ConditionMgr:1039 - genDependencies : Invalid condition id : UX DEVICE CLASS RTOS Condition cause : null
2023-10-26 14:45:13,791 [WARN] ConditionMgr:1039 - genDependencies : Invalid condition id : UX DEVICE CLASS RTOS Condition cause : null
2023-10-26 14:45:13,791 [WARN] ConditionMgr:1039 - genDependencies : Invalid condition id : UX DEVICE CLASS RTOS Condition cause : null
2023-10-26 14:45:13,819 [WARN] PackLoader:240 - Cannot read IP mode file for STMicroelectronics.X-CUBE-SUBG2.5.0.0
2023-10-26 14:45:13,962 [WARN] PackLoader:240 - Cannot read IP mode file for STMicroelectronics.X-CUBE-TOF1.3.3.1
2023-10-26 14:45:14,097 [WARN] PackLoader:240 - Cannot read IP mode file for STMicroelectronics.X-CUBE-AZRTOS-G4.2.0.0
2023-10-26 14:45:14,156 [WARN] PackLoader:240 - Cannot read IP mode file for Infineon.AIROC-Wi-Fi-Bluetooth-STM32.1.5.1
2023-10-26 14:45:14,371 [WARN] PackLoader:240 - Cannot read IP mode file for STMicroelectronics.X-CUBE-MEMS1.10.0.0
2023-10-26 14:45:14,834 [WARN] PackLoader:240 - Cannot read IP mode file for STMicroelectronics.X-CUBE-FREERTOS.1.1.0
2023-10-26 14:45:14,847 [WARN] PackLoader:240 - Cannot read IP mode file for portGmbH.I-Cube-SoM-uGOAL.1.1.0
2023-10-26 14:45:15,135 [WARN] PackLoader:240 - Cannot read IP mode file for STMicroelectronics.X-CUBE-ALS.1.0.1
2023-10-26 14:45:15,178 [WARN] PackLoader:240 - Cannot read IP mode file for STMicroelectronics.FP-ATR-ASTRA1.2.0.0
2023-10-26 14:45:15,185 [INFO] ThirdParty:978 - Integrity check success = true
2023-10-26 14:45:15,185 [INFO] IntegrityCheckThread:100 - exiting critical section [integrity check]
2023-10-26 14:45:15,185 [INFO] IntegrityCheckThread:103 - End integrity checks thread
2023-10-26 14:45:15,437 [ERROR] LogOutputStream:75 - [STDERR_REDIRECT] SLF4J: Failed to load class "org.slf4j.impl.StaticLoggerBinder".
2023-10-26 14:45:15,438 [ERROR] LogOutputStream:75 - [STDERR_REDIRECT] SLF4J: Defaulting to no-operation (NOP) logger implementation
2023-10-26 14:45:15,439 [ERROR] LogOutputStream:75 - [STDERR_REDIRECT] SLF4J: See http://www.slf4j.org/codes.html#StaticLoggerBinder for further details.
2023-10-26 21:23:41,488 [INFO] McuFinderGlobals:63 - Set McuFinder mode to 2 (CubeIDE integrated)
2023-10-26 21:23:41,982 [INFO] MainUpdater:2868 - connection check result : 10
2023-10-26 21:23:41,988 [INFO] MainUpdater:2868 - connection check result : 10
2023-10-26 21:23:42,695 [INFO] MicroXplorer:468 - Change Database Path : 
2023-10-26 21:23:42,696 [INFO] MicroXplorer:498 - Change Database Version : DB.6.0.92
2023-10-26 21:23:42,707 [WARN] ThirdParty:871 - waiting for thirdparty lock release [close project]
2023-10-26 21:23:42,707 [INFO] ThirdParty:873 - entering critical section [close project]
2023-10-26 21:23:42,710 [INFO] ThirdParty:883 - exiting critical section [close project]
2023-10-26 21:23:42,719 [INFO] PinOutPanel:1499 - setPackage(No Configuration,No Configuration)
2023-10-26 21:23:42,740 [INFO] UtilMem:75 - Begin LoadConfig() Used Memory: 189002184 Bytes (434110464)
2023-10-26 21:23:42,742 [INFO] MicroXplorer:468 - Change Database Path : 
2023-10-26 21:23:42,743 [INFO] MicroXplorer:498 - Change Database Version : DB.6.0.92
2023-10-26 21:23:42,743 [INFO] OpenFileManager:308 - Change cursor
2023-10-26 21:23:42,804 [INFO] Mcu:1946 - Initializing MCU STM32F303K(6-8)Tx STM32F303K8Tx STM32F303K8T6
2023-10-26 21:23:44,949 [INFO] Context:659 - Trying to add GPIOservice into a context  which must be forbidden
2023-10-26 21:23:46,027 [INFO] RtosManager:555 - Registered RTOS mode: class=CMSIS, group=RTOS, mode=CMSIS_V1, owner=FREERTOS
2023-10-26 21:23:46,027 [INFO] RtosManager:555 - Registered RTOS mode: class=CMSIS, group=RTOS2, mode=CMSIS_V2, owner=FREERTOS
2023-10-26 21:23:46,027 [INFO] RtosManager:555 - Registered RTOS mode: class=RTOS, group=Core, mode=CMSIS_V1, owner=FREERTOS
2023-10-26 21:23:46,027 [INFO] RtosManager:555 - Registered RTOS mode: class=RTOS, group=Core, mode=CMSIS_V2, owner=FREERTOS
2023-10-26 21:23:46,028 [WARN] ModelIntegratedComponent:184 - Missing modes for component STMicroelectronics:FreeRTOS:0.0.1:STMicroelectronics:RTOS:FreeRTOS:Core:::10.2.0:
2023-10-26 21:23:46,047 [WARN] ModelIntegratedComponent:63 - No mode defined for component null
2023-10-26 21:23:46,047 [WARN] ModelIntegratedComponent:63 - No mode defined for component null
2023-10-26 21:23:46,048 [WARN] ModelIntegratedComponent:63 - No mode defined for component null
2023-10-26 21:23:46,048 [WARN] ModelIntegratedComponent:63 - No mode defined for component null
2023-10-26 21:23:46,048 [WARN] ModelIntegratedComponent:63 - No mode defined for component null
2023-10-26 21:23:46,048 [WARN] ModelIntegratedComponent:63 - No mode defined for component null
2023-10-26 21:23:46,048 [WARN] ModelIntegratedComponent:63 - No mode defined for component null
2023-10-26 21:23:46,048 [WARN] ModelIntegratedComponent:63 - No mode defined for component null
2023-10-26 21:23:46,049 [WARN] ModelIntegratedComponent:63 - No mode defined for component null
2023-10-26 21:23:46,049 [WARN] ModelIntegratedComponent:63 - No mode defined for component null
2023-10-26 21:23:46,049 [WARN] ModelIntegratedComponent:63 - No mode defined for component null
2023-10-26 21:23:46,049 [WARN] ModelIntegratedComponent:63 - No mode defined for component null
2023-10-26 21:23:46,049 [WARN] ModelIntegratedComponent:63 - No mode defined for component null
2023-10-26 21:23:46,049 [WARN] ModelIntegratedComponent:63 - No mode defined for component null
2023-10-26 21:23:46,049 [WARN] ModelIntegratedComponent:63 - No mode defined for component null
2023-10-26 21:23:46,049 [WARN] ModelIntegratedComponent:63 - No mode defined for component null
2023-10-26 21:23:46,049 [WARN] ModelIntegratedComponent:63 - No mode defined for component null
2023-10-26 21:23:46,050 [WARN] ModelIntegratedComponent:63 - No mode defined for component null
2023-10-26 21:23:46,050 [WARN] ModelIntegratedComponent:63 - No mode defined for component null
2023-10-26 21:23:46,050 [WARN] ModelIntegratedComponent:63 - No mode defined for component null
2023-10-26 21:23:46,050 [WARN] ModelIntegratedComponent:63 - No mode defined for component null
2023-10-26 21:23:46,050 [WARN] ModelIntegratedComponent:63 - No mode defined for component null
2023-10-26 21:23:46,050 [WARN] ModelIntegratedComponent:63 - No mode defined for component null
2023-10-26 21:23:46,050 [WARN] ModelIntegratedComponent:63 - No mode defined for component null
2023-10-26 21:23:46,050 [WARN] ModelIntegratedComponent:63 - No mode defined for component null
2023-10-26 21:23:46,051 [WARN] ModelIntegratedComponent:63 - No mode defined for component null
2023-10-26 21:23:46,051 [WARN] ModelIntegratedComponent:63 - No mode defined for component null
2023-10-26 21:23:46,051 [WARN] ModelIntegratedComponent:63 - No mode defined for component null
2023-10-26 21:23:46,051 [WARN] ModelIntegratedComponent:63 - No mode defined for component null
2023-10-26 21:23:46,051 [WARN] ModelIntegratedComponent:63 - No mode defined for component null
2023-10-26 21:23:46,051 [WARN] ModelIntegratedComponent:63 - No mode defined for component null
2023-10-26 21:23:46,051 [WARN] ModelIntegratedComponent:63 - No mode defined for component null
2023-10-26 21:23:46,051 [WARN] ModelIntegratedComponent:63 - No mode defined for component null
2023-10-26 21:23:46,332 [INFO] ThirdPartyModel:298 - Start build external matchings
2023-10-26 21:23:47,782 [INFO] ThirdPartyModel:316 - End build external matchings
2023-10-26 21:23:48,067 [INFO] UtilMem:75 - End LoadConfig() Used Memory: 197732216 Bytes (479199232)
2023-10-26 21:23:48,289 [INFO] ApiDb:581 - Connected to CubeFinder SQLite database (/Users/romanlobach/.stmcufinder/plugins/mcufinder/mcu/cube-finder-db.db)
2023-10-26 21:23:48,502 [INFO] ApiDb:668 - CubeFinder database Data Model version=2.1
2023-10-26 21:23:48,503 [INFO] ApiDb:669 - CubeFinder database Configuration version=3.0.37
2023-10-26 21:23:48,505 [INFO] ApiDb:670 - CubeFinder database generation date=2023-08-09 (1691586011)
2023-10-26 21:23:48,505 [INFO] ApiDb:671 - CubeFinder database FW Pack versions=[FP-ATR-ASTRA1_V2.0.0, FP-SNS-FLIGHT1_V5.0.1, FP-SNS-FLIGHT1_V5.0.2, FP-SNS-MOTENV1_V4.3.1, FP-SNS-MOTENV1_V4.3.2, STM32Cube_FW_C0_V1.1.0, STM32Cube_FW_F4_V1.27.1, STM32Cube_FW_F7_V1.17.0, STM32Cube_FW_G0_V1.6.1, STM32Cube_FW_G4_V1.5.1, STM32Cube_FW_H5_V0.5.1, STM32Cube_FW_H5_V1.1.0, STM32Cube_FW_H7_V1.11.0, STM32Cube_FW_L0_V1.12.2, STM32Cube_FW_L5_V1.5.0, STM32Cube_FW_U5_V1.3.0, STM32Cube_FW_U5_V1.3.0RC4, STM32Cube_FW_WBA_V1.0.0RC1, STM32Cube_FW_WBA_V1.1.0, STM32Cube_FW_WBA_V1.1.0RC1, STM32Cube_FW_WB_V1.15.0RC1, STM32Cube_FW_WB_V1.16.0, STM32Cube_FW_WB_V1.16.0RC2, STM32Cube_FW_WB_V1.17.0, STM32Cube_FW_WL_V1.3.0, X-CUBE-ALGOBUILD_V1.3.0, X-CUBE-ALS_V1.0.1, X-CUBE-AZRTOS-F4_V1.1.0, X-CUBE-AZRTOS-F7_V1.1.0, X-CUBE-AZRTOS-G0_V1.1.0, X-CUBE-AZRTOS-G4_V2.0.0, X-CUBE-AZRTOS-H7_V3.1.0, X-CUBE-AZRTOS-L4_V1.0.0, X-CUBE-AZRTOS-L4_V2.0.0, X-CUBE-AZRTOS-L5_V1.1.0, X-CUBE-AZRTOS-WB_V1.1.0, X-CUBE-AZRTOS-WL_V2.0.0, X-CUBE-BLE1_V7.0.0, X-CUBE-BLE2_V3.3.0, X-CUBE-BLEMGR_V2.0.0, X-CUBE-EEPRMA1_V4.1.0, X-CUBE-FREERTOS_V1.1.0, X-CUBE-GNSS1_V6.0.0, X-CUBE-MEMS1_V9.1.0, X-CUBE-MEMS1_V9.4.0, X-CUBE-MEMS1_V9.6.0, X-CUBE-NFC4_V3.0.0, X-CUBE-NFC7_V1.0.0, X-CUBE-SFXS2LP1_V4.0.0, X-CUBE-SUBG2_V5.0.0, X-CUBE-TOF1_V3.3.1]
2023-10-26 21:23:54,593 [INFO] ApiDb:240 - Found 323 in-development CPN: [B-G473E-ZEST1S, B-WB1M-WPAN1, B-WL5M-SUBG1, NUCLEO-C031C6, NUCLEO-H503RB, NUCLEO-H563ZI, NUCLEO-U545RE-Q, NUCLEO-U5A5ZJ-Q, NUCLEO-WBA52CG, STEVAL-PROTEUS1, STEVAL-SMARTAG2, STEVAL-STWINBX1, STM320518-EVAL, STM32C0116-DK, STM32C011D6Y3TR, STM32C011D6Y6TR, STM32C011F4P3, STM32C011F4P6, STM32C011F4U3, STM32C011F4U6TR, STM32C011F6P3, STM32C011F6P6, STM32C011F6U3, STM32C011F6U6TR, STM32C011J4M3, STM32C011J4M6, STM32C011J6M3, STM32C011J6M6, STM32C0316-DK, STM32C031C4T3, STM32C031C4T6, STM32C031C4U3, STM32C031C4U6, STM32C031C6T3, STM32C031C6T6, STM32C031C6U3, STM32C031C6U6, STM32C031F4P3, STM32C031F4P6, STM32C031F6P3, STM32C031F6P6, STM32C031G4U3, STM32C031G4U6, STM32C031G6U3, STM32C031G6U6, STM32C031K4T3, STM32C031K4T6, STM32C031K4U3, STM32C031K4U6, STM32C031K6T3, STM32C031K6T6, STM32C031K6U3, STM32C031K6U6, STM32G071K8TXN, STM32G071K8UXN, STM32G081GBU6N, STM32G081KBT6N, STM32G081KBUXN, STM32G0B1CCT6N, STM32G0B1KCT6, STM32G0B1NEY6TR, STM32G0B1RCT6N, STM32G0C1CCT6, STM32G0C1CCT6N, STM32G0C1CCU6N, STM32G0C1CET6N, STM32G0C1CEU6N, STM32G0C1KCT6, STM32G0C1NEY6TR, STM32G0C1RCI6N, STM32G0C1RCT6N, STM32G0C1REI6N, STM32G0C1RET6N, STM32G0C1VCI6, STM32G0C1VEI6, STM32G471CCT6, STM32G471CCU6, STM32G471CET3, STM32G471CET6, STM32G471CEU3, STM32G471CEU6, STM32G471MCT6, STM32G471MET3, STM32G471MET6, STM32G471MEY6TR, STM32G471QCT6, STM32G471QET3, STM32G471RCT6, STM32G471RET3, STM32G471RET6, STM32G471VCH6, STM32G471VCI6, STM32G471VCT6, STM32G471VEH3, STM32G471VEH6, STM32G471VEI3, STM32G471VEI6, STM32G471VET3, STM32G471VET6, STM32G474CCT6, STM32H503CBT6, STM32H503CBU6, STM32H503EBY6TR, STM32H503KBU6, STM32H503RBT6, STM32H562AGI6, STM32H562AII6, STM32H562IGK6, STM32H562IGT6, STM32H562IIK6, STM32H562IIT6, STM32H562RGT6, STM32H562RGV6, STM32H562RIT6, STM32H562RIV6, STM32H562VGT6, STM32H562VIT6, STM32H562ZGT6, STM32H562ZIT6, STM32H563AGI6, STM32H563AII3Q, STM32H563AII6, STM32H563IGK6, STM32H563IGT6, STM32H563IIK3Q, STM32H563IIK6, STM32H563IIT3Q, STM32H563IIT6, STM32H563MIY3QTR, STM32H563RGT6, STM32H563RGV6, STM32H563RIT6, STM32H563RIV6, STM32H563VGT6, STM32H563VIT3Q, STM32H563VIT6, STM32H563ZGT6, STM32H563ZIT3Q, STM32H563ZIT6, STM32H573AII3Q, STM32H573AII6, STM32H573I-DK, STM32H573IIK3Q, STM32H573IIK6, STM32H573IIT3Q, STM32H573IIT6, STM32H573MIY3QTR, STM32H573RIT6, STM32H573RIV6, STM32H573VIT3Q, STM32H573VIT6, STM32H573ZIT3Q, STM32H573ZIT6, STM32L4R5QGI6STR, STM32MP131AAE3, STM32MP131AAF3, STM32MP131AAG3, STM32MP131CAE3, STM32MP131CAF3, STM32MP131CAG3, STM32MP131DAE7, STM32MP131DAF7, STM32MP131DAG7, STM32MP131FAE7, STM32MP131FAF7, STM32MP131FAG7, STM32MP133AAE3, STM32MP133AAF3, STM32MP133AAG3, STM32MP133CAE3, STM32MP133CAF3, STM32MP133CAG3, STM32MP133DAE7, STM32MP133DAF7, STM32MP133DAG7, STM32MP133FAE7, STM32MP133FAF7, STM32MP133FAG7, STM32MP135AAE3, STM32MP135AAF3, STM32MP135AAG3, STM32MP135CAE3, STM32MP135CAF3, STM32MP135CAG3, STM32MP135DAE7, STM32MP135DAF7, STM32MP135DAG7, STM32MP135F-DK, STM32MP135FAE7, STM32MP135FAF7, STM32MP135FAF7T, STM32MP135FAF7U, STM32MP135FAG7, STM32U535CBT6, STM32U535CBT6Q, STM32U535CBU6, STM32U535CBU6Q, STM32U535CCT6, STM32U535CCT6Q, STM32U535CCU6, STM32U535CCU6Q, STM32U535CET6, STM32U535CET6Q, STM32U535CEU6, STM32U535CEU6Q, STM32U535JEY6QTR, STM32U535NCY6QTR, STM32U535NEY6QTR, STM32U535RBI6, STM32U535RBI6Q, STM32U535RBT6, STM32U535RBT6Q, STM32U535RCI6, STM32U535RCI6Q, STM32U535RCT6, STM32U535RCT6Q, STM32U535REI6, STM32U535REI6Q, STM32U535RET6, STM32U535RET6Q, STM32U535VCI6, STM32U535VCI6Q, STM32U535VCT6, STM32U535VCT6Q, STM32U535VEI6, STM32U535VEI6Q, STM32U535VET6, STM32U535VET6Q, STM32U545CET6, STM32U545CET6Q, STM32U545CEU6, STM32U545CEU6Q, STM32U545JEY6QTR, STM32U545NEY6QTR, STM32U545REI6, STM32U545REI6Q, STM32U545RET6, STM32U545RET6Q, STM32U545VEI6, STM32U545VEI6Q, STM32U545VET6, STM32U545VET6Q, STM32U595AIH6, STM32U595AIH6Q, STM32U595AJH6, STM32U595AJH6Q, STM32U595QII6, STM32U595QII6Q, STM32U595QJI6, STM32U595QJI6Q, STM32U595RIT6, STM32U595RIT6Q, STM32U595RJT6, STM32U595RJT6Q, STM32U595VIT6, STM32U595VIT6Q, STM32U595VJT6, STM32U595VJT6Q, STM32U595ZIT6, STM32U595ZIT6Q, STM32U595ZIY6QTR, STM32U595ZJT6, STM32U595ZJT6Q, STM32U595ZJY6QTR, STM32U599BJY6QTR, STM32U599NIH6Q, STM32U599NJH6Q, STM32U599VIT6Q, STM32U599VJT6, STM32U599VJT6Q, STM32U599ZIT6Q, STM32U599ZIY6QTR, STM32U599ZJT6Q, STM32U599ZJY6QTR, STM32U5A5AJH6, STM32U5A5AJH6Q, STM32U5A5QJI6, STM32U5A5QJI6Q, STM32U5A5RJT6, STM32U5A5RJT6Q, STM32U5A5VJT6, STM32U5A5VJT6Q, STM32U5A5ZJT6, STM32U5A5ZJT6Q, STM32U5A5ZJY6QTR, STM32U5A9BJY6QTR, STM32U5A9J-DK, STM32U5A9NJH6Q, STM32U5A9VJT6Q, STM32U5A9ZJT6Q, STM32U5A9ZJY6QTR, STM32U5F7VIT6, STM32U5F7VIT6Q, STM32U5F7VJT6, STM32U5F7VJT6Q, STM32U5F9BJY6QTR, STM32U5F9NJH6Q, STM32U5F9VIT6Q, STM32U5F9VJT6Q, STM32U5F9ZIJ6QTR, STM32U5F9ZIT6Q, STM32U5F9ZJJ6QTR, STM32U5F9ZJT6Q, STM32U5G7VJT6, STM32U5G7VJT6Q, STM32U5G9BJY6QTR, STM32U5G9J-DK1, STM32U5G9J-DK2, STM32U5G9NJH6Q, STM32U5G9VJT6Q, STM32U5G9ZJJ6QTR, STM32U5G9ZJT6Q, STM32WB1MMCH6, STM32WBA52CEU6, STM32WBA52CEU6T, STM32WBA52CGU6, STM32WBA52CGU6T, STM32WBA52KEU6, STM32WBA52KEU6T, STM32WBA52KGU6, STM32WBA52KGU6T, STM32WL5MOCH6, STM32WL5MOCH6TR]
2023-10-26 21:23:54,601 [INFO] DbMcus:217 - Found 3848 MCUs, 3848 are supported
2023-10-26 21:23:54,603 [INFO] ApiDb:414 - User favorites file not found: /Users/romanlobach/.stm32cubeide/favorites.mcus.txt
2023-10-26 21:23:54,603 [INFO] DbMcus:223 - Set 0 / 0 favorites MCUs
2023-10-26 21:23:55,335 [WARN] ThirdParty:833 - waiting for thirdparty lock release [change project]
2023-10-26 21:23:55,336 [INFO] ThirdParty:835 - entering critical section [change project]
2023-10-26 21:23:55,336 [INFO] ThirdParty:1030 - CMSIS Pack Vendor :STMicroelectronics X-CUBE-ISPU 1.1.0
2023-10-26 21:23:55,337 [INFO] ThirdParty:1030 - CMSIS Pack Vendor :STMicroelectronics USBPD 4.1
2023-10-26 21:23:55,337 [INFO] ThirdParty:1030 - CMSIS Pack Vendor :STMicroelectronics X-CUBE-GNSS1 6.0.0
2023-10-26 21:23:55,337 [INFO] ThirdParty:1030 - CMSIS Pack Vendor :STMicroelectronics USB_HOST 2.0.0
2023-10-26 21:23:55,337 [INFO] ThirdParty:1030 - CMSIS Pack Vendor :STMicroelectronics X-CUBE-AZRTOS-F4 1.1.0
2023-10-26 21:23:55,337 [INFO] ThirdParty:1030 - CMSIS Pack Vendor :STMicroelectronics LIBJPEG 8.0.0
2023-10-26 21:23:55,337 [INFO] ThirdParty:1030 - CMSIS Pack Vendor :wolfSSL I-CUBE-wolfSSL 5.6.3
2023-10-26 21:23:55,337 [INFO] ThirdParty:1030 - CMSIS Pack Vendor :STMicroelectronics X-CUBE-SMBUS 2.1.0
2023-10-26 21:23:55,337 [INFO] ThirdParty:1030 - CMSIS Pack Vendor :STMicroelectronics USB_DEVICE 3.0.0
2023-10-26 21:23:55,337 [INFO] ThirdParty:1030 - CMSIS Pack Vendor :STMicroelectronics X-CUBE-AZRTOS-WB 2.0.0
2023-10-26 21:23:55,338 [INFO] ThirdParty:1030 - CMSIS Pack Vendor :STMicroelectronics X-CUBE-AZRTOS-F7 1.1.0
2023-10-26 21:23:55,338 [INFO] ThirdParty:1030 - CMSIS Pack Vendor :STMicroelectronics X-CUBE-AZRTOS-L5 2.0.0
2023-10-26 21:23:55,338 [INFO] ThirdParty:1030 - CMSIS Pack Vendor :STMicroelectronics USB_DEVICE 2.0.0
2023-10-26 21:23:55,338 [INFO] ThirdParty:1030 - CMSIS Pack Vendor :STMicroelectronics X-CUBE-MEMS1 9.6.0
2023-10-26 21:23:55,338 [INFO] ThirdParty:1030 - CMSIS Pack Vendor :STMicroelectronics X-CUBE-EEPRMA1 4.2.0
2023-10-26 21:23:55,338 [INFO] ThirdParty:1030 - CMSIS Pack Vendor :ITTIA_DB I-CUBE-ITTIADB 8.8.0
2023-10-26 21:23:55,338 [INFO] ThirdParty:1030 - CMSIS Pack Vendor :STMicroelectronics FP-SNS-MOTENV1 4.3.2
2023-10-26 21:23:55,338 [INFO] ThirdParty:1030 - CMSIS Pack Vendor :STMicroelectronics X-CUBE-ALGOBUILD 1.3.0
2023-10-26 21:23:55,338 [INFO] ThirdParty:1030 - CMSIS Pack Vendor :STMicroelectronics FreeRTOS 0.0.1
2023-10-26 21:23:55,338 [INFO] ThirdParty:1030 - CMSIS Pack Vendor :STMicroelectronics X-CUBE-AZRTOS-G0 1.1.0
2023-10-26 21:23:55,338 [INFO] ThirdParty:1030 - CMSIS Pack Vendor :STMicroelectronics X-CUBE-BLEMGR 2.0.0
2023-10-26 21:23:55,338 [INFO] ThirdParty:1030 - CMSIS Pack Vendor :STMicroelectronics X-CUBE-NFC4 3.0.0
2023-10-26 21:23:55,339 [INFO] ThirdParty:1030 - CMSIS Pack Vendor :STMicroelectronics X-CUBE-SUBG2 5.0.0
2023-10-26 21:23:55,339 [INFO] ThirdParty:1030 - CMSIS Pack Vendor :STMicroelectronics STM32_WPAN 1.0.0
2023-10-26 21:23:55,339 [INFO] ThirdParty:1030 - CMSIS Pack Vendor :STMicroelectronics lwIP 2.0.3
2023-10-26 21:23:55,339 [INFO] ThirdParty:1030 - CMSIS Pack Vendor :STMicroelectronics FP-SNS-FLIGHT1 5.0.2
2023-10-26 21:23:55,339 [INFO] ThirdParty:1030 - CMSIS Pack Vendor :STMicroelectronics USB_HOST 1.0.0
2023-10-26 21:23:55,339 [INFO] ThirdParty:1030 - CMSIS Pack Vendor :STMicroelectronics X-CUBE-TOF1 3.3.1
2023-10-26 21:23:55,339 [INFO] ThirdParty:1030 - CMSIS Pack Vendor :STMicroelectronics X-CUBE-AZRTOS-G4 2.0.0
2023-10-26 21:23:55,339 [INFO] ThirdParty:1030 - CMSIS Pack Vendor :STMicroelectronics PDM2PCM 3.1.0
2023-10-26 21:23:55,339 [INFO] ThirdParty:1030 - CMSIS Pack Vendor :STMicroelectronics X-CUBE-AZRTOS-H7 3.1.0
2023-10-26 21:23:55,339 [INFO] ThirdParty:1030 - CMSIS Pack Vendor :Infineon AIROC-Wi-Fi-Bluetooth-STM32 1.5.1
2023-10-26 21:23:55,339 [INFO] ThirdParty:1030 - CMSIS Pack Vendor :STMicroelectronics PDM2PCM 3.3.0
2023-10-26 21:23:55,339 [INFO] ThirdParty:1030 - CMSIS Pack Vendor :STMicroelectronics X-CUBE-DISPLAY 3.0.0
2023-10-26 21:23:55,339 [INFO] ThirdParty:1030 - CMSIS Pack Vendor :STMicroelectronics X-CUBE-BLE1 7.0.0
2023-10-26 21:23:55,339 [INFO] ThirdParty:1030 - CMSIS Pack Vendor :STMicroelectronics FP-ATR-SIGFOX1 3.2.0
2023-10-26 21:23:55,340 [INFO] ThirdParty:1030 - CMSIS Pack Vendor :STMicroelectronics HAL Drivers 0.0.0
2023-10-26 21:23:55,340 [INFO] ThirdParty:1030 - CMSIS Pack Vendor :STMicroelectronics MBEDTLS 2.16.2
2023-10-26 21:23:55,340 [INFO] ThirdParty:1030 - CMSIS Pack Vendor :emotas I-CUBE-CANOPEN 1.3.0
2023-10-26 21:23:55,340 [INFO] ThirdParty:1030 - CMSIS Pack Vendor :STMicroelectronics X-CUBE-MEMS1 10.0.0
2023-10-26 21:23:55,340 [INFO] ThirdParty:1030 - CMSIS Pack Vendor :STMicroelectronics X-CUBE-FREERTOS 1.1.0
2023-10-26 21:23:55,340 [INFO] ThirdParty:1030 - CMSIS Pack Vendor :STMicroelectronics X-CUBE-TOUCHGFX 4.22.0
2023-10-26 21:23:55,340 [INFO] ThirdParty:1030 - CMSIS Pack Vendor :STMicroelectronics X-CUBE-NFC7 1.0.1
2023-10-26 21:23:55,340 [INFO] ThirdParty:1030 - CMSIS Pack Vendor :STMicroelectronics MBEDTLS 2.14.1
2023-10-26 21:23:55,340 [INFO] ThirdParty:1030 - CMSIS Pack Vendor :STMicroelectronics X-CUBE-TOUCHGFX 4.22.1
2023-10-26 21:23:55,340 [INFO] ThirdParty:1030 - CMSIS Pack Vendor :STMicroelectronics X-CUBE-NFC6 3.0.0
2023-10-26 21:23:55,340 [INFO] ThirdParty:1030 - CMSIS Pack Vendor :STMicroelectronics X-CUBE-EEPRMA1 4.1.0
2023-10-26 21:23:55,340 [INFO] ThirdParty:1030 - CMSIS Pack Vendor :portGmbH I-Cube-SoM-uGOAL 1.1.0
2023-10-26 21:23:55,341 [INFO] ThirdParty:1030 - CMSIS Pack Vendor :STMicroelectronics X-CUBE-ALS 1.0.1
2023-10-26 21:23:55,341 [INFO] ThirdParty:1030 - CMSIS Pack Vendor :STMicroelectronics ThreadX 1.0.0
2023-10-26 21:23:55,341 [INFO] ThirdParty:1030 - CMSIS Pack Vendor :STMicroelectronics FP-SNS-SMARTAG2 1.2.0
2023-10-26 21:23:55,341 [INFO] ThirdParty:1030 - CMSIS Pack Vendor :STMicroelectronics X-CUBE-AZRTOS-WL 2.0.0
2023-10-26 21:23:55,341 [INFO] ThirdParty:1030 - CMSIS Pack Vendor :SEGGER I-CUBE-embOS 1.3.1
2023-10-26 21:23:55,341 [INFO] ThirdParty:1030 - CMSIS Pack Vendor :STMicroelectronics USB_DEVICE 1.0.0
2023-10-26 21:23:55,341 [INFO] ThirdParty:1030 - CMSIS Pack Vendor :STMicroelectronics X-CUBE-AI 8.1.0
2023-10-26 21:23:55,341 [INFO] ThirdParty:1030 - CMSIS Pack Vendor :STMicroelectronics X-CUBE-AZRTOS-L4 2.0.0
2023-10-26 21:23:55,341 [INFO] ThirdParty:1030 - CMSIS Pack Vendor :STMicroelectronics ThreadX 0.0.2
2023-10-26 21:23:55,341 [INFO] ThirdParty:1030 - CMSIS Pack Vendor :WES I-CUBE-Cesium 1.3.0
2023-10-26 21:23:55,342 [INFO] ThirdParty:1030 - CMSIS Pack Vendor :STMicroelectronics FP-ATR-ASTRA1 2.0.0
2023-10-26 21:23:55,342 [INFO] ThirdParty:1030 - CMSIS Pack Vendor :STMicroelectronics lwIP 2.1.2
2023-10-26 21:23:55,342 [INFO] ThirdParty:1030 - CMSIS Pack Vendor :STMicroelectronics X-CUBE-SFXS2LP1 4.0.0
2023-10-26 21:23:55,342 [INFO] ThirdParty:1030 - CMSIS Pack Vendor :STMicroelectronics X-CUBE-BLE2 3.3.0
2023-10-26 21:23:55,342 [INFO] ThirdParty:1030 - CMSIS Pack Vendor :STMicroelectronics PDM2PCM 3.2.0
2023-10-26 21:23:55,342 [INFO] ThirdParty:841 - exiting critical section [change project]
2023-10-26 21:23:56,006 [INFO] PinOutPanel:1499 - setPackage(No Configuration,No Configuration)
2023-10-26 21:23:56,010 [INFO] PinOutPanel:1499 - setPackage(STM32F303K8Tx,LQFP32)
2023-10-26 21:23:58,247 [INFO] UtilMem:75 - Before build in PCC Used Memory: 296347504 Bytes (479199232)
2023-10-26 21:23:59,509 [INFO] UtilMem:75 - After build in PCC Used Memory: 210093696 Bytes (479199232)
2023-10-26 21:23:59,565 [INFO] IPUIPlugin:80 - create IPUIPlugin
2023-10-26 21:23:59,566 [INFO] IPUIPlugin:80 - create IPUIPlugin
2023-10-26 21:23:59,567 [INFO] IPUIPlugin:80 - create IPUIPlugin
2023-10-26 21:23:59,567 [INFO] IPUIPlugin:80 - create IPUIPlugin
2023-10-26 21:23:59,567 [INFO] IPUIPlugin:80 - create IPUIPlugin
2023-10-26 21:23:59,568 [INFO] IPUIPlugin:80 - create IPUIPlugin
2023-10-26 21:23:59,568 [INFO] IPUIPlugin:80 - create IPUIPlugin
2023-10-26 21:23:59,569 [INFO] IPUIPlugin:80 - create IPUIPlugin
2023-10-26 21:23:59,569 [INFO] IPUIPlugin:80 - create IPUIPlugin
2023-10-26 21:23:59,569 [INFO] IPUIPlugin:80 - create IPUIPlugin
2023-10-26 21:23:59,570 [INFO] IPUIPlugin:80 - create IPUIPlugin
2023-10-26 21:23:59,570 [INFO] IPUIPlugin:80 - create IPUIPlugin
2023-10-26 21:23:59,571 [INFO] IPUIPlugin:80 - create IPUIPlugin
2023-10-26 21:23:59,571 [INFO] IPUIPlugin:80 - create IPUIPlugin
2023-10-26 21:23:59,572 [INFO] IPUIPlugin:80 - create IPUIPlugin
2023-10-26 21:23:59,572 [INFO] IPUIPlugin:80 - create IPUIPlugin
2023-10-26 21:23:59,573 [INFO] IPUIPlugin:80 - create IPUIPlugin
2023-10-26 21:23:59,573 [INFO] IPUIPlugin:80 - create IPUIPlugin
2023-10-26 21:23:59,573 [INFO] IPUIPlugin:80 - create IPUIPlugin
2023-10-26 21:23:59,573 [INFO] IPUIPlugin:80 - create IPUIPlugin
2023-10-26 21:23:59,574 [INFO] IPUIPlugin:80 - create IPUIPlugin
2023-10-26 21:23:59,574 [INFO] IPUIPlugin:80 - create IPUIPlugin
2023-10-26 21:23:59,574 [INFO] IPUIPlugin:80 - create IPUIPlugin
2023-10-26 21:23:59,574 [INFO] IPUIPlugin:80 - create IPUIPlugin
2023-10-26 21:23:59,574 [INFO] IPUIPlugin:80 - create IPUIPlugin
2023-10-26 21:23:59,574 [INFO] IPUIPlugin:80 - create IPUIPlugin
2023-10-26 21:23:59,575 [INFO] IPUIPlugin:80 - create IPUIPlugin
2023-10-26 21:23:59,575 [INFO] IPUIPlugin:80 - create IPUIPlugin
2023-10-26 21:23:59,575 [INFO] IPUIPlugin:80 - create IPUIPlugin
2023-10-26 21:23:59,575 [INFO] IPUIPlugin:80 - create IPUIPlugin
2023-10-26 21:23:59,575 [INFO] IPUIPlugin:80 - create IPUIPlugin
2023-10-26 21:23:59,576 [INFO] IPUIPlugin:80 - create IPUIPlugin
2023-10-26 21:23:59,576 [INFO] IPUIPlugin:80 - create IPUIPlugin
2023-10-26 21:23:59,576 [INFO] IPUIPlugin:80 - create IPUIPlugin
2023-10-26 21:23:59,927 [INFO] CADModel:165 - CPN selected for project levelSTM32F303K8T6
2023-10-26 21:23:59,928 [INFO] CADModel:114 - Register for checkConnection events
2023-10-26 21:23:59,972 [INFO] OpenFileManager:328 - Restore cursor
2023-10-26 21:24:09,067 [INFO] DmaTabbedPanel:205 - Cannot restore the selected Tab for DMA
2023-10-26 21:25:21,012 [INFO] MainUpdater:2868 - connection check result : 10
2023-10-26 21:25:21,014 [INFO] MainUpdater:2868 - connection check result : 10
2023-10-26 21:25:21,145 [INFO] MicroXplorer:468 - Change Database Path : 
2023-10-26 21:25:21,146 [INFO] MicroXplorer:498 - Change Database Version : DB.6.0.92
2023-10-26 21:25:21,189 [WARN] ThirdParty:871 - waiting for thirdparty lock release [close project]
2023-10-26 21:25:21,190 [INFO] ThirdParty:873 - entering critical section [close project]
2023-10-26 21:25:21,190 [INFO] ThirdParty:883 - exiting critical section [close project]
2023-10-26 21:25:21,191 [INFO] PinOutPanel:1499 - setPackage(No Configuration,No Configuration)
2023-10-26 21:25:21,202 [INFO] UtilMem:75 - Begin LoadConfig() Used Memory: 348326176 Bytes (479199232)
2023-10-26 21:25:21,203 [INFO] MicroXplorer:468 - Change Database Path : 
2023-10-26 21:25:21,203 [INFO] MicroXplorer:498 - Change Database Version : DB.6.0.92
2023-10-26 21:25:21,203 [INFO] OpenFileManager:308 - Change cursor
2023-10-26 21:25:21,221 [INFO] Mcu:1946 - Initializing MCU STM32F746ZGTx STM32F746ZGTx STM32F746ZGT6
2023-10-26 21:25:23,949 [INFO] Context:659 - Trying to add GPIOservice into a context  which must be forbidden
2023-10-26 21:25:25,112 [INFO] RtosManager:555 - Registered RTOS mode: class=CMSIS, group=RTOS, mode=CMSIS_V1, owner=FREERTOS
2023-10-26 21:25:25,112 [INFO] RtosManager:555 - Registered RTOS mode: class=CMSIS, group=RTOS2, mode=CMSIS_V2, owner=FREERTOS
2023-10-26 21:25:25,112 [INFO] RtosManager:555 - Registered RTOS mode: class=RTOS, group=Core, mode=CMSIS_V1, owner=FREERTOS
2023-10-26 21:25:25,113 [INFO] RtosManager:555 - Registered RTOS mode: class=RTOS, group=Core, mode=CMSIS_V2, owner=FREERTOS
2023-10-26 21:25:25,113 [WARN] ModelIntegratedComponent:184 - Missing modes for component STMicroelectronics:FreeRTOS:0.0.1:STMicroelectronics:RTOS:FreeRTOS:Core:::10.2.0:
2023-10-26 21:25:25,125 [WARN] ModelIntegratedComponent:63 - No mode defined for component null
2023-10-26 21:25:25,126 [WARN] ModelIntegratedComponent:63 - No mode defined for component null
2023-10-26 21:25:25,126 [WARN] ModelIntegratedComponent:63 - No mode defined for component null
2023-10-26 21:25:25,126 [WARN] ModelIntegratedComponent:63 - No mode defined for component null
2023-10-26 21:25:25,126 [WARN] ModelIntegratedComponent:63 - No mode defined for component null
2023-10-26 21:25:25,126 [WARN] ModelIntegratedComponent:63 - No mode defined for component null
2023-10-26 21:25:25,126 [WARN] ModelIntegratedComponent:63 - No mode defined for component null
2023-10-26 21:25:25,127 [WARN] ModelIntegratedComponent:63 - No mode defined for component null
2023-10-26 21:25:25,127 [WARN] ModelIntegratedComponent:63 - No mode defined for component null
2023-10-26 21:25:25,127 [WARN] ModelIntegratedComponent:63 - No mode defined for component null
2023-10-26 21:25:25,127 [WARN] ModelIntegratedComponent:63 - No mode defined for component null
2023-10-26 21:25:25,127 [WARN] ModelIntegratedComponent:63 - No mode defined for component null
2023-10-26 21:25:25,127 [WARN] ModelIntegratedComponent:63 - No mode defined for component null
2023-10-26 21:25:25,127 [WARN] ModelIntegratedComponent:63 - No mode defined for component null
2023-10-26 21:25:25,127 [WARN] ModelIntegratedComponent:63 - No mode defined for component null
2023-10-26 21:25:25,127 [WARN] ModelIntegratedComponent:63 - No mode defined for component null
2023-10-26 21:25:25,128 [WARN] ModelIntegratedComponent:63 - No mode defined for component null
2023-10-26 21:25:25,128 [WARN] ModelIntegratedComponent:63 - No mode defined for component null
2023-10-26 21:25:25,128 [WARN] ModelIntegratedComponent:63 - No mode defined for component null
2023-10-26 21:25:25,128 [WARN] ModelIntegratedComponent:63 - No mode defined for component null
2023-10-26 21:25:25,128 [WARN] ModelIntegratedComponent:63 - No mode defined for component null
2023-10-26 21:25:25,128 [WARN] ModelIntegratedComponent:63 - No mode defined for component null
2023-10-26 21:25:25,128 [WARN] ModelIntegratedComponent:63 - No mode defined for component null
2023-10-26 21:25:25,128 [WARN] ModelIntegratedComponent:63 - No mode defined for component null
2023-10-26 21:25:25,128 [WARN] ModelIntegratedComponent:63 - No mode defined for component null
2023-10-26 21:25:25,128 [WARN] ModelIntegratedComponent:63 - No mode defined for component null
2023-10-26 21:25:25,129 [WARN] ModelIntegratedComponent:63 - No mode defined for component null
2023-10-26 21:25:25,129 [WARN] ModelIntegratedComponent:63 - No mode defined for component null
2023-10-26 21:25:25,129 [WARN] ModelIntegratedComponent:63 - No mode defined for component null
2023-10-26 21:25:25,129 [WARN] ModelIntegratedComponent:63 - No mode defined for component null
2023-10-26 21:25:25,129 [WARN] ModelIntegratedComponent:63 - No mode defined for component null
2023-10-26 21:25:25,129 [WARN] ModelIntegratedComponent:63 - No mode defined for component null
2023-10-26 21:25:25,129 [WARN] ModelIntegratedComponent:63 - No mode defined for component null
2023-10-26 21:25:25,306 [INFO] ThirdPartyModel:298 - Start build external matchings
2023-10-26 21:25:26,289 [INFO] ThirdPartyModel:316 - End build external matchings
2023-10-26 21:25:26,315 [INFO] ImportTextPane:194 - (OptionalMessage_ERROR) IP (ETH) : Invalid parameter (PHY_Name)
2023-10-26 21:25:26,315 [INFO] ImportTextPane:194 - (OptionalMessage_ERROR) IP (ETH) : Invalid parameter (PHY_Value)
2023-10-26 21:25:26,315 [INFO] ImportTextPane:194 - (OptionalMessage_ERROR) IP (ETH) : Invalid parameter (PhyAddress)
2023-10-26 21:25:26,318 [INFO] ImportTextPane:194 - (OptionalMessage_ERROR) IP (RCC) : Invalid parameter (48MHZClocksFreq_Value)
2023-10-26 21:25:26,318 [INFO] ImportTextPane:194 - (OptionalMessage_ERROR) IP (RCC) : Invalid parameter (ADC12outputFreq_Value)
2023-10-26 21:25:26,318 [INFO] ImportTextPane:194 - (OptionalMessage_ERROR) IP (RCC) : Invalid parameter (ADC34outputFreq_Value)
2023-10-26 21:25:26,320 [INFO] ImportTextPane:194 - (OptionalMessage_ERROR) IP (RCC) : Invalid parameter (FamilyName)
2023-10-26 21:25:26,320 [INFO] ImportTextPane:194 - (OptionalMessage_ERROR) IP (RCC) : Invalid parameter (I2SClocksFreq_Value)
2023-10-26 21:25:26,321 [INFO] ImportTextPane:194 - (OptionalMessage_ERROR) IP (RCC) : Parameter (LCDTFToutputFreq_Value) has invalid value (96000000)
2023-10-26 21:25:26,321 [INFO] ImportTextPane:194 - (OptionalMessage_ERROR) IP (RCC) : Invalid parameter (MCOFreq_Value)
2023-10-26 21:25:26,322 [INFO] ImportTextPane:194 - (OptionalMessage_ERROR) IP (RCC) : Invalid parameter (PLLMCOFreq_Value)
2023-10-26 21:25:26,323 [INFO] ImportTextPane:194 - (OptionalMessage_ERROR) IP (RCC) : Invalid parameter (PLLMUL)
2023-10-26 21:25:26,324 [INFO] ImportTextPane:194 - (OptionalMessage_ERROR) IP (RCC) : Invalid parameter (PRESCALERUSB)
2023-10-26 21:25:26,324 [INFO] ImportTextPane:194 - (OptionalMessage_ERROR) IP (RCC) : Invalid parameter (RTCHSEDivFreq_Value)
2023-10-26 21:25:26,325 [INFO] ImportTextPane:194 - (OptionalMessage_ERROR) IP (RCC) : Parameter (SDMMCFreq_Value) has invalid value (72000000)
2023-10-26 21:25:26,325 [INFO] ImportTextPane:194 - (OptionalMessage_ERROR) IP (RCC) : Invalid parameter (SYSCLKSourceVirtual)
2023-10-26 21:25:26,325 [INFO] ImportTextPane:194 - (OptionalMessage_ERROR) IP (RCC) : Invalid parameter (TIM15Freq_Value)
2023-10-26 21:25:26,325 [INFO] ImportTextPane:194 - (OptionalMessage_ERROR) IP (RCC) : Invalid parameter (TIM16Freq_Value)
2023-10-26 21:25:26,325 [INFO] ImportTextPane:194 - (OptionalMessage_ERROR) IP (RCC) : Invalid parameter (TIM17Freq_Value)
2023-10-26 21:25:26,325 [INFO] ImportTextPane:194 - (OptionalMessage_ERROR) IP (RCC) : Invalid parameter (TIM1Freq_Value)
2023-10-26 21:25:26,326 [INFO] ImportTextPane:194 - (OptionalMessage_ERROR) IP (RCC) : Invalid parameter (TIM20Freq_Value)
2023-10-26 21:25:26,326 [INFO] ImportTextPane:194 - (OptionalMessage_ERROR) IP (RCC) : Invalid parameter (TIM2Freq_Value)
2023-10-26 21:25:26,326 [INFO] ImportTextPane:194 - (OptionalMessage_ERROR) IP (RCC) : Invalid parameter (TIM3Freq_Value)
2023-10-26 21:25:26,326 [INFO] ImportTextPane:194 - (OptionalMessage_ERROR) IP (RCC) : Invalid parameter (TIM8Freq_Value)
2023-10-26 21:25:26,327 [INFO] ImportTextPane:194 - (OptionalMessage_ERROR) IP (RCC) : Invalid parameter (VCOOutput2Freq_Value)
2023-10-26 21:25:26,328 [INFO] ImportTextPane:194 - (OptionalMessage_ERROR) IP (RCC) : Invalid parameter (VcooutputI2S)
2023-10-26 21:25:26,791 [INFO] UtilMem:75 - End LoadConfig() Used Memory: 373163328 Bytes (743440384)
2023-10-26 21:25:27,036 [WARN] ThirdParty:833 - waiting for thirdparty lock release [change project]
2023-10-26 21:25:27,037 [INFO] ThirdParty:835 - entering critical section [change project]
2023-10-26 21:25:27,038 [INFO] ThirdParty:1030 - CMSIS Pack Vendor :STMicroelectronics X-CUBE-ISPU 1.1.0
2023-10-26 21:25:27,038 [INFO] ThirdParty:1030 - CMSIS Pack Vendor :STMicroelectronics USBPD 4.1
2023-10-26 21:25:27,038 [INFO] ThirdParty:1030 - CMSIS Pack Vendor :STMicroelectronics X-CUBE-GNSS1 6.0.0
2023-10-26 21:25:27,038 [INFO] ThirdParty:1030 - CMSIS Pack Vendor :STMicroelectronics USB_HOST 2.0.0
2023-10-26 21:25:27,038 [INFO] ThirdParty:1030 - CMSIS Pack Vendor :STMicroelectronics X-CUBE-AZRTOS-F4 1.1.0
2023-10-26 21:25:27,039 [INFO] ThirdParty:1030 - CMSIS Pack Vendor :STMicroelectronics LIBJPEG 8.0.0
2023-10-26 21:25:27,039 [INFO] ThirdParty:1030 - CMSIS Pack Vendor :wolfSSL I-CUBE-wolfSSL 5.6.3
2023-10-26 21:25:27,039 [INFO] ThirdParty:1030 - CMSIS Pack Vendor :STMicroelectronics X-CUBE-SMBUS 2.1.0
2023-10-26 21:25:27,039 [INFO] ThirdParty:1030 - CMSIS Pack Vendor :STMicroelectronics USB_DEVICE 3.0.0
2023-10-26 21:25:27,039 [INFO] ThirdParty:1030 - CMSIS Pack Vendor :STMicroelectronics X-CUBE-AZRTOS-WB 2.0.0
2023-10-26 21:25:27,039 [INFO] ThirdParty:1030 - CMSIS Pack Vendor :STMicroelectronics X-CUBE-AZRTOS-F7 1.1.0
2023-10-26 21:25:27,040 [INFO] ThirdParty:1030 - CMSIS Pack Vendor :STMicroelectronics X-CUBE-AZRTOS-L5 2.0.0
2023-10-26 21:25:27,040 [INFO] ThirdParty:1030 - CMSIS Pack Vendor :STMicroelectronics USB_DEVICE 2.0.0
2023-10-26 21:25:27,040 [INFO] ThirdParty:1030 - CMSIS Pack Vendor :STMicroelectronics X-CUBE-MEMS1 9.6.0
2023-10-26 21:25:27,040 [INFO] ThirdParty:1030 - CMSIS Pack Vendor :STMicroelectronics X-CUBE-EEPRMA1 4.2.0
2023-10-26 21:25:27,040 [INFO] ThirdParty:1030 - CMSIS Pack Vendor :ITTIA_DB I-CUBE-ITTIADB 8.8.0
2023-10-26 21:25:27,040 [INFO] ThirdParty:1030 - CMSIS Pack Vendor :STMicroelectronics FP-SNS-MOTENV1 4.3.2
2023-10-26 21:25:27,040 [INFO] ThirdParty:1030 - CMSIS Pack Vendor :STMicroelectronics X-CUBE-ALGOBUILD 1.3.0
2023-10-26 21:25:27,040 [INFO] ThirdParty:1030 - CMSIS Pack Vendor :STMicroelectronics FreeRTOS 0.0.1
2023-10-26 21:25:27,041 [INFO] ThirdParty:1030 - CMSIS Pack Vendor :STMicroelectronics X-CUBE-AZRTOS-G0 1.1.0
2023-10-26 21:25:27,041 [INFO] ThirdParty:1030 - CMSIS Pack Vendor :STMicroelectronics X-CUBE-BLEMGR 2.0.0
2023-10-26 21:25:27,041 [INFO] ThirdParty:1030 - CMSIS Pack Vendor :STMicroelectronics X-CUBE-NFC4 3.0.0
2023-10-26 21:25:27,041 [INFO] ThirdParty:1030 - CMSIS Pack Vendor :STMicroelectronics X-CUBE-SUBG2 5.0.0
2023-10-26 21:25:27,041 [INFO] ThirdParty:1030 - CMSIS Pack Vendor :STMicroelectronics STM32_WPAN 1.0.0
2023-10-26 21:25:27,041 [INFO] ThirdParty:1030 - CMSIS Pack Vendor :STMicroelectronics lwIP 2.0.3
2023-10-26 21:25:27,041 [INFO] ThirdParty:1030 - CMSIS Pack Vendor :STMicroelectronics FP-SNS-FLIGHT1 5.0.2
2023-10-26 21:25:27,041 [INFO] ThirdParty:1030 - CMSIS Pack Vendor :STMicroelectronics USB_HOST 1.0.0
2023-10-26 21:25:27,042 [INFO] ThirdParty:1030 - CMSIS Pack Vendor :STMicroelectronics X-CUBE-TOF1 3.3.1
2023-10-26 21:25:27,042 [INFO] ThirdParty:1030 - CMSIS Pack Vendor :STMicroelectronics X-CUBE-AZRTOS-G4 2.0.0
2023-10-26 21:25:27,042 [INFO] ThirdParty:1030 - CMSIS Pack Vendor :STMicroelectronics PDM2PCM 3.1.0
2023-10-26 21:25:27,042 [INFO] ThirdParty:1030 - CMSIS Pack Vendor :STMicroelectronics X-CUBE-AZRTOS-H7 3.1.0
2023-10-26 21:25:27,042 [INFO] ThirdParty:1030 - CMSIS Pack Vendor :Infineon AIROC-Wi-Fi-Bluetooth-STM32 1.5.1
2023-10-26 21:25:27,042 [INFO] ThirdParty:1030 - CMSIS Pack Vendor :STMicroelectronics PDM2PCM 3.3.0
2023-10-26 21:25:27,042 [INFO] ThirdParty:1030 - CMSIS Pack Vendor :STMicroelectronics X-CUBE-DISPLAY 3.0.0
2023-10-26 21:25:27,043 [INFO] ThirdParty:1030 - CMSIS Pack Vendor :STMicroelectronics X-CUBE-BLE1 7.0.0
2023-10-26 21:25:27,043 [INFO] ThirdParty:1030 - CMSIS Pack Vendor :STMicroelectronics FP-ATR-SIGFOX1 3.2.0
2023-10-26 21:25:27,043 [INFO] ThirdParty:1030 - CMSIS Pack Vendor :STMicroelectronics HAL Drivers 0.0.0
2023-10-26 21:25:27,043 [INFO] ThirdParty:1030 - CMSIS Pack Vendor :STMicroelectronics MBEDTLS 2.16.2
2023-10-26 21:25:27,043 [INFO] ThirdParty:1030 - CMSIS Pack Vendor :emotas I-CUBE-CANOPEN 1.3.0
2023-10-26 21:25:27,043 [INFO] ThirdParty:1030 - CMSIS Pack Vendor :STMicroelectronics X-CUBE-MEMS1 10.0.0
2023-10-26 21:25:27,043 [INFO] ThirdParty:1030 - CMSIS Pack Vendor :STMicroelectronics X-CUBE-FREERTOS 1.1.0
2023-10-26 21:25:27,043 [INFO] ThirdParty:1030 - CMSIS Pack Vendor :STMicroelectronics X-CUBE-TOUCHGFX 4.22.0
2023-10-26 21:25:27,044 [INFO] ThirdParty:1030 - CMSIS Pack Vendor :STMicroelectronics X-CUBE-NFC7 1.0.1
2023-10-26 21:25:27,044 [INFO] ThirdParty:1030 - CMSIS Pack Vendor :STMicroelectronics MBEDTLS 2.14.1
2023-10-26 21:25:27,044 [INFO] ThirdParty:1030 - CMSIS Pack Vendor :STMicroelectronics X-CUBE-TOUCHGFX 4.22.1
2023-10-26 21:25:27,044 [INFO] ThirdParty:1030 - CMSIS Pack Vendor :STMicroelectronics X-CUBE-NFC6 3.0.0
2023-10-26 21:25:27,044 [INFO] ThirdParty:1030 - CMSIS Pack Vendor :STMicroelectronics X-CUBE-EEPRMA1 4.1.0
2023-10-26 21:25:27,044 [INFO] ThirdParty:1030 - CMSIS Pack Vendor :portGmbH I-Cube-SoM-uGOAL 1.1.0
2023-10-26 21:25:27,044 [INFO] ThirdParty:1030 - CMSIS Pack Vendor :STMicroelectronics X-CUBE-ALS 1.0.1
2023-10-26 21:25:27,044 [INFO] ThirdParty:1030 - CMSIS Pack Vendor :STMicroelectronics ThreadX 1.0.0
2023-10-26 21:25:27,044 [INFO] ThirdParty:1030 - CMSIS Pack Vendor :STMicroelectronics FP-SNS-SMARTAG2 1.2.0
2023-10-26 21:25:27,044 [INFO] ThirdParty:1030 - CMSIS Pack Vendor :STMicroelectronics X-CUBE-AZRTOS-WL 2.0.0
2023-10-26 21:25:27,044 [INFO] ThirdParty:1030 - CMSIS Pack Vendor :SEGGER I-CUBE-embOS 1.3.1
2023-10-26 21:25:27,045 [INFO] ThirdParty:1030 - CMSIS Pack Vendor :STMicroelectronics USB_DEVICE 1.0.0
2023-10-26 21:25:27,045 [INFO] ThirdParty:1030 - CMSIS Pack Vendor :STMicroelectronics X-CUBE-AI 8.1.0
2023-10-26 21:25:27,045 [INFO] ThirdParty:1030 - CMSIS Pack Vendor :STMicroelectronics X-CUBE-AZRTOS-L4 2.0.0
2023-10-26 21:25:27,045 [INFO] ThirdParty:1030 - CMSIS Pack Vendor :STMicroelectronics ThreadX 0.0.2
2023-10-26 21:25:27,045 [INFO] ThirdParty:1030 - CMSIS Pack Vendor :WES I-CUBE-Cesium 1.3.0
2023-10-26 21:25:27,045 [INFO] ThirdParty:1030 - CMSIS Pack Vendor :STMicroelectronics FP-ATR-ASTRA1 2.0.0
2023-10-26 21:25:27,045 [INFO] ThirdParty:1030 - CMSIS Pack Vendor :STMicroelectronics lwIP 2.1.2
2023-10-26 21:25:27,045 [INFO] ThirdParty:1030 - CMSIS Pack Vendor :STMicroelectronics X-CUBE-SFXS2LP1 4.0.0
2023-10-26 21:25:27,045 [INFO] ThirdParty:1030 - CMSIS Pack Vendor :STMicroelectronics X-CUBE-BLE2 3.3.0
2023-10-26 21:25:27,045 [INFO] ThirdParty:1030 - CMSIS Pack Vendor :STMicroelectronics PDM2PCM 3.2.0
2023-10-26 21:25:27,045 [INFO] ThirdParty:841 - exiting critical section [change project]
2023-10-26 21:25:27,575 [INFO] PinOutPanel:1499 - setPackage(No Configuration,No Configuration)
2023-10-26 21:25:27,576 [INFO] PinOutPanel:1499 - setPackage(STM32F746ZGTx,LQFP144)
2023-10-26 21:25:28,369 [INFO] UtilMem:75 - Before build in PCC Used Memory: 318608272 Bytes (831520768)
2023-10-26 21:25:28,730 [INFO] UtilMem:75 - After build in PCC Used Memory: 366842768 Bytes (831520768)
2023-10-26 21:25:28,795 [INFO] IPUIPlugin:80 - create IPUIPlugin
2023-10-26 21:25:28,796 [INFO] IPUIPlugin:80 - create IPUIPlugin
2023-10-26 21:25:28,796 [INFO] IPUIPlugin:80 - create IPUIPlugin
2023-10-26 21:25:28,797 [INFO] IPUIPlugin:80 - create IPUIPlugin
2023-10-26 21:25:28,797 [INFO] IPUIPlugin:80 - create IPUIPlugin
2023-10-26 21:25:28,798 [INFO] IPUIPlugin:80 - create IPUIPlugin
2023-10-26 21:25:28,798 [INFO] IPUIPlugin:80 - create IPUIPlugin
2023-10-26 21:25:28,798 [INFO] IPUIPlugin:80 - create IPUIPlugin
2023-10-26 21:25:28,798 [INFO] IPUIPlugin:80 - create IPUIPlugin
2023-10-26 21:25:28,799 [INFO] IPUIPlugin:80 - create IPUIPlugin
2023-10-26 21:25:28,799 [INFO] IPUIPlugin:80 - create IPUIPlugin
2023-10-26 21:25:28,799 [INFO] IPUIPlugin:80 - create IPUIPlugin
2023-10-26 21:25:28,800 [INFO] IPUIPlugin:80 - create IPUIPlugin
2023-10-26 21:25:28,800 [INFO] IPUIPlugin:80 - create IPUIPlugin
2023-10-26 21:25:28,800 [INFO] IPUIPlugin:80 - create IPUIPlugin
2023-10-26 21:25:28,800 [INFO] IPUIPlugin:80 - create IPUIPlugin
2023-10-26 21:25:28,801 [INFO] IPUIPlugin:80 - create IPUIPlugin
2023-10-26 21:25:28,801 [INFO] IPUIPlugin:80 - create IPUIPlugin
2023-10-26 21:25:28,802 [INFO] IPUIPlugin:80 - create IPUIPlugin
2023-10-26 21:25:28,803 [INFO] IPUIPlugin:80 - create IPUIPlugin
2023-10-26 21:25:28,804 [INFO] IPUIPlugin:80 - create IPUIPlugin
2023-10-26 21:25:28,804 [INFO] IPUIPlugin:80 - create IPUIPlugin
2023-10-26 21:25:28,804 [INFO] IPUIPlugin:80 - create IPUIPlugin
2023-10-26 21:25:28,804 [INFO] IPUIPlugin:80 - create IPUIPlugin
2023-10-26 21:25:28,805 [INFO] IPUIPlugin:80 - create IPUIPlugin
2023-10-26 21:25:28,806 [INFO] IPUIPlugin:80 - create IPUIPlugin
2023-10-26 21:25:28,806 [INFO] IPUIPlugin:80 - create IPUIPlugin
2023-10-26 21:25:28,807 [INFO] IPUIPlugin:80 - create IPUIPlugin
2023-10-26 21:25:28,807 [INFO] IPUIPlugin:80 - create IPUIPlugin
2023-10-26 21:25:28,808 [INFO] IPUIPlugin:80 - create IPUIPlugin
2023-10-26 21:25:28,808 [INFO] IPUIPlugin:80 - create IPUIPlugin
2023-10-26 21:25:28,809 [INFO] IPUIPlugin:80 - create IPUIPlugin
2023-10-26 21:25:28,809 [INFO] IPUIPlugin:80 - create IPUIPlugin
2023-10-26 21:25:28,809 [INFO] IPUIPlugin:80 - create IPUIPlugin
2023-10-26 21:25:28,810 [INFO] IPUIPlugin:80 - create IPUIPlugin
2023-10-26 21:25:28,810 [INFO] IPUIPlugin:80 - create IPUIPlugin
2023-10-26 21:25:28,811 [INFO] IPUIPlugin:80 - create IPUIPlugin
2023-10-26 21:25:28,811 [INFO] IPUIPlugin:80 - create IPUIPlugin
2023-10-26 21:25:28,811 [INFO] IPUIPlugin:80 - create IPUIPlugin
2023-10-26 21:25:28,812 [INFO] IPUIPlugin:80 - create IPUIPlugin
2023-10-26 21:25:28,812 [INFO] IPUIPlugin:80 - create IPUIPlugin
2023-10-26 21:25:28,812 [INFO] IPUIPlugin:80 - create IPUIPlugin
2023-10-26 21:25:28,812 [INFO] IPUIPlugin:80 - create IPUIPlugin
2023-10-26 21:25:28,813 [INFO] IPUIPlugin:80 - create IPUIPlugin
2023-10-26 21:25:28,813 [INFO] IPUIPlugin:80 - create IPUIPlugin
2023-10-26 21:25:28,813 [INFO] IPUIPlugin:80 - create IPUIPlugin
2023-10-26 21:25:28,814 [INFO] IPUIPlugin:80 - create IPUIPlugin
2023-10-26 21:25:28,814 [INFO] IPUIPlugin:80 - create IPUIPlugin
2023-10-26 21:25:28,815 [INFO] IPUIPlugin:80 - create IPUIPlugin
2023-10-26 21:25:28,815 [INFO] IPUIPlugin:80 - create IPUIPlugin
2023-10-26 21:25:28,816 [INFO] IPUIPlugin:80 - create IPUIPlugin
2023-10-26 21:25:28,816 [INFO] IPUIPlugin:80 - create IPUIPlugin
2023-10-26 21:25:28,816 [INFO] IPUIPlugin:80 - create IPUIPlugin
2023-10-26 21:25:28,816 [INFO] IPUIPlugin:80 - create IPUIPlugin
2023-10-26 21:25:28,817 [INFO] IPUIPlugin:80 - create IPUIPlugin
2023-10-26 21:25:28,817 [INFO] IPUIPlugin:80 - create IPUIPlugin
2023-10-26 21:25:28,817 [INFO] IPUIPlugin:80 - create IPUIPlugin
2023-10-26 21:25:28,818 [INFO] IPUIPlugin:80 - create IPUIPlugin
2023-10-26 21:25:28,818 [INFO] IPUIPlugin:80 - create IPUIPlugin
2023-10-26 21:25:28,819 [INFO] IPUIPlugin:80 - create IPUIPlugin
2023-10-26 21:25:28,820 [INFO] IPUIPlugin:80 - create IPUIPlugin
2023-10-26 21:25:28,821 [INFO] IPUIPlugin:80 - create IPUIPlugin
2023-10-26 21:25:28,821 [INFO] IPUIPlugin:80 - create IPUIPlugin
2023-10-26 21:25:28,822 [INFO] IPUIPlugin:80 - create IPUIPlugin
2023-10-26 21:25:28,823 [INFO] IPUIPlugin:80 - create IPUIPlugin
2023-10-26 21:25:28,824 [INFO] IPUIPlugin:80 - create IPUIPlugin
2023-10-26 21:25:28,825 [INFO] IPUIPlugin:80 - create IPUIPlugin
2023-10-26 21:25:28,825 [INFO] IPUIPlugin:80 - create IPUIPlugin
2023-10-26 21:25:28,826 [INFO] IPUIPlugin:80 - create IPUIPlugin
2023-10-26 21:25:28,827 [INFO] IPUIPlugin:80 - create IPUIPlugin
2023-10-26 21:25:28,828 [INFO] IPUIPlugin:80 - create IPUIPlugin
2023-10-26 21:25:28,829 [INFO] IPUIPlugin:80 - create IPUIPlugin
2023-10-26 21:25:28,830 [INFO] IPUIPlugin:80 - create IPUIPlugin
2023-10-26 21:25:28,831 [INFO] IPUIPlugin:80 - create IPUIPlugin
2023-10-26 21:25:28,937 [INFO] ApiDbMcu:507 - Load IP Config File for PDM2PCM
2023-10-26 21:25:29,079 [INFO] CADModel:165 - CPN selected for project levelSTM32F746ZGT6
2023-10-26 21:25:29,079 [INFO] CADModel:114 - Register for checkConnection events
2023-10-26 21:25:29,120 [INFO] OpenFileManager:328 - Restore cursor
