2023-11-18 14:10:12,260 [INFO] Activator:176 - 


2023-11-18 14:10:12,274 [INFO] Activator:177 - !SESSION log4j initialized
2023-11-18 14:10:22,211 [INFO] LogOutputStream:77 - [STDOUT_REDIRECT] 
2023-11-18 14:10:24,068 [ERROR] LogOutputStream:75 - [STDERR_REDIRECT] 
2023-11-18 14:10:25,560 [INFO] LogOutputStream:77 - [STDOUT_REDIRECT] 
2023-11-18 14:10:26,047 [INFO] ApplicationProperties:184 - Using Application install path: /Applications/STMicroelectronics/STM32CubeIDE.app/Contents/Eclipse/plugins/com.st.stm32cube.common.mx_6.9.2.202309101412
2023-11-18 14:10:26,087 [INFO] DbMcusXml:78 - Set database path to: /Applications/STMicroelectronics/STM32CubeIDE.app/Contents/Eclipse/plugins/com.st.stm32cube.common.mx_6.9.2.202309101412//db//mcu/
2023-11-18 14:10:26,088 [INFO] ApiDb:274 - Set plugin database path to: /Applications/STMicroelectronics/STM32CubeIDE.app/Contents/Eclipse/plugins/com.st.stm32cube.common.mx_6.9.2.202309101412//db//plugins/boardmanager/
2023-11-18 14:10:26,088 [WARN] ApiDb:259 - Overriding images path with different value:  => /Applications/STMicroelectronics/STM32CubeIDE.app/Contents/Eclipse/plugins/com.st.stm32cube.common.mx_6.9.2.202309101412//db//plugins/mcufinder/images/
2023-11-18 14:10:26,110 [INFO] ApiDb:250 - Set database path to: /Users/romanlobach/.stmcufinder/plugins/mcufinder//mcu/
2023-11-18 14:10:26,113 [INFO] DbMcusAds:125 - Set database path to: /Users/romanlobach/.stmcufinder/plugins/mcufinder//mcu/
2023-11-18 14:10:26,119 [INFO] CrossReferenceDbSqlite:203 - Set database path to: /Users/romanlobach/.stmcufinder/plugins/mcufinder//mcu/cs/
2023-11-18 14:10:26,364 [INFO] RulesReader:64 - Compatibility file has been processed (293 Rules)
2023-11-18 14:10:26,538 [INFO] DbMcusXml:78 - Set database path to: /Applications/STMicroelectronics/STM32CubeIDE.app/Contents/Eclipse/plugins/com.st.stm32cube.common.mx_6.9.2.202309101412//db//mcu/
2023-11-18 14:10:26,538 [INFO] ApiDb:274 - Set plugin database path to: /Applications/STMicroelectronics/STM32CubeIDE.app/Contents/Eclipse/plugins/com.st.stm32cube.common.mx_6.9.2.202309101412//db//plugins/boardmanager/
2023-11-18 14:10:26,538 [INFO] ApiDb:261 - Set plugin images path to: /Applications/STMicroelectronics/STM32CubeIDE.app/Contents/Eclipse/plugins/com.st.stm32cube.common.mx_6.9.2.202309101412//db//plugins/mcufinder/images/
2023-11-18 14:10:26,538 [WARN] DbFile:41 - Overriding database path with different value: /Users/romanlobach/.stmcufinder/plugins/mcufinder/ => /Users/romanlobach/.stmcufinder/plugins/mcufinder
2023-11-18 14:10:26,539 [INFO] ApiDb:250 - Set database path to: /Users/romanlobach/.stmcufinder/plugins/mcufinder//mcu/
2023-11-18 14:10:26,539 [WARN] DbFile:41 - Overriding database path with different value: /Users/romanlobach/.stmcufinder/plugins/mcufinder/ => /Users/romanlobach/.stmcufinder/plugins/mcufinder
2023-11-18 14:10:26,539 [INFO] DbMcusAds:125 - Set database path to: /Users/romanlobach/.stmcufinder/plugins/mcufinder//mcu/
2023-11-18 14:10:26,539 [WARN] DbFile:41 - Overriding database path with different value: /Users/romanlobach/.stmcufinder/plugins/mcufinder/ => /Users/romanlobach/.stmcufinder/plugins/mcufinder
2023-11-18 14:10:26,539 [WARN] DbFile:41 - Overriding database path with different value: /Users/romanlobach/.stmcufinder/plugins/mcufinder/ => /Users/romanlobach/.stmcufinder/plugins/mcufinder
2023-11-18 14:10:26,539 [INFO] CrossReferenceDbSqlite:203 - Set database path to: /Users/romanlobach/.stmcufinder/plugins/mcufinder//mcu/cs/
2023-11-18 14:10:26,735 [INFO] MainPanel:262 - HeapMemory: 268435456
2023-11-18 14:10:27,192 [INFO] DbMcusXml:78 - Set database path to: /Applications/STMicroelectronics/STM32CubeIDE.app/Contents/Eclipse/plugins/com.st.stm32cube.common.mx_6.9.2.202309101412//db//mcu/
2023-11-18 14:10:27,193 [INFO] ApiDb:274 - Set plugin database path to: /Applications/STMicroelectronics/STM32CubeIDE.app/Contents/Eclipse/plugins/com.st.stm32cube.common.mx_6.9.2.202309101412//db//plugins/boardmanager/
2023-11-18 14:10:27,193 [INFO] ApiDb:261 - Set plugin images path to: /Applications/STMicroelectronics/STM32CubeIDE.app/Contents/Eclipse/plugins/com.st.stm32cube.common.mx_6.9.2.202309101412//db//plugins/mcufinder/images/
2023-11-18 14:10:27,195 [WARN] DbFile:41 - Overriding database path with different value: /Users/romanlobach/.stmcufinder/plugins/mcufinder/ => /Users/romanlobach/.stmcufinder/plugins/mcufinder
2023-11-18 14:10:27,196 [INFO] ApiDb:250 - Set database path to: /Users/romanlobach/.stmcufinder/plugins/mcufinder//mcu/
2023-11-18 14:10:27,196 [WARN] DbFile:41 - Overriding database path with different value: /Users/romanlobach/.stmcufinder/plugins/mcufinder/ => /Users/romanlobach/.stmcufinder/plugins/mcufinder
2023-11-18 14:10:27,196 [INFO] DbMcusAds:125 - Set database path to: /Users/romanlobach/.stmcufinder/plugins/mcufinder//mcu/
2023-11-18 14:10:27,197 [WARN] DbFile:41 - Overriding database path with different value: /Users/romanlobach/.stmcufinder/plugins/mcufinder/ => /Users/romanlobach/.stmcufinder/plugins/mcufinder
2023-11-18 14:10:27,197 [WARN] DbFile:41 - Overriding database path with different value: /Users/romanlobach/.stmcufinder/plugins/mcufinder/ => /Users/romanlobach/.stmcufinder/plugins/mcufinder
2023-11-18 14:10:27,198 [INFO] CrossReferenceDbSqlite:203 - Set database path to: /Users/romanlobach/.stmcufinder/plugins/mcufinder//mcu/cs/
2023-11-18 14:10:27,290 [INFO] ApplicationProperties:184 - Using Application install path: /Applications/STMicroelectronics/STM32CubeIDE.app/Contents/Eclipse/plugins/com.st.stm32cube.common.mx_6.9.2.202309101412
2023-11-18 14:10:27,292 [INFO] PluginManage:196 - Search for loadable plugins [exclusion list=, ]
2023-11-18 14:10:27,295 [INFO] PluginManage:310 - Check plugin analytics
2023-11-18 14:10:27,736 [INFO] AnalyticsPlugin:253 - Accepted Software Licenses: STM32CubeMX.6.9.1,STM32CubeMX.6.9.2
2023-11-18 14:10:27,736 [INFO] AnalyticsPlugin:255 - Accepted CMSIS Pack Licenses: 
2023-11-18 14:10:27,736 [INFO] AnalyticsPlugin:257 - Accepted Firmware Licenses: FW.F7.1.17.0
2023-11-18 14:10:27,742 [INFO] PluginManage:359 - Loaded plugin analytics (category:tool,tabindex:-1)
2023-11-18 14:10:27,742 [INFO] PluginManage:310 - Check plugin cadmodel
2023-11-18 14:10:29,189 [INFO] CADModel:105 - Init CAD model plugin
2023-11-18 14:10:29,189 [INFO] PluginManage:359 - Loaded plugin cadmodel (category:power,tabindex:5)
2023-11-18 14:10:29,190 [INFO] PluginManage:310 - Check plugin clock
2023-11-18 14:10:29,211 [INFO] PluginManage:359 - Loaded plugin clock (category:base,tabindex:2)
2023-11-18 14:10:29,211 [INFO] PluginManage:310 - Check plugin ddr
2023-11-18 14:10:29,216 [INFO] PluginManage:359 - Loaded plugin ddr (category:tool,tabindex:6)
2023-11-18 14:10:29,217 [INFO] PluginManage:310 - Check plugin filemanager
2023-11-18 14:10:29,470 [INFO] PluginManage:359 - Loaded plugin filemanager (category:base,tabindex:10)
2023-11-18 14:10:29,471 [INFO] PluginManage:310 - Check plugin ipmanager
2023-11-18 14:10:29,484 [INFO] PluginManage:359 - Loaded plugin ipmanager (category:base,tabindex:5)
2023-11-18 14:10:29,484 [INFO] PluginManage:310 - Check plugin lpbam
2023-11-18 14:10:29,509 [INFO] PluginManage:359 - Loaded plugin lpbam (category:base,tabindex:0)
2023-11-18 14:10:29,509 [INFO] PluginManage:310 - Check plugin memorymap
2023-11-18 14:10:29,542 [INFO] PluginManage:359 - Loaded plugin memorymap (category:base,tabindex:4)
2023-11-18 14:10:29,543 [INFO] PluginManage:310 - Check plugin pinoutandconfiguration
2023-11-18 14:10:29,560 [INFO] PluginManage:359 - Loaded plugin pinoutandconfiguration (category:base,tabindex:1)
2023-11-18 14:10:29,560 [INFO] PluginManage:310 - Check plugin pinoutconfig
2023-11-18 14:10:29,757 [WARN] SupportedApi:132 - Cannot load RTOS API schema: s4s-elt-must-match.1: The content of 'definitions' must match (annotation?, (simpleType | complexType)?, (unique | key | keyref)*)). A problem was found starting at: attribute.
2023-11-18 14:10:30,100 [INFO] PluginManage:359 - Loaded plugin pinoutconfig (category:base,tabindex:0)
2023-11-18 14:10:30,101 [INFO] PluginManage:310 - Check plugin power
2023-11-18 14:10:30,136 [INFO] PluginManage:359 - Loaded plugin power (category:power,tabindex:4)
2023-11-18 14:10:30,136 [INFO] PluginManage:310 - Check plugin projectmanager
2023-11-18 14:10:30,167 [INFO] PluginManage:359 - Loaded plugin projectmanager (category:projectmanager,tabindex:3)
2023-11-18 14:10:30,168 [INFO] PluginManage:310 - Check plugin thirdparty
2023-11-18 14:10:30,467 [WARN] IntegrityCheckThread:84 - waiting for thirdparty lock release [integrity check]
2023-11-18 14:10:30,468 [INFO] IntegrityCheckThread:86 - entering critical section [integrity check]
2023-11-18 14:10:30,469 [INFO] PluginManage:359 - Loaded plugin thirdparty (category:base,tabindex:-1)
2023-11-18 14:10:30,469 [INFO] ThirdPartyUpdaterWithRetryManager:70 - Updater plugin not ready yet. [1/15]
2023-11-18 14:10:30,469 [INFO] PluginManage:310 - Check plugin tools
2023-11-18 14:10:30,476 [INFO] PluginManage:359 - Loaded plugin tools (category:base,tabindex:7)
2023-11-18 14:10:30,476 [INFO] PluginManage:310 - Check plugin tutovideos
2023-11-18 14:10:31,052 [INFO] PluginManage:359 - Loaded plugin tutovideos (category:base,tabindex:-1)
2023-11-18 14:10:31,052 [INFO] PluginManage:310 - Check plugin updater
2023-11-18 14:10:31,076 [INFO] PluginManage:359 - Loaded plugin updater (category:base,tabindex:12)
2023-11-18 14:10:31,077 [INFO] PluginManage:310 - Check plugin userauth
2023-11-18 14:10:31,087 [INFO] UserAuth:113 - Init User Auth plugin
2023-11-18 14:10:31,087 [INFO] PluginManage:359 - Loaded plugin userauth (category:base,tabindex:14)
2023-11-18 14:10:31,087 [INFO] PluginManage:283 - PluginManage : Loaded plugins [17]
2023-11-18 14:10:31,524 [INFO] PinOutPanel:1499 - setPackage(No Configuration,No Configuration)
2023-11-18 14:10:31,738 [INFO] CADModel:165 - CPN selected for project level
2023-11-18 14:10:31,738 [INFO] CADModel:114 - Register for checkConnection events
2023-11-18 14:10:31,766 [INFO] IPUIPlugin:80 - create IPUIPlugin
2023-11-18 14:10:31,767 [INFO] PluginManager:220 - loadIPPluginJar : add mdma
2023-11-18 14:10:31,783 [INFO] IPUIPlugin:80 - create IPUIPlugin
2023-11-18 14:10:31,783 [INFO] PluginManager:220 - loadIPPluginJar : add freertos
2023-11-18 14:10:31,799 [INFO] IPUIPlugin:80 - create IPUIPlugin
2023-11-18 14:10:31,799 [INFO] PluginManager:220 - loadIPPluginJar : add gic
2023-11-18 14:10:31,823 [INFO] IPUIPlugin:80 - create IPUIPlugin
2023-11-18 14:10:31,823 [INFO] PluginManager:220 - loadIPPluginJar : add adc
2023-11-18 14:10:31,830 [INFO] IPUIPlugin:80 - create IPUIPlugin
2023-11-18 14:10:31,830 [INFO] PluginManager:220 - loadIPPluginJar : add gtzc
2023-11-18 14:10:31,833 [INFO] IPUIPlugin:80 - create IPUIPlugin
2023-11-18 14:10:31,833 [INFO] PluginManager:220 - loadIPPluginJar : add quadspi
2023-11-18 14:10:31,838 [INFO] IPUIPlugin:80 - create IPUIPlugin
2023-11-18 14:10:31,838 [INFO] PluginManager:220 - loadIPPluginJar : add aes
2023-11-18 14:10:31,846 [INFO] IPUIPlugin:80 - create IPUIPlugin
2023-11-18 14:10:31,847 [INFO] PluginManager:220 - loadIPPluginJar : add pdm2pcm
2023-11-18 14:10:31,851 [INFO] IPUIPlugin:80 - create IPUIPlugin
2023-11-18 14:10:31,851 [INFO] PluginManager:220 - loadIPPluginJar : add hash
2023-11-18 14:10:31,854 [INFO] IPUIPlugin:80 - create IPUIPlugin
2023-11-18 14:10:31,854 [INFO] PluginManager:220 - loadIPPluginJar : add tim
2023-11-18 14:10:31,857 [INFO] IPUIPlugin:80 - create IPUIPlugin
2023-11-18 14:10:31,858 [INFO] PluginManager:220 - loadIPPluginJar : add tsc
2023-11-18 14:10:31,861 [INFO] IPUIPlugin:80 - create IPUIPlugin
2023-11-18 14:10:31,862 [INFO] PluginManager:220 - loadIPPluginJar : add ts
2023-11-18 14:10:31,867 [INFO] IPUIPlugin:80 - create IPUIPlugin
2023-11-18 14:10:31,867 [INFO] PluginManager:220 - loadIPPluginJar : add can
2023-11-18 14:10:31,872 [INFO] IPUIPlugin:80 - create IPUIPlugin
2023-11-18 14:10:31,872 [INFO] PluginManager:220 - loadIPPluginJar : add dma3
2023-11-18 14:10:31,877 [INFO] IPUIPlugin:80 - create IPUIPlugin
2023-11-18 14:10:31,877 [INFO] PluginManager:220 - loadIPPluginJar : add dfsdm
2023-11-18 14:10:31,882 [INFO] IPUIPlugin:80 - create IPUIPlugin
2023-11-18 14:10:31,883 [INFO] PluginManager:220 - loadIPPluginJar : add spi
2023-11-18 14:10:31,888 [INFO] IPUIPlugin:80 - create IPUIPlugin
2023-11-18 14:10:31,888 [INFO] PluginManager:220 - loadIPPluginJar : add gfxmmu
2023-11-18 14:10:31,891 [INFO] IPUIPlugin:80 - create IPUIPlugin
2023-11-18 14:10:31,892 [INFO] PluginManager:220 - loadIPPluginJar : add genericplugin
2023-11-18 14:10:31,897 [INFO] IPUIPlugin:80 - create IPUIPlugin
2023-11-18 14:10:31,898 [INFO] PluginManager:220 - loadIPPluginJar : add cryp
2023-11-18 14:10:31,908 [INFO] IPUIPlugin:80 - create IPUIPlugin
2023-11-18 14:10:31,908 [INFO] PluginManager:220 - loadIPPluginJar : add gpio
2023-11-18 14:10:31,911 [INFO] IPUIPlugin:80 - create IPUIPlugin
2023-11-18 14:10:31,912 [INFO] PluginManager:220 - loadIPPluginJar : add comp
2023-11-18 14:10:31,915 [INFO] IPUIPlugin:80 - create IPUIPlugin
2023-11-18 14:10:31,916 [INFO] PluginManager:220 - loadIPPluginJar : add tracer_emb
2023-11-18 14:10:31,921 [INFO] IPUIPlugin:80 - create IPUIPlugin
2023-11-18 14:10:31,922 [INFO] PluginManager:220 - loadIPPluginJar : add openamp
2023-11-18 14:10:31,932 [INFO] IPUIPlugin:80 - create IPUIPlugin
2023-11-18 14:10:31,933 [INFO] PluginManager:220 - loadIPPluginJar : add stm32_wpan
2023-11-18 14:10:31,949 [INFO] IPUIPlugin:80 - create IPUIPlugin
2023-11-18 14:10:31,954 [INFO] PluginManager:220 - loadIPPluginJar : add plateformsettings
2023-11-18 14:10:31,961 [INFO] IPUIPlugin:80 - create IPUIPlugin
2023-11-18 14:10:31,962 [INFO] PluginManager:220 - loadIPPluginJar : add ipddr
2023-11-18 14:10:31,967 [INFO] IPUIPlugin:80 - create IPUIPlugin
2023-11-18 14:10:31,967 [INFO] PluginManager:220 - loadIPPluginJar : add usart
2023-11-18 14:10:31,970 [INFO] IPUIPlugin:80 - create IPUIPlugin
2023-11-18 14:10:31,970 [INFO] PluginManager:220 - loadIPPluginJar : add ltdc
2023-11-18 14:10:31,981 [INFO] IPUIPlugin:80 - create IPUIPlugin
2023-11-18 14:10:31,981 [INFO] PluginManager:220 - loadIPPluginJar : add nvic
2023-11-18 14:10:31,984 [INFO] IPUIPlugin:80 - create IPUIPlugin
2023-11-18 14:10:31,985 [INFO] PluginManager:220 - loadIPPluginJar : add fatfs
2023-11-18 14:10:32,000 [INFO] IPUIPlugin:80 - create IPUIPlugin
2023-11-18 14:10:32,000 [INFO] PluginManager:220 - loadIPPluginJar : add linkedlist
2023-11-18 14:10:32,010 [INFO] IPUIPlugin:80 - create IPUIPlugin
2023-11-18 14:10:32,011 [INFO] PluginManager:220 - loadIPPluginJar : add dma
2023-11-18 14:10:32,020 [INFO] IPUIPlugin:80 - create IPUIPlugin
2023-11-18 14:10:32,021 [INFO] PluginManager:220 - loadIPPluginJar : add fmc
2023-11-18 14:10:32,026 [INFO] IPUIPlugin:80 - create IPUIPlugin
2023-11-18 14:10:32,026 [INFO] PluginManager:220 - loadIPPluginJar : add i2s
2023-11-18 14:10:32,031 [INFO] IPUIPlugin:80 - create IPUIPlugin
2023-11-18 14:10:32,031 [INFO] PluginManager:220 - loadIPPluginJar : add ucpd
2023-11-18 14:10:32,036 [INFO] IPUIPlugin:80 - create IPUIPlugin
2023-11-18 14:10:32,036 [INFO] PluginManager:220 - loadIPPluginJar : add lorawan
2023-11-18 14:10:32,042 [INFO] IPUIPlugin:80 - create IPUIPlugin
2023-11-18 14:10:32,042 [INFO] PluginManager:220 - loadIPPluginJar : add opamp
2023-11-18 14:10:32,049 [INFO] IPUIPlugin:80 - create IPUIPlugin
2023-11-18 14:10:32,050 [INFO] PluginManager:220 - loadIPPluginJar : add i3c
2023-11-18 14:10:32,057 [INFO] IPUIPlugin:80 - create IPUIPlugin
2023-11-18 14:10:32,057 [INFO] PluginManager:220 - loadIPPluginJar : add touchsensing
2023-11-18 14:10:32,063 [INFO] IPUIPlugin:80 - create IPUIPlugin
2023-11-18 14:10:32,063 [INFO] PluginManager:220 - loadIPPluginJar : add i2c
2023-11-18 14:10:32,072 [INFO] IPUIPlugin:80 - create IPUIPlugin
2023-11-18 14:10:32,072 [INFO] PluginManager:220 - loadIPPluginJar : add resmgrutility
2023-11-18 14:10:32,079 [INFO] IPUIPlugin:80 - create IPUIPlugin
2023-11-18 14:10:32,080 [INFO] PluginManager:220 - loadIPPluginJar : add sai
2023-11-18 14:10:32,086 [INFO] IPUIPlugin:80 - create IPUIPlugin
2023-11-18 14:10:32,086 [INFO] PluginManager:220 - loadIPPluginJar : add usbx
2023-11-18 14:10:32,221 [INFO] CADModel:165 - CPN selected for project level
2023-11-18 14:10:32,221 [INFO] CADModel:114 - Register for checkConnection events
2023-11-18 14:10:32,221 [FATAL] Updater:308 - Updater called before beeing initialized
2023-11-18 14:10:32,222 [ERROR] CADModel:125 - Updater not yet initialized, retry later 
2023-11-18 14:10:32,661 [INFO] CADModel:165 - CPN selected for project level
2023-11-18 14:10:32,662 [INFO] CADModel:114 - Register for checkConnection events
2023-11-18 14:10:32,662 [FATAL] Updater:308 - Updater called before beeing initialized
2023-11-18 14:10:32,663 [ERROR] CADModel:125 - Updater not yet initialized, retry later 
2023-11-18 14:10:32,672 [FATAL] Updater:308 - Updater called before beeing initialized
2023-11-18 14:10:32,875 [FATAL] Updater:308 - Updater called before beeing initialized
2023-11-18 14:10:32,890 [INFO] DbMcusAds:53 - JSON generation date=Tue Mar 07 10:50:55 EET 2023 (1678179055335)
2023-11-18 14:10:32,890 [FATAL] Updater:308 - Updater called before beeing initialized
2023-11-18 14:10:33,044 [WARN] DetailPanel:346 - Failed to get advertising image, set to default
2023-11-18 14:10:33,172 [FATAL] Updater:308 - Updater called before beeing initialized
2023-11-18 14:10:33,177 [FATAL] Updater:308 - Updater called before beeing initialized
2023-11-18 14:10:33,178 [FATAL] Updater:308 - Updater called before beeing initialized
2023-11-18 14:10:33,178 [WARN] DetailPanel:346 - Failed to get advertising image, set to default
2023-11-18 14:10:33,179 [FATAL] Updater:308 - Updater called before beeing initialized
2023-11-18 14:10:33,242 [ERROR] Updater:1120 - MainUpdater not yet initialized. External WinMGr cannot be set.
2023-11-18 14:10:33,298 [INFO] Updater:1056 - Updater Version found : 6.9.2
2023-11-18 14:10:33,346 [INFO] ApplicationProperties:184 - Using Application install path: /Applications/STMicroelectronics/STM32CubeIDE.app/Contents/Eclipse/plugins/com.st.stm32cube.common.mx_6.9.2.202309101412
2023-11-18 14:10:33,474 [INFO] ThirdPartyUpdaterWithRetryManager:70 - Updater plugin not ready yet. [2/15]
2023-11-18 14:10:33,882 [INFO] MainUpdater:2868 - connection check result : 10
2023-11-18 14:10:33,883 [INFO] MainUpdater:285 - Updater Check For Update Now.
2023-11-18 14:10:33,884 [INFO] MicroXplorer:498 - Change Database Version : DB.6.0.92
2023-11-18 14:10:33,895 [INFO] McuFinderGlobals:63 - Set McuFinder mode to 2 (CubeIDE integrated)
2023-11-18 14:10:34,136 [INFO] CheckServerUpdateThread:120 - End of CheckServer Thread
2023-11-18 14:10:36,784 [WARN] PackLoader:240 - Cannot read IP mode file for STMicroelectronics.X-CUBE-SMBUS.2.1.0
2023-11-18 14:10:36,856 [WARN] PackLoader:240 - Cannot read IP mode file for STMicroelectronics.X-CUBE-AZRTOS-F7.1.1.0
2023-11-18 14:10:36,878 [WARN] PackLoader:240 - Cannot read IP mode file for STMicroelectronics.FP-SNS-MOTENV1.4.3.2
2023-11-18 14:10:36,891 [WARN] PackLoader:240 - Cannot read IP mode file for STMicroelectronics.FP-SNS-FLIGHT1.5.0.2
2023-11-18 14:10:36,910 [WARN] PackLoader:240 - Cannot read IP mode file for STMicroelectronics.X-CUBE-DISPLAY.3.0.0
2023-11-18 14:10:36,933 [WARN] PackLoader:240 - Cannot read IP mode file for STMicroelectronics.X-CUBE-BLE1.7.0.0
2023-11-18 14:10:36,944 [WARN] PackLoader:240 - Cannot read IP mode file for emotas.I-CUBE-CANOPEN.1.3.0
2023-11-18 14:10:36,954 [WARN] PackLoader:240 - Cannot read IP mode file for STMicroelectronics.X-CUBE-TOUCHGFX.4.22.0
2023-11-18 14:10:36,960 [WARN] PackLoader:240 - Cannot read IP mode file for STMicroelectronics.X-CUBE-TOUCHGFX.4.22.1
2023-11-18 14:10:36,971 [WARN] PackLoader:240 - Cannot read IP mode file for STMicroelectronics.FP-SNS-SMARTAG2.1.2.0
2023-11-18 14:10:36,998 [INFO] LogOutputStream:77 - [STDOUT_REDIRECT] 1 : Invalid condition id : UX_CORESTACK_Condition cause : null
2023-11-18 14:10:37,000 [INFO] LogOutputStream:77 - [STDOUT_REDIRECT] 1 : Invalid condition id : UX_CORESTACK_Condition cause : null
2023-11-18 14:10:37,000 [INFO] LogOutputStream:77 - [STDOUT_REDIRECT] 1 : Invalid condition id : UX_CORESTACK_Condition cause : null
2023-11-18 14:10:37,001 [INFO] LogOutputStream:77 - [STDOUT_REDIRECT] 1 : Invalid condition id : UX_CORESTACK_Condition cause : null
2023-11-18 14:10:37,001 [INFO] LogOutputStream:77 - [STDOUT_REDIRECT] 1 : Invalid condition id : UX_CORESTACK_Condition cause : null
2023-11-18 14:10:37,011 [WARN] PackLoader:240 - Cannot read IP mode file for STMicroelectronics.X-CUBE-AZRTOS-WL.2.0.0
2023-11-18 14:10:37,034 [WARN] PackLoader:240 - Cannot read IP mode file for WES.I-CUBE-Cesium.1.3.0
2023-11-18 14:10:37,044 [WARN] PackLoader:240 - Cannot read IP mode file for STMicroelectronics.X-CUBE-BLE2.3.3.0
2023-11-18 14:10:37,064 [WARN] PackLoader:240 - Cannot read IP mode file for STMicroelectronics.X-CUBE-ALGOBUILD.1.3.0
2023-11-18 14:10:37,120 [WARN] PackLoader:240 - Cannot read IP mode file for STMicroelectronics.X-CUBE-AZRTOS-G0.1.1.0
2023-11-18 14:10:37,136 [WARN] PackLoader:240 - Cannot read IP mode file for STMicroelectronics.X-CUBE-NFC4.3.0.0
2023-11-18 14:10:37,172 [WARN] PackLoader:240 - Cannot read IP mode file for STMicroelectronics.X-CUBE-BLEMGR.3.0.0
2023-11-18 14:10:37,191 [WARN] PackLoader:240 - Cannot read IP mode file for STMicroelectronics.FP-ATR-SIGFOX1.3.2.0
2023-11-18 14:10:37,280 [WARN] PackLoader:240 - Cannot read IP mode file for SEGGER.I-CUBE-embOS.1.3.1
2023-11-18 14:10:37,393 [WARN] PackLoader:240 - Cannot read IP mode file for STMicroelectronics.X-CUBE-GNSS1.6.0.0
2023-11-18 14:10:37,431 [WARN] PackLoader:240 - Cannot read IP mode file for STMicroelectronics.X-CUBE-AZRTOS-F4.1.1.0
2023-11-18 14:10:37,444 [WARN] PackLoader:240 - Cannot read IP mode file for wolfSSL.I-CUBE-wolfSSL.5.6.3
2023-11-18 14:10:37,475 [WARN] PackLoader:240 - Cannot read IP mode file for STMicroelectronics.X-CUBE-AZRTOS-L5.2.0.0
2023-11-18 14:10:37,563 [WARN] PackLoader:240 - Cannot read IP mode file for STMicroelectronics.X-CUBE-MEMS1.9.6.0
2023-11-18 14:10:37,976 [WARN] PackLoader:240 - Cannot read IP mode file for STMicroelectronics.X-CUBE-EEPRMA1.4.2.0
2023-11-18 14:10:37,990 [WARN] PackLoader:240 - Cannot read IP mode file for ITTIA_DB.I-CUBE-ITTIADB.8.8.0
2023-11-18 14:10:38,006 [WARN] PackLoader:240 - Cannot read IP mode file for STMicroelectronics.X-CUBE-BLEMGR.2.0.0
2023-11-18 14:10:38,035 [WARN] ConditionMgr:438 - getConditionDescription Invalid condition id : UX DEVICE CLASS RTOS Condition cause : null
2023-11-18 14:10:38,036 [WARN] ConditionMgr:438 - getConditionDescription Invalid condition id : UX DEVICE CLASS RTOS Condition cause : null
2023-11-18 14:10:38,039 [WARN] PackLoader:240 - Cannot read IP mode file for STMicroelectronics.X-CUBE-AZRTOS-H7.3.1.0
2023-11-18 14:10:38,041 [WARN] ConditionMgr:1039 - genDependencies : Invalid condition id : UX DEVICE CLASS RTOS Condition cause : null
2023-11-18 14:10:38,042 [WARN] ConditionMgr:1039 - genDependencies : Invalid condition id : UX DEVICE CLASS RTOS Condition cause : null
2023-11-18 14:10:38,043 [WARN] ConditionMgr:1039 - genDependencies : Invalid condition id : UX DEVICE CLASS RTOS Condition cause : null
2023-11-18 14:10:38,044 [WARN] ConditionMgr:1039 - genDependencies : Invalid condition id : UX DEVICE CLASS RTOS Condition cause : null
2023-11-18 14:10:38,044 [WARN] ConditionMgr:1039 - genDependencies : Invalid condition id : UX DEVICE CLASS RTOS Condition cause : null
2023-11-18 14:10:38,056 [WARN] PackLoader:240 - Cannot read IP mode file for STMicroelectronics.X-CUBE-NFC7.1.0.1
2023-11-18 14:10:38,069 [WARN] PackLoader:240 - Cannot read IP mode file for STMicroelectronics.X-CUBE-NFC6.3.0.0
2023-11-18 14:10:38,082 [WARN] PackLoader:240 - Cannot read IP mode file for STMicroelectronics.X-CUBE-EEPRMA1.4.1.0
2023-11-18 14:10:38,089 [WARN] PackLoader:240 - Cannot read IP mode file for STMicroelectronics.X-CUBE-AI.8.1.0
2023-11-18 14:10:38,116 [WARN] ConditionMgr:438 - getConditionDescription Invalid condition id : LAN8742 Phy interface Condition cause : null
2023-11-18 14:10:38,117 [WARN] PackLoader:240 - Cannot read IP mode file for STMicroelectronics.X-CUBE-AZRTOS-L4.2.0.0
2023-11-18 14:10:38,119 [WARN] ConditionMgr:1039 - genDependencies : Invalid condition id : LAN8742 Phy interface Condition cause : null
2023-11-18 14:10:38,119 [WARN] ConditionMgr:1039 - genDependencies : Invalid condition id : LAN8742 Phy interface Condition cause : null
2023-11-18 14:10:38,120 [WARN] ConditionMgr:1039 - genDependencies : Invalid condition id : LAN8742 Phy interface Condition cause : null
2023-11-18 14:10:38,132 [WARN] PackLoader:240 - Cannot read IP mode file for STMicroelectronics.X-CUBE-SFXS2LP1.4.0.0
2023-11-18 14:10:38,142 [WARN] PackLoader:240 - Cannot read IP mode file for STMicroelectronics.X-CUBE-ISPU.1.1.0
2023-11-18 14:10:38,162 [WARN] ConditionMgr:438 - getConditionDescription Invalid condition id : UX DEVICE CLASS RTOS Condition cause : null
2023-11-18 14:10:38,163 [WARN] ConditionMgr:438 - getConditionDescription Invalid condition id : UX DEVICE CLASS RTOS Condition cause : null
2023-11-18 14:10:38,167 [WARN] PackLoader:240 - Cannot read IP mode file for STMicroelectronics.X-CUBE-AZRTOS-WB.2.0.0
2023-11-18 14:10:38,168 [WARN] ConditionMgr:1039 - genDependencies : Invalid condition id : UX DEVICE CLASS RTOS Condition cause : null
2023-11-18 14:10:38,169 [WARN] ConditionMgr:1039 - genDependencies : Invalid condition id : UX DEVICE CLASS RTOS Condition cause : null
2023-11-18 14:10:38,169 [WARN] ConditionMgr:1039 - genDependencies : Invalid condition id : UX DEVICE CLASS RTOS Condition cause : null
2023-11-18 14:10:38,170 [WARN] ConditionMgr:1039 - genDependencies : Invalid condition id : UX DEVICE CLASS RTOS Condition cause : null
2023-11-18 14:10:38,170 [WARN] ConditionMgr:1039 - genDependencies : Invalid condition id : UX DEVICE CLASS RTOS Condition cause : null
2023-11-18 14:10:38,188 [WARN] PackLoader:240 - Cannot read IP mode file for STMicroelectronics.X-CUBE-SUBG2.5.0.0
2023-11-18 14:10:38,234 [WARN] PackLoader:240 - Cannot read IP mode file for STMicroelectronics.X-CUBE-TOF1.3.3.1
2023-11-18 14:10:38,292 [WARN] PackLoader:240 - Cannot read IP mode file for STMicroelectronics.X-CUBE-AZRTOS-G4.2.0.0
2023-11-18 14:10:38,321 [WARN] PackLoader:240 - Cannot read IP mode file for Infineon.AIROC-Wi-Fi-Bluetooth-STM32.1.5.1
2023-11-18 14:10:38,334 [WARN] PackLoader:240 - Cannot read IP mode file for STMicroelectronics.FP-SNS-MOTENVWB1.1.3.0
2023-11-18 14:10:38,416 [WARN] PackLoader:240 - Cannot read IP mode file for STMicroelectronics.X-CUBE-MEMS1.10.0.0
2023-11-18 14:10:38,839 [WARN] PackLoader:240 - Cannot read IP mode file for STMicroelectronics.X-CUBE-FREERTOS.1.1.0
2023-11-18 14:10:38,855 [WARN] PackLoader:240 - Cannot read IP mode file for portGmbH.I-Cube-SoM-uGOAL.1.1.0
2023-11-18 14:10:39,009 [WARN] PackLoader:240 - Cannot read IP mode file for STMicroelectronics.X-CUBE-ALS.1.0.1
2023-11-18 14:10:39,016 [WARN] PackLoader:240 - Cannot read IP mode file for STMicroelectronics.FP-ATR-ASTRA1.2.0.0
2023-11-18 14:10:39,017 [INFO] ThirdParty:978 - Integrity check success = true
2023-11-18 14:10:39,018 [INFO] IntegrityCheckThread:100 - exiting critical section [integrity check]
2023-11-18 14:10:39,018 [INFO] IntegrityCheckThread:103 - End integrity checks thread
2023-11-18 14:10:44,927 [ERROR] LogOutputStream:75 - [STDERR_REDIRECT] SLF4J: Failed to load class "org.slf4j.impl.StaticLoggerBinder".
2023-11-18 14:10:44,927 [ERROR] LogOutputStream:75 - [STDERR_REDIRECT] SLF4J: Defaulting to no-operation (NOP) logger implementation
2023-11-18 14:10:44,928 [ERROR] LogOutputStream:75 - [STDERR_REDIRECT] SLF4J: See http://www.slf4j.org/codes.html#StaticLoggerBinder for further details.
