2023-10-29 11:54:32,585 [INFO] Activator:176 - 


2023-10-29 11:54:32,597 [INFO] Activator:177 - !SESSION log4j initialized
2023-10-29 11:54:42,122 [INFO] LogOutputStream:77 - [STDOUT_REDIRECT] 
2023-10-29 11:54:43,849 [ERROR] LogOutputStream:75 - [STDERR_REDIRECT] 
2023-10-29 11:54:44,991 [INFO] LogOutputStream:77 - [STDOUT_REDIRECT] 
2023-10-29 11:54:45,388 [INFO] ApplicationProperties:184 - Using Application install path: /Applications/STMicroelectronics/STM32CubeIDE.app/Contents/Eclipse/plugins/com.st.stm32cube.common.mx_6.9.2.202309101412
2023-10-29 11:54:45,446 [INFO] DbMcusXml:78 - Set database path to: /Applications/STMicroelectronics/STM32CubeIDE.app/Contents/Eclipse/plugins/com.st.stm32cube.common.mx_6.9.2.202309101412//db//mcu/
2023-10-29 11:54:45,447 [INFO] ApiDb:274 - Set plugin database path to: /Applications/STMicroelectronics/STM32CubeIDE.app/Contents/Eclipse/plugins/com.st.stm32cube.common.mx_6.9.2.202309101412//db//plugins/boardmanager/
2023-10-29 11:54:45,448 [WARN] ApiDb:259 - Overriding images path with different value:  => /Applications/STMicroelectronics/STM32CubeIDE.app/Contents/Eclipse/plugins/com.st.stm32cube.common.mx_6.9.2.202309101412//db//plugins/mcufinder/images/
2023-10-29 11:54:45,471 [INFO] ApiDb:250 - Set database path to: /Users/romanlobach/.stmcufinder/plugins/mcufinder//mcu/
2023-10-29 11:54:45,474 [INFO] DbMcusAds:125 - Set database path to: /Users/romanlobach/.stmcufinder/plugins/mcufinder//mcu/
2023-10-29 11:54:45,480 [INFO] CrossReferenceDbSqlite:203 - Set database path to: /Users/romanlobach/.stmcufinder/plugins/mcufinder//mcu/cs/
2023-10-29 11:54:45,677 [INFO] RulesReader:64 - Compatibility file has been processed (293 Rules)
2023-10-29 11:54:45,829 [INFO] DbMcusXml:78 - Set database path to: /Applications/STMicroelectronics/STM32CubeIDE.app/Contents/Eclipse/plugins/com.st.stm32cube.common.mx_6.9.2.202309101412//db//mcu/
2023-10-29 11:54:45,829 [INFO] ApiDb:274 - Set plugin database path to: /Applications/STMicroelectronics/STM32CubeIDE.app/Contents/Eclipse/plugins/com.st.stm32cube.common.mx_6.9.2.202309101412//db//plugins/boardmanager/
2023-10-29 11:54:45,830 [INFO] ApiDb:261 - Set plugin images path to: /Applications/STMicroelectronics/STM32CubeIDE.app/Contents/Eclipse/plugins/com.st.stm32cube.common.mx_6.9.2.202309101412//db//plugins/mcufinder/images/
2023-10-29 11:54:45,830 [WARN] DbFile:41 - Overriding database path with different value: /Users/romanlobach/.stmcufinder/plugins/mcufinder/ => /Users/romanlobach/.stmcufinder/plugins/mcufinder
2023-10-29 11:54:45,831 [INFO] ApiDb:250 - Set database path to: /Users/romanlobach/.stmcufinder/plugins/mcufinder//mcu/
2023-10-29 11:54:45,831 [WARN] DbFile:41 - Overriding database path with different value: /Users/romanlobach/.stmcufinder/plugins/mcufinder/ => /Users/romanlobach/.stmcufinder/plugins/mcufinder
2023-10-29 11:54:45,831 [INFO] DbMcusAds:125 - Set database path to: /Users/romanlobach/.stmcufinder/plugins/mcufinder//mcu/
2023-10-29 11:54:45,831 [WARN] DbFile:41 - Overriding database path with different value: /Users/romanlobach/.stmcufinder/plugins/mcufinder/ => /Users/romanlobach/.stmcufinder/plugins/mcufinder
2023-10-29 11:54:45,832 [WARN] DbFile:41 - Overriding database path with different value: /Users/romanlobach/.stmcufinder/plugins/mcufinder/ => /Users/romanlobach/.stmcufinder/plugins/mcufinder
2023-10-29 11:54:45,832 [INFO] CrossReferenceDbSqlite:203 - Set database path to: /Users/romanlobach/.stmcufinder/plugins/mcufinder//mcu/cs/
2023-10-29 11:54:45,988 [INFO] MainPanel:262 - HeapMemory: 268435456
2023-10-29 11:54:46,303 [INFO] DbMcusXml:78 - Set database path to: /Applications/STMicroelectronics/STM32CubeIDE.app/Contents/Eclipse/plugins/com.st.stm32cube.common.mx_6.9.2.202309101412//db//mcu/
2023-10-29 11:54:46,303 [INFO] ApiDb:274 - Set plugin database path to: /Applications/STMicroelectronics/STM32CubeIDE.app/Contents/Eclipse/plugins/com.st.stm32cube.common.mx_6.9.2.202309101412//db//plugins/boardmanager/
2023-10-29 11:54:46,303 [INFO] ApiDb:261 - Set plugin images path to: /Applications/STMicroelectronics/STM32CubeIDE.app/Contents/Eclipse/plugins/com.st.stm32cube.common.mx_6.9.2.202309101412//db//plugins/mcufinder/images/
2023-10-29 11:54:46,305 [WARN] DbFile:41 - Overriding database path with different value: /Users/romanlobach/.stmcufinder/plugins/mcufinder/ => /Users/romanlobach/.stmcufinder/plugins/mcufinder
2023-10-29 11:54:46,305 [INFO] ApiDb:250 - Set database path to: /Users/romanlobach/.stmcufinder/plugins/mcufinder//mcu/
2023-10-29 11:54:46,305 [WARN] DbFile:41 - Overriding database path with different value: /Users/romanlobach/.stmcufinder/plugins/mcufinder/ => /Users/romanlobach/.stmcufinder/plugins/mcufinder
2023-10-29 11:54:46,306 [INFO] DbMcusAds:125 - Set database path to: /Users/romanlobach/.stmcufinder/plugins/mcufinder//mcu/
2023-10-29 11:54:46,306 [WARN] DbFile:41 - Overriding database path with different value: /Users/romanlobach/.stmcufinder/plugins/mcufinder/ => /Users/romanlobach/.stmcufinder/plugins/mcufinder
2023-10-29 11:54:46,306 [WARN] DbFile:41 - Overriding database path with different value: /Users/romanlobach/.stmcufinder/plugins/mcufinder/ => /Users/romanlobach/.stmcufinder/plugins/mcufinder
2023-10-29 11:54:46,306 [INFO] CrossReferenceDbSqlite:203 - Set database path to: /Users/romanlobach/.stmcufinder/plugins/mcufinder//mcu/cs/
2023-10-29 11:54:46,355 [INFO] ApplicationProperties:184 - Using Application install path: /Applications/STMicroelectronics/STM32CubeIDE.app/Contents/Eclipse/plugins/com.st.stm32cube.common.mx_6.9.2.202309101412
2023-10-29 11:54:46,357 [INFO] PluginManage:196 - Search for loadable plugins [exclusion list=, ]
2023-10-29 11:54:46,359 [INFO] PluginManage:310 - Check plugin analytics
2023-10-29 11:54:46,726 [INFO] AnalyticsPlugin:253 - Accepted Software Licenses: STM32CubeMX.6.9.1,STM32CubeMX.6.9.2
2023-10-29 11:54:46,726 [INFO] AnalyticsPlugin:255 - Accepted CMSIS Pack Licenses: 
2023-10-29 11:54:46,727 [INFO] AnalyticsPlugin:257 - Accepted Firmware Licenses: FW.F7.1.17.0
2023-10-29 11:54:46,733 [INFO] PluginManage:359 - Loaded plugin analytics (category:tool,tabindex:-1)
2023-10-29 11:54:46,734 [INFO] PluginManage:310 - Check plugin cadmodel
2023-10-29 11:54:48,383 [INFO] CADModel:105 - Init CAD model plugin
2023-10-29 11:54:48,384 [INFO] PluginManage:359 - Loaded plugin cadmodel (category:power,tabindex:5)
2023-10-29 11:54:48,385 [INFO] PluginManage:310 - Check plugin clock
2023-10-29 11:54:48,406 [INFO] PluginManage:359 - Loaded plugin clock (category:base,tabindex:2)
2023-10-29 11:54:48,406 [INFO] PluginManage:310 - Check plugin ddr
2023-10-29 11:54:48,411 [INFO] PluginManage:359 - Loaded plugin ddr (category:tool,tabindex:6)
2023-10-29 11:54:48,412 [INFO] PluginManage:310 - Check plugin filemanager
2023-10-29 11:54:48,699 [INFO] PluginManage:359 - Loaded plugin filemanager (category:base,tabindex:10)
2023-10-29 11:54:48,699 [INFO] PluginManage:310 - Check plugin ipmanager
2023-10-29 11:54:48,713 [INFO] PluginManage:359 - Loaded plugin ipmanager (category:base,tabindex:5)
2023-10-29 11:54:48,713 [INFO] PluginManage:310 - Check plugin lpbam
2023-10-29 11:54:48,741 [INFO] PluginManage:359 - Loaded plugin lpbam (category:base,tabindex:0)
2023-10-29 11:54:48,741 [INFO] PluginManage:310 - Check plugin memorymap
2023-10-29 11:54:48,772 [INFO] PluginManage:359 - Loaded plugin memorymap (category:base,tabindex:4)
2023-10-29 11:54:48,772 [INFO] PluginManage:310 - Check plugin pinoutandconfiguration
2023-10-29 11:54:48,789 [INFO] PluginManage:359 - Loaded plugin pinoutandconfiguration (category:base,tabindex:1)
2023-10-29 11:54:48,790 [INFO] PluginManage:310 - Check plugin pinoutconfig
2023-10-29 11:54:48,979 [WARN] SupportedApi:132 - Cannot load RTOS API schema: s4s-elt-must-match.1: The content of 'definitions' must match (annotation?, (simpleType | complexType)?, (unique | key | keyref)*)). A problem was found starting at: attribute.
2023-10-29 11:54:49,387 [INFO] PluginManage:359 - Loaded plugin pinoutconfig (category:base,tabindex:0)
2023-10-29 11:54:49,388 [INFO] PluginManage:310 - Check plugin power
2023-10-29 11:54:49,411 [INFO] PluginManage:359 - Loaded plugin power (category:power,tabindex:4)
2023-10-29 11:54:49,411 [INFO] PluginManage:310 - Check plugin projectmanager
2023-10-29 11:54:49,438 [INFO] PluginManage:359 - Loaded plugin projectmanager (category:projectmanager,tabindex:3)
2023-10-29 11:54:49,439 [INFO] PluginManage:310 - Check plugin thirdparty
2023-10-29 11:54:49,715 [INFO] PluginManage:359 - Loaded plugin thirdparty (category:base,tabindex:-1)
2023-10-29 11:54:49,715 [WARN] IntegrityCheckThread:84 - waiting for thirdparty lock release [integrity check]
2023-10-29 11:54:49,716 [INFO] PluginManage:310 - Check plugin tools
2023-10-29 11:54:49,716 [INFO] IntegrityCheckThread:86 - entering critical section [integrity check]
2023-10-29 11:54:49,717 [INFO] ThirdPartyUpdaterWithRetryManager:70 - Updater plugin not ready yet. [1/15]
2023-10-29 11:54:49,720 [INFO] PluginManage:359 - Loaded plugin tools (category:base,tabindex:7)
2023-10-29 11:54:49,720 [INFO] PluginManage:310 - Check plugin tutovideos
2023-10-29 11:54:50,256 [INFO] PluginManage:359 - Loaded plugin tutovideos (category:base,tabindex:-1)
2023-10-29 11:54:50,257 [INFO] PluginManage:310 - Check plugin updater
2023-10-29 11:54:50,280 [INFO] PluginManage:359 - Loaded plugin updater (category:base,tabindex:12)
2023-10-29 11:54:50,281 [INFO] PluginManage:310 - Check plugin userauth
2023-10-29 11:54:50,291 [INFO] UserAuth:113 - Init User Auth plugin
2023-10-29 11:54:50,291 [INFO] PluginManage:359 - Loaded plugin userauth (category:base,tabindex:14)
2023-10-29 11:54:50,292 [INFO] PluginManage:283 - PluginManage : Loaded plugins [17]
2023-10-29 11:54:50,706 [INFO] PinOutPanel:1499 - setPackage(No Configuration,No Configuration)
2023-10-29 11:54:50,921 [INFO] CADModel:165 - CPN selected for project level
2023-10-29 11:54:50,922 [INFO] CADModel:114 - Register for checkConnection events
2023-10-29 11:54:50,960 [INFO] IPUIPlugin:80 - create IPUIPlugin
2023-10-29 11:54:50,961 [INFO] PluginManager:220 - loadIPPluginJar : add mdma
2023-10-29 11:54:50,981 [INFO] IPUIPlugin:80 - create IPUIPlugin
2023-10-29 11:54:50,982 [INFO] PluginManager:220 - loadIPPluginJar : add freertos
2023-10-29 11:54:50,999 [INFO] IPUIPlugin:80 - create IPUIPlugin
2023-10-29 11:54:51,000 [INFO] PluginManager:220 - loadIPPluginJar : add gic
2023-10-29 11:54:51,026 [INFO] IPUIPlugin:80 - create IPUIPlugin
2023-10-29 11:54:51,027 [INFO] PluginManager:220 - loadIPPluginJar : add adc
2023-10-29 11:54:51,035 [INFO] IPUIPlugin:80 - create IPUIPlugin
2023-10-29 11:54:51,036 [INFO] PluginManager:220 - loadIPPluginJar : add gtzc
2023-10-29 11:54:51,039 [INFO] IPUIPlugin:80 - create IPUIPlugin
2023-10-29 11:54:51,039 [INFO] PluginManager:220 - loadIPPluginJar : add quadspi
2023-10-29 11:54:51,044 [INFO] IPUIPlugin:80 - create IPUIPlugin
2023-10-29 11:54:51,045 [INFO] PluginManager:220 - loadIPPluginJar : add aes
2023-10-29 11:54:51,052 [INFO] IPUIPlugin:80 - create IPUIPlugin
2023-10-29 11:54:51,052 [INFO] PluginManager:220 - loadIPPluginJar : add pdm2pcm
2023-10-29 11:54:51,056 [INFO] IPUIPlugin:80 - create IPUIPlugin
2023-10-29 11:54:51,056 [INFO] PluginManager:220 - loadIPPluginJar : add hash
2023-10-29 11:54:51,059 [INFO] IPUIPlugin:80 - create IPUIPlugin
2023-10-29 11:54:51,059 [INFO] PluginManager:220 - loadIPPluginJar : add tim
2023-10-29 11:54:51,063 [INFO] IPUIPlugin:80 - create IPUIPlugin
2023-10-29 11:54:51,063 [INFO] PluginManager:220 - loadIPPluginJar : add tsc
2023-10-29 11:54:51,066 [INFO] IPUIPlugin:80 - create IPUIPlugin
2023-10-29 11:54:51,067 [INFO] PluginManager:220 - loadIPPluginJar : add ts
2023-10-29 11:54:51,072 [INFO] IPUIPlugin:80 - create IPUIPlugin
2023-10-29 11:54:51,072 [INFO] PluginManager:220 - loadIPPluginJar : add can
2023-10-29 11:54:51,078 [INFO] IPUIPlugin:80 - create IPUIPlugin
2023-10-29 11:54:51,078 [INFO] PluginManager:220 - loadIPPluginJar : add dma3
2023-10-29 11:54:51,083 [INFO] IPUIPlugin:80 - create IPUIPlugin
2023-10-29 11:54:51,083 [INFO] PluginManager:220 - loadIPPluginJar : add dfsdm
2023-10-29 11:54:51,088 [INFO] IPUIPlugin:80 - create IPUIPlugin
2023-10-29 11:54:51,089 [INFO] PluginManager:220 - loadIPPluginJar : add spi
2023-10-29 11:54:51,094 [INFO] IPUIPlugin:80 - create IPUIPlugin
2023-10-29 11:54:51,094 [INFO] PluginManager:220 - loadIPPluginJar : add gfxmmu
2023-10-29 11:54:51,097 [INFO] IPUIPlugin:80 - create IPUIPlugin
2023-10-29 11:54:51,097 [INFO] PluginManager:220 - loadIPPluginJar : add genericplugin
2023-10-29 11:54:51,103 [INFO] IPUIPlugin:80 - create IPUIPlugin
2023-10-29 11:54:51,103 [INFO] PluginManager:220 - loadIPPluginJar : add cryp
2023-10-29 11:54:51,116 [INFO] IPUIPlugin:80 - create IPUIPlugin
2023-10-29 11:54:51,117 [INFO] PluginManager:220 - loadIPPluginJar : add gpio
2023-10-29 11:54:51,121 [INFO] IPUIPlugin:80 - create IPUIPlugin
2023-10-29 11:54:51,121 [INFO] PluginManager:220 - loadIPPluginJar : add comp
2023-10-29 11:54:51,126 [INFO] IPUIPlugin:80 - create IPUIPlugin
2023-10-29 11:54:51,126 [INFO] PluginManager:220 - loadIPPluginJar : add tracer_emb
2023-10-29 11:54:51,132 [INFO] IPUIPlugin:80 - create IPUIPlugin
2023-10-29 11:54:51,132 [INFO] PluginManager:220 - loadIPPluginJar : add openamp
2023-10-29 11:54:51,142 [INFO] IPUIPlugin:80 - create IPUIPlugin
2023-10-29 11:54:51,142 [INFO] PluginManager:220 - loadIPPluginJar : add stm32_wpan
2023-10-29 11:54:51,161 [INFO] IPUIPlugin:80 - create IPUIPlugin
2023-10-29 11:54:51,168 [INFO] PluginManager:220 - loadIPPluginJar : add plateformsettings
2023-10-29 11:54:51,179 [INFO] IPUIPlugin:80 - create IPUIPlugin
2023-10-29 11:54:51,180 [INFO] PluginManager:220 - loadIPPluginJar : add ipddr
2023-10-29 11:54:51,187 [INFO] IPUIPlugin:80 - create IPUIPlugin
2023-10-29 11:54:51,187 [INFO] PluginManager:220 - loadIPPluginJar : add usart
2023-10-29 11:54:51,191 [INFO] IPUIPlugin:80 - create IPUIPlugin
2023-10-29 11:54:51,192 [INFO] PluginManager:220 - loadIPPluginJar : add ltdc
2023-10-29 11:54:51,205 [INFO] IPUIPlugin:80 - create IPUIPlugin
2023-10-29 11:54:51,205 [INFO] PluginManager:220 - loadIPPluginJar : add nvic
2023-10-29 11:54:51,208 [INFO] IPUIPlugin:80 - create IPUIPlugin
2023-10-29 11:54:51,208 [INFO] PluginManager:220 - loadIPPluginJar : add fatfs
2023-10-29 11:54:51,226 [INFO] IPUIPlugin:80 - create IPUIPlugin
2023-10-29 11:54:51,226 [INFO] PluginManager:220 - loadIPPluginJar : add linkedlist
2023-10-29 11:54:51,237 [INFO] IPUIPlugin:80 - create IPUIPlugin
2023-10-29 11:54:51,237 [INFO] PluginManager:220 - loadIPPluginJar : add dma
2023-10-29 11:54:51,247 [INFO] IPUIPlugin:80 - create IPUIPlugin
2023-10-29 11:54:51,247 [INFO] PluginManager:220 - loadIPPluginJar : add fmc
2023-10-29 11:54:51,252 [INFO] IPUIPlugin:80 - create IPUIPlugin
2023-10-29 11:54:51,252 [INFO] PluginManager:220 - loadIPPluginJar : add i2s
2023-10-29 11:54:51,255 [INFO] IPUIPlugin:80 - create IPUIPlugin
2023-10-29 11:54:51,256 [INFO] PluginManager:220 - loadIPPluginJar : add ucpd
2023-10-29 11:54:51,260 [INFO] IPUIPlugin:80 - create IPUIPlugin
2023-10-29 11:54:51,260 [INFO] PluginManager:220 - loadIPPluginJar : add lorawan
2023-10-29 11:54:51,265 [INFO] IPUIPlugin:80 - create IPUIPlugin
2023-10-29 11:54:51,265 [INFO] PluginManager:220 - loadIPPluginJar : add opamp
2023-10-29 11:54:51,272 [INFO] IPUIPlugin:80 - create IPUIPlugin
2023-10-29 11:54:51,272 [INFO] PluginManager:220 - loadIPPluginJar : add i3c
2023-10-29 11:54:51,279 [INFO] IPUIPlugin:80 - create IPUIPlugin
2023-10-29 11:54:51,279 [INFO] PluginManager:220 - loadIPPluginJar : add touchsensing
2023-10-29 11:54:51,284 [INFO] IPUIPlugin:80 - create IPUIPlugin
2023-10-29 11:54:51,285 [INFO] PluginManager:220 - loadIPPluginJar : add i2c
2023-10-29 11:54:51,294 [INFO] IPUIPlugin:80 - create IPUIPlugin
2023-10-29 11:54:51,294 [INFO] PluginManager:220 - loadIPPluginJar : add resmgrutility
2023-10-29 11:54:51,303 [INFO] IPUIPlugin:80 - create IPUIPlugin
2023-10-29 11:54:51,304 [INFO] PluginManager:220 - loadIPPluginJar : add sai
2023-10-29 11:54:51,311 [INFO] IPUIPlugin:80 - create IPUIPlugin
2023-10-29 11:54:51,312 [INFO] PluginManager:220 - loadIPPluginJar : add usbx
2023-10-29 11:54:51,448 [INFO] CADModel:165 - CPN selected for project level
2023-10-29 11:54:51,448 [INFO] CADModel:114 - Register for checkConnection events
2023-10-29 11:54:51,449 [FATAL] Updater:308 - Updater called before beeing initialized
2023-10-29 11:54:51,449 [ERROR] CADModel:125 - Updater not yet initialized, retry later 
2023-10-29 11:54:51,785 [INFO] CADModel:165 - CPN selected for project level
2023-10-29 11:54:51,785 [INFO] CADModel:114 - Register for checkConnection events
2023-10-29 11:54:51,785 [FATAL] Updater:308 - Updater called before beeing initialized
2023-10-29 11:54:51,785 [ERROR] CADModel:125 - Updater not yet initialized, retry later 
2023-10-29 11:54:51,796 [FATAL] Updater:308 - Updater called before beeing initialized
2023-10-29 11:54:51,944 [FATAL] Updater:308 - Updater called before beeing initialized
2023-10-29 11:54:51,955 [INFO] DbMcusAds:53 - JSON generation date=Tue Mar 07 10:50:55 EET 2023 (1678179055114)
2023-10-29 11:54:51,955 [FATAL] Updater:308 - Updater called before beeing initialized
2023-10-29 11:54:52,094 [WARN] DetailPanel:346 - Failed to get advertising image, set to default
2023-10-29 11:54:52,219 [FATAL] Updater:308 - Updater called before beeing initialized
2023-10-29 11:54:52,222 [FATAL] Updater:308 - Updater called before beeing initialized
2023-10-29 11:54:52,223 [FATAL] Updater:308 - Updater called before beeing initialized
2023-10-29 11:54:52,223 [WARN] DetailPanel:346 - Failed to get advertising image, set to default
2023-10-29 11:54:52,224 [FATAL] Updater:308 - Updater called before beeing initialized
2023-10-29 11:54:52,279 [ERROR] Updater:1120 - MainUpdater not yet initialized. External WinMGr cannot be set.
2023-10-29 11:54:52,350 [INFO] Updater:1056 - Updater Version found : 6.9.2
2023-10-29 11:54:52,399 [INFO] ApplicationProperties:184 - Using Application install path: /Applications/STMicroelectronics/STM32CubeIDE.app/Contents/Eclipse/plugins/com.st.stm32cube.common.mx_6.9.2.202309101412
2023-10-29 11:54:52,722 [INFO] ThirdPartyUpdaterWithRetryManager:70 - Updater plugin not ready yet. [2/15]
2023-10-29 11:54:53,020 [INFO] MainUpdater:2868 - connection check result : 10
2023-10-29 11:54:53,021 [INFO] MainUpdater:285 - Updater Check For Update Now.
2023-10-29 11:54:53,022 [INFO] MicroXplorer:498 - Change Database Version : DB.6.0.92
2023-10-29 11:54:53,033 [INFO] McuFinderGlobals:63 - Set McuFinder mode to 2 (CubeIDE integrated)
2023-10-29 11:54:53,250 [INFO] CheckServerUpdateThread:120 - End of CheckServer Thread
2023-10-29 11:54:55,937 [WARN] PackLoader:240 - Cannot read IP mode file for STMicroelectronics.X-CUBE-SMBUS.2.1.0
2023-10-29 11:54:56,002 [WARN] PackLoader:240 - Cannot read IP mode file for STMicroelectronics.X-CUBE-AZRTOS-F7.1.1.0
2023-10-29 11:54:56,024 [WARN] PackLoader:240 - Cannot read IP mode file for STMicroelectronics.FP-SNS-MOTENV1.4.3.2
2023-10-29 11:54:56,035 [WARN] PackLoader:240 - Cannot read IP mode file for STMicroelectronics.FP-SNS-FLIGHT1.5.0.2
2023-10-29 11:54:56,050 [WARN] PackLoader:240 - Cannot read IP mode file for STMicroelectronics.X-CUBE-DISPLAY.3.0.0
2023-10-29 11:54:56,071 [WARN] PackLoader:240 - Cannot read IP mode file for STMicroelectronics.X-CUBE-BLE1.7.0.0
2023-10-29 11:54:56,079 [WARN] PackLoader:240 - Cannot read IP mode file for emotas.I-CUBE-CANOPEN.1.3.0
2023-10-29 11:54:56,087 [WARN] PackLoader:240 - Cannot read IP mode file for STMicroelectronics.X-CUBE-TOUCHGFX.4.22.0
2023-10-29 11:54:56,091 [WARN] PackLoader:240 - Cannot read IP mode file for STMicroelectronics.X-CUBE-TOUCHGFX.4.22.1
2023-10-29 11:54:56,115 [WARN] PackLoader:240 - Cannot read IP mode file for STMicroelectronics.FP-SNS-SMARTAG2.1.2.0
2023-10-29 11:54:56,136 [INFO] LogOutputStream:77 - [STDOUT_REDIRECT] 1 : Invalid condition id : UX_CORESTACK_Condition cause : null
2023-10-29 11:54:56,137 [INFO] LogOutputStream:77 - [STDOUT_REDIRECT] 1 : Invalid condition id : UX_CORESTACK_Condition cause : null
2023-10-29 11:54:56,137 [INFO] LogOutputStream:77 - [STDOUT_REDIRECT] 1 : Invalid condition id : UX_CORESTACK_Condition cause : null
2023-10-29 11:54:56,138 [INFO] LogOutputStream:77 - [STDOUT_REDIRECT] 1 : Invalid condition id : UX_CORESTACK_Condition cause : null
2023-10-29 11:54:56,139 [INFO] LogOutputStream:77 - [STDOUT_REDIRECT] 1 : Invalid condition id : UX_CORESTACK_Condition cause : null
2023-10-29 11:54:56,148 [WARN] PackLoader:240 - Cannot read IP mode file for STMicroelectronics.X-CUBE-AZRTOS-WL.2.0.0
2023-10-29 11:54:56,161 [WARN] PackLoader:240 - Cannot read IP mode file for WES.I-CUBE-Cesium.1.3.0
2023-10-29 11:54:56,170 [WARN] PackLoader:240 - Cannot read IP mode file for STMicroelectronics.X-CUBE-BLE2.3.3.0
2023-10-29 11:54:56,185 [WARN] PackLoader:240 - Cannot read IP mode file for STMicroelectronics.X-CUBE-ALGOBUILD.1.3.0
2023-10-29 11:54:56,239 [WARN] PackLoader:240 - Cannot read IP mode file for STMicroelectronics.X-CUBE-AZRTOS-G0.1.1.0
2023-10-29 11:54:56,255 [WARN] PackLoader:240 - Cannot read IP mode file for STMicroelectronics.X-CUBE-NFC4.3.0.0
2023-10-29 11:54:56,263 [WARN] PackLoader:240 - Cannot read IP mode file for STMicroelectronics.FP-ATR-SIGFOX1.3.2.0
2023-10-29 11:54:56,330 [WARN] PackLoader:240 - Cannot read IP mode file for SEGGER.I-CUBE-embOS.1.3.1
2023-10-29 11:54:56,399 [WARN] PackLoader:240 - Cannot read IP mode file for STMicroelectronics.X-CUBE-GNSS1.6.0.0
2023-10-29 11:54:56,424 [WARN] PackLoader:240 - Cannot read IP mode file for STMicroelectronics.X-CUBE-AZRTOS-F4.1.1.0
2023-10-29 11:54:56,434 [WARN] PackLoader:240 - Cannot read IP mode file for wolfSSL.I-CUBE-wolfSSL.5.6.3
2023-10-29 11:54:56,465 [WARN] PackLoader:240 - Cannot read IP mode file for STMicroelectronics.X-CUBE-AZRTOS-L5.2.0.0
2023-10-29 11:54:56,557 [WARN] PackLoader:240 - Cannot read IP mode file for STMicroelectronics.X-CUBE-MEMS1.9.6.0
2023-10-29 11:54:56,825 [WARN] PackLoader:240 - Cannot read IP mode file for STMicroelectronics.X-CUBE-EEPRMA1.4.2.0
2023-10-29 11:54:56,833 [WARN] PackLoader:240 - Cannot read IP mode file for ITTIA_DB.I-CUBE-ITTIADB.8.8.0
2023-10-29 11:54:56,842 [WARN] PackLoader:240 - Cannot read IP mode file for STMicroelectronics.X-CUBE-BLEMGR.2.0.0
2023-10-29 11:54:56,872 [WARN] ConditionMgr:438 - getConditionDescription Invalid condition id : UX DEVICE CLASS RTOS Condition cause : null
2023-10-29 11:54:56,873 [WARN] ConditionMgr:438 - getConditionDescription Invalid condition id : UX DEVICE CLASS RTOS Condition cause : null
2023-10-29 11:54:56,880 [WARN] PackLoader:240 - Cannot read IP mode file for STMicroelectronics.X-CUBE-AZRTOS-H7.3.1.0
2023-10-29 11:54:56,882 [WARN] ConditionMgr:1039 - genDependencies : Invalid condition id : UX DEVICE CLASS RTOS Condition cause : null
2023-10-29 11:54:56,882 [WARN] ConditionMgr:1039 - genDependencies : Invalid condition id : UX DEVICE CLASS RTOS Condition cause : null
2023-10-29 11:54:56,884 [WARN] ConditionMgr:1039 - genDependencies : Invalid condition id : UX DEVICE CLASS RTOS Condition cause : null
2023-10-29 11:54:56,885 [WARN] ConditionMgr:1039 - genDependencies : Invalid condition id : UX DEVICE CLASS RTOS Condition cause : null
2023-10-29 11:54:56,885 [WARN] ConditionMgr:1039 - genDependencies : Invalid condition id : UX DEVICE CLASS RTOS Condition cause : null
2023-10-29 11:54:56,897 [WARN] PackLoader:240 - Cannot read IP mode file for STMicroelectronics.X-CUBE-NFC7.1.0.1
2023-10-29 11:54:56,909 [WARN] PackLoader:240 - Cannot read IP mode file for STMicroelectronics.X-CUBE-NFC6.3.0.0
2023-10-29 11:54:56,917 [WARN] PackLoader:240 - Cannot read IP mode file for STMicroelectronics.X-CUBE-EEPRMA1.4.1.0
2023-10-29 11:54:56,925 [WARN] PackLoader:240 - Cannot read IP mode file for STMicroelectronics.X-CUBE-AI.8.1.0
2023-10-29 11:54:56,951 [WARN] ConditionMgr:438 - getConditionDescription Invalid condition id : LAN8742 Phy interface Condition cause : null
2023-10-29 11:54:56,952 [WARN] PackLoader:240 - Cannot read IP mode file for STMicroelectronics.X-CUBE-AZRTOS-L4.2.0.0
2023-10-29 11:54:56,954 [WARN] ConditionMgr:1039 - genDependencies : Invalid condition id : LAN8742 Phy interface Condition cause : null
2023-10-29 11:54:56,954 [WARN] ConditionMgr:1039 - genDependencies : Invalid condition id : LAN8742 Phy interface Condition cause : null
2023-10-29 11:54:56,956 [WARN] ConditionMgr:1039 - genDependencies : Invalid condition id : LAN8742 Phy interface Condition cause : null
2023-10-29 11:54:56,978 [WARN] PackLoader:240 - Cannot read IP mode file for STMicroelectronics.X-CUBE-SFXS2LP1.4.0.0
2023-10-29 11:54:56,988 [WARN] PackLoader:240 - Cannot read IP mode file for STMicroelectronics.X-CUBE-ISPU.1.1.0
2023-10-29 11:54:57,007 [WARN] ConditionMgr:438 - getConditionDescription Invalid condition id : UX DEVICE CLASS RTOS Condition cause : null
2023-10-29 11:54:57,007 [WARN] ConditionMgr:438 - getConditionDescription Invalid condition id : UX DEVICE CLASS RTOS Condition cause : null
2023-10-29 11:54:57,010 [WARN] PackLoader:240 - Cannot read IP mode file for STMicroelectronics.X-CUBE-AZRTOS-WB.2.0.0
2023-10-29 11:54:57,011 [WARN] ConditionMgr:1039 - genDependencies : Invalid condition id : UX DEVICE CLASS RTOS Condition cause : null
2023-10-29 11:54:57,011 [WARN] ConditionMgr:1039 - genDependencies : Invalid condition id : UX DEVICE CLASS RTOS Condition cause : null
2023-10-29 11:54:57,013 [WARN] ConditionMgr:1039 - genDependencies : Invalid condition id : UX DEVICE CLASS RTOS Condition cause : null
2023-10-29 11:54:57,013 [WARN] ConditionMgr:1039 - genDependencies : Invalid condition id : UX DEVICE CLASS RTOS Condition cause : null
2023-10-29 11:54:57,013 [WARN] ConditionMgr:1039 - genDependencies : Invalid condition id : UX DEVICE CLASS RTOS Condition cause : null
2023-10-29 11:54:57,064 [WARN] PackLoader:240 - Cannot read IP mode file for STMicroelectronics.X-CUBE-SUBG2.5.0.0
2023-10-29 11:54:57,105 [WARN] PackLoader:240 - Cannot read IP mode file for STMicroelectronics.X-CUBE-TOF1.3.3.1
2023-10-29 11:54:57,167 [WARN] PackLoader:240 - Cannot read IP mode file for STMicroelectronics.X-CUBE-AZRTOS-G4.2.0.0
2023-10-29 11:54:57,194 [WARN] PackLoader:240 - Cannot read IP mode file for Infineon.AIROC-Wi-Fi-Bluetooth-STM32.1.5.1
2023-10-29 11:54:57,251 [WARN] PackLoader:240 - Cannot read IP mode file for STMicroelectronics.X-CUBE-MEMS1.10.0.0
2023-10-29 11:54:57,463 [WARN] PackLoader:240 - Cannot read IP mode file for STMicroelectronics.X-CUBE-FREERTOS.1.1.0
2023-10-29 11:54:57,472 [WARN] PackLoader:240 - Cannot read IP mode file for portGmbH.I-Cube-SoM-uGOAL.1.1.0
2023-10-29 11:54:57,648 [WARN] PackLoader:240 - Cannot read IP mode file for STMicroelectronics.X-CUBE-ALS.1.0.1
2023-10-29 11:54:57,654 [WARN] PackLoader:240 - Cannot read IP mode file for STMicroelectronics.FP-ATR-ASTRA1.2.0.0
2023-10-29 11:54:57,655 [INFO] ThirdParty:978 - Integrity check success = true
2023-10-29 11:54:57,655 [INFO] IntegrityCheckThread:100 - exiting critical section [integrity check]
2023-10-29 11:54:57,655 [INFO] IntegrityCheckThread:103 - End integrity checks thread
2023-10-29 11:55:05,140 [ERROR] LogOutputStream:75 - [STDERR_REDIRECT] SLF4J: Failed to load class "org.slf4j.impl.StaticLoggerBinder".
2023-10-29 11:55:05,142 [ERROR] LogOutputStream:75 - [STDERR_REDIRECT] SLF4J: Defaulting to no-operation (NOP) logger implementation
2023-10-29 11:55:05,142 [ERROR] LogOutputStream:75 - [STDERR_REDIRECT] SLF4J: See http://www.slf4j.org/codes.html#StaticLoggerBinder for further details.
