2023-11-17 19:40:00,695 [INFO] Activator:176 - 


2023-11-17 19:40:00,710 [INFO] Activator:177 - !SESSION log4j initialized
2023-11-17 19:40:10,595 [INFO] LogOutputStream:77 - [STDOUT_REDIRECT] 
2023-11-17 19:40:12,503 [ERROR] LogOutputStream:75 - [STDERR_REDIRECT] 
2023-11-17 19:40:13,863 [INFO] LogOutputStream:77 - [STDOUT_REDIRECT] 
2023-11-17 19:40:14,338 [INFO] ApplicationProperties:184 - Using Application install path: /Applications/STMicroelectronics/STM32CubeIDE.app/Contents/Eclipse/plugins/com.st.stm32cube.common.mx_6.9.2.202309101412
2023-11-17 19:40:14,383 [INFO] DbMcusXml:78 - Set database path to: /Applications/STMicroelectronics/STM32CubeIDE.app/Contents/Eclipse/plugins/com.st.stm32cube.common.mx_6.9.2.202309101412//db//mcu/
2023-11-17 19:40:14,384 [INFO] ApiDb:274 - Set plugin database path to: /Applications/STMicroelectronics/STM32CubeIDE.app/Contents/Eclipse/plugins/com.st.stm32cube.common.mx_6.9.2.202309101412//db//plugins/boardmanager/
2023-11-17 19:40:14,384 [WARN] ApiDb:259 - Overriding images path with different value:  => /Applications/STMicroelectronics/STM32CubeIDE.app/Contents/Eclipse/plugins/com.st.stm32cube.common.mx_6.9.2.202309101412//db//plugins/mcufinder/images/
2023-11-17 19:40:14,411 [INFO] ApiDb:250 - Set database path to: /Users/romanlobach/.stmcufinder/plugins/mcufinder//mcu/
2023-11-17 19:40:14,416 [INFO] DbMcusAds:125 - Set database path to: /Users/romanlobach/.stmcufinder/plugins/mcufinder//mcu/
2023-11-17 19:40:14,426 [INFO] CrossReferenceDbSqlite:203 - Set database path to: /Users/romanlobach/.stmcufinder/plugins/mcufinder//mcu/cs/
2023-11-17 19:40:14,671 [INFO] RulesReader:64 - Compatibility file has been processed (293 Rules)
2023-11-17 19:40:14,857 [INFO] DbMcusXml:78 - Set database path to: /Applications/STMicroelectronics/STM32CubeIDE.app/Contents/Eclipse/plugins/com.st.stm32cube.common.mx_6.9.2.202309101412//db//mcu/
2023-11-17 19:40:14,857 [INFO] ApiDb:274 - Set plugin database path to: /Applications/STMicroelectronics/STM32CubeIDE.app/Contents/Eclipse/plugins/com.st.stm32cube.common.mx_6.9.2.202309101412//db//plugins/boardmanager/
2023-11-17 19:40:14,858 [INFO] ApiDb:261 - Set plugin images path to: /Applications/STMicroelectronics/STM32CubeIDE.app/Contents/Eclipse/plugins/com.st.stm32cube.common.mx_6.9.2.202309101412//db//plugins/mcufinder/images/
2023-11-17 19:40:14,858 [WARN] DbFile:41 - Overriding database path with different value: /Users/romanlobach/.stmcufinder/plugins/mcufinder/ => /Users/romanlobach/.stmcufinder/plugins/mcufinder
2023-11-17 19:40:14,858 [INFO] ApiDb:250 - Set database path to: /Users/romanlobach/.stmcufinder/plugins/mcufinder//mcu/
2023-11-17 19:40:14,859 [WARN] DbFile:41 - Overriding database path with different value: /Users/romanlobach/.stmcufinder/plugins/mcufinder/ => /Users/romanlobach/.stmcufinder/plugins/mcufinder
2023-11-17 19:40:14,859 [INFO] DbMcusAds:125 - Set database path to: /Users/romanlobach/.stmcufinder/plugins/mcufinder//mcu/
2023-11-17 19:40:14,859 [WARN] DbFile:41 - Overriding database path with different value: /Users/romanlobach/.stmcufinder/plugins/mcufinder/ => /Users/romanlobach/.stmcufinder/plugins/mcufinder
2023-11-17 19:40:14,859 [WARN] DbFile:41 - Overriding database path with different value: /Users/romanlobach/.stmcufinder/plugins/mcufinder/ => /Users/romanlobach/.stmcufinder/plugins/mcufinder
2023-11-17 19:40:14,859 [INFO] CrossReferenceDbSqlite:203 - Set database path to: /Users/romanlobach/.stmcufinder/plugins/mcufinder//mcu/cs/
2023-11-17 19:40:15,031 [INFO] MainPanel:262 - HeapMemory: 268435456
2023-11-17 19:40:15,378 [INFO] DbMcusXml:78 - Set database path to: /Applications/STMicroelectronics/STM32CubeIDE.app/Contents/Eclipse/plugins/com.st.stm32cube.common.mx_6.9.2.202309101412//db//mcu/
2023-11-17 19:40:15,378 [INFO] ApiDb:274 - Set plugin database path to: /Applications/STMicroelectronics/STM32CubeIDE.app/Contents/Eclipse/plugins/com.st.stm32cube.common.mx_6.9.2.202309101412//db//plugins/boardmanager/
2023-11-17 19:40:15,378 [INFO] ApiDb:261 - Set plugin images path to: /Applications/STMicroelectronics/STM32CubeIDE.app/Contents/Eclipse/plugins/com.st.stm32cube.common.mx_6.9.2.202309101412//db//plugins/mcufinder/images/
2023-11-17 19:40:15,380 [WARN] DbFile:41 - Overriding database path with different value: /Users/romanlobach/.stmcufinder/plugins/mcufinder/ => /Users/romanlobach/.stmcufinder/plugins/mcufinder
2023-11-17 19:40:15,380 [INFO] ApiDb:250 - Set database path to: /Users/romanlobach/.stmcufinder/plugins/mcufinder//mcu/
2023-11-17 19:40:15,380 [WARN] DbFile:41 - Overriding database path with different value: /Users/romanlobach/.stmcufinder/plugins/mcufinder/ => /Users/romanlobach/.stmcufinder/plugins/mcufinder
2023-11-17 19:40:15,380 [INFO] DbMcusAds:125 - Set database path to: /Users/romanlobach/.stmcufinder/plugins/mcufinder//mcu/
2023-11-17 19:40:15,381 [WARN] DbFile:41 - Overriding database path with different value: /Users/romanlobach/.stmcufinder/plugins/mcufinder/ => /Users/romanlobach/.stmcufinder/plugins/mcufinder
2023-11-17 19:40:15,381 [WARN] DbFile:41 - Overriding database path with different value: /Users/romanlobach/.stmcufinder/plugins/mcufinder/ => /Users/romanlobach/.stmcufinder/plugins/mcufinder
2023-11-17 19:40:15,381 [INFO] CrossReferenceDbSqlite:203 - Set database path to: /Users/romanlobach/.stmcufinder/plugins/mcufinder//mcu/cs/
2023-11-17 19:40:15,423 [INFO] ApplicationProperties:184 - Using Application install path: /Applications/STMicroelectronics/STM32CubeIDE.app/Contents/Eclipse/plugins/com.st.stm32cube.common.mx_6.9.2.202309101412
2023-11-17 19:40:15,425 [INFO] PluginManage:196 - Search for loadable plugins [exclusion list=, ]
2023-11-17 19:40:15,427 [INFO] PluginManage:310 - Check plugin analytics
2023-11-17 19:40:15,879 [INFO] AnalyticsPlugin:253 - Accepted Software Licenses: STM32CubeMX.6.9.1,STM32CubeMX.6.9.2
2023-11-17 19:40:15,879 [INFO] AnalyticsPlugin:255 - Accepted CMSIS Pack Licenses: 
2023-11-17 19:40:15,880 [INFO] AnalyticsPlugin:257 - Accepted Firmware Licenses: FW.F7.1.17.0
2023-11-17 19:40:15,890 [INFO] PluginManage:359 - Loaded plugin analytics (category:tool,tabindex:-1)
2023-11-17 19:40:15,890 [INFO] PluginManage:310 - Check plugin cadmodel
2023-11-17 19:40:17,478 [INFO] CADModel:105 - Init CAD model plugin
2023-11-17 19:40:17,478 [INFO] PluginManage:359 - Loaded plugin cadmodel (category:power,tabindex:5)
2023-11-17 19:40:17,479 [INFO] PluginManage:310 - Check plugin clock
2023-11-17 19:40:17,499 [INFO] PluginManage:359 - Loaded plugin clock (category:base,tabindex:2)
2023-11-17 19:40:17,499 [INFO] PluginManage:310 - Check plugin ddr
2023-11-17 19:40:17,504 [INFO] PluginManage:359 - Loaded plugin ddr (category:tool,tabindex:6)
2023-11-17 19:40:17,504 [INFO] PluginManage:310 - Check plugin filemanager
2023-11-17 19:40:17,803 [INFO] PluginManage:359 - Loaded plugin filemanager (category:base,tabindex:10)
2023-11-17 19:40:17,803 [INFO] PluginManage:310 - Check plugin ipmanager
2023-11-17 19:40:17,817 [INFO] PluginManage:359 - Loaded plugin ipmanager (category:base,tabindex:5)
2023-11-17 19:40:17,818 [INFO] PluginManage:310 - Check plugin lpbam
2023-11-17 19:40:17,847 [INFO] PluginManage:359 - Loaded plugin lpbam (category:base,tabindex:0)
2023-11-17 19:40:17,847 [INFO] PluginManage:310 - Check plugin memorymap
2023-11-17 19:40:17,894 [INFO] PluginManage:359 - Loaded plugin memorymap (category:base,tabindex:4)
2023-11-17 19:40:17,894 [INFO] PluginManage:310 - Check plugin pinoutandconfiguration
2023-11-17 19:40:17,913 [INFO] PluginManage:359 - Loaded plugin pinoutandconfiguration (category:base,tabindex:1)
2023-11-17 19:40:17,914 [INFO] PluginManage:310 - Check plugin pinoutconfig
2023-11-17 19:40:18,136 [WARN] SupportedApi:132 - Cannot load RTOS API schema: s4s-elt-must-match.1: The content of 'definitions' must match (annotation?, (simpleType | complexType)?, (unique | key | keyref)*)). A problem was found starting at: attribute.
2023-11-17 19:40:18,544 [INFO] PluginManage:359 - Loaded plugin pinoutconfig (category:base,tabindex:0)
2023-11-17 19:40:18,544 [INFO] PluginManage:310 - Check plugin power
2023-11-17 19:40:18,570 [INFO] PluginManage:359 - Loaded plugin power (category:power,tabindex:4)
2023-11-17 19:40:18,571 [INFO] PluginManage:310 - Check plugin projectmanager
2023-11-17 19:40:18,601 [INFO] PluginManage:359 - Loaded plugin projectmanager (category:projectmanager,tabindex:3)
2023-11-17 19:40:18,602 [INFO] PluginManage:310 - Check plugin thirdparty
2023-11-17 19:40:18,894 [WARN] IntegrityCheckThread:84 - waiting for thirdparty lock release [integrity check]
2023-11-17 19:40:18,895 [INFO] PluginManage:359 - Loaded plugin thirdparty (category:base,tabindex:-1)
2023-11-17 19:40:18,895 [INFO] IntegrityCheckThread:86 - entering critical section [integrity check]
2023-11-17 19:40:18,895 [INFO] PluginManage:310 - Check plugin tools
2023-11-17 19:40:18,896 [INFO] ThirdPartyUpdaterWithRetryManager:70 - Updater plugin not ready yet. [1/15]
2023-11-17 19:40:18,899 [INFO] PluginManage:359 - Loaded plugin tools (category:base,tabindex:7)
2023-11-17 19:40:18,900 [INFO] PluginManage:310 - Check plugin tutovideos
2023-11-17 19:40:19,430 [INFO] PluginManage:359 - Loaded plugin tutovideos (category:base,tabindex:-1)
2023-11-17 19:40:19,431 [INFO] PluginManage:310 - Check plugin updater
2023-11-17 19:40:19,456 [INFO] PluginManage:359 - Loaded plugin updater (category:base,tabindex:12)
2023-11-17 19:40:19,456 [INFO] PluginManage:310 - Check plugin userauth
2023-11-17 19:40:19,466 [INFO] UserAuth:113 - Init User Auth plugin
2023-11-17 19:40:19,466 [INFO] PluginManage:359 - Loaded plugin userauth (category:base,tabindex:14)
2023-11-17 19:40:19,467 [INFO] PluginManage:283 - PluginManage : Loaded plugins [17]
2023-11-17 19:40:19,906 [INFO] PinOutPanel:1499 - setPackage(No Configuration,No Configuration)
2023-11-17 19:40:20,116 [INFO] CADModel:165 - CPN selected for project level
2023-11-17 19:40:20,116 [INFO] CADModel:114 - Register for checkConnection events
2023-11-17 19:40:20,145 [INFO] IPUIPlugin:80 - create IPUIPlugin
2023-11-17 19:40:20,146 [INFO] PluginManager:220 - loadIPPluginJar : add mdma
2023-11-17 19:40:20,161 [INFO] IPUIPlugin:80 - create IPUIPlugin
2023-11-17 19:40:20,162 [INFO] PluginManager:220 - loadIPPluginJar : add freertos
2023-11-17 19:40:20,176 [INFO] IPUIPlugin:80 - create IPUIPlugin
2023-11-17 19:40:20,177 [INFO] PluginManager:220 - loadIPPluginJar : add gic
2023-11-17 19:40:20,194 [INFO] IPUIPlugin:80 - create IPUIPlugin
2023-11-17 19:40:20,195 [INFO] PluginManager:220 - loadIPPluginJar : add adc
2023-11-17 19:40:20,201 [INFO] IPUIPlugin:80 - create IPUIPlugin
2023-11-17 19:40:20,201 [INFO] PluginManager:220 - loadIPPluginJar : add gtzc
2023-11-17 19:40:20,204 [INFO] IPUIPlugin:80 - create IPUIPlugin
2023-11-17 19:40:20,204 [INFO] PluginManager:220 - loadIPPluginJar : add quadspi
2023-11-17 19:40:20,210 [INFO] IPUIPlugin:80 - create IPUIPlugin
2023-11-17 19:40:20,210 [INFO] PluginManager:220 - loadIPPluginJar : add aes
2023-11-17 19:40:20,219 [INFO] IPUIPlugin:80 - create IPUIPlugin
2023-11-17 19:40:20,219 [INFO] PluginManager:220 - loadIPPluginJar : add pdm2pcm
2023-11-17 19:40:20,225 [INFO] IPUIPlugin:80 - create IPUIPlugin
2023-11-17 19:40:20,225 [INFO] PluginManager:220 - loadIPPluginJar : add hash
2023-11-17 19:40:20,230 [INFO] IPUIPlugin:80 - create IPUIPlugin
2023-11-17 19:40:20,230 [INFO] PluginManager:220 - loadIPPluginJar : add tim
2023-11-17 19:40:20,234 [INFO] IPUIPlugin:80 - create IPUIPlugin
2023-11-17 19:40:20,234 [INFO] PluginManager:220 - loadIPPluginJar : add tsc
2023-11-17 19:40:20,239 [INFO] IPUIPlugin:80 - create IPUIPlugin
2023-11-17 19:40:20,239 [INFO] PluginManager:220 - loadIPPluginJar : add ts
2023-11-17 19:40:20,247 [INFO] IPUIPlugin:80 - create IPUIPlugin
2023-11-17 19:40:20,247 [INFO] PluginManager:220 - loadIPPluginJar : add can
2023-11-17 19:40:20,252 [INFO] IPUIPlugin:80 - create IPUIPlugin
2023-11-17 19:40:20,252 [INFO] PluginManager:220 - loadIPPluginJar : add dma3
2023-11-17 19:40:20,256 [INFO] IPUIPlugin:80 - create IPUIPlugin
2023-11-17 19:40:20,257 [INFO] PluginManager:220 - loadIPPluginJar : add dfsdm
2023-11-17 19:40:20,261 [INFO] IPUIPlugin:80 - create IPUIPlugin
2023-11-17 19:40:20,261 [INFO] PluginManager:220 - loadIPPluginJar : add spi
2023-11-17 19:40:20,268 [INFO] IPUIPlugin:80 - create IPUIPlugin
2023-11-17 19:40:20,268 [INFO] PluginManager:220 - loadIPPluginJar : add gfxmmu
2023-11-17 19:40:20,271 [INFO] IPUIPlugin:80 - create IPUIPlugin
2023-11-17 19:40:20,272 [INFO] PluginManager:220 - loadIPPluginJar : add genericplugin
2023-11-17 19:40:20,278 [INFO] IPUIPlugin:80 - create IPUIPlugin
2023-11-17 19:40:20,279 [INFO] PluginManager:220 - loadIPPluginJar : add cryp
2023-11-17 19:40:20,291 [INFO] IPUIPlugin:80 - create IPUIPlugin
2023-11-17 19:40:20,292 [INFO] PluginManager:220 - loadIPPluginJar : add gpio
2023-11-17 19:40:20,296 [INFO] IPUIPlugin:80 - create IPUIPlugin
2023-11-17 19:40:20,297 [INFO] PluginManager:220 - loadIPPluginJar : add comp
2023-11-17 19:40:20,301 [INFO] IPUIPlugin:80 - create IPUIPlugin
2023-11-17 19:40:20,302 [INFO] PluginManager:220 - loadIPPluginJar : add tracer_emb
2023-11-17 19:40:20,310 [INFO] IPUIPlugin:80 - create IPUIPlugin
2023-11-17 19:40:20,310 [INFO] PluginManager:220 - loadIPPluginJar : add openamp
2023-11-17 19:40:20,320 [INFO] IPUIPlugin:80 - create IPUIPlugin
2023-11-17 19:40:20,321 [INFO] PluginManager:220 - loadIPPluginJar : add stm32_wpan
2023-11-17 19:40:20,337 [INFO] IPUIPlugin:80 - create IPUIPlugin
2023-11-17 19:40:20,343 [INFO] PluginManager:220 - loadIPPluginJar : add plateformsettings
2023-11-17 19:40:20,354 [INFO] IPUIPlugin:80 - create IPUIPlugin
2023-11-17 19:40:20,355 [INFO] PluginManager:220 - loadIPPluginJar : add ipddr
2023-11-17 19:40:20,361 [INFO] IPUIPlugin:80 - create IPUIPlugin
2023-11-17 19:40:20,361 [INFO] PluginManager:220 - loadIPPluginJar : add usart
2023-11-17 19:40:20,364 [INFO] IPUIPlugin:80 - create IPUIPlugin
2023-11-17 19:40:20,365 [INFO] PluginManager:220 - loadIPPluginJar : add ltdc
2023-11-17 19:40:20,377 [INFO] IPUIPlugin:80 - create IPUIPlugin
2023-11-17 19:40:20,377 [INFO] PluginManager:220 - loadIPPluginJar : add nvic
2023-11-17 19:40:20,383 [INFO] IPUIPlugin:80 - create IPUIPlugin
2023-11-17 19:40:20,383 [INFO] PluginManager:220 - loadIPPluginJar : add fatfs
2023-11-17 19:40:20,398 [INFO] IPUIPlugin:80 - create IPUIPlugin
2023-11-17 19:40:20,398 [INFO] PluginManager:220 - loadIPPluginJar : add linkedlist
2023-11-17 19:40:20,412 [INFO] IPUIPlugin:80 - create IPUIPlugin
2023-11-17 19:40:20,413 [INFO] PluginManager:220 - loadIPPluginJar : add dma
2023-11-17 19:40:20,425 [INFO] IPUIPlugin:80 - create IPUIPlugin
2023-11-17 19:40:20,426 [INFO] PluginManager:220 - loadIPPluginJar : add fmc
2023-11-17 19:40:20,432 [INFO] IPUIPlugin:80 - create IPUIPlugin
2023-11-17 19:40:20,433 [INFO] PluginManager:220 - loadIPPluginJar : add i2s
2023-11-17 19:40:20,437 [INFO] IPUIPlugin:80 - create IPUIPlugin
2023-11-17 19:40:20,438 [INFO] PluginManager:220 - loadIPPluginJar : add ucpd
2023-11-17 19:40:20,443 [INFO] IPUIPlugin:80 - create IPUIPlugin
2023-11-17 19:40:20,444 [INFO] PluginManager:220 - loadIPPluginJar : add lorawan
2023-11-17 19:40:20,449 [INFO] IPUIPlugin:80 - create IPUIPlugin
2023-11-17 19:40:20,449 [INFO] PluginManager:220 - loadIPPluginJar : add opamp
2023-11-17 19:40:20,455 [INFO] IPUIPlugin:80 - create IPUIPlugin
2023-11-17 19:40:20,455 [INFO] PluginManager:220 - loadIPPluginJar : add i3c
2023-11-17 19:40:20,462 [INFO] IPUIPlugin:80 - create IPUIPlugin
2023-11-17 19:40:20,463 [INFO] PluginManager:220 - loadIPPluginJar : add touchsensing
2023-11-17 19:40:20,469 [INFO] IPUIPlugin:80 - create IPUIPlugin
2023-11-17 19:40:20,469 [INFO] PluginManager:220 - loadIPPluginJar : add i2c
2023-11-17 19:40:20,477 [INFO] IPUIPlugin:80 - create IPUIPlugin
2023-11-17 19:40:20,477 [INFO] PluginManager:220 - loadIPPluginJar : add resmgrutility
2023-11-17 19:40:20,486 [INFO] IPUIPlugin:80 - create IPUIPlugin
2023-11-17 19:40:20,486 [INFO] PluginManager:220 - loadIPPluginJar : add sai
2023-11-17 19:40:20,492 [INFO] IPUIPlugin:80 - create IPUIPlugin
2023-11-17 19:40:20,492 [INFO] PluginManager:220 - loadIPPluginJar : add usbx
2023-11-17 19:40:20,618 [INFO] CADModel:165 - CPN selected for project level
2023-11-17 19:40:20,618 [INFO] CADModel:114 - Register for checkConnection events
2023-11-17 19:40:20,618 [FATAL] Updater:308 - Updater called before beeing initialized
2023-11-17 19:40:20,619 [ERROR] CADModel:125 - Updater not yet initialized, retry later 
2023-11-17 19:40:20,973 [INFO] CADModel:165 - CPN selected for project level
2023-11-17 19:40:20,973 [INFO] CADModel:114 - Register for checkConnection events
2023-11-17 19:40:20,973 [FATAL] Updater:308 - Updater called before beeing initialized
2023-11-17 19:40:20,973 [ERROR] CADModel:125 - Updater not yet initialized, retry later 
2023-11-17 19:40:20,981 [FATAL] Updater:308 - Updater called before beeing initialized
2023-11-17 19:40:21,222 [FATAL] Updater:308 - Updater called before beeing initialized
2023-11-17 19:40:21,237 [INFO] DbMcusAds:53 - JSON generation date=Tue Mar 07 10:50:55 EET 2023 (1678179055335)
2023-11-17 19:40:21,237 [FATAL] Updater:308 - Updater called before beeing initialized
2023-11-17 19:40:21,390 [WARN] DetailPanel:346 - Failed to get advertising image, set to default
2023-11-17 19:40:21,532 [FATAL] Updater:308 - Updater called before beeing initialized
2023-11-17 19:40:21,538 [FATAL] Updater:308 - Updater called before beeing initialized
2023-11-17 19:40:21,538 [FATAL] Updater:308 - Updater called before beeing initialized
2023-11-17 19:40:21,538 [WARN] DetailPanel:346 - Failed to get advertising image, set to default
2023-11-17 19:40:21,539 [FATAL] Updater:308 - Updater called before beeing initialized
2023-11-17 19:40:21,604 [ERROR] Updater:1120 - MainUpdater not yet initialized. External WinMGr cannot be set.
2023-11-17 19:40:21,680 [INFO] Updater:1056 - Updater Version found : 6.9.2
2023-11-17 19:40:21,720 [INFO] ApplicationProperties:184 - Using Application install path: /Applications/STMicroelectronics/STM32CubeIDE.app/Contents/Eclipse/plugins/com.st.stm32cube.common.mx_6.9.2.202309101412
2023-11-17 19:40:21,896 [INFO] ThirdPartyUpdaterWithRetryManager:70 - Updater plugin not ready yet. [2/15]
2023-11-17 19:40:22,249 [INFO] MainUpdater:2868 - connection check result : 10
2023-11-17 19:40:22,250 [INFO] MainUpdater:285 - Updater Check For Update Now.
2023-11-17 19:40:22,250 [INFO] MicroXplorer:498 - Change Database Version : DB.6.0.92
2023-11-17 19:40:22,266 [INFO] McuFinderGlobals:63 - Set McuFinder mode to 2 (CubeIDE integrated)
2023-11-17 19:40:22,498 [INFO] CheckServerUpdateThread:120 - End of CheckServer Thread
2023-11-17 19:40:25,141 [WARN] PackLoader:240 - Cannot read IP mode file for STMicroelectronics.X-CUBE-SMBUS.2.1.0
2023-11-17 19:40:25,207 [WARN] PackLoader:240 - Cannot read IP mode file for STMicroelectronics.X-CUBE-AZRTOS-F7.1.1.0
2023-11-17 19:40:25,229 [WARN] PackLoader:240 - Cannot read IP mode file for STMicroelectronics.FP-SNS-MOTENV1.4.3.2
2023-11-17 19:40:25,243 [WARN] PackLoader:240 - Cannot read IP mode file for STMicroelectronics.FP-SNS-FLIGHT1.5.0.2
2023-11-17 19:40:25,261 [WARN] PackLoader:240 - Cannot read IP mode file for STMicroelectronics.X-CUBE-DISPLAY.3.0.0
2023-11-17 19:40:25,285 [WARN] PackLoader:240 - Cannot read IP mode file for STMicroelectronics.X-CUBE-BLE1.7.0.0
2023-11-17 19:40:25,296 [WARN] PackLoader:240 - Cannot read IP mode file for emotas.I-CUBE-CANOPEN.1.3.0
2023-11-17 19:40:25,305 [WARN] PackLoader:240 - Cannot read IP mode file for STMicroelectronics.X-CUBE-TOUCHGFX.4.22.0
2023-11-17 19:40:25,311 [WARN] PackLoader:240 - Cannot read IP mode file for STMicroelectronics.X-CUBE-TOUCHGFX.4.22.1
2023-11-17 19:40:25,320 [WARN] PackLoader:240 - Cannot read IP mode file for STMicroelectronics.FP-SNS-SMARTAG2.1.2.0
2023-11-17 19:40:25,342 [INFO] LogOutputStream:77 - [STDOUT_REDIRECT] 1 : Invalid condition id : UX_CORESTACK_Condition cause : null
2023-11-17 19:40:25,343 [INFO] LogOutputStream:77 - [STDOUT_REDIRECT] 1 : Invalid condition id : UX_CORESTACK_Condition cause : null
2023-11-17 19:40:25,344 [INFO] LogOutputStream:77 - [STDOUT_REDIRECT] 1 : Invalid condition id : UX_CORESTACK_Condition cause : null
2023-11-17 19:40:25,345 [INFO] LogOutputStream:77 - [STDOUT_REDIRECT] 1 : Invalid condition id : UX_CORESTACK_Condition cause : null
2023-11-17 19:40:25,345 [INFO] LogOutputStream:77 - [STDOUT_REDIRECT] 1 : Invalid condition id : UX_CORESTACK_Condition cause : null
2023-11-17 19:40:25,353 [WARN] PackLoader:240 - Cannot read IP mode file for STMicroelectronics.X-CUBE-AZRTOS-WL.2.0.0
2023-11-17 19:40:25,369 [WARN] PackLoader:240 - Cannot read IP mode file for WES.I-CUBE-Cesium.1.3.0
2023-11-17 19:40:25,378 [WARN] PackLoader:240 - Cannot read IP mode file for STMicroelectronics.X-CUBE-BLE2.3.3.0
2023-11-17 19:40:25,392 [WARN] PackLoader:240 - Cannot read IP mode file for STMicroelectronics.X-CUBE-ALGOBUILD.1.3.0
2023-11-17 19:40:25,437 [WARN] PackLoader:240 - Cannot read IP mode file for STMicroelectronics.X-CUBE-AZRTOS-G0.1.1.0
2023-11-17 19:40:25,452 [WARN] PackLoader:240 - Cannot read IP mode file for STMicroelectronics.X-CUBE-NFC4.3.0.0
2023-11-17 19:40:25,471 [WARN] PackLoader:240 - Cannot read IP mode file for STMicroelectronics.X-CUBE-BLEMGR.3.0.0
2023-11-17 19:40:25,483 [WARN] PackLoader:240 - Cannot read IP mode file for STMicroelectronics.FP-ATR-SIGFOX1.3.2.0
2023-11-17 19:40:25,548 [WARN] PackLoader:240 - Cannot read IP mode file for SEGGER.I-CUBE-embOS.1.3.1
2023-11-17 19:40:25,687 [WARN] PackLoader:240 - Cannot read IP mode file for STMicroelectronics.X-CUBE-GNSS1.6.0.0
2023-11-17 19:40:25,760 [WARN] PackLoader:240 - Cannot read IP mode file for STMicroelectronics.X-CUBE-AZRTOS-F4.1.1.0
2023-11-17 19:40:25,772 [WARN] PackLoader:240 - Cannot read IP mode file for wolfSSL.I-CUBE-wolfSSL.5.6.3
2023-11-17 19:40:25,803 [WARN] PackLoader:240 - Cannot read IP mode file for STMicroelectronics.X-CUBE-AZRTOS-L5.2.0.0
2023-11-17 19:40:25,872 [WARN] PackLoader:240 - Cannot read IP mode file for STMicroelectronics.X-CUBE-MEMS1.9.6.0
2023-11-17 19:40:26,171 [WARN] PackLoader:240 - Cannot read IP mode file for STMicroelectronics.X-CUBE-EEPRMA1.4.2.0
2023-11-17 19:40:26,187 [WARN] PackLoader:240 - Cannot read IP mode file for ITTIA_DB.I-CUBE-ITTIADB.8.8.0
2023-11-17 19:40:26,200 [WARN] PackLoader:240 - Cannot read IP mode file for STMicroelectronics.X-CUBE-BLEMGR.2.0.0
2023-11-17 19:40:26,266 [WARN] ConditionMgr:438 - getConditionDescription Invalid condition id : UX DEVICE CLASS RTOS Condition cause : null
2023-11-17 19:40:26,266 [WARN] ConditionMgr:438 - getConditionDescription Invalid condition id : UX DEVICE CLASS RTOS Condition cause : null
2023-11-17 19:40:26,278 [WARN] PackLoader:240 - Cannot read IP mode file for STMicroelectronics.X-CUBE-AZRTOS-H7.3.1.0
2023-11-17 19:40:26,281 [WARN] ConditionMgr:1039 - genDependencies : Invalid condition id : UX DEVICE CLASS RTOS Condition cause : null
2023-11-17 19:40:26,281 [WARN] ConditionMgr:1039 - genDependencies : Invalid condition id : UX DEVICE CLASS RTOS Condition cause : null
2023-11-17 19:40:26,289 [WARN] ConditionMgr:1039 - genDependencies : Invalid condition id : UX DEVICE CLASS RTOS Condition cause : null
2023-11-17 19:40:26,290 [WARN] ConditionMgr:1039 - genDependencies : Invalid condition id : UX DEVICE CLASS RTOS Condition cause : null
2023-11-17 19:40:26,290 [WARN] ConditionMgr:1039 - genDependencies : Invalid condition id : UX DEVICE CLASS RTOS Condition cause : null
2023-11-17 19:40:26,326 [WARN] PackLoader:240 - Cannot read IP mode file for STMicroelectronics.X-CUBE-NFC7.1.0.1
2023-11-17 19:40:26,342 [WARN] PackLoader:240 - Cannot read IP mode file for STMicroelectronics.X-CUBE-NFC6.3.0.0
2023-11-17 19:40:26,359 [WARN] PackLoader:240 - Cannot read IP mode file for STMicroelectronics.X-CUBE-EEPRMA1.4.1.0
2023-11-17 19:40:26,372 [WARN] PackLoader:240 - Cannot read IP mode file for STMicroelectronics.X-CUBE-AI.8.1.0
2023-11-17 19:40:26,414 [WARN] ConditionMgr:438 - getConditionDescription Invalid condition id : LAN8742 Phy interface Condition cause : null
2023-11-17 19:40:26,415 [WARN] PackLoader:240 - Cannot read IP mode file for STMicroelectronics.X-CUBE-AZRTOS-L4.2.0.0
2023-11-17 19:40:26,417 [WARN] ConditionMgr:1039 - genDependencies : Invalid condition id : LAN8742 Phy interface Condition cause : null
2023-11-17 19:40:26,418 [WARN] ConditionMgr:1039 - genDependencies : Invalid condition id : LAN8742 Phy interface Condition cause : null
2023-11-17 19:40:26,419 [WARN] ConditionMgr:1039 - genDependencies : Invalid condition id : LAN8742 Phy interface Condition cause : null
2023-11-17 19:40:26,434 [WARN] PackLoader:240 - Cannot read IP mode file for STMicroelectronics.X-CUBE-SFXS2LP1.4.0.0
2023-11-17 19:40:26,444 [WARN] PackLoader:240 - Cannot read IP mode file for STMicroelectronics.X-CUBE-ISPU.1.1.0
2023-11-17 19:40:26,468 [WARN] ConditionMgr:438 - getConditionDescription Invalid condition id : UX DEVICE CLASS RTOS Condition cause : null
2023-11-17 19:40:26,468 [WARN] ConditionMgr:438 - getConditionDescription Invalid condition id : UX DEVICE CLASS RTOS Condition cause : null
2023-11-17 19:40:26,472 [WARN] PackLoader:240 - Cannot read IP mode file for STMicroelectronics.X-CUBE-AZRTOS-WB.2.0.0
2023-11-17 19:40:26,473 [WARN] ConditionMgr:1039 - genDependencies : Invalid condition id : UX DEVICE CLASS RTOS Condition cause : null
2023-11-17 19:40:26,474 [WARN] ConditionMgr:1039 - genDependencies : Invalid condition id : UX DEVICE CLASS RTOS Condition cause : null
2023-11-17 19:40:26,480 [WARN] ConditionMgr:1039 - genDependencies : Invalid condition id : UX DEVICE CLASS RTOS Condition cause : null
2023-11-17 19:40:26,480 [WARN] ConditionMgr:1039 - genDependencies : Invalid condition id : UX DEVICE CLASS RTOS Condition cause : null
2023-11-17 19:40:26,481 [WARN] ConditionMgr:1039 - genDependencies : Invalid condition id : UX DEVICE CLASS RTOS Condition cause : null
2023-11-17 19:40:26,550 [WARN] PackLoader:240 - Cannot read IP mode file for STMicroelectronics.X-CUBE-SUBG2.5.0.0
2023-11-17 19:40:26,622 [WARN] PackLoader:240 - Cannot read IP mode file for STMicroelectronics.X-CUBE-TOF1.3.3.1
2023-11-17 19:40:26,693 [WARN] PackLoader:240 - Cannot read IP mode file for STMicroelectronics.X-CUBE-AZRTOS-G4.2.0.0
2023-11-17 19:40:26,724 [WARN] PackLoader:240 - Cannot read IP mode file for Infineon.AIROC-Wi-Fi-Bluetooth-STM32.1.5.1
2023-11-17 19:40:26,740 [WARN] PackLoader:240 - Cannot read IP mode file for STMicroelectronics.FP-SNS-MOTENVWB1.1.3.0
2023-11-17 19:40:26,830 [WARN] PackLoader:240 - Cannot read IP mode file for STMicroelectronics.X-CUBE-MEMS1.10.0.0
2023-11-17 19:40:27,193 [WARN] PackLoader:240 - Cannot read IP mode file for STMicroelectronics.X-CUBE-FREERTOS.1.1.0
2023-11-17 19:40:27,206 [WARN] PackLoader:240 - Cannot read IP mode file for portGmbH.I-Cube-SoM-uGOAL.1.1.0
2023-11-17 19:40:27,349 [WARN] PackLoader:240 - Cannot read IP mode file for STMicroelectronics.X-CUBE-ALS.1.0.1
2023-11-17 19:40:27,356 [WARN] PackLoader:240 - Cannot read IP mode file for STMicroelectronics.FP-ATR-ASTRA1.2.0.0
2023-11-17 19:40:27,357 [INFO] ThirdParty:978 - Integrity check success = true
2023-11-17 19:40:27,358 [INFO] IntegrityCheckThread:100 - exiting critical section [integrity check]
2023-11-17 19:40:27,358 [INFO] IntegrityCheckThread:103 - End integrity checks thread
2023-11-17 19:40:33,355 [ERROR] LogOutputStream:75 - [STDERR_REDIRECT] SLF4J: Failed to load class "org.slf4j.impl.StaticLoggerBinder".
2023-11-17 19:40:33,356 [ERROR] LogOutputStream:75 - [STDERR_REDIRECT] SLF4J: Defaulting to no-operation (NOP) logger implementation
2023-11-17 19:40:33,356 [ERROR] LogOutputStream:75 - [STDERR_REDIRECT] SLF4J: See http://www.slf4j.org/codes.html#StaticLoggerBinder for further details.
