2023-11-02 11:38:12,919 [INFO] Activator:176 - 


2023-11-02 11:38:12,935 [INFO] Activator:177 - !SESSION log4j initialized
2023-11-02 11:38:24,197 [INFO] LogOutputStream:77 - [STDOUT_REDIRECT] 
2023-11-02 11:38:26,085 [ERROR] LogOutputStream:75 - [STDERR_REDIRECT] 
2023-11-02 11:38:27,670 [INFO] LogOutputStream:77 - [STDOUT_REDIRECT] 
2023-11-02 11:38:28,230 [INFO] ApplicationProperties:184 - Using Application install path: /Applications/STMicroelectronics/STM32CubeIDE.app/Contents/Eclipse/plugins/com.st.stm32cube.common.mx_6.9.2.202309101412
2023-11-02 11:38:28,271 [INFO] DbMcusXml:78 - Set database path to: /Applications/STMicroelectronics/STM32CubeIDE.app/Contents/Eclipse/plugins/com.st.stm32cube.common.mx_6.9.2.202309101412//db//mcu/
2023-11-02 11:38:28,271 [INFO] ApiDb:274 - Set plugin database path to: /Applications/STMicroelectronics/STM32CubeIDE.app/Contents/Eclipse/plugins/com.st.stm32cube.common.mx_6.9.2.202309101412//db//plugins/boardmanager/
2023-11-02 11:38:28,272 [WARN] ApiDb:259 - Overriding images path with different value:  => /Applications/STMicroelectronics/STM32CubeIDE.app/Contents/Eclipse/plugins/com.st.stm32cube.common.mx_6.9.2.202309101412//db//plugins/mcufinder/images/
2023-11-02 11:38:28,295 [INFO] ApiDb:250 - Set database path to: /Users/romanlobach/.stmcufinder/plugins/mcufinder//mcu/
2023-11-02 11:38:28,299 [INFO] DbMcusAds:125 - Set database path to: /Users/romanlobach/.stmcufinder/plugins/mcufinder//mcu/
2023-11-02 11:38:28,309 [INFO] CrossReferenceDbSqlite:203 - Set database path to: /Users/romanlobach/.stmcufinder/plugins/mcufinder//mcu/cs/
2023-11-02 11:38:28,820 [INFO] RulesReader:64 - Compatibility file has been processed (293 Rules)
2023-11-02 11:38:29,199 [INFO] DbMcusXml:78 - Set database path to: /Applications/STMicroelectronics/STM32CubeIDE.app/Contents/Eclipse/plugins/com.st.stm32cube.common.mx_6.9.2.202309101412//db//mcu/
2023-11-02 11:38:29,200 [INFO] ApiDb:274 - Set plugin database path to: /Applications/STMicroelectronics/STM32CubeIDE.app/Contents/Eclipse/plugins/com.st.stm32cube.common.mx_6.9.2.202309101412//db//plugins/boardmanager/
2023-11-02 11:38:29,200 [INFO] ApiDb:261 - Set plugin images path to: /Applications/STMicroelectronics/STM32CubeIDE.app/Contents/Eclipse/plugins/com.st.stm32cube.common.mx_6.9.2.202309101412//db//plugins/mcufinder/images/
2023-11-02 11:38:29,200 [WARN] DbFile:41 - Overriding database path with different value: /Users/romanlobach/.stmcufinder/plugins/mcufinder/ => /Users/romanlobach/.stmcufinder/plugins/mcufinder
2023-11-02 11:38:29,201 [INFO] ApiDb:250 - Set database path to: /Users/romanlobach/.stmcufinder/plugins/mcufinder//mcu/
2023-11-02 11:38:29,202 [WARN] DbFile:41 - Overriding database path with different value: /Users/romanlobach/.stmcufinder/plugins/mcufinder/ => /Users/romanlobach/.stmcufinder/plugins/mcufinder
2023-11-02 11:38:29,204 [INFO] DbMcusAds:125 - Set database path to: /Users/romanlobach/.stmcufinder/plugins/mcufinder//mcu/
2023-11-02 11:38:29,205 [WARN] DbFile:41 - Overriding database path with different value: /Users/romanlobach/.stmcufinder/plugins/mcufinder/ => /Users/romanlobach/.stmcufinder/plugins/mcufinder
2023-11-02 11:38:29,205 [WARN] DbFile:41 - Overriding database path with different value: /Users/romanlobach/.stmcufinder/plugins/mcufinder/ => /Users/romanlobach/.stmcufinder/plugins/mcufinder
2023-11-02 11:38:29,206 [INFO] CrossReferenceDbSqlite:203 - Set database path to: /Users/romanlobach/.stmcufinder/plugins/mcufinder//mcu/cs/
2023-11-02 11:38:29,443 [INFO] MainPanel:262 - HeapMemory: 268435456
2023-11-02 11:38:29,740 [INFO] DbMcusXml:78 - Set database path to: /Applications/STMicroelectronics/STM32CubeIDE.app/Contents/Eclipse/plugins/com.st.stm32cube.common.mx_6.9.2.202309101412//db//mcu/
2023-11-02 11:38:29,741 [INFO] ApiDb:274 - Set plugin database path to: /Applications/STMicroelectronics/STM32CubeIDE.app/Contents/Eclipse/plugins/com.st.stm32cube.common.mx_6.9.2.202309101412//db//plugins/boardmanager/
2023-11-02 11:38:29,741 [INFO] ApiDb:261 - Set plugin images path to: /Applications/STMicroelectronics/STM32CubeIDE.app/Contents/Eclipse/plugins/com.st.stm32cube.common.mx_6.9.2.202309101412//db//plugins/mcufinder/images/
2023-11-02 11:38:29,743 [WARN] DbFile:41 - Overriding database path with different value: /Users/romanlobach/.stmcufinder/plugins/mcufinder/ => /Users/romanlobach/.stmcufinder/plugins/mcufinder
2023-11-02 11:38:29,743 [INFO] ApiDb:250 - Set database path to: /Users/romanlobach/.stmcufinder/plugins/mcufinder//mcu/
2023-11-02 11:38:29,743 [WARN] DbFile:41 - Overriding database path with different value: /Users/romanlobach/.stmcufinder/plugins/mcufinder/ => /Users/romanlobach/.stmcufinder/plugins/mcufinder
2023-11-02 11:38:29,743 [INFO] DbMcusAds:125 - Set database path to: /Users/romanlobach/.stmcufinder/plugins/mcufinder//mcu/
2023-11-02 11:38:29,744 [WARN] DbFile:41 - Overriding database path with different value: /Users/romanlobach/.stmcufinder/plugins/mcufinder/ => /Users/romanlobach/.stmcufinder/plugins/mcufinder
2023-11-02 11:38:29,744 [WARN] DbFile:41 - Overriding database path with different value: /Users/romanlobach/.stmcufinder/plugins/mcufinder/ => /Users/romanlobach/.stmcufinder/plugins/mcufinder
2023-11-02 11:38:29,744 [INFO] CrossReferenceDbSqlite:203 - Set database path to: /Users/romanlobach/.stmcufinder/plugins/mcufinder//mcu/cs/
2023-11-02 11:38:29,788 [INFO] ApplicationProperties:184 - Using Application install path: /Applications/STMicroelectronics/STM32CubeIDE.app/Contents/Eclipse/plugins/com.st.stm32cube.common.mx_6.9.2.202309101412
2023-11-02 11:38:29,791 [INFO] PluginManage:196 - Search for loadable plugins [exclusion list=, ]
2023-11-02 11:38:29,795 [INFO] PluginManage:310 - Check plugin analytics
2023-11-02 11:38:30,221 [INFO] AnalyticsPlugin:253 - Accepted Software Licenses: STM32CubeMX.6.9.1,STM32CubeMX.6.9.2
2023-11-02 11:38:30,222 [INFO] AnalyticsPlugin:255 - Accepted CMSIS Pack Licenses: 
2023-11-02 11:38:30,223 [INFO] AnalyticsPlugin:257 - Accepted Firmware Licenses: FW.F7.1.17.0
2023-11-02 11:38:30,233 [INFO] PluginManage:359 - Loaded plugin analytics (category:tool,tabindex:-1)
2023-11-02 11:38:30,234 [INFO] PluginManage:310 - Check plugin cadmodel
2023-11-02 11:38:31,545 [INFO] CADModel:105 - Init CAD model plugin
2023-11-02 11:38:31,546 [INFO] PluginManage:359 - Loaded plugin cadmodel (category:power,tabindex:5)
2023-11-02 11:38:31,547 [INFO] PluginManage:310 - Check plugin clock
2023-11-02 11:38:31,570 [INFO] PluginManage:359 - Loaded plugin clock (category:base,tabindex:2)
2023-11-02 11:38:31,570 [INFO] PluginManage:310 - Check plugin ddr
2023-11-02 11:38:31,576 [INFO] PluginManage:359 - Loaded plugin ddr (category:tool,tabindex:6)
2023-11-02 11:38:31,576 [INFO] PluginManage:310 - Check plugin filemanager
2023-11-02 11:38:31,912 [INFO] PluginManage:359 - Loaded plugin filemanager (category:base,tabindex:10)
2023-11-02 11:38:31,913 [INFO] PluginManage:310 - Check plugin ipmanager
2023-11-02 11:38:31,928 [INFO] PluginManage:359 - Loaded plugin ipmanager (category:base,tabindex:5)
2023-11-02 11:38:31,928 [INFO] PluginManage:310 - Check plugin lpbam
2023-11-02 11:38:31,954 [INFO] PluginManage:359 - Loaded plugin lpbam (category:base,tabindex:0)
2023-11-02 11:38:31,954 [INFO] PluginManage:310 - Check plugin memorymap
2023-11-02 11:38:31,991 [INFO] PluginManage:359 - Loaded plugin memorymap (category:base,tabindex:4)
2023-11-02 11:38:31,992 [INFO] PluginManage:310 - Check plugin pinoutandconfiguration
2023-11-02 11:38:32,011 [INFO] PluginManage:359 - Loaded plugin pinoutandconfiguration (category:base,tabindex:1)
2023-11-02 11:38:32,011 [INFO] PluginManage:310 - Check plugin pinoutconfig
2023-11-02 11:38:32,226 [WARN] SupportedApi:132 - Cannot load RTOS API schema: s4s-elt-must-match.1: The content of 'definitions' must match (annotation?, (simpleType | complexType)?, (unique | key | keyref)*)). A problem was found starting at: attribute.
2023-11-02 11:38:32,588 [INFO] PluginManage:359 - Loaded plugin pinoutconfig (category:base,tabindex:0)
2023-11-02 11:38:32,588 [INFO] PluginManage:310 - Check plugin power
2023-11-02 11:38:32,618 [INFO] PluginManage:359 - Loaded plugin power (category:power,tabindex:4)
2023-11-02 11:38:32,618 [INFO] PluginManage:310 - Check plugin projectmanager
2023-11-02 11:38:32,651 [INFO] PluginManage:359 - Loaded plugin projectmanager (category:projectmanager,tabindex:3)
2023-11-02 11:38:32,652 [INFO] PluginManage:310 - Check plugin thirdparty
2023-11-02 11:38:32,950 [INFO] PluginManage:359 - Loaded plugin thirdparty (category:base,tabindex:-1)
2023-11-02 11:38:32,951 [INFO] PluginManage:310 - Check plugin tools
2023-11-02 11:38:32,951 [WARN] IntegrityCheckThread:84 - waiting for thirdparty lock release [integrity check]
2023-11-02 11:38:32,952 [INFO] IntegrityCheckThread:86 - entering critical section [integrity check]
2023-11-02 11:38:32,953 [INFO] ThirdPartyUpdaterWithRetryManager:70 - Updater plugin not ready yet. [1/15]
2023-11-02 11:38:32,956 [INFO] PluginManage:359 - Loaded plugin tools (category:base,tabindex:7)
2023-11-02 11:38:32,956 [INFO] PluginManage:310 - Check plugin tutovideos
2023-11-02 11:38:33,426 [INFO] PluginManage:359 - Loaded plugin tutovideos (category:base,tabindex:-1)
2023-11-02 11:38:33,426 [INFO] PluginManage:310 - Check plugin updater
2023-11-02 11:38:33,453 [INFO] PluginManage:359 - Loaded plugin updater (category:base,tabindex:12)
2023-11-02 11:38:33,453 [INFO] PluginManage:310 - Check plugin userauth
2023-11-02 11:38:33,466 [INFO] UserAuth:113 - Init User Auth plugin
2023-11-02 11:38:33,466 [INFO] PluginManage:359 - Loaded plugin userauth (category:base,tabindex:14)
2023-11-02 11:38:33,467 [INFO] PluginManage:283 - PluginManage : Loaded plugins [17]
2023-11-02 11:38:34,965 [INFO] PinOutPanel:1499 - setPackage(No Configuration,No Configuration)
2023-11-02 11:38:35,264 [INFO] CADModel:165 - CPN selected for project level
2023-11-02 11:38:35,264 [INFO] CADModel:114 - Register for checkConnection events
2023-11-02 11:38:35,309 [INFO] IPUIPlugin:80 - create IPUIPlugin
2023-11-02 11:38:35,313 [INFO] PluginManager:220 - loadIPPluginJar : add mdma
2023-11-02 11:38:35,334 [INFO] IPUIPlugin:80 - create IPUIPlugin
2023-11-02 11:38:35,336 [INFO] PluginManager:220 - loadIPPluginJar : add freertos
2023-11-02 11:38:35,368 [INFO] IPUIPlugin:80 - create IPUIPlugin
2023-11-02 11:38:35,373 [INFO] PluginManager:220 - loadIPPluginJar : add gic
2023-11-02 11:38:35,421 [INFO] IPUIPlugin:80 - create IPUIPlugin
2023-11-02 11:38:35,421 [INFO] PluginManager:220 - loadIPPluginJar : add adc
2023-11-02 11:38:35,429 [INFO] IPUIPlugin:80 - create IPUIPlugin
2023-11-02 11:38:35,429 [INFO] PluginManager:220 - loadIPPluginJar : add gtzc
2023-11-02 11:38:35,432 [INFO] IPUIPlugin:80 - create IPUIPlugin
2023-11-02 11:38:35,433 [INFO] PluginManager:220 - loadIPPluginJar : add quadspi
2023-11-02 11:38:35,439 [INFO] IPUIPlugin:80 - create IPUIPlugin
2023-11-02 11:38:35,439 [INFO] PluginManager:220 - loadIPPluginJar : add aes
2023-11-02 11:38:35,447 [INFO] IPUIPlugin:80 - create IPUIPlugin
2023-11-02 11:38:35,447 [INFO] PluginManager:220 - loadIPPluginJar : add pdm2pcm
2023-11-02 11:38:35,452 [INFO] IPUIPlugin:80 - create IPUIPlugin
2023-11-02 11:38:35,452 [INFO] PluginManager:220 - loadIPPluginJar : add hash
2023-11-02 11:38:35,457 [INFO] IPUIPlugin:80 - create IPUIPlugin
2023-11-02 11:38:35,457 [INFO] PluginManager:220 - loadIPPluginJar : add tim
2023-11-02 11:38:35,461 [INFO] IPUIPlugin:80 - create IPUIPlugin
2023-11-02 11:38:35,461 [INFO] PluginManager:220 - loadIPPluginJar : add tsc
2023-11-02 11:38:35,467 [INFO] IPUIPlugin:80 - create IPUIPlugin
2023-11-02 11:38:35,467 [INFO] PluginManager:220 - loadIPPluginJar : add ts
2023-11-02 11:38:35,474 [INFO] IPUIPlugin:80 - create IPUIPlugin
2023-11-02 11:38:35,474 [INFO] PluginManager:220 - loadIPPluginJar : add can
2023-11-02 11:38:35,479 [INFO] IPUIPlugin:80 - create IPUIPlugin
2023-11-02 11:38:35,480 [INFO] PluginManager:220 - loadIPPluginJar : add dma3
2023-11-02 11:38:35,485 [INFO] IPUIPlugin:80 - create IPUIPlugin
2023-11-02 11:38:35,485 [INFO] PluginManager:220 - loadIPPluginJar : add dfsdm
2023-11-02 11:38:35,491 [INFO] IPUIPlugin:80 - create IPUIPlugin
2023-11-02 11:38:35,491 [INFO] PluginManager:220 - loadIPPluginJar : add spi
2023-11-02 11:38:35,499 [INFO] IPUIPlugin:80 - create IPUIPlugin
2023-11-02 11:38:35,499 [INFO] PluginManager:220 - loadIPPluginJar : add gfxmmu
2023-11-02 11:38:35,503 [INFO] IPUIPlugin:80 - create IPUIPlugin
2023-11-02 11:38:35,503 [INFO] PluginManager:220 - loadIPPluginJar : add genericplugin
2023-11-02 11:38:35,508 [INFO] IPUIPlugin:80 - create IPUIPlugin
2023-11-02 11:38:35,509 [INFO] PluginManager:220 - loadIPPluginJar : add cryp
2023-11-02 11:38:35,519 [INFO] IPUIPlugin:80 - create IPUIPlugin
2023-11-02 11:38:35,519 [INFO] PluginManager:220 - loadIPPluginJar : add gpio
2023-11-02 11:38:35,523 [INFO] IPUIPlugin:80 - create IPUIPlugin
2023-11-02 11:38:35,523 [INFO] PluginManager:220 - loadIPPluginJar : add comp
2023-11-02 11:38:35,527 [INFO] IPUIPlugin:80 - create IPUIPlugin
2023-11-02 11:38:35,528 [INFO] PluginManager:220 - loadIPPluginJar : add tracer_emb
2023-11-02 11:38:35,534 [INFO] IPUIPlugin:80 - create IPUIPlugin
2023-11-02 11:38:35,534 [INFO] PluginManager:220 - loadIPPluginJar : add openamp
2023-11-02 11:38:35,545 [INFO] IPUIPlugin:80 - create IPUIPlugin
2023-11-02 11:38:35,545 [INFO] PluginManager:220 - loadIPPluginJar : add stm32_wpan
2023-11-02 11:38:35,563 [INFO] IPUIPlugin:80 - create IPUIPlugin
2023-11-02 11:38:35,570 [INFO] PluginManager:220 - loadIPPluginJar : add plateformsettings
2023-11-02 11:38:35,580 [INFO] IPUIPlugin:80 - create IPUIPlugin
2023-11-02 11:38:35,580 [INFO] PluginManager:220 - loadIPPluginJar : add ipddr
2023-11-02 11:38:35,586 [INFO] IPUIPlugin:80 - create IPUIPlugin
2023-11-02 11:38:35,587 [INFO] PluginManager:220 - loadIPPluginJar : add usart
2023-11-02 11:38:35,590 [INFO] IPUIPlugin:80 - create IPUIPlugin
2023-11-02 11:38:35,590 [INFO] PluginManager:220 - loadIPPluginJar : add ltdc
2023-11-02 11:38:35,603 [INFO] IPUIPlugin:80 - create IPUIPlugin
2023-11-02 11:38:35,603 [INFO] PluginManager:220 - loadIPPluginJar : add nvic
2023-11-02 11:38:35,607 [INFO] IPUIPlugin:80 - create IPUIPlugin
2023-11-02 11:38:35,607 [INFO] PluginManager:220 - loadIPPluginJar : add fatfs
2023-11-02 11:38:35,625 [INFO] IPUIPlugin:80 - create IPUIPlugin
2023-11-02 11:38:35,625 [INFO] PluginManager:220 - loadIPPluginJar : add linkedlist
2023-11-02 11:38:35,638 [INFO] IPUIPlugin:80 - create IPUIPlugin
2023-11-02 11:38:35,639 [INFO] PluginManager:220 - loadIPPluginJar : add dma
2023-11-02 11:38:35,650 [INFO] IPUIPlugin:80 - create IPUIPlugin
2023-11-02 11:38:35,650 [INFO] PluginManager:220 - loadIPPluginJar : add fmc
2023-11-02 11:38:35,656 [INFO] IPUIPlugin:80 - create IPUIPlugin
2023-11-02 11:38:35,657 [INFO] PluginManager:220 - loadIPPluginJar : add i2s
2023-11-02 11:38:35,660 [INFO] IPUIPlugin:80 - create IPUIPlugin
2023-11-02 11:38:35,661 [INFO] PluginManager:220 - loadIPPluginJar : add ucpd
2023-11-02 11:38:35,666 [INFO] IPUIPlugin:80 - create IPUIPlugin
2023-11-02 11:38:35,667 [INFO] PluginManager:220 - loadIPPluginJar : add lorawan
2023-11-02 11:38:35,674 [INFO] IPUIPlugin:80 - create IPUIPlugin
2023-11-02 11:38:35,674 [INFO] PluginManager:220 - loadIPPluginJar : add opamp
2023-11-02 11:38:35,682 [INFO] IPUIPlugin:80 - create IPUIPlugin
2023-11-02 11:38:35,682 [INFO] PluginManager:220 - loadIPPluginJar : add i3c
2023-11-02 11:38:35,690 [INFO] IPUIPlugin:80 - create IPUIPlugin
2023-11-02 11:38:35,691 [INFO] PluginManager:220 - loadIPPluginJar : add touchsensing
2023-11-02 11:38:35,698 [INFO] IPUIPlugin:80 - create IPUIPlugin
2023-11-02 11:38:35,698 [INFO] PluginManager:220 - loadIPPluginJar : add i2c
2023-11-02 11:38:35,708 [INFO] IPUIPlugin:80 - create IPUIPlugin
2023-11-02 11:38:35,708 [INFO] PluginManager:220 - loadIPPluginJar : add resmgrutility
2023-11-02 11:38:35,717 [INFO] IPUIPlugin:80 - create IPUIPlugin
2023-11-02 11:38:35,718 [INFO] PluginManager:220 - loadIPPluginJar : add sai
2023-11-02 11:38:35,725 [INFO] IPUIPlugin:80 - create IPUIPlugin
2023-11-02 11:38:35,726 [INFO] PluginManager:220 - loadIPPluginJar : add usbx
2023-11-02 11:38:35,869 [INFO] CADModel:165 - CPN selected for project level
2023-11-02 11:38:35,870 [INFO] CADModel:114 - Register for checkConnection events
2023-11-02 11:38:35,870 [FATAL] Updater:308 - Updater called before beeing initialized
2023-11-02 11:38:35,872 [ERROR] CADModel:125 - Updater not yet initialized, retry later 
2023-11-02 11:38:35,954 [INFO] ThirdPartyUpdaterWithRetryManager:70 - Updater plugin not ready yet. [2/15]
2023-11-02 11:38:36,671 [INFO] CADModel:165 - CPN selected for project level
2023-11-02 11:38:36,671 [INFO] CADModel:114 - Register for checkConnection events
2023-11-02 11:38:36,672 [FATAL] Updater:308 - Updater called before beeing initialized
2023-11-02 11:38:36,672 [ERROR] CADModel:125 - Updater not yet initialized, retry later 
2023-11-02 11:38:36,692 [FATAL] Updater:308 - Updater called before beeing initialized
2023-11-02 11:38:36,936 [FATAL] Updater:308 - Updater called before beeing initialized
2023-11-02 11:38:36,951 [INFO] DbMcusAds:53 - JSON generation date=Tue Mar 07 10:50:55 EET 2023 (1678179055114)
2023-11-02 11:38:36,951 [FATAL] Updater:308 - Updater called before beeing initialized
2023-11-02 11:38:37,184 [WARN] DetailPanel:346 - Failed to get advertising image, set to default
2023-11-02 11:38:37,377 [FATAL] Updater:308 - Updater called before beeing initialized
2023-11-02 11:38:37,386 [FATAL] Updater:308 - Updater called before beeing initialized
2023-11-02 11:38:37,386 [FATAL] Updater:308 - Updater called before beeing initialized
2023-11-02 11:38:37,386 [WARN] DetailPanel:346 - Failed to get advertising image, set to default
2023-11-02 11:38:37,389 [FATAL] Updater:308 - Updater called before beeing initialized
2023-11-02 11:38:37,451 [ERROR] Updater:1120 - MainUpdater not yet initialized. External WinMGr cannot be set.
2023-11-02 11:38:37,515 [INFO] Updater:1056 - Updater Version found : 6.9.2
2023-11-02 11:38:37,560 [INFO] ApplicationProperties:184 - Using Application install path: /Applications/STMicroelectronics/STM32CubeIDE.app/Contents/Eclipse/plugins/com.st.stm32cube.common.mx_6.9.2.202309101412
2023-11-02 11:38:38,268 [INFO] MainUpdater:2868 - connection check result : 10
2023-11-02 11:38:38,269 [INFO] MainUpdater:285 - Updater Check For Update Now.
2023-11-02 11:38:38,269 [INFO] MicroXplorer:498 - Change Database Version : DB.6.0.92
2023-11-02 11:38:38,282 [INFO] McuFinderGlobals:63 - Set McuFinder mode to 2 (CubeIDE integrated)
2023-11-02 11:38:38,526 [INFO] CheckServerUpdateThread:120 - End of CheckServer Thread
2023-11-02 11:38:39,212 [WARN] PackLoader:240 - Cannot read IP mode file for STMicroelectronics.X-CUBE-SMBUS.2.1.0
2023-11-02 11:38:39,277 [WARN] PackLoader:240 - Cannot read IP mode file for STMicroelectronics.X-CUBE-AZRTOS-F7.1.1.0
2023-11-02 11:38:39,298 [WARN] PackLoader:240 - Cannot read IP mode file for STMicroelectronics.FP-SNS-MOTENV1.4.3.2
2023-11-02 11:38:39,311 [WARN] PackLoader:240 - Cannot read IP mode file for STMicroelectronics.FP-SNS-FLIGHT1.5.0.2
2023-11-02 11:38:39,329 [WARN] PackLoader:240 - Cannot read IP mode file for STMicroelectronics.X-CUBE-DISPLAY.3.0.0
2023-11-02 11:38:39,353 [WARN] PackLoader:240 - Cannot read IP mode file for STMicroelectronics.X-CUBE-BLE1.7.0.0
2023-11-02 11:38:39,363 [WARN] PackLoader:240 - Cannot read IP mode file for emotas.I-CUBE-CANOPEN.1.3.0
2023-11-02 11:38:39,371 [WARN] PackLoader:240 - Cannot read IP mode file for STMicroelectronics.X-CUBE-TOUCHGFX.4.22.0
2023-11-02 11:38:39,377 [WARN] PackLoader:240 - Cannot read IP mode file for STMicroelectronics.X-CUBE-TOUCHGFX.4.22.1
2023-11-02 11:38:39,386 [WARN] PackLoader:240 - Cannot read IP mode file for STMicroelectronics.FP-SNS-SMARTAG2.1.2.0
2023-11-02 11:38:39,410 [INFO] LogOutputStream:77 - [STDOUT_REDIRECT] 1 : Invalid condition id : UX_CORESTACK_Condition cause : null
2023-11-02 11:38:39,410 [INFO] LogOutputStream:77 - [STDOUT_REDIRECT] 1 : Invalid condition id : UX_CORESTACK_Condition cause : null
2023-11-02 11:38:39,411 [INFO] LogOutputStream:77 - [STDOUT_REDIRECT] 1 : Invalid condition id : UX_CORESTACK_Condition cause : null
2023-11-02 11:38:39,411 [INFO] LogOutputStream:77 - [STDOUT_REDIRECT] 1 : Invalid condition id : UX_CORESTACK_Condition cause : null
2023-11-02 11:38:39,412 [INFO] LogOutputStream:77 - [STDOUT_REDIRECT] 1 : Invalid condition id : UX_CORESTACK_Condition cause : null
2023-11-02 11:38:39,420 [WARN] PackLoader:240 - Cannot read IP mode file for STMicroelectronics.X-CUBE-AZRTOS-WL.2.0.0
2023-11-02 11:38:39,437 [WARN] PackLoader:240 - Cannot read IP mode file for WES.I-CUBE-Cesium.1.3.0
2023-11-02 11:38:39,447 [WARN] PackLoader:240 - Cannot read IP mode file for STMicroelectronics.X-CUBE-BLE2.3.3.0
2023-11-02 11:38:39,461 [WARN] PackLoader:240 - Cannot read IP mode file for STMicroelectronics.X-CUBE-ALGOBUILD.1.3.0
2023-11-02 11:38:39,503 [WARN] PackLoader:240 - Cannot read IP mode file for STMicroelectronics.X-CUBE-AZRTOS-G0.1.1.0
2023-11-02 11:38:39,518 [WARN] PackLoader:240 - Cannot read IP mode file for STMicroelectronics.X-CUBE-NFC4.3.0.0
2023-11-02 11:38:39,526 [WARN] PackLoader:240 - Cannot read IP mode file for STMicroelectronics.FP-ATR-SIGFOX1.3.2.0
2023-11-02 11:38:39,604 [WARN] PackLoader:240 - Cannot read IP mode file for SEGGER.I-CUBE-embOS.1.3.1
2023-11-02 11:38:39,690 [WARN] PackLoader:240 - Cannot read IP mode file for STMicroelectronics.X-CUBE-GNSS1.6.0.0
2023-11-02 11:38:39,727 [WARN] PackLoader:240 - Cannot read IP mode file for STMicroelectronics.X-CUBE-AZRTOS-F4.1.1.0
2023-11-02 11:38:39,739 [WARN] PackLoader:240 - Cannot read IP mode file for wolfSSL.I-CUBE-wolfSSL.5.6.3
2023-11-02 11:38:39,775 [WARN] PackLoader:240 - Cannot read IP mode file for STMicroelectronics.X-CUBE-AZRTOS-L5.2.0.0
2023-11-02 11:38:39,863 [WARN] PackLoader:240 - Cannot read IP mode file for STMicroelectronics.X-CUBE-MEMS1.9.6.0
2023-11-02 11:38:40,193 [WARN] PackLoader:240 - Cannot read IP mode file for STMicroelectronics.X-CUBE-EEPRMA1.4.2.0
2023-11-02 11:38:40,204 [WARN] PackLoader:240 - Cannot read IP mode file for ITTIA_DB.I-CUBE-ITTIADB.8.8.0
2023-11-02 11:38:40,217 [WARN] PackLoader:240 - Cannot read IP mode file for STMicroelectronics.X-CUBE-BLEMGR.2.0.0
2023-11-02 11:38:40,254 [WARN] ConditionMgr:438 - getConditionDescription Invalid condition id : UX DEVICE CLASS RTOS Condition cause : null
2023-11-02 11:38:40,255 [WARN] ConditionMgr:438 - getConditionDescription Invalid condition id : UX DEVICE CLASS RTOS Condition cause : null
2023-11-02 11:38:40,260 [WARN] PackLoader:240 - Cannot read IP mode file for STMicroelectronics.X-CUBE-AZRTOS-H7.3.1.0
2023-11-02 11:38:40,262 [WARN] ConditionMgr:1039 - genDependencies : Invalid condition id : UX DEVICE CLASS RTOS Condition cause : null
2023-11-02 11:38:40,262 [WARN] ConditionMgr:1039 - genDependencies : Invalid condition id : UX DEVICE CLASS RTOS Condition cause : null
2023-11-02 11:38:40,263 [WARN] ConditionMgr:1039 - genDependencies : Invalid condition id : UX DEVICE CLASS RTOS Condition cause : null
2023-11-02 11:38:40,264 [WARN] ConditionMgr:1039 - genDependencies : Invalid condition id : UX DEVICE CLASS RTOS Condition cause : null
2023-11-02 11:38:40,264 [WARN] ConditionMgr:1039 - genDependencies : Invalid condition id : UX DEVICE CLASS RTOS Condition cause : null
2023-11-02 11:38:40,276 [WARN] PackLoader:240 - Cannot read IP mode file for STMicroelectronics.X-CUBE-NFC7.1.0.1
2023-11-02 11:38:40,288 [WARN] PackLoader:240 - Cannot read IP mode file for STMicroelectronics.X-CUBE-NFC6.3.0.0
2023-11-02 11:38:40,307 [WARN] PackLoader:240 - Cannot read IP mode file for STMicroelectronics.X-CUBE-EEPRMA1.4.1.0
2023-11-02 11:38:40,315 [WARN] PackLoader:240 - Cannot read IP mode file for STMicroelectronics.X-CUBE-AI.8.1.0
2023-11-02 11:38:40,404 [WARN] ConditionMgr:438 - getConditionDescription Invalid condition id : LAN8742 Phy interface Condition cause : null
2023-11-02 11:38:40,405 [WARN] PackLoader:240 - Cannot read IP mode file for STMicroelectronics.X-CUBE-AZRTOS-L4.2.0.0
2023-11-02 11:38:40,408 [WARN] ConditionMgr:1039 - genDependencies : Invalid condition id : LAN8742 Phy interface Condition cause : null
2023-11-02 11:38:40,408 [WARN] ConditionMgr:1039 - genDependencies : Invalid condition id : LAN8742 Phy interface Condition cause : null
2023-11-02 11:38:40,410 [WARN] ConditionMgr:1039 - genDependencies : Invalid condition id : LAN8742 Phy interface Condition cause : null
2023-11-02 11:38:40,425 [WARN] PackLoader:240 - Cannot read IP mode file for STMicroelectronics.X-CUBE-SFXS2LP1.4.0.0
2023-11-02 11:38:40,434 [WARN] PackLoader:240 - Cannot read IP mode file for STMicroelectronics.X-CUBE-ISPU.1.1.0
2023-11-02 11:38:40,458 [WARN] ConditionMgr:438 - getConditionDescription Invalid condition id : UX DEVICE CLASS RTOS Condition cause : null
2023-11-02 11:38:40,459 [WARN] ConditionMgr:438 - getConditionDescription Invalid condition id : UX DEVICE CLASS RTOS Condition cause : null
2023-11-02 11:38:40,463 [WARN] PackLoader:240 - Cannot read IP mode file for STMicroelectronics.X-CUBE-AZRTOS-WB.2.0.0
2023-11-02 11:38:40,464 [WARN] ConditionMgr:1039 - genDependencies : Invalid condition id : UX DEVICE CLASS RTOS Condition cause : null
2023-11-02 11:38:40,465 [WARN] ConditionMgr:1039 - genDependencies : Invalid condition id : UX DEVICE CLASS RTOS Condition cause : null
2023-11-02 11:38:40,466 [WARN] ConditionMgr:1039 - genDependencies : Invalid condition id : UX DEVICE CLASS RTOS Condition cause : null
2023-11-02 11:38:40,467 [WARN] ConditionMgr:1039 - genDependencies : Invalid condition id : UX DEVICE CLASS RTOS Condition cause : null
2023-11-02 11:38:40,468 [WARN] ConditionMgr:1039 - genDependencies : Invalid condition id : UX DEVICE CLASS RTOS Condition cause : null
2023-11-02 11:38:40,498 [WARN] PackLoader:240 - Cannot read IP mode file for STMicroelectronics.X-CUBE-SUBG2.5.0.0
2023-11-02 11:38:40,523 [WARN] PackLoader:240 - Cannot read IP mode file for STMicroelectronics.X-CUBE-TOF1.3.3.1
2023-11-02 11:38:40,561 [WARN] PackLoader:240 - Cannot read IP mode file for STMicroelectronics.X-CUBE-AZRTOS-G4.2.0.0
2023-11-02 11:38:40,582 [WARN] PackLoader:240 - Cannot read IP mode file for Infineon.AIROC-Wi-Fi-Bluetooth-STM32.1.5.1
2023-11-02 11:38:40,654 [WARN] PackLoader:240 - Cannot read IP mode file for STMicroelectronics.X-CUBE-MEMS1.10.0.0
2023-11-02 11:38:40,849 [WARN] PackLoader:240 - Cannot read IP mode file for STMicroelectronics.X-CUBE-FREERTOS.1.1.0
2023-11-02 11:38:40,859 [WARN] PackLoader:240 - Cannot read IP mode file for portGmbH.I-Cube-SoM-uGOAL.1.1.0
2023-11-02 11:38:40,993 [WARN] PackLoader:240 - Cannot read IP mode file for STMicroelectronics.X-CUBE-ALS.1.0.1
2023-11-02 11:38:40,999 [WARN] PackLoader:240 - Cannot read IP mode file for STMicroelectronics.FP-ATR-ASTRA1.2.0.0
2023-11-02 11:38:41,001 [INFO] ThirdParty:978 - Integrity check success = true
2023-11-02 11:38:41,001 [INFO] IntegrityCheckThread:100 - exiting critical section [integrity check]
2023-11-02 11:38:41,002 [INFO] IntegrityCheckThread:103 - End integrity checks thread
2023-11-02 11:38:47,004 [ERROR] LogOutputStream:75 - [STDERR_REDIRECT] SLF4J: Failed to load class "org.slf4j.impl.StaticLoggerBinder".
2023-11-02 11:38:47,005 [ERROR] LogOutputStream:75 - [STDERR_REDIRECT] SLF4J: Defaulting to no-operation (NOP) logger implementation
2023-11-02 11:38:47,005 [ERROR] LogOutputStream:75 - [STDERR_REDIRECT] SLF4J: See http://www.slf4j.org/codes.html#StaticLoggerBinder for further details.
