2023-11-08 12:12:42,310 [INFO] Activator:176 - 


2023-11-08 12:12:42,323 [INFO] Activator:177 - !SESSION log4j initialized
2023-11-08 12:12:55,931 [INFO] LogOutputStream:77 - [STDOUT_REDIRECT] 
2023-11-08 12:12:57,765 [ERROR] LogOutputStream:75 - [STDERR_REDIRECT] 
2023-11-08 12:12:59,672 [INFO] LogOutputStream:77 - [STDOUT_REDIRECT] 
2023-11-08 12:13:00,219 [INFO] ApplicationProperties:184 - Using Application install path: /Applications/STMicroelectronics/STM32CubeIDE.app/Contents/Eclipse/plugins/com.st.stm32cube.common.mx_6.9.2.202309101412
2023-11-08 12:13:00,258 [INFO] DbMcusXml:78 - Set database path to: /Applications/STMicroelectronics/STM32CubeIDE.app/Contents/Eclipse/plugins/com.st.stm32cube.common.mx_6.9.2.202309101412//db//mcu/
2023-11-08 12:13:00,259 [INFO] ApiDb:274 - Set plugin database path to: /Applications/STMicroelectronics/STM32CubeIDE.app/Contents/Eclipse/plugins/com.st.stm32cube.common.mx_6.9.2.202309101412//db//plugins/boardmanager/
2023-11-08 12:13:00,260 [WARN] ApiDb:259 - Overriding images path with different value:  => /Applications/STMicroelectronics/STM32CubeIDE.app/Contents/Eclipse/plugins/com.st.stm32cube.common.mx_6.9.2.202309101412//db//plugins/mcufinder/images/
2023-11-08 12:13:00,291 [INFO] ApiDb:250 - Set database path to: /Users/romanlobach/.stmcufinder/plugins/mcufinder//mcu/
2023-11-08 12:13:00,294 [INFO] DbMcusAds:125 - Set database path to: /Users/romanlobach/.stmcufinder/plugins/mcufinder//mcu/
2023-11-08 12:13:00,301 [INFO] CrossReferenceDbSqlite:203 - Set database path to: /Users/romanlobach/.stmcufinder/plugins/mcufinder//mcu/cs/
2023-11-08 12:13:00,587 [INFO] RulesReader:64 - Compatibility file has been processed (293 Rules)
2023-11-08 12:13:00,787 [INFO] DbMcusXml:78 - Set database path to: /Applications/STMicroelectronics/STM32CubeIDE.app/Contents/Eclipse/plugins/com.st.stm32cube.common.mx_6.9.2.202309101412//db//mcu/
2023-11-08 12:13:00,787 [INFO] ApiDb:274 - Set plugin database path to: /Applications/STMicroelectronics/STM32CubeIDE.app/Contents/Eclipse/plugins/com.st.stm32cube.common.mx_6.9.2.202309101412//db//plugins/boardmanager/
2023-11-08 12:13:00,787 [INFO] ApiDb:261 - Set plugin images path to: /Applications/STMicroelectronics/STM32CubeIDE.app/Contents/Eclipse/plugins/com.st.stm32cube.common.mx_6.9.2.202309101412//db//plugins/mcufinder/images/
2023-11-08 12:13:00,788 [WARN] DbFile:41 - Overriding database path with different value: /Users/romanlobach/.stmcufinder/plugins/mcufinder/ => /Users/romanlobach/.stmcufinder/plugins/mcufinder
2023-11-08 12:13:00,788 [INFO] ApiDb:250 - Set database path to: /Users/romanlobach/.stmcufinder/plugins/mcufinder//mcu/
2023-11-08 12:13:00,789 [WARN] DbFile:41 - Overriding database path with different value: /Users/romanlobach/.stmcufinder/plugins/mcufinder/ => /Users/romanlobach/.stmcufinder/plugins/mcufinder
2023-11-08 12:13:00,789 [INFO] DbMcusAds:125 - Set database path to: /Users/romanlobach/.stmcufinder/plugins/mcufinder//mcu/
2023-11-08 12:13:00,789 [WARN] DbFile:41 - Overriding database path with different value: /Users/romanlobach/.stmcufinder/plugins/mcufinder/ => /Users/romanlobach/.stmcufinder/plugins/mcufinder
2023-11-08 12:13:00,790 [WARN] DbFile:41 - Overriding database path with different value: /Users/romanlobach/.stmcufinder/plugins/mcufinder/ => /Users/romanlobach/.stmcufinder/plugins/mcufinder
2023-11-08 12:13:00,790 [INFO] CrossReferenceDbSqlite:203 - Set database path to: /Users/romanlobach/.stmcufinder/plugins/mcufinder//mcu/cs/
2023-11-08 12:13:01,013 [INFO] MainPanel:262 - HeapMemory: 268435456
2023-11-08 12:13:01,275 [INFO] DbMcusXml:78 - Set database path to: /Applications/STMicroelectronics/STM32CubeIDE.app/Contents/Eclipse/plugins/com.st.stm32cube.common.mx_6.9.2.202309101412//db//mcu/
2023-11-08 12:13:01,276 [INFO] ApiDb:274 - Set plugin database path to: /Applications/STMicroelectronics/STM32CubeIDE.app/Contents/Eclipse/plugins/com.st.stm32cube.common.mx_6.9.2.202309101412//db//plugins/boardmanager/
2023-11-08 12:13:01,276 [INFO] ApiDb:261 - Set plugin images path to: /Applications/STMicroelectronics/STM32CubeIDE.app/Contents/Eclipse/plugins/com.st.stm32cube.common.mx_6.9.2.202309101412//db//plugins/mcufinder/images/
2023-11-08 12:13:01,277 [WARN] DbFile:41 - Overriding database path with different value: /Users/romanlobach/.stmcufinder/plugins/mcufinder/ => /Users/romanlobach/.stmcufinder/plugins/mcufinder
2023-11-08 12:13:01,278 [INFO] ApiDb:250 - Set database path to: /Users/romanlobach/.stmcufinder/plugins/mcufinder//mcu/
2023-11-08 12:13:01,278 [WARN] DbFile:41 - Overriding database path with different value: /Users/romanlobach/.stmcufinder/plugins/mcufinder/ => /Users/romanlobach/.stmcufinder/plugins/mcufinder
2023-11-08 12:13:01,278 [INFO] DbMcusAds:125 - Set database path to: /Users/romanlobach/.stmcufinder/plugins/mcufinder//mcu/
2023-11-08 12:13:01,278 [WARN] DbFile:41 - Overriding database path with different value: /Users/romanlobach/.stmcufinder/plugins/mcufinder/ => /Users/romanlobach/.stmcufinder/plugins/mcufinder
2023-11-08 12:13:01,279 [WARN] DbFile:41 - Overriding database path with different value: /Users/romanlobach/.stmcufinder/plugins/mcufinder/ => /Users/romanlobach/.stmcufinder/plugins/mcufinder
2023-11-08 12:13:01,279 [INFO] CrossReferenceDbSqlite:203 - Set database path to: /Users/romanlobach/.stmcufinder/plugins/mcufinder//mcu/cs/
2023-11-08 12:13:01,317 [INFO] ApplicationProperties:184 - Using Application install path: /Applications/STMicroelectronics/STM32CubeIDE.app/Contents/Eclipse/plugins/com.st.stm32cube.common.mx_6.9.2.202309101412
2023-11-08 12:13:01,319 [INFO] PluginManage:196 - Search for loadable plugins [exclusion list=, ]
2023-11-08 12:13:01,323 [INFO] PluginManage:310 - Check plugin analytics
2023-11-08 12:13:01,751 [INFO] AnalyticsPlugin:253 - Accepted Software Licenses: STM32CubeMX.6.9.1,STM32CubeMX.6.9.2
2023-11-08 12:13:01,751 [INFO] AnalyticsPlugin:255 - Accepted CMSIS Pack Licenses: 
2023-11-08 12:13:01,752 [INFO] AnalyticsPlugin:257 - Accepted Firmware Licenses: FW.F7.1.17.0
2023-11-08 12:13:01,759 [INFO] PluginManage:359 - Loaded plugin analytics (category:tool,tabindex:-1)
2023-11-08 12:13:01,759 [INFO] PluginManage:310 - Check plugin cadmodel
2023-11-08 12:13:02,951 [INFO] CADModel:105 - Init CAD model plugin
2023-11-08 12:13:02,952 [INFO] PluginManage:359 - Loaded plugin cadmodel (category:power,tabindex:5)
2023-11-08 12:13:02,953 [INFO] PluginManage:310 - Check plugin clock
2023-11-08 12:13:02,977 [INFO] PluginManage:359 - Loaded plugin clock (category:base,tabindex:2)
2023-11-08 12:13:02,977 [INFO] PluginManage:310 - Check plugin ddr
2023-11-08 12:13:02,982 [INFO] PluginManage:359 - Loaded plugin ddr (category:tool,tabindex:6)
2023-11-08 12:13:02,982 [INFO] PluginManage:310 - Check plugin filemanager
2023-11-08 12:13:03,013 [INFO] McuFinderGlobals:63 - Set McuFinder mode to 2 (CubeIDE integrated)
2023-11-08 12:13:03,244 [INFO] PluginManage:359 - Loaded plugin filemanager (category:base,tabindex:10)
2023-11-08 12:13:03,245 [INFO] PluginManage:310 - Check plugin ipmanager
2023-11-08 12:13:03,260 [INFO] PluginManage:359 - Loaded plugin ipmanager (category:base,tabindex:5)
2023-11-08 12:13:03,260 [INFO] PluginManage:310 - Check plugin lpbam
2023-11-08 12:13:03,284 [INFO] PluginManage:359 - Loaded plugin lpbam (category:base,tabindex:0)
2023-11-08 12:13:03,284 [INFO] PluginManage:310 - Check plugin memorymap
2023-11-08 12:13:03,321 [INFO] PluginManage:359 - Loaded plugin memorymap (category:base,tabindex:4)
2023-11-08 12:13:03,321 [INFO] PluginManage:310 - Check plugin pinoutandconfiguration
2023-11-08 12:13:03,338 [INFO] PluginManage:359 - Loaded plugin pinoutandconfiguration (category:base,tabindex:1)
2023-11-08 12:13:03,338 [INFO] PluginManage:310 - Check plugin pinoutconfig
2023-11-08 12:13:03,540 [WARN] SupportedApi:132 - Cannot load RTOS API schema: s4s-elt-must-match.1: The content of 'definitions' must match (annotation?, (simpleType | complexType)?, (unique | key | keyref)*)). A problem was found starting at: attribute.
2023-11-08 12:13:03,871 [INFO] PluginManage:359 - Loaded plugin pinoutconfig (category:base,tabindex:0)
2023-11-08 12:13:03,871 [INFO] PluginManage:310 - Check plugin power
2023-11-08 12:13:03,895 [INFO] PluginManage:359 - Loaded plugin power (category:power,tabindex:4)
2023-11-08 12:13:03,895 [INFO] PluginManage:310 - Check plugin projectmanager
2023-11-08 12:13:03,920 [INFO] PluginManage:359 - Loaded plugin projectmanager (category:projectmanager,tabindex:3)
2023-11-08 12:13:03,920 [INFO] PluginManage:310 - Check plugin thirdparty
2023-11-08 12:13:04,222 [INFO] PluginManage:359 - Loaded plugin thirdparty (category:base,tabindex:-1)
2023-11-08 12:13:04,222 [WARN] IntegrityCheckThread:84 - waiting for thirdparty lock release [integrity check]
2023-11-08 12:13:04,223 [INFO] IntegrityCheckThread:86 - entering critical section [integrity check]
2023-11-08 12:13:04,223 [INFO] PluginManage:310 - Check plugin tools
2023-11-08 12:13:04,223 [INFO] ThirdPartyUpdaterWithRetryManager:70 - Updater plugin not ready yet. [1/15]
2023-11-08 12:13:04,228 [INFO] PluginManage:359 - Loaded plugin tools (category:base,tabindex:7)
2023-11-08 12:13:04,228 [INFO] PluginManage:310 - Check plugin tutovideos
2023-11-08 12:13:04,784 [INFO] PluginManage:359 - Loaded plugin tutovideos (category:base,tabindex:-1)
2023-11-08 12:13:04,785 [INFO] PluginManage:310 - Check plugin updater
2023-11-08 12:13:04,809 [INFO] PluginManage:359 - Loaded plugin updater (category:base,tabindex:12)
2023-11-08 12:13:04,809 [INFO] PluginManage:310 - Check plugin userauth
2023-11-08 12:13:04,819 [INFO] UserAuth:113 - Init User Auth plugin
2023-11-08 12:13:04,819 [INFO] PluginManage:359 - Loaded plugin userauth (category:base,tabindex:14)
2023-11-08 12:13:04,820 [INFO] PluginManage:283 - PluginManage : Loaded plugins [17]
2023-11-08 12:13:07,225 [INFO] ThirdPartyUpdaterWithRetryManager:70 - Updater plugin not ready yet. [2/15]
2023-11-08 12:13:10,231 [INFO] ThirdPartyUpdaterWithRetryManager:70 - Updater plugin not ready yet. [3/15]
2023-11-08 12:13:13,237 [INFO] ThirdPartyUpdaterWithRetryManager:70 - Updater plugin not ready yet. [4/15]
2023-11-08 12:13:16,238 [INFO] ThirdPartyUpdaterWithRetryManager:70 - Updater plugin not ready yet. [5/15]
2023-11-08 12:13:18,432 [ERROR] LogOutputStream:75 - [STDERR_REDIRECT] SLF4J: Failed to load class "org.slf4j.impl.StaticLoggerBinder".
2023-11-08 12:13:18,432 [ERROR] LogOutputStream:75 - [STDERR_REDIRECT] SLF4J: Defaulting to no-operation (NOP) logger implementation
2023-11-08 12:13:18,433 [ERROR] LogOutputStream:75 - [STDERR_REDIRECT] SLF4J: See http://www.slf4j.org/codes.html#StaticLoggerBinder for further details.
2023-11-08 12:13:19,244 [INFO] ThirdPartyUpdaterWithRetryManager:70 - Updater plugin not ready yet. [6/15]
2023-11-08 12:13:22,248 [INFO] ThirdPartyUpdaterWithRetryManager:70 - Updater plugin not ready yet. [7/15]
2023-11-08 12:13:25,255 [INFO] ThirdPartyUpdaterWithRetryManager:70 - Updater plugin not ready yet. [8/15]
2023-11-08 12:13:28,259 [INFO] ThirdPartyUpdaterWithRetryManager:70 - Updater plugin not ready yet. [9/15]
2023-11-08 12:13:31,264 [INFO] ThirdPartyUpdaterWithRetryManager:70 - Updater plugin not ready yet. [10/15]
2023-11-08 12:13:34,268 [INFO] ThirdPartyUpdaterWithRetryManager:70 - Updater plugin not ready yet. [11/15]
2023-11-08 12:13:37,274 [INFO] ThirdPartyUpdaterWithRetryManager:70 - Updater plugin not ready yet. [12/15]
2023-11-08 12:13:40,276 [INFO] ThirdPartyUpdaterWithRetryManager:70 - Updater plugin not ready yet. [13/15]
2023-11-08 12:13:43,279 [INFO] ThirdPartyUpdaterWithRetryManager:70 - Updater plugin not ready yet. [14/15]
2023-11-08 12:13:46,283 [INFO] ThirdPartyUpdaterWithRetryManager:70 - Updater plugin not ready yet. [15/15]
2023-11-08 12:13:46,284 [ERROR] AbstractThirdPartyUpdaterManager:170 - Updater plugin not retrieved
2023-11-08 12:13:46,284 [ERROR] IntegrityCheckThread:130 - Cannot retrieve database content from updater: error -1
2023-11-08 12:13:46,285 [INFO] ThirdParty:978 - Integrity check success = false
2023-11-08 12:13:46,285 [INFO] IntegrityCheckThread:100 - exiting critical section [integrity check]
2023-11-08 12:13:46,285 [INFO] IntegrityCheckThread:103 - End integrity checks thread
2023-11-08 12:23:22,045 [INFO] Activator:176 - 


2023-11-08 12:23:22,049 [INFO] Activator:177 - !SESSION log4j initialized
2023-11-08 12:23:30,952 [INFO] LogOutputStream:77 - [STDOUT_REDIRECT] 
2023-11-08 12:23:32,698 [ERROR] LogOutputStream:75 - [STDERR_REDIRECT] 
2023-11-08 12:23:34,325 [INFO] LogOutputStream:77 - [STDOUT_REDIRECT] 
2023-11-08 12:23:34,625 [INFO] ApplicationProperties:184 - Using Application install path: /Applications/STMicroelectronics/STM32CubeIDE.app/Contents/Eclipse/plugins/com.st.stm32cube.common.mx_6.9.2.202309101412
2023-11-08 12:23:34,665 [INFO] DbMcusXml:78 - Set database path to: /Applications/STMicroelectronics/STM32CubeIDE.app/Contents/Eclipse/plugins/com.st.stm32cube.common.mx_6.9.2.202309101412//db//mcu/
2023-11-08 12:23:34,666 [INFO] ApiDb:274 - Set plugin database path to: /Applications/STMicroelectronics/STM32CubeIDE.app/Contents/Eclipse/plugins/com.st.stm32cube.common.mx_6.9.2.202309101412//db//plugins/boardmanager/
2023-11-08 12:23:34,667 [WARN] ApiDb:259 - Overriding images path with different value:  => /Applications/STMicroelectronics/STM32CubeIDE.app/Contents/Eclipse/plugins/com.st.stm32cube.common.mx_6.9.2.202309101412//db//plugins/mcufinder/images/
2023-11-08 12:23:34,696 [INFO] ApiDb:250 - Set database path to: /Users/romanlobach/.stmcufinder/plugins/mcufinder//mcu/
2023-11-08 12:23:34,702 [INFO] DbMcusAds:125 - Set database path to: /Users/romanlobach/.stmcufinder/plugins/mcufinder//mcu/
2023-11-08 12:23:34,711 [INFO] CrossReferenceDbSqlite:203 - Set database path to: /Users/romanlobach/.stmcufinder/plugins/mcufinder//mcu/cs/
2023-11-08 12:23:34,942 [INFO] RulesReader:64 - Compatibility file has been processed (293 Rules)
2023-11-08 12:23:35,095 [INFO] DbMcusXml:78 - Set database path to: /Applications/STMicroelectronics/STM32CubeIDE.app/Contents/Eclipse/plugins/com.st.stm32cube.common.mx_6.9.2.202309101412//db//mcu/
2023-11-08 12:23:35,096 [INFO] ApiDb:274 - Set plugin database path to: /Applications/STMicroelectronics/STM32CubeIDE.app/Contents/Eclipse/plugins/com.st.stm32cube.common.mx_6.9.2.202309101412//db//plugins/boardmanager/
2023-11-08 12:23:35,096 [INFO] ApiDb:261 - Set plugin images path to: /Applications/STMicroelectronics/STM32CubeIDE.app/Contents/Eclipse/plugins/com.st.stm32cube.common.mx_6.9.2.202309101412//db//plugins/mcufinder/images/
2023-11-08 12:23:35,096 [WARN] DbFile:41 - Overriding database path with different value: /Users/romanlobach/.stmcufinder/plugins/mcufinder/ => /Users/romanlobach/.stmcufinder/plugins/mcufinder
2023-11-08 12:23:35,097 [INFO] ApiDb:250 - Set database path to: /Users/romanlobach/.stmcufinder/plugins/mcufinder//mcu/
2023-11-08 12:23:35,097 [WARN] DbFile:41 - Overriding database path with different value: /Users/romanlobach/.stmcufinder/plugins/mcufinder/ => /Users/romanlobach/.stmcufinder/plugins/mcufinder
2023-11-08 12:23:35,097 [INFO] DbMcusAds:125 - Set database path to: /Users/romanlobach/.stmcufinder/plugins/mcufinder//mcu/
2023-11-08 12:23:35,097 [WARN] DbFile:41 - Overriding database path with different value: /Users/romanlobach/.stmcufinder/plugins/mcufinder/ => /Users/romanlobach/.stmcufinder/plugins/mcufinder
2023-11-08 12:23:35,098 [WARN] DbFile:41 - Overriding database path with different value: /Users/romanlobach/.stmcufinder/plugins/mcufinder/ => /Users/romanlobach/.stmcufinder/plugins/mcufinder
2023-11-08 12:23:35,098 [INFO] CrossReferenceDbSqlite:203 - Set database path to: /Users/romanlobach/.stmcufinder/plugins/mcufinder//mcu/cs/
2023-11-08 12:23:35,227 [INFO] MainPanel:262 - HeapMemory: 268435456
2023-11-08 12:23:35,319 [INFO] DbMcusXml:78 - Set database path to: /Applications/STMicroelectronics/STM32CubeIDE.app/Contents/Eclipse/plugins/com.st.stm32cube.common.mx_6.9.2.202309101412//db//mcu/
2023-11-08 12:23:35,320 [INFO] ApiDb:274 - Set plugin database path to: /Applications/STMicroelectronics/STM32CubeIDE.app/Contents/Eclipse/plugins/com.st.stm32cube.common.mx_6.9.2.202309101412//db//plugins/boardmanager/
2023-11-08 12:23:35,320 [INFO] ApiDb:261 - Set plugin images path to: /Applications/STMicroelectronics/STM32CubeIDE.app/Contents/Eclipse/plugins/com.st.stm32cube.common.mx_6.9.2.202309101412//db//plugins/mcufinder/images/
2023-11-08 12:23:35,322 [WARN] DbFile:41 - Overriding database path with different value: /Users/romanlobach/.stmcufinder/plugins/mcufinder/ => /Users/romanlobach/.stmcufinder/plugins/mcufinder
2023-11-08 12:23:35,322 [INFO] ApiDb:250 - Set database path to: /Users/romanlobach/.stmcufinder/plugins/mcufinder//mcu/
2023-11-08 12:23:35,322 [WARN] DbFile:41 - Overriding database path with different value: /Users/romanlobach/.stmcufinder/plugins/mcufinder/ => /Users/romanlobach/.stmcufinder/plugins/mcufinder
2023-11-08 12:23:35,322 [INFO] DbMcusAds:125 - Set database path to: /Users/romanlobach/.stmcufinder/plugins/mcufinder//mcu/
2023-11-08 12:23:35,322 [WARN] DbFile:41 - Overriding database path with different value: /Users/romanlobach/.stmcufinder/plugins/mcufinder/ => /Users/romanlobach/.stmcufinder/plugins/mcufinder
2023-11-08 12:23:35,322 [WARN] DbFile:41 - Overriding database path with different value: /Users/romanlobach/.stmcufinder/plugins/mcufinder/ => /Users/romanlobach/.stmcufinder/plugins/mcufinder
2023-11-08 12:23:35,323 [INFO] CrossReferenceDbSqlite:203 - Set database path to: /Users/romanlobach/.stmcufinder/plugins/mcufinder//mcu/cs/
2023-11-08 12:23:35,348 [INFO] ApplicationProperties:184 - Using Application install path: /Applications/STMicroelectronics/STM32CubeIDE.app/Contents/Eclipse/plugins/com.st.stm32cube.common.mx_6.9.2.202309101412
2023-11-08 12:23:35,350 [INFO] PluginManage:196 - Search for loadable plugins [exclusion list=, ]
2023-11-08 12:23:35,353 [INFO] PluginManage:310 - Check plugin analytics
2023-11-08 12:23:35,683 [INFO] AnalyticsPlugin:253 - Accepted Software Licenses: STM32CubeMX.6.9.1,STM32CubeMX.6.9.2
2023-11-08 12:23:35,684 [INFO] AnalyticsPlugin:255 - Accepted CMSIS Pack Licenses: 
2023-11-08 12:23:35,684 [INFO] AnalyticsPlugin:257 - Accepted Firmware Licenses: FW.F7.1.17.0
2023-11-08 12:23:35,692 [INFO] PluginManage:359 - Loaded plugin analytics (category:tool,tabindex:-1)
2023-11-08 12:23:35,693 [INFO] PluginManage:310 - Check plugin cadmodel
2023-11-08 12:23:36,198 [INFO] CADModel:105 - Init CAD model plugin
2023-11-08 12:23:36,199 [INFO] PluginManage:359 - Loaded plugin cadmodel (category:power,tabindex:5)
2023-11-08 12:23:36,199 [INFO] PluginManage:310 - Check plugin clock
2023-11-08 12:23:36,219 [INFO] PluginManage:359 - Loaded plugin clock (category:base,tabindex:2)
2023-11-08 12:23:36,220 [INFO] PluginManage:310 - Check plugin ddr
2023-11-08 12:23:36,228 [INFO] PluginManage:359 - Loaded plugin ddr (category:tool,tabindex:6)
2023-11-08 12:23:36,228 [INFO] PluginManage:310 - Check plugin filemanager
2023-11-08 12:23:36,462 [INFO] PluginManage:359 - Loaded plugin filemanager (category:base,tabindex:10)
2023-11-08 12:23:36,462 [INFO] PluginManage:310 - Check plugin ipmanager
2023-11-08 12:23:36,478 [INFO] PluginManage:359 - Loaded plugin ipmanager (category:base,tabindex:5)
2023-11-08 12:23:36,478 [INFO] PluginManage:310 - Check plugin lpbam
2023-11-08 12:23:36,502 [INFO] PluginManage:359 - Loaded plugin lpbam (category:base,tabindex:0)
2023-11-08 12:23:36,503 [INFO] PluginManage:310 - Check plugin memorymap
2023-11-08 12:23:36,548 [INFO] PluginManage:359 - Loaded plugin memorymap (category:base,tabindex:4)
2023-11-08 12:23:36,549 [INFO] PluginManage:310 - Check plugin pinoutandconfiguration
2023-11-08 12:23:36,570 [INFO] PluginManage:359 - Loaded plugin pinoutandconfiguration (category:base,tabindex:1)
2023-11-08 12:23:36,570 [INFO] PluginManage:310 - Check plugin pinoutconfig
2023-11-08 12:23:36,754 [WARN] SupportedApi:132 - Cannot load RTOS API schema: s4s-elt-must-match.1: The content of 'definitions' must match (annotation?, (simpleType | complexType)?, (unique | key | keyref)*)). A problem was found starting at: attribute.
2023-11-08 12:23:37,184 [INFO] PluginManage:359 - Loaded plugin pinoutconfig (category:base,tabindex:0)
2023-11-08 12:23:37,185 [INFO] PluginManage:310 - Check plugin power
2023-11-08 12:23:37,214 [INFO] PluginManage:359 - Loaded plugin power (category:power,tabindex:4)
2023-11-08 12:23:37,214 [INFO] PluginManage:310 - Check plugin projectmanager
2023-11-08 12:23:37,252 [INFO] PluginManage:359 - Loaded plugin projectmanager (category:projectmanager,tabindex:3)
2023-11-08 12:23:37,253 [INFO] PluginManage:310 - Check plugin thirdparty
2023-11-08 12:23:37,578 [WARN] IntegrityCheckThread:84 - waiting for thirdparty lock release [integrity check]
2023-11-08 12:23:37,579 [INFO] IntegrityCheckThread:86 - entering critical section [integrity check]
2023-11-08 12:23:37,580 [INFO] ThirdPartyUpdaterWithRetryManager:70 - Updater plugin not ready yet. [1/15]
2023-11-08 12:23:37,583 [INFO] PluginManage:359 - Loaded plugin thirdparty (category:base,tabindex:-1)
2023-11-08 12:23:37,584 [INFO] PluginManage:310 - Check plugin tools
2023-11-08 12:23:37,587 [INFO] PluginManage:359 - Loaded plugin tools (category:base,tabindex:7)
2023-11-08 12:23:37,588 [INFO] PluginManage:310 - Check plugin tutovideos
2023-11-08 12:23:38,024 [INFO] PluginManage:359 - Loaded plugin tutovideos (category:base,tabindex:-1)
2023-11-08 12:23:38,024 [INFO] PluginManage:310 - Check plugin updater
2023-11-08 12:23:38,050 [INFO] PluginManage:359 - Loaded plugin updater (category:base,tabindex:12)
2023-11-08 12:23:38,051 [INFO] PluginManage:310 - Check plugin userauth
2023-11-08 12:23:38,062 [INFO] UserAuth:113 - Init User Auth plugin
2023-11-08 12:23:38,062 [INFO] PluginManage:359 - Loaded plugin userauth (category:base,tabindex:14)
2023-11-08 12:23:38,063 [INFO] PluginManage:283 - PluginManage : Loaded plugins [17]
2023-11-08 12:23:38,450 [INFO] PinOutPanel:1499 - setPackage(No Configuration,No Configuration)
2023-11-08 12:23:38,665 [INFO] CADModel:165 - CPN selected for project level
2023-11-08 12:23:38,665 [INFO] CADModel:114 - Register for checkConnection events
2023-11-08 12:23:38,698 [INFO] IPUIPlugin:80 - create IPUIPlugin
2023-11-08 12:23:38,699 [INFO] PluginManager:220 - loadIPPluginJar : add mdma
2023-11-08 12:23:38,714 [INFO] IPUIPlugin:80 - create IPUIPlugin
2023-11-08 12:23:38,715 [INFO] PluginManager:220 - loadIPPluginJar : add freertos
2023-11-08 12:23:38,729 [INFO] IPUIPlugin:80 - create IPUIPlugin
2023-11-08 12:23:38,729 [INFO] PluginManager:220 - loadIPPluginJar : add gic
2023-11-08 12:23:38,749 [INFO] IPUIPlugin:80 - create IPUIPlugin
2023-11-08 12:23:38,749 [INFO] PluginManager:220 - loadIPPluginJar : add adc
2023-11-08 12:23:38,757 [INFO] IPUIPlugin:80 - create IPUIPlugin
2023-11-08 12:23:38,757 [INFO] PluginManager:220 - loadIPPluginJar : add gtzc
2023-11-08 12:23:38,761 [INFO] IPUIPlugin:80 - create IPUIPlugin
2023-11-08 12:23:38,761 [INFO] PluginManager:220 - loadIPPluginJar : add quadspi
2023-11-08 12:23:38,766 [INFO] IPUIPlugin:80 - create IPUIPlugin
2023-11-08 12:23:38,767 [INFO] PluginManager:220 - loadIPPluginJar : add aes
2023-11-08 12:23:38,774 [INFO] IPUIPlugin:80 - create IPUIPlugin
2023-11-08 12:23:38,775 [INFO] PluginManager:220 - loadIPPluginJar : add pdm2pcm
2023-11-08 12:23:38,779 [INFO] IPUIPlugin:80 - create IPUIPlugin
2023-11-08 12:23:38,779 [INFO] PluginManager:220 - loadIPPluginJar : add hash
2023-11-08 12:23:38,782 [INFO] IPUIPlugin:80 - create IPUIPlugin
2023-11-08 12:23:38,782 [INFO] PluginManager:220 - loadIPPluginJar : add tim
2023-11-08 12:23:38,785 [INFO] IPUIPlugin:80 - create IPUIPlugin
2023-11-08 12:23:38,785 [INFO] PluginManager:220 - loadIPPluginJar : add tsc
2023-11-08 12:23:38,789 [INFO] IPUIPlugin:80 - create IPUIPlugin
2023-11-08 12:23:38,789 [INFO] PluginManager:220 - loadIPPluginJar : add ts
2023-11-08 12:23:38,795 [INFO] IPUIPlugin:80 - create IPUIPlugin
2023-11-08 12:23:38,795 [INFO] PluginManager:220 - loadIPPluginJar : add can
2023-11-08 12:23:38,799 [INFO] IPUIPlugin:80 - create IPUIPlugin
2023-11-08 12:23:38,799 [INFO] PluginManager:220 - loadIPPluginJar : add dma3
2023-11-08 12:23:38,802 [INFO] IPUIPlugin:80 - create IPUIPlugin
2023-11-08 12:23:38,803 [INFO] PluginManager:220 - loadIPPluginJar : add dfsdm
2023-11-08 12:23:38,807 [INFO] IPUIPlugin:80 - create IPUIPlugin
2023-11-08 12:23:38,808 [INFO] PluginManager:220 - loadIPPluginJar : add spi
2023-11-08 12:23:38,812 [INFO] IPUIPlugin:80 - create IPUIPlugin
2023-11-08 12:23:38,813 [INFO] PluginManager:220 - loadIPPluginJar : add gfxmmu
2023-11-08 12:23:38,814 [INFO] IPUIPlugin:80 - create IPUIPlugin
2023-11-08 12:23:38,815 [INFO] PluginManager:220 - loadIPPluginJar : add genericplugin
2023-11-08 12:23:38,820 [INFO] IPUIPlugin:80 - create IPUIPlugin
2023-11-08 12:23:38,821 [INFO] PluginManager:220 - loadIPPluginJar : add cryp
2023-11-08 12:23:38,832 [INFO] IPUIPlugin:80 - create IPUIPlugin
2023-11-08 12:23:38,833 [INFO] PluginManager:220 - loadIPPluginJar : add gpio
2023-11-08 12:23:38,835 [INFO] IPUIPlugin:80 - create IPUIPlugin
2023-11-08 12:23:38,836 [INFO] PluginManager:220 - loadIPPluginJar : add comp
2023-11-08 12:23:38,840 [INFO] IPUIPlugin:80 - create IPUIPlugin
2023-11-08 12:23:38,840 [INFO] PluginManager:220 - loadIPPluginJar : add tracer_emb
2023-11-08 12:23:38,846 [INFO] IPUIPlugin:80 - create IPUIPlugin
2023-11-08 12:23:38,847 [INFO] PluginManager:220 - loadIPPluginJar : add openamp
2023-11-08 12:23:38,856 [INFO] IPUIPlugin:80 - create IPUIPlugin
2023-11-08 12:23:38,856 [INFO] PluginManager:220 - loadIPPluginJar : add stm32_wpan
2023-11-08 12:23:38,870 [INFO] IPUIPlugin:80 - create IPUIPlugin
2023-11-08 12:23:38,876 [INFO] PluginManager:220 - loadIPPluginJar : add plateformsettings
2023-11-08 12:23:38,888 [INFO] IPUIPlugin:80 - create IPUIPlugin
2023-11-08 12:23:38,888 [INFO] PluginManager:220 - loadIPPluginJar : add ipddr
2023-11-08 12:23:38,894 [INFO] IPUIPlugin:80 - create IPUIPlugin
2023-11-08 12:23:38,894 [INFO] PluginManager:220 - loadIPPluginJar : add usart
2023-11-08 12:23:38,898 [INFO] IPUIPlugin:80 - create IPUIPlugin
2023-11-08 12:23:38,898 [INFO] PluginManager:220 - loadIPPluginJar : add ltdc
2023-11-08 12:23:38,906 [INFO] IPUIPlugin:80 - create IPUIPlugin
2023-11-08 12:23:38,906 [INFO] PluginManager:220 - loadIPPluginJar : add nvic
2023-11-08 12:23:38,909 [INFO] IPUIPlugin:80 - create IPUIPlugin
2023-11-08 12:23:38,909 [INFO] PluginManager:220 - loadIPPluginJar : add fatfs
2023-11-08 12:23:38,928 [INFO] IPUIPlugin:80 - create IPUIPlugin
2023-11-08 12:23:38,928 [INFO] PluginManager:220 - loadIPPluginJar : add linkedlist
2023-11-08 12:23:38,939 [INFO] IPUIPlugin:80 - create IPUIPlugin
2023-11-08 12:23:38,940 [INFO] PluginManager:220 - loadIPPluginJar : add dma
2023-11-08 12:23:38,950 [INFO] IPUIPlugin:80 - create IPUIPlugin
2023-11-08 12:23:38,950 [INFO] PluginManager:220 - loadIPPluginJar : add fmc
2023-11-08 12:23:38,957 [INFO] IPUIPlugin:80 - create IPUIPlugin
2023-11-08 12:23:38,958 [INFO] PluginManager:220 - loadIPPluginJar : add i2s
2023-11-08 12:23:38,962 [INFO] IPUIPlugin:80 - create IPUIPlugin
2023-11-08 12:23:38,963 [INFO] PluginManager:220 - loadIPPluginJar : add ucpd
2023-11-08 12:23:38,968 [INFO] IPUIPlugin:80 - create IPUIPlugin
2023-11-08 12:23:38,968 [INFO] PluginManager:220 - loadIPPluginJar : add lorawan
2023-11-08 12:23:38,976 [INFO] IPUIPlugin:80 - create IPUIPlugin
2023-11-08 12:23:38,976 [INFO] PluginManager:220 - loadIPPluginJar : add opamp
2023-11-08 12:23:38,984 [INFO] IPUIPlugin:80 - create IPUIPlugin
2023-11-08 12:23:38,985 [INFO] PluginManager:220 - loadIPPluginJar : add i3c
2023-11-08 12:23:38,994 [INFO] IPUIPlugin:80 - create IPUIPlugin
2023-11-08 12:23:38,994 [INFO] PluginManager:220 - loadIPPluginJar : add touchsensing
2023-11-08 12:23:39,002 [INFO] IPUIPlugin:80 - create IPUIPlugin
2023-11-08 12:23:39,002 [INFO] PluginManager:220 - loadIPPluginJar : add i2c
2023-11-08 12:23:39,048 [INFO] IPUIPlugin:80 - create IPUIPlugin
2023-11-08 12:23:39,049 [INFO] PluginManager:220 - loadIPPluginJar : add resmgrutility
2023-11-08 12:23:39,056 [INFO] IPUIPlugin:80 - create IPUIPlugin
2023-11-08 12:23:39,056 [INFO] PluginManager:220 - loadIPPluginJar : add sai
2023-11-08 12:23:39,062 [INFO] IPUIPlugin:80 - create IPUIPlugin
2023-11-08 12:23:39,062 [INFO] PluginManager:220 - loadIPPluginJar : add usbx
2023-11-08 12:23:39,209 [INFO] CADModel:165 - CPN selected for project level
2023-11-08 12:23:39,209 [INFO] CADModel:114 - Register for checkConnection events
2023-11-08 12:23:39,209 [FATAL] Updater:308 - Updater called before beeing initialized
2023-11-08 12:23:39,210 [ERROR] CADModel:125 - Updater not yet initialized, retry later 
2023-11-08 12:23:39,507 [INFO] CADModel:165 - CPN selected for project level
2023-11-08 12:23:39,508 [INFO] CADModel:114 - Register for checkConnection events
2023-11-08 12:23:39,508 [FATAL] Updater:308 - Updater called before beeing initialized
2023-11-08 12:23:39,508 [ERROR] CADModel:125 - Updater not yet initialized, retry later 
2023-11-08 12:23:39,514 [FATAL] Updater:308 - Updater called before beeing initialized
2023-11-08 12:23:39,687 [FATAL] Updater:308 - Updater called before beeing initialized
2023-11-08 12:23:39,696 [INFO] DbMcusAds:53 - JSON generation date=Tue Mar 07 10:50:55 EET 2023 (1678179055335)
2023-11-08 12:23:39,697 [FATAL] Updater:308 - Updater called before beeing initialized
2023-11-08 12:23:39,825 [WARN] DetailPanel:346 - Failed to get advertising image, set to default
2023-11-08 12:23:39,950 [FATAL] Updater:308 - Updater called before beeing initialized
2023-11-08 12:23:39,954 [FATAL] Updater:308 - Updater called before beeing initialized
2023-11-08 12:23:39,954 [FATAL] Updater:308 - Updater called before beeing initialized
2023-11-08 12:23:39,954 [WARN] DetailPanel:346 - Failed to get advertising image, set to default
2023-11-08 12:23:39,955 [FATAL] Updater:308 - Updater called before beeing initialized
2023-11-08 12:23:40,013 [ERROR] Updater:1120 - MainUpdater not yet initialized. External WinMGr cannot be set.
2023-11-08 12:23:40,069 [INFO] Updater:1056 - Updater Version found : 6.9.2
2023-11-08 12:23:40,115 [INFO] ApplicationProperties:184 - Using Application install path: /Applications/STMicroelectronics/STM32CubeIDE.app/Contents/Eclipse/plugins/com.st.stm32cube.common.mx_6.9.2.202309101412
2023-11-08 12:23:40,518 [INFO] MainUpdater:2868 - connection check result : 10
2023-11-08 12:23:40,519 [INFO] MainUpdater:285 - Updater Check For Update Now.
2023-11-08 12:23:40,520 [INFO] MicroXplorer:498 - Change Database Version : DB.6.0.92
2023-11-08 12:23:40,533 [INFO] McuFinderGlobals:63 - Set McuFinder mode to 2 (CubeIDE integrated)
2023-11-08 12:23:40,583 [WARN] MainUpdater:1189 - Updater busy. Cannot search thirdparties
2023-11-08 12:23:40,584 [INFO] ThirdPartyUpdaterWithRetryManager:96 - Updater plugin is busy. [1/15]
2023-11-08 12:23:40,775 [INFO] CheckServerUpdateThread:120 - End of CheckServer Thread
2023-11-08 12:23:43,839 [WARN] PackLoader:240 - Cannot read IP mode file for STMicroelectronics.X-CUBE-SMBUS.2.1.0
2023-11-08 12:23:43,915 [WARN] PackLoader:240 - Cannot read IP mode file for STMicroelectronics.X-CUBE-AZRTOS-F7.1.1.0
2023-11-08 12:23:43,938 [WARN] PackLoader:240 - Cannot read IP mode file for STMicroelectronics.FP-SNS-MOTENV1.4.3.2
2023-11-08 12:23:43,953 [WARN] PackLoader:240 - Cannot read IP mode file for STMicroelectronics.FP-SNS-FLIGHT1.5.0.2
2023-11-08 12:23:43,972 [WARN] PackLoader:240 - Cannot read IP mode file for STMicroelectronics.X-CUBE-DISPLAY.3.0.0
2023-11-08 12:23:43,997 [WARN] PackLoader:240 - Cannot read IP mode file for STMicroelectronics.X-CUBE-BLE1.7.0.0
2023-11-08 12:23:44,009 [WARN] PackLoader:240 - Cannot read IP mode file for emotas.I-CUBE-CANOPEN.1.3.0
2023-11-08 12:23:44,018 [WARN] PackLoader:240 - Cannot read IP mode file for STMicroelectronics.X-CUBE-TOUCHGFX.4.22.0
2023-11-08 12:23:44,024 [WARN] PackLoader:240 - Cannot read IP mode file for STMicroelectronics.X-CUBE-TOUCHGFX.4.22.1
2023-11-08 12:23:44,033 [WARN] PackLoader:240 - Cannot read IP mode file for STMicroelectronics.FP-SNS-SMARTAG2.1.2.0
2023-11-08 12:23:44,056 [INFO] LogOutputStream:77 - [STDOUT_REDIRECT] 1 : Invalid condition id : UX_CORESTACK_Condition cause : null
2023-11-08 12:23:44,057 [INFO] LogOutputStream:77 - [STDOUT_REDIRECT] 1 : Invalid condition id : UX_CORESTACK_Condition cause : null
2023-11-08 12:23:44,058 [INFO] LogOutputStream:77 - [STDOUT_REDIRECT] 1 : Invalid condition id : UX_CORESTACK_Condition cause : null
2023-11-08 12:23:44,058 [INFO] LogOutputStream:77 - [STDOUT_REDIRECT] 1 : Invalid condition id : UX_CORESTACK_Condition cause : null
2023-11-08 12:23:44,059 [INFO] LogOutputStream:77 - [STDOUT_REDIRECT] 1 : Invalid condition id : UX_CORESTACK_Condition cause : null
2023-11-08 12:23:44,068 [WARN] PackLoader:240 - Cannot read IP mode file for STMicroelectronics.X-CUBE-AZRTOS-WL.2.0.0
2023-11-08 12:23:44,087 [WARN] PackLoader:240 - Cannot read IP mode file for WES.I-CUBE-Cesium.1.3.0
2023-11-08 12:23:44,096 [WARN] PackLoader:240 - Cannot read IP mode file for STMicroelectronics.X-CUBE-BLE2.3.3.0
2023-11-08 12:23:44,110 [WARN] PackLoader:240 - Cannot read IP mode file for STMicroelectronics.X-CUBE-ALGOBUILD.1.3.0
2023-11-08 12:23:44,152 [WARN] PackLoader:240 - Cannot read IP mode file for STMicroelectronics.X-CUBE-AZRTOS-G0.1.1.0
2023-11-08 12:23:44,170 [WARN] PackLoader:240 - Cannot read IP mode file for STMicroelectronics.X-CUBE-NFC4.3.0.0
2023-11-08 12:23:44,191 [WARN] PackLoader:240 - Cannot read IP mode file for STMicroelectronics.X-CUBE-BLEMGR.3.0.0
2023-11-08 12:23:44,201 [WARN] PackLoader:240 - Cannot read IP mode file for STMicroelectronics.FP-ATR-SIGFOX1.3.2.0
2023-11-08 12:23:44,288 [WARN] PackLoader:240 - Cannot read IP mode file for SEGGER.I-CUBE-embOS.1.3.1
2023-11-08 12:23:44,381 [WARN] PackLoader:240 - Cannot read IP mode file for STMicroelectronics.X-CUBE-GNSS1.6.0.0
2023-11-08 12:23:44,414 [WARN] PackLoader:240 - Cannot read IP mode file for STMicroelectronics.X-CUBE-AZRTOS-F4.1.1.0
2023-11-08 12:23:44,428 [WARN] PackLoader:240 - Cannot read IP mode file for wolfSSL.I-CUBE-wolfSSL.5.6.3
2023-11-08 12:23:44,454 [WARN] PackLoader:240 - Cannot read IP mode file for STMicroelectronics.X-CUBE-AZRTOS-L5.2.0.0
2023-11-08 12:23:44,532 [WARN] PackLoader:240 - Cannot read IP mode file for STMicroelectronics.X-CUBE-MEMS1.9.6.0
2023-11-08 12:23:44,877 [WARN] PackLoader:240 - Cannot read IP mode file for STMicroelectronics.X-CUBE-EEPRMA1.4.2.0
2023-11-08 12:23:44,889 [WARN] PackLoader:240 - Cannot read IP mode file for ITTIA_DB.I-CUBE-ITTIADB.8.8.0
2023-11-08 12:23:44,907 [WARN] PackLoader:240 - Cannot read IP mode file for STMicroelectronics.X-CUBE-BLEMGR.2.0.0
2023-11-08 12:23:44,951 [WARN] ConditionMgr:438 - getConditionDescription Invalid condition id : UX DEVICE CLASS RTOS Condition cause : null
2023-11-08 12:23:44,952 [WARN] ConditionMgr:438 - getConditionDescription Invalid condition id : UX DEVICE CLASS RTOS Condition cause : null
2023-11-08 12:23:44,959 [WARN] PackLoader:240 - Cannot read IP mode file for STMicroelectronics.X-CUBE-AZRTOS-H7.3.1.0
2023-11-08 12:23:44,961 [WARN] ConditionMgr:1039 - genDependencies : Invalid condition id : UX DEVICE CLASS RTOS Condition cause : null
2023-11-08 12:23:44,961 [WARN] ConditionMgr:1039 - genDependencies : Invalid condition id : UX DEVICE CLASS RTOS Condition cause : null
2023-11-08 12:23:44,964 [WARN] ConditionMgr:1039 - genDependencies : Invalid condition id : UX DEVICE CLASS RTOS Condition cause : null
2023-11-08 12:23:44,966 [WARN] ConditionMgr:1039 - genDependencies : Invalid condition id : UX DEVICE CLASS RTOS Condition cause : null
2023-11-08 12:23:44,966 [WARN] ConditionMgr:1039 - genDependencies : Invalid condition id : UX DEVICE CLASS RTOS Condition cause : null
2023-11-08 12:23:44,979 [WARN] PackLoader:240 - Cannot read IP mode file for STMicroelectronics.X-CUBE-NFC7.1.0.1
2023-11-08 12:23:44,994 [WARN] PackLoader:240 - Cannot read IP mode file for STMicroelectronics.X-CUBE-NFC6.3.0.0
2023-11-08 12:23:45,006 [WARN] PackLoader:240 - Cannot read IP mode file for STMicroelectronics.X-CUBE-EEPRMA1.4.1.0
2023-11-08 12:23:45,014 [WARN] PackLoader:240 - Cannot read IP mode file for STMicroelectronics.X-CUBE-AI.8.1.0
2023-11-08 12:23:45,054 [WARN] ConditionMgr:438 - getConditionDescription Invalid condition id : LAN8742 Phy interface Condition cause : null
2023-11-08 12:23:45,056 [WARN] PackLoader:240 - Cannot read IP mode file for STMicroelectronics.X-CUBE-AZRTOS-L4.2.0.0
2023-11-08 12:23:45,059 [WARN] ConditionMgr:1039 - genDependencies : Invalid condition id : LAN8742 Phy interface Condition cause : null
2023-11-08 12:23:45,060 [WARN] ConditionMgr:1039 - genDependencies : Invalid condition id : LAN8742 Phy interface Condition cause : null
2023-11-08 12:23:45,063 [WARN] ConditionMgr:1039 - genDependencies : Invalid condition id : LAN8742 Phy interface Condition cause : null
2023-11-08 12:23:45,116 [WARN] PackLoader:240 - Cannot read IP mode file for STMicroelectronics.X-CUBE-SFXS2LP1.4.0.0
2023-11-08 12:23:45,136 [WARN] PackLoader:240 - Cannot read IP mode file for STMicroelectronics.X-CUBE-ISPU.1.1.0
2023-11-08 12:23:45,172 [WARN] ConditionMgr:438 - getConditionDescription Invalid condition id : UX DEVICE CLASS RTOS Condition cause : null
2023-11-08 12:23:45,173 [WARN] ConditionMgr:438 - getConditionDescription Invalid condition id : UX DEVICE CLASS RTOS Condition cause : null
2023-11-08 12:23:45,180 [WARN] PackLoader:240 - Cannot read IP mode file for STMicroelectronics.X-CUBE-AZRTOS-WB.2.0.0
2023-11-08 12:23:45,181 [WARN] ConditionMgr:1039 - genDependencies : Invalid condition id : UX DEVICE CLASS RTOS Condition cause : null
2023-11-08 12:23:45,182 [WARN] ConditionMgr:1039 - genDependencies : Invalid condition id : UX DEVICE CLASS RTOS Condition cause : null
2023-11-08 12:23:45,183 [WARN] ConditionMgr:1039 - genDependencies : Invalid condition id : UX DEVICE CLASS RTOS Condition cause : null
2023-11-08 12:23:45,184 [WARN] ConditionMgr:1039 - genDependencies : Invalid condition id : UX DEVICE CLASS RTOS Condition cause : null
2023-11-08 12:23:45,184 [WARN] ConditionMgr:1039 - genDependencies : Invalid condition id : UX DEVICE CLASS RTOS Condition cause : null
2023-11-08 12:23:45,220 [WARN] PackLoader:240 - Cannot read IP mode file for STMicroelectronics.X-CUBE-SUBG2.5.0.0
2023-11-08 12:23:45,258 [WARN] PackLoader:240 - Cannot read IP mode file for STMicroelectronics.X-CUBE-TOF1.3.3.1
2023-11-08 12:23:45,319 [WARN] PackLoader:240 - Cannot read IP mode file for STMicroelectronics.X-CUBE-AZRTOS-G4.2.0.0
2023-11-08 12:23:45,356 [WARN] PackLoader:240 - Cannot read IP mode file for Infineon.AIROC-Wi-Fi-Bluetooth-STM32.1.5.1
2023-11-08 12:23:45,523 [WARN] PackLoader:240 - Cannot read IP mode file for STMicroelectronics.X-CUBE-MEMS1.10.0.0
2023-11-08 12:23:45,828 [WARN] PackLoader:240 - Cannot read IP mode file for STMicroelectronics.X-CUBE-FREERTOS.1.1.0
2023-11-08 12:23:45,843 [WARN] PackLoader:240 - Cannot read IP mode file for portGmbH.I-Cube-SoM-uGOAL.1.1.0
2023-11-08 12:23:45,983 [WARN] PackLoader:240 - Cannot read IP mode file for STMicroelectronics.X-CUBE-ALS.1.0.1
2023-11-08 12:23:45,989 [WARN] PackLoader:240 - Cannot read IP mode file for STMicroelectronics.FP-ATR-ASTRA1.2.0.0
2023-11-08 12:23:45,991 [INFO] ThirdParty:978 - Integrity check success = true
2023-11-08 12:23:45,991 [INFO] IntegrityCheckThread:100 - exiting critical section [integrity check]
2023-11-08 12:23:45,991 [INFO] IntegrityCheckThread:103 - End integrity checks thread
2023-11-08 12:23:53,817 [ERROR] LogOutputStream:75 - [STDERR_REDIRECT] SLF4J: Failed to load class "org.slf4j.impl.StaticLoggerBinder".
2023-11-08 12:23:53,818 [ERROR] LogOutputStream:75 - [STDERR_REDIRECT] SLF4J: Defaulting to no-operation (NOP) logger implementation
2023-11-08 12:23:53,819 [ERROR] LogOutputStream:75 - [STDERR_REDIRECT] SLF4J: See http://www.slf4j.org/codes.html#StaticLoggerBinder for further details.
2023-11-08 13:07:47,028 [INFO] Activator:176 - 


2023-11-08 13:07:47,033 [INFO] Activator:177 - !SESSION log4j initialized
2023-11-08 13:07:56,210 [INFO] LogOutputStream:77 - [STDOUT_REDIRECT] 
2023-11-08 13:07:57,433 [ERROR] LogOutputStream:75 - [STDERR_REDIRECT] 
2023-11-08 13:07:58,512 [INFO] LogOutputStream:77 - [STDOUT_REDIRECT] 
2023-11-08 13:07:58,978 [INFO] ApplicationProperties:184 - Using Application install path: /Applications/STMicroelectronics/STM32CubeIDE.app/Contents/Eclipse/plugins/com.st.stm32cube.common.mx_6.9.2.202309101412
2023-11-08 13:07:59,019 [INFO] DbMcusXml:78 - Set database path to: /Applications/STMicroelectronics/STM32CubeIDE.app/Contents/Eclipse/plugins/com.st.stm32cube.common.mx_6.9.2.202309101412//db//mcu/
2023-11-08 13:07:59,019 [INFO] ApiDb:274 - Set plugin database path to: /Applications/STMicroelectronics/STM32CubeIDE.app/Contents/Eclipse/plugins/com.st.stm32cube.common.mx_6.9.2.202309101412//db//plugins/boardmanager/
2023-11-08 13:07:59,020 [WARN] ApiDb:259 - Overriding images path with different value:  => /Applications/STMicroelectronics/STM32CubeIDE.app/Contents/Eclipse/plugins/com.st.stm32cube.common.mx_6.9.2.202309101412//db//plugins/mcufinder/images/
2023-11-08 13:07:59,046 [INFO] ApiDb:250 - Set database path to: /Users/romanlobach/.stmcufinder/plugins/mcufinder//mcu/
2023-11-08 13:07:59,050 [INFO] DbMcusAds:125 - Set database path to: /Users/romanlobach/.stmcufinder/plugins/mcufinder//mcu/
2023-11-08 13:07:59,057 [INFO] CrossReferenceDbSqlite:203 - Set database path to: /Users/romanlobach/.stmcufinder/plugins/mcufinder//mcu/cs/
2023-11-08 13:07:59,515 [INFO] RulesReader:64 - Compatibility file has been processed (293 Rules)
2023-11-08 13:07:59,803 [INFO] DbMcusXml:78 - Set database path to: /Applications/STMicroelectronics/STM32CubeIDE.app/Contents/Eclipse/plugins/com.st.stm32cube.common.mx_6.9.2.202309101412//db//mcu/
2023-11-08 13:07:59,804 [INFO] ApiDb:274 - Set plugin database path to: /Applications/STMicroelectronics/STM32CubeIDE.app/Contents/Eclipse/plugins/com.st.stm32cube.common.mx_6.9.2.202309101412//db//plugins/boardmanager/
2023-11-08 13:07:59,805 [INFO] ApiDb:261 - Set plugin images path to: /Applications/STMicroelectronics/STM32CubeIDE.app/Contents/Eclipse/plugins/com.st.stm32cube.common.mx_6.9.2.202309101412//db//plugins/mcufinder/images/
2023-11-08 13:07:59,806 [WARN] DbFile:41 - Overriding database path with different value: /Users/romanlobach/.stmcufinder/plugins/mcufinder/ => /Users/romanlobach/.stmcufinder/plugins/mcufinder
2023-11-08 13:07:59,806 [INFO] ApiDb:250 - Set database path to: /Users/romanlobach/.stmcufinder/plugins/mcufinder//mcu/
2023-11-08 13:07:59,807 [WARN] DbFile:41 - Overriding database path with different value: /Users/romanlobach/.stmcufinder/plugins/mcufinder/ => /Users/romanlobach/.stmcufinder/plugins/mcufinder
2023-11-08 13:07:59,807 [INFO] DbMcusAds:125 - Set database path to: /Users/romanlobach/.stmcufinder/plugins/mcufinder//mcu/
2023-11-08 13:07:59,808 [WARN] DbFile:41 - Overriding database path with different value: /Users/romanlobach/.stmcufinder/plugins/mcufinder/ => /Users/romanlobach/.stmcufinder/plugins/mcufinder
2023-11-08 13:07:59,808 [WARN] DbFile:41 - Overriding database path with different value: /Users/romanlobach/.stmcufinder/plugins/mcufinder/ => /Users/romanlobach/.stmcufinder/plugins/mcufinder
2023-11-08 13:07:59,808 [INFO] CrossReferenceDbSqlite:203 - Set database path to: /Users/romanlobach/.stmcufinder/plugins/mcufinder//mcu/cs/
2023-11-08 13:07:59,963 [INFO] MainPanel:262 - HeapMemory: 268435456
2023-11-08 13:08:00,162 [INFO] DbMcusXml:78 - Set database path to: /Applications/STMicroelectronics/STM32CubeIDE.app/Contents/Eclipse/plugins/com.st.stm32cube.common.mx_6.9.2.202309101412//db//mcu/
2023-11-08 13:08:00,163 [INFO] ApiDb:274 - Set plugin database path to: /Applications/STMicroelectronics/STM32CubeIDE.app/Contents/Eclipse/plugins/com.st.stm32cube.common.mx_6.9.2.202309101412//db//plugins/boardmanager/
2023-11-08 13:08:00,163 [INFO] ApiDb:261 - Set plugin images path to: /Applications/STMicroelectronics/STM32CubeIDE.app/Contents/Eclipse/plugins/com.st.stm32cube.common.mx_6.9.2.202309101412//db//plugins/mcufinder/images/
2023-11-08 13:08:00,169 [WARN] DbFile:41 - Overriding database path with different value: /Users/romanlobach/.stmcufinder/plugins/mcufinder/ => /Users/romanlobach/.stmcufinder/plugins/mcufinder
2023-11-08 13:08:00,170 [INFO] ApiDb:250 - Set database path to: /Users/romanlobach/.stmcufinder/plugins/mcufinder//mcu/
2023-11-08 13:08:00,170 [WARN] DbFile:41 - Overriding database path with different value: /Users/romanlobach/.stmcufinder/plugins/mcufinder/ => /Users/romanlobach/.stmcufinder/plugins/mcufinder
2023-11-08 13:08:00,170 [INFO] DbMcusAds:125 - Set database path to: /Users/romanlobach/.stmcufinder/plugins/mcufinder//mcu/
2023-11-08 13:08:00,170 [WARN] DbFile:41 - Overriding database path with different value: /Users/romanlobach/.stmcufinder/plugins/mcufinder/ => /Users/romanlobach/.stmcufinder/plugins/mcufinder
2023-11-08 13:08:00,171 [WARN] DbFile:41 - Overriding database path with different value: /Users/romanlobach/.stmcufinder/plugins/mcufinder/ => /Users/romanlobach/.stmcufinder/plugins/mcufinder
2023-11-08 13:08:00,171 [INFO] CrossReferenceDbSqlite:203 - Set database path to: /Users/romanlobach/.stmcufinder/plugins/mcufinder//mcu/cs/
2023-11-08 13:08:00,208 [INFO] ApplicationProperties:184 - Using Application install path: /Applications/STMicroelectronics/STM32CubeIDE.app/Contents/Eclipse/plugins/com.st.stm32cube.common.mx_6.9.2.202309101412
2023-11-08 13:08:00,211 [INFO] PluginManage:196 - Search for loadable plugins [exclusion list=, ]
2023-11-08 13:08:00,215 [INFO] PluginManage:310 - Check plugin analytics
2023-11-08 13:08:00,546 [INFO] AnalyticsPlugin:253 - Accepted Software Licenses: STM32CubeMX.6.9.1,STM32CubeMX.6.9.2
2023-11-08 13:08:00,547 [INFO] AnalyticsPlugin:255 - Accepted CMSIS Pack Licenses: 
2023-11-08 13:08:00,547 [INFO] AnalyticsPlugin:257 - Accepted Firmware Licenses: FW.F7.1.17.0
2023-11-08 13:08:00,557 [INFO] PluginManage:359 - Loaded plugin analytics (category:tool,tabindex:-1)
2023-11-08 13:08:00,557 [INFO] PluginManage:310 - Check plugin cadmodel
2023-11-08 13:08:01,012 [INFO] CADModel:105 - Init CAD model plugin
2023-11-08 13:08:01,012 [INFO] PluginManage:359 - Loaded plugin cadmodel (category:power,tabindex:5)
2023-11-08 13:08:01,013 [INFO] PluginManage:310 - Check plugin clock
2023-11-08 13:08:01,035 [INFO] PluginManage:359 - Loaded plugin clock (category:base,tabindex:2)
2023-11-08 13:08:01,035 [INFO] PluginManage:310 - Check plugin ddr
2023-11-08 13:08:01,043 [INFO] PluginManage:359 - Loaded plugin ddr (category:tool,tabindex:6)
2023-11-08 13:08:01,044 [INFO] PluginManage:310 - Check plugin filemanager
2023-11-08 13:08:01,289 [INFO] PluginManage:359 - Loaded plugin filemanager (category:base,tabindex:10)
2023-11-08 13:08:01,289 [INFO] PluginManage:310 - Check plugin ipmanager
2023-11-08 13:08:01,305 [INFO] PluginManage:359 - Loaded plugin ipmanager (category:base,tabindex:5)
2023-11-08 13:08:01,306 [INFO] PluginManage:310 - Check plugin lpbam
2023-11-08 13:08:01,329 [INFO] PluginManage:359 - Loaded plugin lpbam (category:base,tabindex:0)
2023-11-08 13:08:01,329 [INFO] PluginManage:310 - Check plugin memorymap
2023-11-08 13:08:01,365 [INFO] PluginManage:359 - Loaded plugin memorymap (category:base,tabindex:4)
2023-11-08 13:08:01,365 [INFO] PluginManage:310 - Check plugin pinoutandconfiguration
2023-11-08 13:08:01,380 [INFO] PluginManage:359 - Loaded plugin pinoutandconfiguration (category:base,tabindex:1)
2023-11-08 13:08:01,381 [INFO] PluginManage:310 - Check plugin pinoutconfig
2023-11-08 13:08:01,555 [WARN] SupportedApi:132 - Cannot load RTOS API schema: s4s-elt-must-match.1: The content of 'definitions' must match (annotation?, (simpleType | complexType)?, (unique | key | keyref)*)). A problem was found starting at: attribute.
2023-11-08 13:08:01,824 [INFO] PluginManage:359 - Loaded plugin pinoutconfig (category:base,tabindex:0)
2023-11-08 13:08:01,824 [INFO] PluginManage:310 - Check plugin power
2023-11-08 13:08:01,848 [INFO] PluginManage:359 - Loaded plugin power (category:power,tabindex:4)
2023-11-08 13:08:01,848 [INFO] PluginManage:310 - Check plugin projectmanager
2023-11-08 13:08:01,878 [INFO] PluginManage:359 - Loaded plugin projectmanager (category:projectmanager,tabindex:3)
2023-11-08 13:08:01,879 [INFO] PluginManage:310 - Check plugin thirdparty
2023-11-08 13:08:02,151 [WARN] IntegrityCheckThread:84 - waiting for thirdparty lock release [integrity check]
2023-11-08 13:08:02,152 [INFO] IntegrityCheckThread:86 - entering critical section [integrity check]
2023-11-08 13:08:02,153 [INFO] ThirdPartyUpdaterWithRetryManager:70 - Updater plugin not ready yet. [1/15]
2023-11-08 13:08:02,153 [INFO] PluginManage:359 - Loaded plugin thirdparty (category:base,tabindex:-1)
2023-11-08 13:08:02,153 [INFO] PluginManage:310 - Check plugin tools
2023-11-08 13:08:02,157 [INFO] PluginManage:359 - Loaded plugin tools (category:base,tabindex:7)
2023-11-08 13:08:02,157 [INFO] PluginManage:310 - Check plugin tutovideos
2023-11-08 13:08:02,536 [INFO] PluginManage:359 - Loaded plugin tutovideos (category:base,tabindex:-1)
2023-11-08 13:08:02,536 [INFO] PluginManage:310 - Check plugin updater
2023-11-08 13:08:02,560 [INFO] PluginManage:359 - Loaded plugin updater (category:base,tabindex:12)
2023-11-08 13:08:02,560 [INFO] PluginManage:310 - Check plugin userauth
2023-11-08 13:08:02,571 [INFO] UserAuth:113 - Init User Auth plugin
2023-11-08 13:08:02,571 [INFO] PluginManage:359 - Loaded plugin userauth (category:base,tabindex:14)
2023-11-08 13:08:02,573 [INFO] PluginManage:283 - PluginManage : Loaded plugins [17]
2023-11-08 13:08:02,908 [INFO] PinOutPanel:1499 - setPackage(No Configuration,No Configuration)
2023-11-08 13:08:03,104 [INFO] CADModel:165 - CPN selected for project level
2023-11-08 13:08:03,104 [INFO] CADModel:114 - Register for checkConnection events
2023-11-08 13:08:03,137 [INFO] IPUIPlugin:80 - create IPUIPlugin
2023-11-08 13:08:03,138 [INFO] PluginManager:220 - loadIPPluginJar : add mdma
2023-11-08 13:08:03,154 [INFO] IPUIPlugin:80 - create IPUIPlugin
2023-11-08 13:08:03,154 [INFO] PluginManager:220 - loadIPPluginJar : add freertos
2023-11-08 13:08:03,169 [INFO] IPUIPlugin:80 - create IPUIPlugin
2023-11-08 13:08:03,169 [INFO] PluginManager:220 - loadIPPluginJar : add gic
2023-11-08 13:08:03,190 [INFO] IPUIPlugin:80 - create IPUIPlugin
2023-11-08 13:08:03,190 [INFO] PluginManager:220 - loadIPPluginJar : add adc
2023-11-08 13:08:03,194 [INFO] IPUIPlugin:80 - create IPUIPlugin
2023-11-08 13:08:03,194 [INFO] PluginManager:220 - loadIPPluginJar : add gtzc
2023-11-08 13:08:03,196 [INFO] IPUIPlugin:80 - create IPUIPlugin
2023-11-08 13:08:03,196 [INFO] PluginManager:220 - loadIPPluginJar : add quadspi
2023-11-08 13:08:03,201 [INFO] IPUIPlugin:80 - create IPUIPlugin
2023-11-08 13:08:03,201 [INFO] PluginManager:220 - loadIPPluginJar : add aes
2023-11-08 13:08:03,207 [INFO] IPUIPlugin:80 - create IPUIPlugin
2023-11-08 13:08:03,207 [INFO] PluginManager:220 - loadIPPluginJar : add pdm2pcm
2023-11-08 13:08:03,210 [INFO] IPUIPlugin:80 - create IPUIPlugin
2023-11-08 13:08:03,210 [INFO] PluginManager:220 - loadIPPluginJar : add hash
2023-11-08 13:08:03,213 [INFO] IPUIPlugin:80 - create IPUIPlugin
2023-11-08 13:08:03,213 [INFO] PluginManager:220 - loadIPPluginJar : add tim
2023-11-08 13:08:03,215 [INFO] IPUIPlugin:80 - create IPUIPlugin
2023-11-08 13:08:03,216 [INFO] PluginManager:220 - loadIPPluginJar : add tsc
2023-11-08 13:08:03,219 [INFO] IPUIPlugin:80 - create IPUIPlugin
2023-11-08 13:08:03,219 [INFO] PluginManager:220 - loadIPPluginJar : add ts
2023-11-08 13:08:03,222 [INFO] IPUIPlugin:80 - create IPUIPlugin
2023-11-08 13:08:03,223 [INFO] PluginManager:220 - loadIPPluginJar : add can
2023-11-08 13:08:03,225 [INFO] IPUIPlugin:80 - create IPUIPlugin
2023-11-08 13:08:03,226 [INFO] PluginManager:220 - loadIPPluginJar : add dma3
2023-11-08 13:08:03,229 [INFO] IPUIPlugin:80 - create IPUIPlugin
2023-11-08 13:08:03,229 [INFO] PluginManager:220 - loadIPPluginJar : add dfsdm
2023-11-08 13:08:03,234 [INFO] IPUIPlugin:80 - create IPUIPlugin
2023-11-08 13:08:03,234 [INFO] PluginManager:220 - loadIPPluginJar : add spi
2023-11-08 13:08:03,239 [INFO] IPUIPlugin:80 - create IPUIPlugin
2023-11-08 13:08:03,239 [INFO] PluginManager:220 - loadIPPluginJar : add gfxmmu
2023-11-08 13:08:03,241 [INFO] IPUIPlugin:80 - create IPUIPlugin
2023-11-08 13:08:03,241 [INFO] PluginManager:220 - loadIPPluginJar : add genericplugin
2023-11-08 13:08:03,245 [INFO] IPUIPlugin:80 - create IPUIPlugin
2023-11-08 13:08:03,245 [INFO] PluginManager:220 - loadIPPluginJar : add cryp
2023-11-08 13:08:03,255 [INFO] IPUIPlugin:80 - create IPUIPlugin
2023-11-08 13:08:03,256 [INFO] PluginManager:220 - loadIPPluginJar : add gpio
2023-11-08 13:08:03,258 [INFO] IPUIPlugin:80 - create IPUIPlugin
2023-11-08 13:08:03,259 [INFO] PluginManager:220 - loadIPPluginJar : add comp
2023-11-08 13:08:03,261 [INFO] IPUIPlugin:80 - create IPUIPlugin
2023-11-08 13:08:03,261 [INFO] PluginManager:220 - loadIPPluginJar : add tracer_emb
2023-11-08 13:08:03,268 [INFO] IPUIPlugin:80 - create IPUIPlugin
2023-11-08 13:08:03,269 [INFO] PluginManager:220 - loadIPPluginJar : add openamp
2023-11-08 13:08:03,278 [INFO] IPUIPlugin:80 - create IPUIPlugin
2023-11-08 13:08:03,279 [INFO] PluginManager:220 - loadIPPluginJar : add stm32_wpan
2023-11-08 13:08:03,292 [INFO] IPUIPlugin:80 - create IPUIPlugin
2023-11-08 13:08:03,298 [INFO] PluginManager:220 - loadIPPluginJar : add plateformsettings
2023-11-08 13:08:03,306 [INFO] IPUIPlugin:80 - create IPUIPlugin
2023-11-08 13:08:03,306 [INFO] PluginManager:220 - loadIPPluginJar : add ipddr
2023-11-08 13:08:03,312 [INFO] IPUIPlugin:80 - create IPUIPlugin
2023-11-08 13:08:03,313 [INFO] PluginManager:220 - loadIPPluginJar : add usart
2023-11-08 13:08:03,316 [INFO] IPUIPlugin:80 - create IPUIPlugin
2023-11-08 13:08:03,316 [INFO] PluginManager:220 - loadIPPluginJar : add ltdc
2023-11-08 13:08:03,327 [INFO] IPUIPlugin:80 - create IPUIPlugin
2023-11-08 13:08:03,327 [INFO] PluginManager:220 - loadIPPluginJar : add nvic
2023-11-08 13:08:03,330 [INFO] IPUIPlugin:80 - create IPUIPlugin
2023-11-08 13:08:03,330 [INFO] PluginManager:220 - loadIPPluginJar : add fatfs
2023-11-08 13:08:03,345 [INFO] IPUIPlugin:80 - create IPUIPlugin
2023-11-08 13:08:03,346 [INFO] PluginManager:220 - loadIPPluginJar : add linkedlist
2023-11-08 13:08:03,356 [INFO] IPUIPlugin:80 - create IPUIPlugin
2023-11-08 13:08:03,356 [INFO] PluginManager:220 - loadIPPluginJar : add dma
2023-11-08 13:08:03,365 [INFO] IPUIPlugin:80 - create IPUIPlugin
2023-11-08 13:08:03,365 [INFO] PluginManager:220 - loadIPPluginJar : add fmc
2023-11-08 13:08:03,370 [INFO] IPUIPlugin:80 - create IPUIPlugin
2023-11-08 13:08:03,370 [INFO] PluginManager:220 - loadIPPluginJar : add i2s
2023-11-08 13:08:03,373 [INFO] IPUIPlugin:80 - create IPUIPlugin
2023-11-08 13:08:03,373 [INFO] PluginManager:220 - loadIPPluginJar : add ucpd
2023-11-08 13:08:03,377 [INFO] IPUIPlugin:80 - create IPUIPlugin
2023-11-08 13:08:03,378 [INFO] PluginManager:220 - loadIPPluginJar : add lorawan
2023-11-08 13:08:03,382 [INFO] IPUIPlugin:80 - create IPUIPlugin
2023-11-08 13:08:03,382 [INFO] PluginManager:220 - loadIPPluginJar : add opamp
2023-11-08 13:08:03,387 [INFO] IPUIPlugin:80 - create IPUIPlugin
2023-11-08 13:08:03,387 [INFO] PluginManager:220 - loadIPPluginJar : add i3c
2023-11-08 13:08:03,394 [INFO] IPUIPlugin:80 - create IPUIPlugin
2023-11-08 13:08:03,394 [INFO] PluginManager:220 - loadIPPluginJar : add touchsensing
2023-11-08 13:08:03,401 [INFO] IPUIPlugin:80 - create IPUIPlugin
2023-11-08 13:08:03,401 [INFO] PluginManager:220 - loadIPPluginJar : add i2c
2023-11-08 13:08:03,408 [INFO] IPUIPlugin:80 - create IPUIPlugin
2023-11-08 13:08:03,409 [INFO] PluginManager:220 - loadIPPluginJar : add resmgrutility
2023-11-08 13:08:03,415 [INFO] IPUIPlugin:80 - create IPUIPlugin
2023-11-08 13:08:03,415 [INFO] PluginManager:220 - loadIPPluginJar : add sai
2023-11-08 13:08:03,420 [INFO] IPUIPlugin:80 - create IPUIPlugin
2023-11-08 13:08:03,421 [INFO] PluginManager:220 - loadIPPluginJar : add usbx
2023-11-08 13:08:03,552 [INFO] CADModel:165 - CPN selected for project level
2023-11-08 13:08:03,552 [INFO] CADModel:114 - Register for checkConnection events
2023-11-08 13:08:03,552 [FATAL] Updater:308 - Updater called before beeing initialized
2023-11-08 13:08:03,553 [ERROR] CADModel:125 - Updater not yet initialized, retry later 
2023-11-08 13:08:03,761 [INFO] CADModel:165 - CPN selected for project level
2023-11-08 13:08:03,761 [INFO] CADModel:114 - Register for checkConnection events
2023-11-08 13:08:03,761 [FATAL] Updater:308 - Updater called before beeing initialized
2023-11-08 13:08:03,761 [ERROR] CADModel:125 - Updater not yet initialized, retry later 
2023-11-08 13:08:03,770 [FATAL] Updater:308 - Updater called before beeing initialized
2023-11-08 13:08:03,936 [FATAL] Updater:308 - Updater called before beeing initialized
2023-11-08 13:08:03,950 [INFO] DbMcusAds:53 - JSON generation date=Tue Mar 07 10:50:55 EET 2023 (1678179055335)
2023-11-08 13:08:03,951 [FATAL] Updater:308 - Updater called before beeing initialized
2023-11-08 13:08:04,017 [WARN] DetailPanel:346 - Failed to get advertising image, set to default
2023-11-08 13:08:04,161 [FATAL] Updater:308 - Updater called before beeing initialized
2023-11-08 13:08:04,166 [FATAL] Updater:308 - Updater called before beeing initialized
2023-11-08 13:08:04,166 [FATAL] Updater:308 - Updater called before beeing initialized
2023-11-08 13:08:04,166 [WARN] DetailPanel:346 - Failed to get advertising image, set to default
2023-11-08 13:08:04,167 [FATAL] Updater:308 - Updater called before beeing initialized
2023-11-08 13:08:04,224 [ERROR] Updater:1120 - MainUpdater not yet initialized. External WinMGr cannot be set.
2023-11-08 13:08:04,278 [INFO] Updater:1056 - Updater Version found : 6.9.2
2023-11-08 13:08:04,322 [INFO] ApplicationProperties:184 - Using Application install path: /Applications/STMicroelectronics/STM32CubeIDE.app/Contents/Eclipse/plugins/com.st.stm32cube.common.mx_6.9.2.202309101412
2023-11-08 13:08:04,815 [INFO] MainUpdater:2868 - connection check result : 10
2023-11-08 13:08:04,816 [INFO] MainUpdater:285 - Updater Check For Update Now.
2023-11-08 13:08:04,817 [INFO] MicroXplorer:498 - Change Database Version : DB.6.0.92
2023-11-08 13:08:04,825 [INFO] McuFinderGlobals:63 - Set McuFinder mode to 2 (CubeIDE integrated)
2023-11-08 13:08:05,072 [INFO] CheckServerUpdateThread:120 - End of CheckServer Thread
2023-11-08 13:08:05,375 [WARN] PackLoader:240 - Cannot read IP mode file for STMicroelectronics.X-CUBE-SMBUS.2.1.0
2023-11-08 13:08:05,454 [WARN] PackLoader:240 - Cannot read IP mode file for STMicroelectronics.X-CUBE-AZRTOS-F7.1.1.0
2023-11-08 13:08:05,479 [WARN] PackLoader:240 - Cannot read IP mode file for STMicroelectronics.FP-SNS-MOTENV1.4.3.2
2023-11-08 13:08:05,493 [WARN] PackLoader:240 - Cannot read IP mode file for STMicroelectronics.FP-SNS-FLIGHT1.5.0.2
2023-11-08 13:08:05,517 [WARN] PackLoader:240 - Cannot read IP mode file for STMicroelectronics.X-CUBE-DISPLAY.3.0.0
2023-11-08 13:08:05,546 [WARN] PackLoader:240 - Cannot read IP mode file for STMicroelectronics.X-CUBE-BLE1.7.0.0
2023-11-08 13:08:05,557 [WARN] PackLoader:240 - Cannot read IP mode file for emotas.I-CUBE-CANOPEN.1.3.0
2023-11-08 13:08:05,566 [WARN] PackLoader:240 - Cannot read IP mode file for STMicroelectronics.X-CUBE-TOUCHGFX.4.22.0
2023-11-08 13:08:05,572 [WARN] PackLoader:240 - Cannot read IP mode file for STMicroelectronics.X-CUBE-TOUCHGFX.4.22.1
2023-11-08 13:08:05,582 [WARN] PackLoader:240 - Cannot read IP mode file for STMicroelectronics.FP-SNS-SMARTAG2.1.2.0
2023-11-08 13:08:05,611 [INFO] LogOutputStream:77 - [STDOUT_REDIRECT] 1 : Invalid condition id : UX_CORESTACK_Condition cause : null
2023-11-08 13:08:05,613 [INFO] LogOutputStream:77 - [STDOUT_REDIRECT] 1 : Invalid condition id : UX_CORESTACK_Condition cause : null
2023-11-08 13:08:05,614 [INFO] LogOutputStream:77 - [STDOUT_REDIRECT] 1 : Invalid condition id : UX_CORESTACK_Condition cause : null
2023-11-08 13:08:05,614 [INFO] LogOutputStream:77 - [STDOUT_REDIRECT] 1 : Invalid condition id : UX_CORESTACK_Condition cause : null
2023-11-08 13:08:05,615 [INFO] LogOutputStream:77 - [STDOUT_REDIRECT] 1 : Invalid condition id : UX_CORESTACK_Condition cause : null
2023-11-08 13:08:05,625 [WARN] PackLoader:240 - Cannot read IP mode file for STMicroelectronics.X-CUBE-AZRTOS-WL.2.0.0
2023-11-08 13:08:05,643 [WARN] PackLoader:240 - Cannot read IP mode file for WES.I-CUBE-Cesium.1.3.0
2023-11-08 13:08:05,653 [WARN] PackLoader:240 - Cannot read IP mode file for STMicroelectronics.X-CUBE-BLE2.3.3.0
2023-11-08 13:08:05,670 [WARN] PackLoader:240 - Cannot read IP mode file for STMicroelectronics.X-CUBE-ALGOBUILD.1.3.0
2023-11-08 13:08:05,723 [WARN] PackLoader:240 - Cannot read IP mode file for STMicroelectronics.X-CUBE-AZRTOS-G0.1.1.0
2023-11-08 13:08:05,742 [WARN] PackLoader:240 - Cannot read IP mode file for STMicroelectronics.X-CUBE-NFC4.3.0.0
2023-11-08 13:08:05,766 [WARN] PackLoader:240 - Cannot read IP mode file for STMicroelectronics.X-CUBE-BLEMGR.3.0.0
2023-11-08 13:08:05,780 [WARN] PackLoader:240 - Cannot read IP mode file for STMicroelectronics.FP-ATR-SIGFOX1.3.2.0
2023-11-08 13:08:05,857 [WARN] PackLoader:240 - Cannot read IP mode file for SEGGER.I-CUBE-embOS.1.3.1
2023-11-08 13:08:05,962 [WARN] PackLoader:240 - Cannot read IP mode file for STMicroelectronics.X-CUBE-GNSS1.6.0.0
2023-11-08 13:08:06,009 [WARN] PackLoader:240 - Cannot read IP mode file for STMicroelectronics.X-CUBE-AZRTOS-F4.1.1.0
2023-11-08 13:08:06,022 [WARN] PackLoader:240 - Cannot read IP mode file for wolfSSL.I-CUBE-wolfSSL.5.6.3
2023-11-08 13:08:06,061 [WARN] PackLoader:240 - Cannot read IP mode file for STMicroelectronics.X-CUBE-AZRTOS-L5.2.0.0
2023-11-08 13:08:06,156 [WARN] PackLoader:240 - Cannot read IP mode file for STMicroelectronics.X-CUBE-MEMS1.9.6.0
2023-11-08 13:08:06,471 [WARN] PackLoader:240 - Cannot read IP mode file for STMicroelectronics.X-CUBE-EEPRMA1.4.2.0
2023-11-08 13:08:06,483 [WARN] PackLoader:240 - Cannot read IP mode file for ITTIA_DB.I-CUBE-ITTIADB.8.8.0
2023-11-08 13:08:06,498 [WARN] PackLoader:240 - Cannot read IP mode file for STMicroelectronics.X-CUBE-BLEMGR.2.0.0
2023-11-08 13:08:06,536 [WARN] ConditionMgr:438 - getConditionDescription Invalid condition id : UX DEVICE CLASS RTOS Condition cause : null
2023-11-08 13:08:06,536 [WARN] ConditionMgr:438 - getConditionDescription Invalid condition id : UX DEVICE CLASS RTOS Condition cause : null
2023-11-08 13:08:06,545 [WARN] PackLoader:240 - Cannot read IP mode file for STMicroelectronics.X-CUBE-AZRTOS-H7.3.1.0
2023-11-08 13:08:06,548 [WARN] ConditionMgr:1039 - genDependencies : Invalid condition id : UX DEVICE CLASS RTOS Condition cause : null
2023-11-08 13:08:06,548 [WARN] ConditionMgr:1039 - genDependencies : Invalid condition id : UX DEVICE CLASS RTOS Condition cause : null
2023-11-08 13:08:06,550 [WARN] ConditionMgr:1039 - genDependencies : Invalid condition id : UX DEVICE CLASS RTOS Condition cause : null
2023-11-08 13:08:06,552 [WARN] ConditionMgr:1039 - genDependencies : Invalid condition id : UX DEVICE CLASS RTOS Condition cause : null
2023-11-08 13:08:06,552 [WARN] ConditionMgr:1039 - genDependencies : Invalid condition id : UX DEVICE CLASS RTOS Condition cause : null
2023-11-08 13:08:06,568 [WARN] PackLoader:240 - Cannot read IP mode file for STMicroelectronics.X-CUBE-NFC7.1.0.1
2023-11-08 13:08:06,586 [WARN] PackLoader:240 - Cannot read IP mode file for STMicroelectronics.X-CUBE-NFC6.3.0.0
2023-11-08 13:08:06,602 [WARN] PackLoader:240 - Cannot read IP mode file for STMicroelectronics.X-CUBE-EEPRMA1.4.1.0
2023-11-08 13:08:06,613 [WARN] PackLoader:240 - Cannot read IP mode file for STMicroelectronics.X-CUBE-AI.8.1.0
2023-11-08 13:08:06,649 [WARN] ConditionMgr:438 - getConditionDescription Invalid condition id : LAN8742 Phy interface Condition cause : null
2023-11-08 13:08:06,651 [WARN] PackLoader:240 - Cannot read IP mode file for STMicroelectronics.X-CUBE-AZRTOS-L4.2.0.0
2023-11-08 13:08:06,653 [WARN] ConditionMgr:1039 - genDependencies : Invalid condition id : LAN8742 Phy interface Condition cause : null
2023-11-08 13:08:06,654 [WARN] ConditionMgr:1039 - genDependencies : Invalid condition id : LAN8742 Phy interface Condition cause : null
2023-11-08 13:08:06,656 [WARN] ConditionMgr:1039 - genDependencies : Invalid condition id : LAN8742 Phy interface Condition cause : null
2023-11-08 13:08:06,673 [WARN] PackLoader:240 - Cannot read IP mode file for STMicroelectronics.X-CUBE-SFXS2LP1.4.0.0
2023-11-08 13:08:06,683 [WARN] PackLoader:240 - Cannot read IP mode file for STMicroelectronics.X-CUBE-ISPU.1.1.0
2023-11-08 13:08:06,710 [WARN] ConditionMgr:438 - getConditionDescription Invalid condition id : UX DEVICE CLASS RTOS Condition cause : null
2023-11-08 13:08:06,710 [WARN] ConditionMgr:438 - getConditionDescription Invalid condition id : UX DEVICE CLASS RTOS Condition cause : null
2023-11-08 13:08:06,716 [WARN] PackLoader:240 - Cannot read IP mode file for STMicroelectronics.X-CUBE-AZRTOS-WB.2.0.0
2023-11-08 13:08:06,718 [WARN] ConditionMgr:1039 - genDependencies : Invalid condition id : UX DEVICE CLASS RTOS Condition cause : null
2023-11-08 13:08:06,718 [WARN] ConditionMgr:1039 - genDependencies : Invalid condition id : UX DEVICE CLASS RTOS Condition cause : null
2023-11-08 13:08:06,722 [WARN] ConditionMgr:1039 - genDependencies : Invalid condition id : UX DEVICE CLASS RTOS Condition cause : null
2023-11-08 13:08:06,723 [WARN] ConditionMgr:1039 - genDependencies : Invalid condition id : UX DEVICE CLASS RTOS Condition cause : null
2023-11-08 13:08:06,723 [WARN] ConditionMgr:1039 - genDependencies : Invalid condition id : UX DEVICE CLASS RTOS Condition cause : null
2023-11-08 13:08:06,752 [WARN] PackLoader:240 - Cannot read IP mode file for STMicroelectronics.X-CUBE-SUBG2.5.0.0
2023-11-08 13:08:06,791 [WARN] PackLoader:240 - Cannot read IP mode file for STMicroelectronics.X-CUBE-TOF1.3.3.1
2023-11-08 13:08:06,887 [WARN] PackLoader:240 - Cannot read IP mode file for STMicroelectronics.X-CUBE-AZRTOS-G4.2.0.0
2023-11-08 13:08:06,923 [WARN] PackLoader:240 - Cannot read IP mode file for Infineon.AIROC-Wi-Fi-Bluetooth-STM32.1.5.1
2023-11-08 13:08:07,035 [WARN] PackLoader:240 - Cannot read IP mode file for STMicroelectronics.X-CUBE-MEMS1.10.0.0
2023-11-08 13:08:07,376 [WARN] PackLoader:240 - Cannot read IP mode file for STMicroelectronics.X-CUBE-FREERTOS.1.1.0
2023-11-08 13:08:07,391 [WARN] PackLoader:240 - Cannot read IP mode file for portGmbH.I-Cube-SoM-uGOAL.1.1.0
2023-11-08 13:08:07,569 [WARN] PackLoader:240 - Cannot read IP mode file for STMicroelectronics.X-CUBE-ALS.1.0.1
2023-11-08 13:08:07,575 [WARN] PackLoader:240 - Cannot read IP mode file for STMicroelectronics.FP-ATR-ASTRA1.2.0.0
2023-11-08 13:08:07,576 [INFO] ThirdParty:978 - Integrity check success = true
2023-11-08 13:08:07,577 [INFO] IntegrityCheckThread:100 - exiting critical section [integrity check]
2023-11-08 13:08:07,577 [INFO] IntegrityCheckThread:103 - End integrity checks thread
2023-11-08 13:08:18,333 [ERROR] LogOutputStream:75 - [STDERR_REDIRECT] SLF4J: Failed to load class "org.slf4j.impl.StaticLoggerBinder".
2023-11-08 13:08:18,333 [ERROR] LogOutputStream:75 - [STDERR_REDIRECT] SLF4J: Defaulting to no-operation (NOP) logger implementation
2023-11-08 13:08:18,334 [ERROR] LogOutputStream:75 - [STDERR_REDIRECT] SLF4J: See http://www.slf4j.org/codes.html#StaticLoggerBinder for further details.
2023-11-08 17:18:36,572 [INFO] LogOutputStream:77 - [STDOUT_REDIRECT] ***WARNING: Display must be created on main thread due to Cocoa restrictions. Use vmarg -XstartOnFirstThread
2023-11-08 17:18:36,578 [INFO] LogOutputStream:77 - [STDOUT_REDIRECT] ***WARNING: Display must be created on main thread due to Cocoa restrictions. Use vmarg -XstartOnFirstThread
2023-11-08 17:18:36,770 [INFO] LogOutputStream:77 - [STDOUT_REDIRECT] ***WARNING: Display must be created on main thread due to Cocoa restrictions. Use vmarg -XstartOnFirstThread
