2023-11-01 10:52:48,588 [INFO] Activator:176 - 


2023-11-01 10:52:48,602 [INFO] Activator:177 - !SESSION log4j initialized
2023-11-01 10:52:58,782 [INFO] LogOutputStream:77 - [STDOUT_REDIRECT] 
2023-11-01 10:53:00,860 [ERROR] LogOutputStream:75 - [STDERR_REDIRECT] 
2023-11-01 10:53:02,377 [INFO] LogOutputStream:77 - [STDOUT_REDIRECT] 
2023-11-01 10:53:02,919 [INFO] ApplicationProperties:184 - Using Application install path: /Applications/STMicroelectronics/STM32CubeIDE.app/Contents/Eclipse/plugins/com.st.stm32cube.common.mx_6.9.2.202309101412
2023-11-01 10:53:02,979 [INFO] DbMcusXml:78 - Set database path to: /Applications/STMicroelectronics/STM32CubeIDE.app/Contents/Eclipse/plugins/com.st.stm32cube.common.mx_6.9.2.202309101412//db//mcu/
2023-11-01 10:53:02,979 [INFO] ApiDb:274 - Set plugin database path to: /Applications/STMicroelectronics/STM32CubeIDE.app/Contents/Eclipse/plugins/com.st.stm32cube.common.mx_6.9.2.202309101412//db//plugins/boardmanager/
2023-11-01 10:53:02,980 [WARN] ApiDb:259 - Overriding images path with different value:  => /Applications/STMicroelectronics/STM32CubeIDE.app/Contents/Eclipse/plugins/com.st.stm32cube.common.mx_6.9.2.202309101412//db//plugins/mcufinder/images/
2023-11-01 10:53:03,010 [INFO] ApiDb:250 - Set database path to: /Users/romanlobach/.stmcufinder/plugins/mcufinder//mcu/
2023-11-01 10:53:03,013 [INFO] DbMcusAds:125 - Set database path to: /Users/romanlobach/.stmcufinder/plugins/mcufinder//mcu/
2023-11-01 10:53:03,022 [INFO] CrossReferenceDbSqlite:203 - Set database path to: /Users/romanlobach/.stmcufinder/plugins/mcufinder//mcu/cs/
2023-11-01 10:53:03,444 [INFO] RulesReader:64 - Compatibility file has been processed (293 Rules)
2023-11-01 10:53:03,766 [INFO] DbMcusXml:78 - Set database path to: /Applications/STMicroelectronics/STM32CubeIDE.app/Contents/Eclipse/plugins/com.st.stm32cube.common.mx_6.9.2.202309101412//db//mcu/
2023-11-01 10:53:03,767 [INFO] ApiDb:274 - Set plugin database path to: /Applications/STMicroelectronics/STM32CubeIDE.app/Contents/Eclipse/plugins/com.st.stm32cube.common.mx_6.9.2.202309101412//db//plugins/boardmanager/
2023-11-01 10:53:03,767 [INFO] ApiDb:261 - Set plugin images path to: /Applications/STMicroelectronics/STM32CubeIDE.app/Contents/Eclipse/plugins/com.st.stm32cube.common.mx_6.9.2.202309101412//db//plugins/mcufinder/images/
2023-11-01 10:53:03,767 [WARN] DbFile:41 - Overriding database path with different value: /Users/romanlobach/.stmcufinder/plugins/mcufinder/ => /Users/romanlobach/.stmcufinder/plugins/mcufinder
2023-11-01 10:53:03,768 [INFO] ApiDb:250 - Set database path to: /Users/romanlobach/.stmcufinder/plugins/mcufinder//mcu/
2023-11-01 10:53:03,768 [WARN] DbFile:41 - Overriding database path with different value: /Users/romanlobach/.stmcufinder/plugins/mcufinder/ => /Users/romanlobach/.stmcufinder/plugins/mcufinder
2023-11-01 10:53:03,768 [INFO] DbMcusAds:125 - Set database path to: /Users/romanlobach/.stmcufinder/plugins/mcufinder//mcu/
2023-11-01 10:53:03,769 [WARN] DbFile:41 - Overriding database path with different value: /Users/romanlobach/.stmcufinder/plugins/mcufinder/ => /Users/romanlobach/.stmcufinder/plugins/mcufinder
2023-11-01 10:53:03,770 [WARN] DbFile:41 - Overriding database path with different value: /Users/romanlobach/.stmcufinder/plugins/mcufinder/ => /Users/romanlobach/.stmcufinder/plugins/mcufinder
2023-11-01 10:53:03,770 [INFO] CrossReferenceDbSqlite:203 - Set database path to: /Users/romanlobach/.stmcufinder/plugins/mcufinder//mcu/cs/
2023-11-01 10:53:04,046 [INFO] MainPanel:262 - HeapMemory: 268435456
2023-11-01 10:53:04,383 [INFO] DbMcusXml:78 - Set database path to: /Applications/STMicroelectronics/STM32CubeIDE.app/Contents/Eclipse/plugins/com.st.stm32cube.common.mx_6.9.2.202309101412//db//mcu/
2023-11-01 10:53:04,384 [INFO] ApiDb:274 - Set plugin database path to: /Applications/STMicroelectronics/STM32CubeIDE.app/Contents/Eclipse/plugins/com.st.stm32cube.common.mx_6.9.2.202309101412//db//plugins/boardmanager/
2023-11-01 10:53:04,384 [INFO] ApiDb:261 - Set plugin images path to: /Applications/STMicroelectronics/STM32CubeIDE.app/Contents/Eclipse/plugins/com.st.stm32cube.common.mx_6.9.2.202309101412//db//plugins/mcufinder/images/
2023-11-01 10:53:04,386 [WARN] DbFile:41 - Overriding database path with different value: /Users/romanlobach/.stmcufinder/plugins/mcufinder/ => /Users/romanlobach/.stmcufinder/plugins/mcufinder
2023-11-01 10:53:04,386 [INFO] ApiDb:250 - Set database path to: /Users/romanlobach/.stmcufinder/plugins/mcufinder//mcu/
2023-11-01 10:53:04,386 [WARN] DbFile:41 - Overriding database path with different value: /Users/romanlobach/.stmcufinder/plugins/mcufinder/ => /Users/romanlobach/.stmcufinder/plugins/mcufinder
2023-11-01 10:53:04,386 [INFO] DbMcusAds:125 - Set database path to: /Users/romanlobach/.stmcufinder/plugins/mcufinder//mcu/
2023-11-01 10:53:04,387 [WARN] DbFile:41 - Overriding database path with different value: /Users/romanlobach/.stmcufinder/plugins/mcufinder/ => /Users/romanlobach/.stmcufinder/plugins/mcufinder
2023-11-01 10:53:04,387 [WARN] DbFile:41 - Overriding database path with different value: /Users/romanlobach/.stmcufinder/plugins/mcufinder/ => /Users/romanlobach/.stmcufinder/plugins/mcufinder
2023-11-01 10:53:04,387 [INFO] CrossReferenceDbSqlite:203 - Set database path to: /Users/romanlobach/.stmcufinder/plugins/mcufinder//mcu/cs/
2023-11-01 10:53:04,445 [INFO] ApplicationProperties:184 - Using Application install path: /Applications/STMicroelectronics/STM32CubeIDE.app/Contents/Eclipse/plugins/com.st.stm32cube.common.mx_6.9.2.202309101412
2023-11-01 10:53:04,454 [INFO] PluginManage:196 - Search for loadable plugins [exclusion list=, ]
2023-11-01 10:53:04,468 [INFO] PluginManage:310 - Check plugin analytics
2023-11-01 10:53:05,220 [INFO] AnalyticsPlugin:253 - Accepted Software Licenses: STM32CubeMX.6.9.1,STM32CubeMX.6.9.2
2023-11-01 10:53:05,221 [INFO] AnalyticsPlugin:255 - Accepted CMSIS Pack Licenses: 
2023-11-01 10:53:05,221 [INFO] AnalyticsPlugin:257 - Accepted Firmware Licenses: FW.F7.1.17.0
2023-11-01 10:53:05,232 [INFO] PluginManage:359 - Loaded plugin analytics (category:tool,tabindex:-1)
2023-11-01 10:53:05,232 [INFO] PluginManage:310 - Check plugin cadmodel
2023-11-01 10:53:07,247 [INFO] CADModel:105 - Init CAD model plugin
2023-11-01 10:53:07,247 [INFO] PluginManage:359 - Loaded plugin cadmodel (category:power,tabindex:5)
2023-11-01 10:53:07,248 [INFO] PluginManage:310 - Check plugin clock
2023-11-01 10:53:07,270 [INFO] PluginManage:359 - Loaded plugin clock (category:base,tabindex:2)
2023-11-01 10:53:07,270 [INFO] PluginManage:310 - Check plugin ddr
2023-11-01 10:53:07,275 [INFO] PluginManage:359 - Loaded plugin ddr (category:tool,tabindex:6)
2023-11-01 10:53:07,276 [INFO] PluginManage:310 - Check plugin filemanager
2023-11-01 10:53:07,641 [INFO] PluginManage:359 - Loaded plugin filemanager (category:base,tabindex:10)
2023-11-01 10:53:07,642 [INFO] PluginManage:310 - Check plugin ipmanager
2023-11-01 10:53:07,658 [INFO] PluginManage:359 - Loaded plugin ipmanager (category:base,tabindex:5)
2023-11-01 10:53:07,659 [INFO] PluginManage:310 - Check plugin lpbam
2023-11-01 10:53:07,688 [INFO] PluginManage:359 - Loaded plugin lpbam (category:base,tabindex:0)
2023-11-01 10:53:07,689 [INFO] PluginManage:310 - Check plugin memorymap
2023-11-01 10:53:07,754 [INFO] PluginManage:359 - Loaded plugin memorymap (category:base,tabindex:4)
2023-11-01 10:53:07,756 [INFO] PluginManage:310 - Check plugin pinoutandconfiguration
2023-11-01 10:53:07,782 [INFO] PluginManage:359 - Loaded plugin pinoutandconfiguration (category:base,tabindex:1)
2023-11-01 10:53:07,782 [INFO] PluginManage:310 - Check plugin pinoutconfig
2023-11-01 10:53:08,130 [WARN] SupportedApi:132 - Cannot load RTOS API schema: s4s-elt-must-match.1: The content of 'definitions' must match (annotation?, (simpleType | complexType)?, (unique | key | keyref)*)). A problem was found starting at: attribute.
2023-11-01 10:53:08,533 [INFO] PluginManage:359 - Loaded plugin pinoutconfig (category:base,tabindex:0)
2023-11-01 10:53:08,534 [INFO] PluginManage:310 - Check plugin power
2023-11-01 10:53:08,563 [INFO] PluginManage:359 - Loaded plugin power (category:power,tabindex:4)
2023-11-01 10:53:08,563 [INFO] PluginManage:310 - Check plugin projectmanager
2023-11-01 10:53:08,591 [INFO] PluginManage:359 - Loaded plugin projectmanager (category:projectmanager,tabindex:3)
2023-11-01 10:53:08,592 [INFO] PluginManage:310 - Check plugin thirdparty
2023-11-01 10:53:08,981 [INFO] PluginManage:359 - Loaded plugin thirdparty (category:base,tabindex:-1)
2023-11-01 10:53:08,981 [WARN] IntegrityCheckThread:84 - waiting for thirdparty lock release [integrity check]
2023-11-01 10:53:08,981 [INFO] IntegrityCheckThread:86 - entering critical section [integrity check]
2023-11-01 10:53:08,982 [INFO] ThirdPartyUpdaterWithRetryManager:70 - Updater plugin not ready yet. [1/15]
2023-11-01 10:53:08,982 [INFO] PluginManage:310 - Check plugin tools
2023-11-01 10:53:08,987 [INFO] PluginManage:359 - Loaded plugin tools (category:base,tabindex:7)
2023-11-01 10:53:08,987 [INFO] PluginManage:310 - Check plugin tutovideos
2023-11-01 10:53:09,555 [INFO] PluginManage:359 - Loaded plugin tutovideos (category:base,tabindex:-1)
2023-11-01 10:53:09,556 [INFO] PluginManage:310 - Check plugin updater
2023-11-01 10:53:09,578 [INFO] PluginManage:359 - Loaded plugin updater (category:base,tabindex:12)
2023-11-01 10:53:09,578 [INFO] PluginManage:310 - Check plugin userauth
2023-11-01 10:53:09,587 [INFO] UserAuth:113 - Init User Auth plugin
2023-11-01 10:53:09,588 [INFO] PluginManage:359 - Loaded plugin userauth (category:base,tabindex:14)
2023-11-01 10:53:09,589 [INFO] PluginManage:283 - PluginManage : Loaded plugins [17]
2023-11-01 10:53:10,021 [INFO] PinOutPanel:1499 - setPackage(No Configuration,No Configuration)
2023-11-01 10:53:10,223 [INFO] CADModel:165 - CPN selected for project level
2023-11-01 10:53:10,223 [INFO] CADModel:114 - Register for checkConnection events
2023-11-01 10:53:10,255 [INFO] IPUIPlugin:80 - create IPUIPlugin
2023-11-01 10:53:10,256 [INFO] PluginManager:220 - loadIPPluginJar : add mdma
2023-11-01 10:53:10,271 [INFO] IPUIPlugin:80 - create IPUIPlugin
2023-11-01 10:53:10,272 [INFO] PluginManager:220 - loadIPPluginJar : add freertos
2023-11-01 10:53:10,286 [INFO] IPUIPlugin:80 - create IPUIPlugin
2023-11-01 10:53:10,287 [INFO] PluginManager:220 - loadIPPluginJar : add gic
2023-11-01 10:53:10,307 [INFO] IPUIPlugin:80 - create IPUIPlugin
2023-11-01 10:53:10,307 [INFO] PluginManager:220 - loadIPPluginJar : add adc
2023-11-01 10:53:10,314 [INFO] IPUIPlugin:80 - create IPUIPlugin
2023-11-01 10:53:10,315 [INFO] PluginManager:220 - loadIPPluginJar : add gtzc
2023-11-01 10:53:10,318 [INFO] IPUIPlugin:80 - create IPUIPlugin
2023-11-01 10:53:10,318 [INFO] PluginManager:220 - loadIPPluginJar : add quadspi
2023-11-01 10:53:10,324 [INFO] IPUIPlugin:80 - create IPUIPlugin
2023-11-01 10:53:10,324 [INFO] PluginManager:220 - loadIPPluginJar : add aes
2023-11-01 10:53:10,332 [INFO] IPUIPlugin:80 - create IPUIPlugin
2023-11-01 10:53:10,332 [INFO] PluginManager:220 - loadIPPluginJar : add pdm2pcm
2023-11-01 10:53:10,337 [INFO] IPUIPlugin:80 - create IPUIPlugin
2023-11-01 10:53:10,338 [INFO] PluginManager:220 - loadIPPluginJar : add hash
2023-11-01 10:53:10,342 [INFO] IPUIPlugin:80 - create IPUIPlugin
2023-11-01 10:53:10,342 [INFO] PluginManager:220 - loadIPPluginJar : add tim
2023-11-01 10:53:10,344 [INFO] IPUIPlugin:80 - create IPUIPlugin
2023-11-01 10:53:10,345 [INFO] PluginManager:220 - loadIPPluginJar : add tsc
2023-11-01 10:53:10,348 [INFO] IPUIPlugin:80 - create IPUIPlugin
2023-11-01 10:53:10,348 [INFO] PluginManager:220 - loadIPPluginJar : add ts
2023-11-01 10:53:10,353 [INFO] IPUIPlugin:80 - create IPUIPlugin
2023-11-01 10:53:10,354 [INFO] PluginManager:220 - loadIPPluginJar : add can
2023-11-01 10:53:10,359 [INFO] IPUIPlugin:80 - create IPUIPlugin
2023-11-01 10:53:10,359 [INFO] PluginManager:220 - loadIPPluginJar : add dma3
2023-11-01 10:53:10,363 [INFO] IPUIPlugin:80 - create IPUIPlugin
2023-11-01 10:53:10,363 [INFO] PluginManager:220 - loadIPPluginJar : add dfsdm
2023-11-01 10:53:10,367 [INFO] IPUIPlugin:80 - create IPUIPlugin
2023-11-01 10:53:10,368 [INFO] PluginManager:220 - loadIPPluginJar : add spi
2023-11-01 10:53:10,373 [INFO] IPUIPlugin:80 - create IPUIPlugin
2023-11-01 10:53:10,373 [INFO] PluginManager:220 - loadIPPluginJar : add gfxmmu
2023-11-01 10:53:10,376 [INFO] IPUIPlugin:80 - create IPUIPlugin
2023-11-01 10:53:10,376 [INFO] PluginManager:220 - loadIPPluginJar : add genericplugin
2023-11-01 10:53:10,381 [INFO] IPUIPlugin:80 - create IPUIPlugin
2023-11-01 10:53:10,381 [INFO] PluginManager:220 - loadIPPluginJar : add cryp
2023-11-01 10:53:10,391 [INFO] IPUIPlugin:80 - create IPUIPlugin
2023-11-01 10:53:10,391 [INFO] PluginManager:220 - loadIPPluginJar : add gpio
2023-11-01 10:53:10,394 [INFO] IPUIPlugin:80 - create IPUIPlugin
2023-11-01 10:53:10,395 [INFO] PluginManager:220 - loadIPPluginJar : add comp
2023-11-01 10:53:10,398 [INFO] IPUIPlugin:80 - create IPUIPlugin
2023-11-01 10:53:10,398 [INFO] PluginManager:220 - loadIPPluginJar : add tracer_emb
2023-11-01 10:53:10,404 [INFO] IPUIPlugin:80 - create IPUIPlugin
2023-11-01 10:53:10,406 [INFO] PluginManager:220 - loadIPPluginJar : add openamp
2023-11-01 10:53:10,417 [INFO] IPUIPlugin:80 - create IPUIPlugin
2023-11-01 10:53:10,417 [INFO] PluginManager:220 - loadIPPluginJar : add stm32_wpan
2023-11-01 10:53:10,432 [INFO] IPUIPlugin:80 - create IPUIPlugin
2023-11-01 10:53:10,437 [INFO] PluginManager:220 - loadIPPluginJar : add plateformsettings
2023-11-01 10:53:10,448 [INFO] IPUIPlugin:80 - create IPUIPlugin
2023-11-01 10:53:10,448 [INFO] PluginManager:220 - loadIPPluginJar : add ipddr
2023-11-01 10:53:10,453 [INFO] IPUIPlugin:80 - create IPUIPlugin
2023-11-01 10:53:10,454 [INFO] PluginManager:220 - loadIPPluginJar : add usart
2023-11-01 10:53:10,457 [INFO] IPUIPlugin:80 - create IPUIPlugin
2023-11-01 10:53:10,457 [INFO] PluginManager:220 - loadIPPluginJar : add ltdc
2023-11-01 10:53:10,469 [INFO] IPUIPlugin:80 - create IPUIPlugin
2023-11-01 10:53:10,470 [INFO] PluginManager:220 - loadIPPluginJar : add nvic
2023-11-01 10:53:10,473 [INFO] IPUIPlugin:80 - create IPUIPlugin
2023-11-01 10:53:10,474 [INFO] PluginManager:220 - loadIPPluginJar : add fatfs
2023-11-01 10:53:10,489 [INFO] IPUIPlugin:80 - create IPUIPlugin
2023-11-01 10:53:10,489 [INFO] PluginManager:220 - loadIPPluginJar : add linkedlist
2023-11-01 10:53:10,502 [INFO] IPUIPlugin:80 - create IPUIPlugin
2023-11-01 10:53:10,502 [INFO] PluginManager:220 - loadIPPluginJar : add dma
2023-11-01 10:53:10,513 [INFO] IPUIPlugin:80 - create IPUIPlugin
2023-11-01 10:53:10,514 [INFO] PluginManager:220 - loadIPPluginJar : add fmc
2023-11-01 10:53:10,519 [INFO] IPUIPlugin:80 - create IPUIPlugin
2023-11-01 10:53:10,519 [INFO] PluginManager:220 - loadIPPluginJar : add i2s
2023-11-01 10:53:10,524 [INFO] IPUIPlugin:80 - create IPUIPlugin
2023-11-01 10:53:10,525 [INFO] PluginManager:220 - loadIPPluginJar : add ucpd
2023-11-01 10:53:10,529 [INFO] IPUIPlugin:80 - create IPUIPlugin
2023-11-01 10:53:10,529 [INFO] PluginManager:220 - loadIPPluginJar : add lorawan
2023-11-01 10:53:10,535 [INFO] IPUIPlugin:80 - create IPUIPlugin
2023-11-01 10:53:10,536 [INFO] PluginManager:220 - loadIPPluginJar : add opamp
2023-11-01 10:53:10,543 [INFO] IPUIPlugin:80 - create IPUIPlugin
2023-11-01 10:53:10,544 [INFO] PluginManager:220 - loadIPPluginJar : add i3c
2023-11-01 10:53:10,552 [INFO] IPUIPlugin:80 - create IPUIPlugin
2023-11-01 10:53:10,552 [INFO] PluginManager:220 - loadIPPluginJar : add touchsensing
2023-11-01 10:53:10,558 [INFO] IPUIPlugin:80 - create IPUIPlugin
2023-11-01 10:53:10,558 [INFO] PluginManager:220 - loadIPPluginJar : add i2c
2023-11-01 10:53:10,566 [INFO] IPUIPlugin:80 - create IPUIPlugin
2023-11-01 10:53:10,566 [INFO] PluginManager:220 - loadIPPluginJar : add resmgrutility
2023-11-01 10:53:10,573 [INFO] IPUIPlugin:80 - create IPUIPlugin
2023-11-01 10:53:10,574 [INFO] PluginManager:220 - loadIPPluginJar : add sai
2023-11-01 10:53:10,580 [INFO] IPUIPlugin:80 - create IPUIPlugin
2023-11-01 10:53:10,580 [INFO] PluginManager:220 - loadIPPluginJar : add usbx
2023-11-01 10:53:10,705 [INFO] CADModel:165 - CPN selected for project level
2023-11-01 10:53:10,705 [INFO] CADModel:114 - Register for checkConnection events
2023-11-01 10:53:10,706 [FATAL] Updater:308 - Updater called before beeing initialized
2023-11-01 10:53:10,707 [ERROR] CADModel:125 - Updater not yet initialized, retry later 
2023-11-01 10:53:11,000 [INFO] CADModel:165 - CPN selected for project level
2023-11-01 10:53:11,000 [INFO] CADModel:114 - Register for checkConnection events
2023-11-01 10:53:11,000 [FATAL] Updater:308 - Updater called before beeing initialized
2023-11-01 10:53:11,000 [ERROR] CADModel:125 - Updater not yet initialized, retry later 
2023-11-01 10:53:11,009 [FATAL] Updater:308 - Updater called before beeing initialized
2023-11-01 10:53:11,193 [FATAL] Updater:308 - Updater called before beeing initialized
2023-11-01 10:53:11,208 [INFO] DbMcusAds:53 - JSON generation date=Tue Mar 07 10:50:55 EET 2023 (1678179055114)
2023-11-01 10:53:11,209 [FATAL] Updater:308 - Updater called before beeing initialized
2023-11-01 10:53:11,341 [WARN] DetailPanel:346 - Failed to get advertising image, set to default
2023-11-01 10:53:11,474 [FATAL] Updater:308 - Updater called before beeing initialized
2023-11-01 10:53:11,478 [FATAL] Updater:308 - Updater called before beeing initialized
2023-11-01 10:53:11,478 [FATAL] Updater:308 - Updater called before beeing initialized
2023-11-01 10:53:11,478 [WARN] DetailPanel:346 - Failed to get advertising image, set to default
2023-11-01 10:53:11,479 [FATAL] Updater:308 - Updater called before beeing initialized
2023-11-01 10:53:11,530 [ERROR] Updater:1120 - MainUpdater not yet initialized. External WinMGr cannot be set.
2023-11-01 10:53:11,587 [INFO] Updater:1056 - Updater Version found : 6.9.2
2023-11-01 10:53:11,630 [INFO] ApplicationProperties:184 - Using Application install path: /Applications/STMicroelectronics/STM32CubeIDE.app/Contents/Eclipse/plugins/com.st.stm32cube.common.mx_6.9.2.202309101412
2023-11-01 10:53:11,987 [INFO] ThirdPartyUpdaterWithRetryManager:70 - Updater plugin not ready yet. [2/15]
2023-11-01 10:53:12,287 [INFO] MainUpdater:2868 - connection check result : 10
2023-11-01 10:53:12,289 [INFO] MainUpdater:285 - Updater Check For Update Now.
2023-11-01 10:53:12,290 [INFO] MicroXplorer:498 - Change Database Version : DB.6.0.92
2023-11-01 10:53:12,302 [INFO] McuFinderGlobals:63 - Set McuFinder mode to 2 (CubeIDE integrated)
2023-11-01 10:53:12,537 [INFO] CheckServerUpdateThread:120 - End of CheckServer Thread
2023-11-01 10:53:15,320 [WARN] PackLoader:240 - Cannot read IP mode file for STMicroelectronics.X-CUBE-SMBUS.2.1.0
2023-11-01 10:53:15,402 [WARN] PackLoader:240 - Cannot read IP mode file for STMicroelectronics.X-CUBE-AZRTOS-F7.1.1.0
2023-11-01 10:53:15,422 [WARN] PackLoader:240 - Cannot read IP mode file for STMicroelectronics.FP-SNS-MOTENV1.4.3.2
2023-11-01 10:53:15,435 [WARN] PackLoader:240 - Cannot read IP mode file for STMicroelectronics.FP-SNS-FLIGHT1.5.0.2
2023-11-01 10:53:15,451 [WARN] PackLoader:240 - Cannot read IP mode file for STMicroelectronics.X-CUBE-DISPLAY.3.0.0
2023-11-01 10:53:15,477 [WARN] PackLoader:240 - Cannot read IP mode file for STMicroelectronics.X-CUBE-BLE1.7.0.0
2023-11-01 10:53:15,488 [WARN] PackLoader:240 - Cannot read IP mode file for emotas.I-CUBE-CANOPEN.1.3.0
2023-11-01 10:53:15,498 [WARN] PackLoader:240 - Cannot read IP mode file for STMicroelectronics.X-CUBE-TOUCHGFX.4.22.0
2023-11-01 10:53:15,504 [WARN] PackLoader:240 - Cannot read IP mode file for STMicroelectronics.X-CUBE-TOUCHGFX.4.22.1
2023-11-01 10:53:15,513 [WARN] PackLoader:240 - Cannot read IP mode file for STMicroelectronics.FP-SNS-SMARTAG2.1.2.0
2023-11-01 10:53:15,580 [INFO] LogOutputStream:77 - [STDOUT_REDIRECT] 1 : Invalid condition id : UX_CORESTACK_Condition cause : null
2023-11-01 10:53:15,581 [INFO] LogOutputStream:77 - [STDOUT_REDIRECT] 1 : Invalid condition id : UX_CORESTACK_Condition cause : null
2023-11-01 10:53:15,581 [INFO] LogOutputStream:77 - [STDOUT_REDIRECT] 1 : Invalid condition id : UX_CORESTACK_Condition cause : null
2023-11-01 10:53:15,582 [INFO] LogOutputStream:77 - [STDOUT_REDIRECT] 1 : Invalid condition id : UX_CORESTACK_Condition cause : null
2023-11-01 10:53:15,582 [INFO] LogOutputStream:77 - [STDOUT_REDIRECT] 1 : Invalid condition id : UX_CORESTACK_Condition cause : null
2023-11-01 10:53:15,593 [WARN] PackLoader:240 - Cannot read IP mode file for STMicroelectronics.X-CUBE-AZRTOS-WL.2.0.0
2023-11-01 10:53:15,610 [WARN] PackLoader:240 - Cannot read IP mode file for WES.I-CUBE-Cesium.1.3.0
2023-11-01 10:53:15,621 [WARN] PackLoader:240 - Cannot read IP mode file for STMicroelectronics.X-CUBE-BLE2.3.3.0
2023-11-01 10:53:15,638 [WARN] PackLoader:240 - Cannot read IP mode file for STMicroelectronics.X-CUBE-ALGOBUILD.1.3.0
2023-11-01 10:53:15,674 [WARN] PackLoader:240 - Cannot read IP mode file for STMicroelectronics.X-CUBE-AZRTOS-G0.1.1.0
2023-11-01 10:53:15,690 [WARN] PackLoader:240 - Cannot read IP mode file for STMicroelectronics.X-CUBE-NFC4.3.0.0
2023-11-01 10:53:15,700 [WARN] PackLoader:240 - Cannot read IP mode file for STMicroelectronics.FP-ATR-SIGFOX1.3.2.0
2023-11-01 10:53:15,762 [WARN] PackLoader:240 - Cannot read IP mode file for SEGGER.I-CUBE-embOS.1.3.1
2023-11-01 10:53:15,869 [WARN] PackLoader:240 - Cannot read IP mode file for STMicroelectronics.X-CUBE-GNSS1.6.0.0
2023-11-01 10:53:15,903 [WARN] PackLoader:240 - Cannot read IP mode file for STMicroelectronics.X-CUBE-AZRTOS-F4.1.1.0
2023-11-01 10:53:15,915 [WARN] PackLoader:240 - Cannot read IP mode file for wolfSSL.I-CUBE-wolfSSL.5.6.3
2023-11-01 10:53:15,940 [WARN] PackLoader:240 - Cannot read IP mode file for STMicroelectronics.X-CUBE-AZRTOS-L5.2.0.0
2023-11-01 10:53:16,014 [WARN] PackLoader:240 - Cannot read IP mode file for STMicroelectronics.X-CUBE-MEMS1.9.6.0
2023-11-01 10:53:16,719 [WARN] PackLoader:240 - Cannot read IP mode file for STMicroelectronics.X-CUBE-EEPRMA1.4.2.0
2023-11-01 10:53:16,732 [WARN] PackLoader:240 - Cannot read IP mode file for ITTIA_DB.I-CUBE-ITTIADB.8.8.0
2023-11-01 10:53:16,748 [WARN] PackLoader:240 - Cannot read IP mode file for STMicroelectronics.X-CUBE-BLEMGR.2.0.0
2023-11-01 10:53:16,797 [WARN] ConditionMgr:438 - getConditionDescription Invalid condition id : UX DEVICE CLASS RTOS Condition cause : null
2023-11-01 10:53:16,798 [WARN] ConditionMgr:438 - getConditionDescription Invalid condition id : UX DEVICE CLASS RTOS Condition cause : null
2023-11-01 10:53:16,808 [WARN] PackLoader:240 - Cannot read IP mode file for STMicroelectronics.X-CUBE-AZRTOS-H7.3.1.0
2023-11-01 10:53:16,811 [WARN] ConditionMgr:1039 - genDependencies : Invalid condition id : UX DEVICE CLASS RTOS Condition cause : null
2023-11-01 10:53:16,812 [WARN] ConditionMgr:1039 - genDependencies : Invalid condition id : UX DEVICE CLASS RTOS Condition cause : null
2023-11-01 10:53:16,813 [WARN] ConditionMgr:1039 - genDependencies : Invalid condition id : UX DEVICE CLASS RTOS Condition cause : null
2023-11-01 10:53:16,815 [WARN] ConditionMgr:1039 - genDependencies : Invalid condition id : UX DEVICE CLASS RTOS Condition cause : null
2023-11-01 10:53:16,815 [WARN] ConditionMgr:1039 - genDependencies : Invalid condition id : UX DEVICE CLASS RTOS Condition cause : null
2023-11-01 10:53:16,829 [WARN] PackLoader:240 - Cannot read IP mode file for STMicroelectronics.X-CUBE-NFC7.1.0.1
2023-11-01 10:53:16,848 [WARN] PackLoader:240 - Cannot read IP mode file for STMicroelectronics.X-CUBE-NFC6.3.0.0
2023-11-01 10:53:16,865 [WARN] PackLoader:240 - Cannot read IP mode file for STMicroelectronics.X-CUBE-EEPRMA1.4.1.0
2023-11-01 10:53:16,872 [WARN] PackLoader:240 - Cannot read IP mode file for STMicroelectronics.X-CUBE-AI.8.1.0
2023-11-01 10:53:16,930 [WARN] ConditionMgr:438 - getConditionDescription Invalid condition id : LAN8742 Phy interface Condition cause : null
2023-11-01 10:53:16,932 [WARN] PackLoader:240 - Cannot read IP mode file for STMicroelectronics.X-CUBE-AZRTOS-L4.2.0.0
2023-11-01 10:53:16,935 [WARN] ConditionMgr:1039 - genDependencies : Invalid condition id : LAN8742 Phy interface Condition cause : null
2023-11-01 10:53:16,935 [WARN] ConditionMgr:1039 - genDependencies : Invalid condition id : LAN8742 Phy interface Condition cause : null
2023-11-01 10:53:16,937 [WARN] ConditionMgr:1039 - genDependencies : Invalid condition id : LAN8742 Phy interface Condition cause : null
2023-11-01 10:53:16,953 [WARN] PackLoader:240 - Cannot read IP mode file for STMicroelectronics.X-CUBE-SFXS2LP1.4.0.0
2023-11-01 10:53:16,964 [WARN] PackLoader:240 - Cannot read IP mode file for STMicroelectronics.X-CUBE-ISPU.1.1.0
2023-11-01 10:53:16,994 [WARN] ConditionMgr:438 - getConditionDescription Invalid condition id : UX DEVICE CLASS RTOS Condition cause : null
2023-11-01 10:53:16,994 [WARN] ConditionMgr:438 - getConditionDescription Invalid condition id : UX DEVICE CLASS RTOS Condition cause : null
2023-11-01 10:53:17,001 [WARN] PackLoader:240 - Cannot read IP mode file for STMicroelectronics.X-CUBE-AZRTOS-WB.2.0.0
2023-11-01 10:53:17,002 [WARN] ConditionMgr:1039 - genDependencies : Invalid condition id : UX DEVICE CLASS RTOS Condition cause : null
2023-11-01 10:53:17,003 [WARN] ConditionMgr:1039 - genDependencies : Invalid condition id : UX DEVICE CLASS RTOS Condition cause : null
2023-11-01 10:53:17,004 [WARN] ConditionMgr:1039 - genDependencies : Invalid condition id : UX DEVICE CLASS RTOS Condition cause : null
2023-11-01 10:53:17,005 [WARN] ConditionMgr:1039 - genDependencies : Invalid condition id : UX DEVICE CLASS RTOS Condition cause : null
2023-11-01 10:53:17,005 [WARN] ConditionMgr:1039 - genDependencies : Invalid condition id : UX DEVICE CLASS RTOS Condition cause : null
2023-11-01 10:53:17,032 [WARN] PackLoader:240 - Cannot read IP mode file for STMicroelectronics.X-CUBE-SUBG2.5.0.0
2023-11-01 10:53:17,067 [WARN] PackLoader:240 - Cannot read IP mode file for STMicroelectronics.X-CUBE-TOF1.3.3.1
2023-11-01 10:53:17,115 [WARN] PackLoader:240 - Cannot read IP mode file for STMicroelectronics.X-CUBE-AZRTOS-G4.2.0.0
2023-11-01 10:53:17,149 [WARN] PackLoader:240 - Cannot read IP mode file for Infineon.AIROC-Wi-Fi-Bluetooth-STM32.1.5.1
2023-11-01 10:53:17,251 [WARN] PackLoader:240 - Cannot read IP mode file for STMicroelectronics.X-CUBE-MEMS1.10.0.0
2023-11-01 10:53:17,498 [WARN] PackLoader:240 - Cannot read IP mode file for STMicroelectronics.X-CUBE-FREERTOS.1.1.0
2023-11-01 10:53:17,510 [WARN] PackLoader:240 - Cannot read IP mode file for portGmbH.I-Cube-SoM-uGOAL.1.1.0
2023-11-01 10:53:17,715 [WARN] PackLoader:240 - Cannot read IP mode file for STMicroelectronics.X-CUBE-ALS.1.0.1
2023-11-01 10:53:17,724 [WARN] PackLoader:240 - Cannot read IP mode file for STMicroelectronics.FP-ATR-ASTRA1.2.0.0
2023-11-01 10:53:17,725 [INFO] ThirdParty:978 - Integrity check success = true
2023-11-01 10:53:17,726 [INFO] IntegrityCheckThread:100 - exiting critical section [integrity check]
2023-11-01 10:53:17,726 [INFO] IntegrityCheckThread:103 - End integrity checks thread
2023-11-01 10:53:22,016 [ERROR] LogOutputStream:75 - [STDERR_REDIRECT] SLF4J: Failed to load class "org.slf4j.impl.StaticLoggerBinder".
2023-11-01 10:53:22,017 [ERROR] LogOutputStream:75 - [STDERR_REDIRECT] SLF4J: Defaulting to no-operation (NOP) logger implementation
2023-11-01 10:53:22,018 [ERROR] LogOutputStream:75 - [STDERR_REDIRECT] SLF4J: See http://www.slf4j.org/codes.html#StaticLoggerBinder for further details.
